Started by user [8mha:////4G+DXSiVimt9tvdZJ/hgPSIeiaZzSm0HFyfEQPx1+55SAAAAlx+LCAAAAAAAAP9b85aBtbiIQTGjNKU4P08vOT+vOD8nVc83PyU1x6OyILUoJzMv2y+/JJUBAhiZGBgqihhk0NSjKDWzXb3RdlLBUSYGJk8GtpzUvPSSDB8G5tKinBIGIZ+sxLJE/ZzEvHT94JKizLx0a6BxUmjGOUNodHsLgAyOEgZu/dLi1CL9xJTczDwAg9OS0cAAAAA=[0mmsweelam
Running as SYSTEM
Building in workspace /var/jenkins_home/workspace/flight-system
The recommended git tool is: NONE
No credentials specified
 > git rev-parse --resolve-git-dir /var/jenkins_home/workspace/flight-system/.git # timeout=10
Fetching changes from the remote Git repository
 > git config remote.origin.url https://github.com/sweelam/flight-system # timeout=10
Fetching upstream changes from https://github.com/sweelam/flight-system
 > git --version # timeout=10
 > git --version # 'git version 2.30.2'
 > git fetch --tags --force --progress -- https://github.com/sweelam/flight-system +refs/heads/*:refs/remotes/origin/* # timeout=10
Seen branch in repository origin/main
Seen 1 remote branch
 > git show-ref --tags -d # timeout=10
Checking out Revision 07cb03060292a8fbc7e40169ed0e603f68dde67a (origin/main)
 > git config core.sparsecheckout # timeout=10
 > git checkout -f 07cb03060292a8fbc7e40169ed0e603f68dde67a # timeout=10
Commit message: "Code refactor & Introduce Actuator"
 > git rev-list --no-walk 07cb03060292a8fbc7e40169ed0e603f68dde67a # timeout=10
[flight-system] $ /var/jenkins_home/tools/hudson.tasks.Maven_MavenInstallation/mvn-3.9.0/bin/mvn -f customer-service/pom.xml install
[INFO] Scanning for projects...
[INFO] 
[INFO] -------------------< com.customers:customer-service >-------------------
[INFO] Building customer-service 0.0.1-SNAPSHOT
[INFO]   from pom.xml
[INFO] --------------------------------[ jar ]---------------------------------
[INFO] 
[INFO] --- resources:3.2.0:resources (default-resources) @ customer-service ---
[INFO] Using 'UTF-8' encoding to copy filtered resources.
[INFO] Using 'UTF-8' encoding to copy filtered properties files.
[INFO] Copying 1 resource
[INFO] Copying 0 resource
[INFO] 
[INFO] --- compiler:3.10.1:compile (default-compile) @ customer-service ---
[INFO] Nothing to compile - all classes are up to date
[INFO] 
[INFO] --- resources:3.2.0:testResources (default-testResources) @ customer-service ---
[INFO] Using 'UTF-8' encoding to copy filtered resources.
[INFO] Using 'UTF-8' encoding to copy filtered properties files.
[INFO] Copying 1 resource
[INFO] 
[INFO] --- compiler:3.10.1:testCompile (default-testCompile) @ customer-service ---
[INFO] Nothing to compile - all classes are up to date
[INFO] 
[INFO] --- surefire:2.22.2:test (default-test) @ customer-service ---
[INFO] 
[INFO] -------------------------------------------------------
[INFO]  T E S T S
[INFO] -------------------------------------------------------
[INFO] Running com.customers.CustomerServiceApplicationTests
17:45:42.329 [main] DEBUG org.springframework.test.context.BootstrapUtils - Instantiating CacheAwareContextLoaderDelegate from class [org.springframework.test.context.cache.DefaultCacheAwareContextLoaderDelegate]
17:45:42.357 [main] DEBUG org.springframework.test.context.BootstrapUtils - Instantiating BootstrapContext using constructor [public org.springframework.test.context.support.DefaultBootstrapContext(java.lang.Class,org.springframework.test.context.CacheAwareContextLoaderDelegate)]
17:45:42.429 [main] DEBUG org.springframework.test.context.BootstrapUtils - Instantiating TestContextBootstrapper for test class [com.customers.CustomerServiceApplicationTests] from class [org.springframework.boot.test.context.SpringBootTestContextBootstrapper]
17:45:42.455 [main] INFO org.springframework.boot.test.context.SpringBootTestContextBootstrapper - Neither @ContextConfiguration nor @ContextHierarchy found for test class [com.customers.CustomerServiceApplicationTests], using SpringBootContextLoader
17:45:42.464 [main] DEBUG org.springframework.test.context.support.AbstractContextLoader - Did not detect default resource location for test class [com.customers.CustomerServiceApplicationTests]: class path resource [com/customers/CustomerServiceApplicationTests-context.xml] does not exist
17:45:42.465 [main] DEBUG org.springframework.test.context.support.AbstractContextLoader - Did not detect default resource location for test class [com.customers.CustomerServiceApplicationTests]: class path resource [com/customers/CustomerServiceApplicationTestsContext.groovy] does not exist
17:45:42.466 [main] INFO org.springframework.test.context.support.AbstractContextLoader - Could not detect default resource locations for test class [com.customers.CustomerServiceApplicationTests]: no resource found for suffixes {-context.xml, Context.groovy}.
17:45:42.467 [main] INFO org.springframework.test.context.support.AnnotationConfigContextLoaderUtils - Could not detect default configuration classes for test class [com.customers.CustomerServiceApplicationTests]: CustomerServiceApplicationTests does not declare any static, non-private, non-final, nested classes annotated with @Configuration.
17:45:42.569 [main] DEBUG org.springframework.test.context.support.ActiveProfilesUtils - Could not find an 'annotation declaring class' for annotation type [org.springframework.test.context.ActiveProfiles] and class [com.customers.CustomerServiceApplicationTests]
17:45:42.698 [main] DEBUG org.springframework.context.annotation.ClassPathScanningCandidateComponentProvider - Identified candidate component class: file [/var/jenkins_home/workspace/flight-system/customer-service/target/classes/com/customers/CustomerServiceApplication.class]
17:45:42.700 [main] INFO org.springframework.boot.test.context.SpringBootTestContextBootstrapper - Found @SpringBootConfiguration com.customers.CustomerServiceApplication for test class com.customers.CustomerServiceApplicationTests
17:45:42.964 [main] DEBUG org.springframework.boot.test.context.SpringBootTestContextBootstrapper - @TestExecutionListeners is not present for class [com.customers.CustomerServiceApplicationTests]: using defaults.
17:45:42.966 [main] INFO org.springframework.boot.test.context.SpringBootTestContextBootstrapper - Loaded default TestExecutionListener class names from location [META-INF/spring.factories]: [org.springframework.boot.test.mock.mockito.MockitoTestExecutionListener, org.springframework.boot.test.mock.mockito.ResetMocksTestExecutionListener, org.springframework.boot.test.autoconfigure.restdocs.RestDocsTestExecutionListener, org.springframework.boot.test.autoconfigure.web.client.MockRestServiceServerResetTestExecutionListener, org.springframework.boot.test.autoconfigure.web.servlet.MockMvcPrintOnlyOnFailureTestExecutionListener, org.springframework.boot.test.autoconfigure.web.servlet.WebDriverTestExecutionListener, org.springframework.boot.test.autoconfigure.webservices.client.MockWebServiceServerTestExecutionListener, org.springframework.test.context.web.ServletTestExecutionListener, org.springframework.test.context.support.DirtiesContextBeforeModesTestExecutionListener, org.springframework.test.context.event.ApplicationEventsTestExecutionListener, org.springframework.test.context.support.DependencyInjectionTestExecutionListener, org.springframework.test.context.support.DirtiesContextTestExecutionListener, org.springframework.test.context.transaction.TransactionalTestExecutionListener, org.springframework.test.context.jdbc.SqlScriptsTestExecutionListener, org.springframework.test.context.event.EventPublishingTestExecutionListener]
17:45:43.011 [main] INFO org.springframework.boot.test.context.SpringBootTestContextBootstrapper - Using TestExecutionListeners: [org.springframework.test.context.web.ServletTestExecutionListener@7b8233cd, org.springframework.test.context.support.DirtiesContextBeforeModesTestExecutionListener@4b20ca2b, org.springframework.test.context.event.ApplicationEventsTestExecutionListener@1cbf6e72, org.springframework.boot.test.mock.mockito.MockitoTestExecutionListener@6aecbb8d, org.springframework.boot.test.autoconfigure.SpringBootDependencyInjectionTestExecutionListener@1af146, org.springframework.test.context.support.DirtiesContextTestExecutionListener@4da602fc, org.springframework.test.context.transaction.TransactionalTestExecutionListener@2a8d39c4, org.springframework.test.context.jdbc.SqlScriptsTestExecutionListener@25b2cfcb, org.springframework.test.context.event.EventPublishingTestExecutionListener@72758afa, org.springframework.boot.test.mock.mockito.ResetMocksTestExecutionListener@fb9c7aa, org.springframework.boot.test.autoconfigure.restdocs.RestDocsTestExecutionListener@4c398c80, org.springframework.boot.test.autoconfigure.web.client.MockRestServiceServerResetTestExecutionListener@7fc6de5b, org.springframework.boot.test.autoconfigure.web.servlet.MockMvcPrintOnlyOnFailureTestExecutionListener@21baa903, org.springframework.boot.test.autoconfigure.web.servlet.WebDriverTestExecutionListener@607fbe09, org.springframework.boot.test.autoconfigure.webservices.client.MockWebServiceServerTestExecutionListener@60a2630a]
17:45:43.021 [main] DEBUG org.springframework.test.context.support.AbstractDirtiesContextTestExecutionListener - Before test class: context [DefaultTestContext@62163b39 testClass = CustomerServiceApplicationTests, testInstance = [null], testMethod = [null], testException = [null], mergedContextConfiguration = [WebMergedContextConfiguration@20a8a64e testClass = CustomerServiceApplicationTests, locations = '{}', classes = '{class com.customers.CustomerServiceApplication}', contextInitializerClasses = '[]', activeProfiles = '{}', propertySourceLocations = '{}', propertySourceProperties = '{org.springframework.boot.test.context.SpringBootTestContextBootstrapper=true}', contextCustomizers = set[org.springframework.boot.test.context.filter.ExcludeFilterContextCustomizer@3eb81efb, org.springframework.boot.test.json.DuplicateJsonObjectContextCustomizerFactory$DuplicateJsonObjectContextCustomizer@5cdec700, org.springframework.boot.test.mock.mockito.MockitoContextCustomizer@0, org.springframework.boot.test.web.client.TestRestTemplateContextCustomizer@3e6f3f28, org.springframework.boot.test.autoconfigure.actuate.metrics.MetricsExportContextCustomizerFactory$DisableMetricExportContextCustomizer@45d2ade3, org.springframework.boot.test.autoconfigure.properties.PropertyMappingContextCustomizer@0, org.springframework.boot.test.autoconfigure.web.servlet.WebDriverContextCustomizerFactory$Customizer@4278284b, org.springframework.boot.test.context.SpringBootTestArgs@1, org.springframework.boot.test.context.SpringBootTestWebEnvironment@1725dc0f], resourceBasePath = 'src/main/webapp', contextLoader = 'org.springframework.boot.test.context.SpringBootContextLoader', parent = [null]], attributes = map['org.springframework.test.context.web.ServletTestExecutionListener.activateListener' -> true]], class annotated with @DirtiesContext [false] with mode [null].

  .   ____          _            __ _ _
 /\\ / ___'_ __ _ _(_)_ __  __ _ \ \ \ \
( ( )\___ | '_ | '_| | '_ \/ _` | \ \ \ \
 \\/  ___)| |_)| | | | | || (_| |  ) ) ) )
  '  |____| .__|_| |_|_| |_\__, | / / / /
 =========|_|==============|___/=/_/_/_/
 :: Spring Boot ::                (v2.7.8)

2023-03-04 17:45:43.728  INFO 1429 --- [           main] c.c.CustomerServiceApplicationTests      : Starting CustomerServiceApplicationTests using Java 17.0.6 on 21aa1ced3b78 with PID 1429 (started by root in /var/jenkins_home/workspace/flight-system/customer-service)
2023-03-04 17:45:43.733  INFO 1429 --- [           main] c.c.CustomerServiceApplicationTests      : No active profile set, falling back to 1 default profile: "default"
2023-03-04 17:45:46.497  INFO 1429 --- [           main] trationDelegate$BeanPostProcessorChecker : Bean 'io.opentracing.contrib.spring.cloud.async.DefaultAsyncAutoConfiguration' of type [io.opentracing.contrib.spring.cloud.async.DefaultAsyncAutoConfiguration$$EnhancerBySpringCGLIB$$cafb85c4] is not eligible for getting processed by all BeanPostProcessors (for example: not eligible for auto-proxying)
2023-03-04 17:45:46.901  INFO 1429 --- [           main] trationDelegate$BeanPostProcessorChecker : Bean 'io.opentracing.contrib.spring.cloud.kafka.KafkaAutoConfiguration' of type [io.opentracing.contrib.spring.cloud.kafka.KafkaAutoConfiguration$$EnhancerBySpringCGLIB$$40a0ce41] is not eligible for getting processed by all BeanPostProcessors (for example: not eligible for auto-proxying)
2023-03-04 17:45:46.926  INFO 1429 --- [           main] trationDelegate$BeanPostProcessorChecker : Bean 'io.opentracing.contrib.java.spring.jaeger.starter.JaegerAutoConfiguration' of type [io.opentracing.contrib.java.spring.jaeger.starter.JaegerAutoConfiguration$$EnhancerBySpringCGLIB$$dbc293b3] is not eligible for getting processed by all BeanPostProcessors (for example: not eligible for auto-proxying)
2023-03-04 17:45:46.972  INFO 1429 --- [           main] trationDelegate$BeanPostProcessorChecker : Bean 'opentracing.jaeger-io.opentracing.contrib.java.spring.jaeger.starter.JaegerConfigurationProperties' of type [io.opentracing.contrib.java.spring.jaeger.starter.JaegerConfigurationProperties] is not eligible for getting processed by all BeanPostProcessors (for example: not eligible for auto-proxying)
2023-03-04 17:45:46.989  INFO 1429 --- [           main] trationDelegate$BeanPostProcessorChecker : Bean 'metricsFactory' of type [io.jaegertracing.internal.metrics.NoopMetricsFactory] is not eligible for getting processed by all BeanPostProcessors (for example: not eligible for auto-proxying)
2023-03-04 17:45:47.001  INFO 1429 --- [           main] trationDelegate$BeanPostProcessorChecker : Bean 'metrics' of type [io.jaegertracing.internal.metrics.Metrics] is not eligible for getting processed by all BeanPostProcessors (for example: not eligible for auto-proxying)
2023-03-04 17:45:47.011  INFO 1429 --- [           main] trationDelegate$BeanPostProcessorChecker : Bean 'sampler' of type [io.jaegertracing.internal.samplers.ConstSampler] is not eligible for getting processed by all BeanPostProcessors (for example: not eligible for auto-proxying)
2023-03-04 17:45:47.511  INFO 1429 --- [           main] trationDelegate$BeanPostProcessorChecker : Bean 'reporter' of type [io.jaegertracing.internal.reporters.CompositeReporter] is not eligible for getting processed by all BeanPostProcessors (for example: not eligible for auto-proxying)
2023-03-04 17:45:47.559  INFO 1429 --- [           main] trationDelegate$BeanPostProcessorChecker : Bean 'tracer' of type [io.jaegertracing.internal.JaegerTracer] is not eligible for getting processed by all BeanPostProcessors (for example: not eligible for auto-proxying)
2023-03-04 17:45:49.149  INFO 1429 --- [           main] o.c.s.w.s.ServerTracingAutoConfiguration : Creating WebMvcConfigurer bean with class io.opentracing.contrib.spring.web.interceptor.TracingHandlerInterceptor
2023-03-04 17:45:50.671  INFO 1429 --- [           main] o.c.s.w.s.ServerTracingAutoConfiguration : Creating FilterRegistrationBean bean with TracingFilter mapped to [], skip pattern is "/api-docs.*|/swagger.*|.*\.png|.*\.css|.*\.js|.*\.html|/favicon.ico|/hystrix.stream|/actuator/(health|health/.*|info|info/.*|metrics|metrics/.*)"
2023-03-04 17:45:52.049  INFO 1429 --- [           main] o.s.b.a.e.web.EndpointLinksResolver      : Exposing 3 endpoint(s) beneath base path '/actuator'
2023-03-04 17:45:52.184  INFO 1429 --- [           main] c.c.CustomerServiceApplicationTests      : Started CustomerServiceApplicationTests in 9.065 seconds (JVM running for 10.896)
[INFO] Tests run: 1, Failures: 0, Errors: 0, Skipped: 0, Time elapsed: 11.069 s - in com.customers.CustomerServiceApplicationTests
[INFO] Running com.customers.api.CustomerControllerTest
2023-03-04 17:45:53.216  INFO 1429 --- [           main] .b.t.c.SpringBootTestContextBootstrapper : Neither @ContextConfiguration nor @ContextHierarchy found for test class [com.customers.api.CustomerControllerTest], using SpringBootContextLoader
2023-03-04 17:45:53.219  INFO 1429 --- [           main] o.s.t.c.support.AbstractContextLoader    : Could not detect default resource locations for test class [com.customers.api.CustomerControllerTest]: no resource found for suffixes {-context.xml, Context.groovy}.
2023-03-04 17:45:53.219  INFO 1429 --- [           main] t.c.s.AnnotationConfigContextLoaderUtils : Could not detect default configuration classes for test class [com.customers.api.CustomerControllerTest]: CustomerControllerTest does not declare any static, non-private, non-final, nested classes annotated with @Configuration.
2023-03-04 17:45:53.242  INFO 1429 --- [           main] .b.t.c.SpringBootTestContextBootstrapper : Found @SpringBootConfiguration com.customers.CustomerServiceApplication for test class com.customers.api.CustomerControllerTest
2023-03-04 17:45:53.245  INFO 1429 --- [           main] .b.t.c.SpringBootTestContextBootstrapper : Loaded default TestExecutionListener class names from location [META-INF/spring.factories]: [org.springframework.boot.test.mock.mockito.MockitoTestExecutionListener, org.springframework.boot.test.mock.mockito.ResetMocksTestExecutionListener, org.springframework.boot.test.autoconfigure.restdocs.RestDocsTestExecutionListener, org.springframework.boot.test.autoconfigure.web.client.MockRestServiceServerResetTestExecutionListener, org.springframework.boot.test.autoconfigure.web.servlet.MockMvcPrintOnlyOnFailureTestExecutionListener, org.springframework.boot.test.autoconfigure.web.servlet.WebDriverTestExecutionListener, org.springframework.boot.test.autoconfigure.webservices.client.MockWebServiceServerTestExecutionListener, org.springframework.test.context.web.ServletTestExecutionListener, org.springframework.test.context.support.DirtiesContextBeforeModesTestExecutionListener, org.springframework.test.context.event.ApplicationEventsTestExecutionListener, org.springframework.test.context.support.DependencyInjectionTestExecutionListener, org.springframework.test.context.support.DirtiesContextTestExecutionListener, org.springframework.test.context.transaction.TransactionalTestExecutionListener, org.springframework.test.context.jdbc.SqlScriptsTestExecutionListener, org.springframework.test.context.event.EventPublishingTestExecutionListener]
2023-03-04 17:45:53.246  INFO 1429 --- [           main] .b.t.c.SpringBootTestContextBootstrapper : Using TestExecutionListeners: [org.springframework.test.context.web.ServletTestExecutionListener@8e3449e, org.springframework.test.context.support.DirtiesContextBeforeModesTestExecutionListener@3023f157, org.springframework.test.context.event.ApplicationEventsTestExecutionListener@1f3aa970, org.springframework.boot.test.mock.mockito.MockitoTestExecutionListener@5213b887, org.springframework.boot.test.autoconfigure.SpringBootDependencyInjectionTestExecutionListener@40c6d1ef, org.springframework.test.context.support.DirtiesContextTestExecutionListener@6f4029e9, org.springframework.test.context.transaction.TransactionalTestExecutionListener@257b6c58, org.springframework.test.context.jdbc.SqlScriptsTestExecutionListener@6ae32ff0, org.springframework.test.context.event.EventPublishingTestExecutionListener@1c5cd2ea, org.springframework.boot.test.mock.mockito.ResetMocksTestExecutionListener@72bdbfe9, org.springframework.boot.test.autoconfigure.restdocs.RestDocsTestExecutionListener@cda144a, org.springframework.boot.test.autoconfigure.web.client.MockRestServiceServerResetTestExecutionListener@7fb5368e, org.springframework.boot.test.autoconfigure.web.servlet.MockMvcPrintOnlyOnFailureTestExecutionListener@5847010, org.springframework.boot.test.autoconfigure.web.servlet.WebDriverTestExecutionListener@1ad9d5be, org.springframework.boot.test.autoconfigure.webservices.client.MockWebServiceServerTestExecutionListener@46fdfaeb]

  .   ____          _            __ _ _
 /\\ / ___'_ __ _ _(_)_ __  __ _ \ \ \ \
( ( )\___ | '_ | '_| | '_ \/ _` | \ \ \ \
 \\/  ___)| |_)| | | | | || (_| |  ) ) ) )
  '  |____| .__|_| |_|_| |_\__, | / / / /
 =========|_|==============|___/=/_/_/_/
 :: Spring Boot ::                (v2.7.8)

2023-03-04 17:45:53.371  INFO 1429 --- [           main] c.customers.api.CustomerControllerTest   : Starting CustomerControllerTest using Java 17.0.6 on 21aa1ced3b78 with PID 1429 (started by root in /var/jenkins_home/workspace/flight-system/customer-service)
2023-03-04 17:45:53.371  INFO 1429 --- [           main] c.customers.api.CustomerControllerTest   : The following 1 profile is active: "test"
2023-03-04 17:45:54.122  INFO 1429 --- [           main] trationDelegate$BeanPostProcessorChecker : Bean 'io.opentracing.contrib.spring.cloud.async.DefaultAsyncAutoConfiguration' of type [io.opentracing.contrib.spring.cloud.async.DefaultAsyncAutoConfiguration$$EnhancerBySpringCGLIB$$cafb85c4] is not eligible for getting processed by all BeanPostProcessors (for example: not eligible for auto-proxying)
2023-03-04 17:45:54.154  INFO 1429 --- [           main] trationDelegate$BeanPostProcessorChecker : Bean 'io.opentracing.contrib.spring.cloud.kafka.KafkaAutoConfiguration' of type [io.opentracing.contrib.spring.cloud.kafka.KafkaAutoConfiguration$$EnhancerBySpringCGLIB$$40a0ce41] is not eligible for getting processed by all BeanPostProcessors (for example: not eligible for auto-proxying)
2023-03-04 17:45:54.167  INFO 1429 --- [           main] trationDelegate$BeanPostProcessorChecker : Bean 'tracingConfig' of type [com.customers.config.TracingConfig$$EnhancerBySpringCGLIB$$a486126f] is not eligible for getting processed by all BeanPostProcessors (for example: not eligible for auto-proxying)
2023-03-04 17:45:54.176  INFO 1429 --- [           main] trationDelegate$BeanPostProcessorChecker : Bean 'jaegerTracer' of type [io.opentracing.noop.NoopTracerImpl] is not eligible for getting processed by all BeanPostProcessors (for example: not eligible for auto-proxying)
2023-03-04 17:45:54.676  INFO 1429 --- [           main] o.s.b.w.embedded.tomcat.TomcatWebServer  : Tomcat initialized with port(s): 0 (http)
2023-03-04 17:45:54.691  INFO 1429 --- [           main] o.apache.catalina.core.StandardService   : Starting service [Tomcat]
2023-03-04 17:45:54.692  INFO 1429 --- [           main] org.apache.catalina.core.StandardEngine  : Starting Servlet engine: [Apache Tomcat/9.0.71]
2023-03-04 17:45:54.843  INFO 1429 --- [           main] o.a.c.c.C.[Tomcat].[localhost].[/]       : Initializing Spring embedded WebApplicationContext
2023-03-04 17:45:54.844  INFO 1429 --- [           main] w.s.c.ServletWebServerApplicationContext : Root WebApplicationContext: initialization completed in 1466 ms
2023-03-04 17:45:55.327  INFO 1429 --- [           main] o.c.s.w.s.ServerTracingAutoConfiguration : Creating FilterRegistrationBean bean with TracingFilter mapped to [], skip pattern is "/api-docs.*|/swagger.*|.*\.png|.*\.css|.*\.js|.*\.html|/favicon.ico|/hystrix.stream|/actuator/(health|health/.*|info|info/.*|metrics|metrics/.*)"
2023-03-04 17:45:55.759  INFO 1429 --- [           main] o.c.s.w.s.ServerTracingAutoConfiguration : Creating WebMvcConfigurer bean with class io.opentracing.contrib.spring.web.interceptor.TracingHandlerInterceptor
2023-03-04 17:45:57.268  INFO 1429 --- [           main] o.a.c.c.C.[Tomcat].[localhost].[/]       : Initializing Spring TestDispatcherServlet ''
2023-03-04 17:45:57.270  INFO 1429 --- [           main] o.s.t.web.servlet.TestDispatcherServlet  : Initializing Servlet ''
2023-03-04 17:45:57.281  INFO 1429 --- [           main] o.s.b.a.e.web.EndpointLinksResolver      : Exposing 3 endpoint(s) beneath base path '/actuator'
2023-03-04 17:45:57.368  INFO 1429 --- [           main] o.s.t.web.servlet.TestDispatcherServlet  : Completed initialization in 98 ms
2023-03-04 17:45:57.566  INFO 1429 --- [           main] o.s.b.w.embedded.tomcat.TomcatWebServer  : Tomcat started on port(s): 40301 (http) with context path ''
2023-03-04 17:45:57.570  INFO 1429 --- [           main] c.customers.api.CustomerControllerTest   : Started CustomerControllerTest in 4.319 seconds (JVM running for 16.282)
[INFO] Tests run: 2, Failures: 0, Errors: 0, Skipped: 0, Time elapsed: 4.54 s - in com.customers.api.CustomerControllerTest
[INFO] 
[INFO] Results:
[INFO] 
[INFO] Tests run: 3, Failures: 0, Errors: 0, Skipped: 0
[INFO] 
[INFO] 
[INFO] --- jar:3.2.2:jar (default-jar) @ customer-service ---
[INFO] 
[INFO] --- spring-boot:2.7.8:repackage (repackage) @ customer-service ---
[INFO] Replacing main artifact with repackaged archive
[INFO] 
[INFO] --- install:2.5.2:install (default-install) @ customer-service ---
[INFO] Installing /var/jenkins_home/workspace/flight-system/customer-service/target/customer-service-0.0.1-SNAPSHOT.jar to /root/.m2/repository/com/customers/customer-service/0.0.1-SNAPSHOT/customer-service-0.0.1-SNAPSHOT.jar
[INFO] Installing /var/jenkins_home/workspace/flight-system/customer-service/pom.xml to /root/.m2/repository/com/customers/customer-service/0.0.1-SNAPSHOT/customer-service-0.0.1-SNAPSHOT.pom
[INFO] ------------------------------------------------------------------------
[INFO] BUILD SUCCESS
[INFO] ------------------------------------------------------------------------
[INFO] Total time:  19.406 s
[INFO] Finished at: 2023-03-04T17:45:58Z
[INFO] ------------------------------------------------------------------------
[flight-system] $ /var/jenkins_home/tools/hudson.tasks.Maven_MavenInstallation/mvn-3.9.0/bin/mvn -f flight-service/pom.xml install
[INFO] Scanning for projects...
[INFO] 
[INFO] ---------------------< com.flight:flight-service >----------------------
[INFO] Building flight-service 0.0.1-SNAPSHOT
[INFO]   from pom.xml
[INFO] --------------------------------[ jar ]---------------------------------
[INFO] 
[INFO] --- resources:3.2.0:resources (default-resources) @ flight-service ---
[INFO] Using 'UTF-8' encoding to copy filtered resources.
[INFO] Using 'UTF-8' encoding to copy filtered properties files.
[INFO] Copying 1 resource
[INFO] Copying 0 resource
[INFO] 
[INFO] --- compiler:3.10.1:compile (default-compile) @ flight-service ---
[INFO] Nothing to compile - all classes are up to date
[INFO] 
[INFO] --- resources:3.2.0:testResources (default-testResources) @ flight-service ---
[INFO] Using 'UTF-8' encoding to copy filtered resources.
[INFO] Using 'UTF-8' encoding to copy filtered properties files.
[INFO] skip non existing resourceDirectory /var/jenkins_home/workspace/flight-system/flight-service/src/test/resources
[INFO] 
[INFO] --- compiler:3.10.1:testCompile (default-testCompile) @ flight-service ---
[INFO] Changes detected - recompiling the module!
[INFO] Compiling 2 source files to /var/jenkins_home/workspace/flight-system/flight-service/target/test-classes
[INFO] 
[INFO] --- surefire:2.22.2:test (default-test) @ flight-service ---
[INFO] 
[INFO] -------------------------------------------------------
[INFO]  T E S T S
[INFO] -------------------------------------------------------
[INFO] Running com.flight.FlightServiceApplicationTests
17:46:04.182 [main] DEBUG org.springframework.test.context.BootstrapUtils - Instantiating CacheAwareContextLoaderDelegate from class [org.springframework.test.context.cache.DefaultCacheAwareContextLoaderDelegate]
17:46:04.209 [main] DEBUG org.springframework.test.context.BootstrapUtils - Instantiating BootstrapContext using constructor [public org.springframework.test.context.support.DefaultBootstrapContext(java.lang.Class,org.springframework.test.context.CacheAwareContextLoaderDelegate)]
17:46:04.275 [main] DEBUG org.springframework.test.context.BootstrapUtils - Instantiating TestContextBootstrapper for test class [com.flight.FlightServiceApplicationTests] from class [org.springframework.boot.test.context.SpringBootTestContextBootstrapper]
17:46:04.302 [main] INFO org.springframework.boot.test.context.SpringBootTestContextBootstrapper - Neither @ContextConfiguration nor @ContextHierarchy found for test class [com.flight.FlightServiceApplicationTests], using SpringBootContextLoader
17:46:04.310 [main] DEBUG org.springframework.test.context.support.AbstractContextLoader - Did not detect default resource location for test class [com.flight.FlightServiceApplicationTests]: class path resource [com/flight/FlightServiceApplicationTests-context.xml] does not exist
17:46:04.312 [main] DEBUG org.springframework.test.context.support.AbstractContextLoader - Did not detect default resource location for test class [com.flight.FlightServiceApplicationTests]: class path resource [com/flight/FlightServiceApplicationTestsContext.groovy] does not exist
17:46:04.312 [main] INFO org.springframework.test.context.support.AbstractContextLoader - Could not detect default resource locations for test class [com.flight.FlightServiceApplicationTests]: no resource found for suffixes {-context.xml, Context.groovy}.
17:46:04.313 [main] INFO org.springframework.test.context.support.AnnotationConfigContextLoaderUtils - Could not detect default configuration classes for test class [com.flight.FlightServiceApplicationTests]: FlightServiceApplicationTests does not declare any static, non-private, non-final, nested classes annotated with @Configuration.
17:46:04.414 [main] DEBUG org.springframework.test.context.support.ActiveProfilesUtils - Could not find an 'annotation declaring class' for annotation type [org.springframework.test.context.ActiveProfiles] and class [com.flight.FlightServiceApplicationTests]
17:46:04.532 [main] DEBUG org.springframework.context.annotation.ClassPathScanningCandidateComponentProvider - Identified candidate component class: file [/var/jenkins_home/workspace/flight-system/flight-service/target/classes/com/flight/FlightServiceApplication.class]
17:46:04.534 [main] INFO org.springframework.boot.test.context.SpringBootTestContextBootstrapper - Found @SpringBootConfiguration com.flight.FlightServiceApplication for test class com.flight.FlightServiceApplicationTests
17:46:04.844 [main] DEBUG org.springframework.boot.test.context.SpringBootTestContextBootstrapper - @TestExecutionListeners is not present for class [com.flight.FlightServiceApplicationTests]: using defaults.
17:46:04.846 [main] INFO org.springframework.boot.test.context.SpringBootTestContextBootstrapper - Loaded default TestExecutionListener class names from location [META-INF/spring.factories]: [org.springframework.boot.test.mock.mockito.MockitoTestExecutionListener, org.springframework.boot.test.mock.mockito.ResetMocksTestExecutionListener, org.springframework.boot.test.autoconfigure.restdocs.RestDocsTestExecutionListener, org.springframework.boot.test.autoconfigure.web.client.MockRestServiceServerResetTestExecutionListener, org.springframework.boot.test.autoconfigure.web.servlet.MockMvcPrintOnlyOnFailureTestExecutionListener, org.springframework.boot.test.autoconfigure.web.servlet.WebDriverTestExecutionListener, org.springframework.boot.test.autoconfigure.webservices.client.MockWebServiceServerTestExecutionListener, org.springframework.test.context.web.ServletTestExecutionListener, org.springframework.test.context.support.DirtiesContextBeforeModesTestExecutionListener, org.springframework.test.context.event.ApplicationEventsTestExecutionListener, org.springframework.test.context.support.DependencyInjectionTestExecutionListener, org.springframework.test.context.support.DirtiesContextTestExecutionListener, org.springframework.test.context.transaction.TransactionalTestExecutionListener, org.springframework.test.context.jdbc.SqlScriptsTestExecutionListener, org.springframework.test.context.event.EventPublishingTestExecutionListener]
17:46:04.900 [main] INFO org.springframework.boot.test.context.SpringBootTestContextBootstrapper - Using TestExecutionListeners: [org.springframework.test.context.web.ServletTestExecutionListener@1a7288a3, org.springframework.test.context.support.DirtiesContextBeforeModesTestExecutionListener@2974f221, org.springframework.test.context.event.ApplicationEventsTestExecutionListener@58fe0499, org.springframework.boot.test.mock.mockito.MockitoTestExecutionListener@686449f9, org.springframework.boot.test.autoconfigure.SpringBootDependencyInjectionTestExecutionListener@665df3c6, org.springframework.test.context.support.DirtiesContextTestExecutionListener@68b6f0d6, org.springframework.test.context.transaction.TransactionalTestExecutionListener@4044fb95, org.springframework.test.context.jdbc.SqlScriptsTestExecutionListener@aa549e5, org.springframework.test.context.event.EventPublishingTestExecutionListener@36f48b4, org.springframework.boot.test.mock.mockito.ResetMocksTestExecutionListener@5c00384f, org.springframework.boot.test.autoconfigure.restdocs.RestDocsTestExecutionListener@3b7ff809, org.springframework.boot.test.autoconfigure.web.client.MockRestServiceServerResetTestExecutionListener@1bb564e2, org.springframework.boot.test.autoconfigure.web.servlet.MockMvcPrintOnlyOnFailureTestExecutionListener@62e6b5c8, org.springframework.boot.test.autoconfigure.web.servlet.WebDriverTestExecutionListener@3f792b9b, org.springframework.boot.test.autoconfigure.webservices.client.MockWebServiceServerTestExecutionListener@7b8233cd]
17:46:04.916 [main] DEBUG org.springframework.test.context.support.AbstractDirtiesContextTestExecutionListener - Before test class: context [DefaultTestContext@7756c3cd testClass = FlightServiceApplicationTests, testInstance = [null], testMethod = [null], testException = [null], mergedContextConfiguration = [WebMergedContextConfiguration@2313052e testClass = FlightServiceApplicationTests, locations = '{}', classes = '{class com.flight.FlightServiceApplication}', contextInitializerClasses = '[]', activeProfiles = '{}', propertySourceLocations = '{}', propertySourceProperties = '{org.springframework.boot.test.context.SpringBootTestContextBootstrapper=true}', contextCustomizers = set[org.springframework.boot.test.context.filter.ExcludeFilterContextCustomizer@78a773fd, org.springframework.boot.test.json.DuplicateJsonObjectContextCustomizerFactory$DuplicateJsonObjectContextCustomizer@135606db, org.springframework.boot.test.mock.mockito.MockitoContextCustomizer@0, org.springframework.boot.test.web.client.TestRestTemplateContextCustomizer@61eaec38, org.springframework.boot.test.autoconfigure.actuate.metrics.MetricsExportContextCustomizerFactory$DisableMetricExportContextCustomizer@31920ade, org.springframework.boot.test.autoconfigure.properties.PropertyMappingContextCustomizer@0, org.springframework.boot.test.autoconfigure.web.servlet.WebDriverContextCustomizerFactory$Customizer@7674b62c, org.springframework.boot.test.context.SpringBootTestArgs@1, org.springframework.boot.test.context.SpringBootTestWebEnvironment@4facf68f], resourceBasePath = 'src/main/webapp', contextLoader = 'org.springframework.boot.test.context.SpringBootContextLoader', parent = [null]], attributes = map['org.springframework.test.context.web.ServletTestExecutionListener.activateListener' -> true]], class annotated with @DirtiesContext [false] with mode [null].

  .   ____          _            __ _ _
 /\\ / ___'_ __ _ _(_)_ __  __ _ \ \ \ \
( ( )\___ | '_ | '_| | '_ \/ _` | \ \ \ \
 \\/  ___)| |_)| | | | | || (_| |  ) ) ) )
  '  |____| .__|_| |_|_| |_\__, | / / / /
 =========|_|==============|___/=/_/_/_/
 :: Spring Boot ::                (v2.7.8)

2023-03-04 17:46:05.624  INFO 1564 --- [           main] c.flight.FlightServiceApplicationTests   : Starting FlightServiceApplicationTests using Java 17.0.6 on 21aa1ced3b78 with PID 1564 (started by root in /var/jenkins_home/workspace/flight-system/flight-service)
2023-03-04 17:46:05.626  INFO 1564 --- [           main] c.flight.FlightServiceApplicationTests   : No active profile set, falling back to 1 default profile: "default"
2023-03-04 17:46:08.278  INFO 1564 --- [           main] trationDelegate$BeanPostProcessorChecker : Bean 'io.opentracing.contrib.spring.cloud.async.DefaultAsyncAutoConfiguration' of type [io.opentracing.contrib.spring.cloud.async.DefaultAsyncAutoConfiguration$$EnhancerBySpringCGLIB$$7039394a] is not eligible for getting processed by all BeanPostProcessors (for example: not eligible for auto-proxying)
2023-03-04 17:46:08.745  INFO 1564 --- [           main] trationDelegate$BeanPostProcessorChecker : Bean 'io.opentracing.contrib.spring.cloud.kafka.KafkaAutoConfiguration' of type [io.opentracing.contrib.spring.cloud.kafka.KafkaAutoConfiguration$$EnhancerBySpringCGLIB$$e5de81c7] is not eligible for getting processed by all BeanPostProcessors (for example: not eligible for auto-proxying)
2023-03-04 17:46:08.765  INFO 1564 --- [           main] trationDelegate$BeanPostProcessorChecker : Bean 'io.opentracing.contrib.java.spring.jaeger.starter.JaegerAutoConfiguration' of type [io.opentracing.contrib.java.spring.jaeger.starter.JaegerAutoConfiguration$$EnhancerBySpringCGLIB$$81004739] is not eligible for getting processed by all BeanPostProcessors (for example: not eligible for auto-proxying)
2023-03-04 17:46:08.814  INFO 1564 --- [           main] trationDelegate$BeanPostProcessorChecker : Bean 'opentracing.jaeger-io.opentracing.contrib.java.spring.jaeger.starter.JaegerConfigurationProperties' of type [io.opentracing.contrib.java.spring.jaeger.starter.JaegerConfigurationProperties] is not eligible for getting processed by all BeanPostProcessors (for example: not eligible for auto-proxying)
2023-03-04 17:46:08.835  INFO 1564 --- [           main] trationDelegate$BeanPostProcessorChecker : Bean 'metricsFactory' of type [io.jaegertracing.internal.metrics.NoopMetricsFactory] is not eligible for getting processed by all BeanPostProcessors (for example: not eligible for auto-proxying)
2023-03-04 17:46:08.849  INFO 1564 --- [           main] trationDelegate$BeanPostProcessorChecker : Bean 'metrics' of type [io.jaegertracing.internal.metrics.Metrics] is not eligible for getting processed by all BeanPostProcessors (for example: not eligible for auto-proxying)
2023-03-04 17:46:08.862  INFO 1564 --- [           main] trationDelegate$BeanPostProcessorChecker : Bean 'sampler' of type [io.jaegertracing.internal.samplers.ConstSampler] is not eligible for getting processed by all BeanPostProcessors (for example: not eligible for auto-proxying)
2023-03-04 17:46:09.201  INFO 1564 --- [           main] trationDelegate$BeanPostProcessorChecker : Bean 'reporter' of type [io.jaegertracing.internal.reporters.CompositeReporter] is not eligible for getting processed by all BeanPostProcessors (for example: not eligible for auto-proxying)
2023-03-04 17:46:09.247  INFO 1564 --- [           main] trationDelegate$BeanPostProcessorChecker : Bean 'tracer' of type [io.jaegertracing.internal.JaegerTracer] is not eligible for getting processed by all BeanPostProcessors (for example: not eligible for auto-proxying)
2023-03-04 17:46:11.056  INFO 1564 --- [           main] o.c.s.w.s.ServerTracingAutoConfiguration : Creating WebMvcConfigurer bean with class io.opentracing.contrib.spring.web.interceptor.TracingHandlerInterceptor
2023-03-04 17:46:12.405  INFO 1564 --- [           main] o.c.s.w.s.ServerTracingAutoConfiguration : Creating FilterRegistrationBean bean with TracingFilter mapped to [], skip pattern is "/api-docs.*|/swagger.*|.*\.png|.*\.css|.*\.js|.*\.html|/favicon.ico|/hystrix.stream|/actuator/(health|health/.*|info|info/.*|metrics|metrics/.*)"
2023-03-04 17:46:13.188  INFO 1564 --- [           main] o.s.b.a.e.web.EndpointLinksResolver      : Exposing 3 endpoint(s) beneath base path '/actuator'
2023-03-04 17:46:13.323  INFO 1564 --- [           main] c.flight.FlightServiceApplicationTests   : Started FlightServiceApplicationTests in 8.316 seconds (JVM running for 9.964)
[INFO] Tests run: 1, Failures: 0, Errors: 0, Skipped: 0, Time elapsed: 10.51 s - in com.flight.FlightServiceApplicationTests
[INFO] Running com.flight.service.FlightServiceTest
[INFO] Tests run: 2, Failures: 0, Errors: 0, Skipped: 0, Time elapsed: 0.348 s - in com.flight.service.FlightServiceTest
[INFO] 
[INFO] Results:
[INFO] 
[INFO] Tests run: 3, Failures: 0, Errors: 0, Skipped: 0
[INFO] 
[INFO] 
[INFO] --- jar:3.2.2:jar (default-jar) @ flight-service ---
[INFO] 
[INFO] --- spring-boot:2.7.8:repackage (repackage) @ flight-service ---
[INFO] Replacing main artifact with repackaged archive
[INFO] 
[INFO] --- install:2.5.2:install (default-install) @ flight-service ---
[INFO] Installing /var/jenkins_home/workspace/flight-system/flight-service/target/flight-service-0.0.1-SNAPSHOT.jar to /root/.m2/repository/com/flight/flight-service/0.0.1-SNAPSHOT/flight-service-0.0.1-SNAPSHOT.jar
[INFO] Installing /var/jenkins_home/workspace/flight-system/flight-service/pom.xml to /root/.m2/repository/com/flight/flight-service/0.0.1-SNAPSHOT/flight-service-0.0.1-SNAPSHOT.pom
[INFO] ------------------------------------------------------------------------
[INFO] BUILD SUCCESS
[INFO] ------------------------------------------------------------------------
[INFO] Total time:  15.004 s
[INFO] Finished at: 2023-03-04T17:46:15Z
[INFO] ------------------------------------------------------------------------
[flight-system] $ /var/jenkins_home/tools/hudson.tasks.Maven_MavenInstallation/mvn-3.9.0/bin/mvn -f gw-service/pom.xml install
[INFO] Scanning for projects...
[INFO] 
[INFO] -------------------------< com.api:gw-service >-------------------------
[INFO] Building gw-service 0.0.1-SNAPSHOT
[INFO]   from pom.xml
[INFO] --------------------------------[ jar ]---------------------------------
[INFO] 
[INFO] --- resources:3.2.0:resources (default-resources) @ gw-service ---
[INFO] Using 'UTF-8' encoding to copy filtered resources.
[INFO] Using 'UTF-8' encoding to copy filtered properties files.
[INFO] Copying 1 resource
[INFO] Copying 0 resource
[INFO] 
[INFO] --- compiler:3.10.1:compile (default-compile) @ gw-service ---
[INFO] Nothing to compile - all classes are up to date
[INFO] 
[INFO] --- resources:3.2.0:testResources (default-testResources) @ gw-service ---
[INFO] Using 'UTF-8' encoding to copy filtered resources.
[INFO] Using 'UTF-8' encoding to copy filtered properties files.
[INFO] skip non existing resourceDirectory /var/jenkins_home/workspace/flight-system/gw-service/src/test/resources
[INFO] 
[INFO] --- compiler:3.10.1:testCompile (default-testCompile) @ gw-service ---
[INFO] Nothing to compile - all classes are up to date
[INFO] 
[INFO] --- surefire:2.22.2:test (default-test) @ gw-service ---
[INFO] 
[INFO] -------------------------------------------------------
[INFO]  T E S T S
[INFO] -------------------------------------------------------
[INFO] Running com.gateway.GwServiceApplicationTests
17:46:20.205 [main] DEBUG org.springframework.test.context.BootstrapUtils - Instantiating CacheAwareContextLoaderDelegate from class [org.springframework.test.context.cache.DefaultCacheAwareContextLoaderDelegate]
17:46:20.231 [main] DEBUG org.springframework.test.context.BootstrapUtils - Instantiating BootstrapContext using constructor [public org.springframework.test.context.support.DefaultBootstrapContext(java.lang.Class,org.springframework.test.context.CacheAwareContextLoaderDelegate)]
17:46:20.303 [main] DEBUG org.springframework.test.context.BootstrapUtils - Instantiating TestContextBootstrapper for test class [com.gateway.GwServiceApplicationTests] from class [org.springframework.boot.test.context.SpringBootTestContextBootstrapper]
17:46:20.330 [main] INFO org.springframework.boot.test.context.SpringBootTestContextBootstrapper - Neither @ContextConfiguration nor @ContextHierarchy found for test class [com.gateway.GwServiceApplicationTests], using SpringBootContextLoader
17:46:20.339 [main] DEBUG org.springframework.test.context.support.AbstractContextLoader - Did not detect default resource location for test class [com.gateway.GwServiceApplicationTests]: class path resource [com/gateway/GwServiceApplicationTests-context.xml] does not exist
17:46:20.340 [main] DEBUG org.springframework.test.context.support.AbstractContextLoader - Did not detect default resource location for test class [com.gateway.GwServiceApplicationTests]: class path resource [com/gateway/GwServiceApplicationTestsContext.groovy] does not exist
17:46:20.341 [main] INFO org.springframework.test.context.support.AbstractContextLoader - Could not detect default resource locations for test class [com.gateway.GwServiceApplicationTests]: no resource found for suffixes {-context.xml, Context.groovy}.
17:46:20.342 [main] INFO org.springframework.test.context.support.AnnotationConfigContextLoaderUtils - Could not detect default configuration classes for test class [com.gateway.GwServiceApplicationTests]: GwServiceApplicationTests does not declare any static, non-private, non-final, nested classes annotated with @Configuration.
17:46:20.449 [main] DEBUG org.springframework.test.context.support.ActiveProfilesUtils - Could not find an 'annotation declaring class' for annotation type [org.springframework.test.context.ActiveProfiles] and class [com.gateway.GwServiceApplicationTests]
17:46:20.575 [main] DEBUG org.springframework.context.annotation.ClassPathScanningCandidateComponentProvider - Identified candidate component class: file [/var/jenkins_home/workspace/flight-system/gw-service/target/classes/com/gateway/GwServiceApplication.class]
17:46:20.578 [main] INFO org.springframework.boot.test.context.SpringBootTestContextBootstrapper - Found @SpringBootConfiguration com.gateway.GwServiceApplication for test class com.gateway.GwServiceApplicationTests
17:46:20.825 [main] DEBUG org.springframework.boot.test.context.SpringBootTestContextBootstrapper - @TestExecutionListeners is not present for class [com.gateway.GwServiceApplicationTests]: using defaults.
17:46:20.826 [main] INFO org.springframework.boot.test.context.SpringBootTestContextBootstrapper - Loaded default TestExecutionListener class names from location [META-INF/spring.factories]: [org.springframework.boot.test.mock.mockito.MockitoTestExecutionListener, org.springframework.boot.test.mock.mockito.ResetMocksTestExecutionListener, org.springframework.boot.test.autoconfigure.restdocs.RestDocsTestExecutionListener, org.springframework.boot.test.autoconfigure.web.client.MockRestServiceServerResetTestExecutionListener, org.springframework.boot.test.autoconfigure.web.servlet.MockMvcPrintOnlyOnFailureTestExecutionListener, org.springframework.boot.test.autoconfigure.web.servlet.WebDriverTestExecutionListener, org.springframework.boot.test.autoconfigure.webservices.client.MockWebServiceServerTestExecutionListener, org.springframework.test.context.web.ServletTestExecutionListener, org.springframework.test.context.support.DirtiesContextBeforeModesTestExecutionListener, org.springframework.test.context.event.ApplicationEventsTestExecutionListener, org.springframework.test.context.support.DependencyInjectionTestExecutionListener, org.springframework.test.context.support.DirtiesContextTestExecutionListener, org.springframework.test.context.transaction.TransactionalTestExecutionListener, org.springframework.test.context.jdbc.SqlScriptsTestExecutionListener, org.springframework.test.context.event.EventPublishingTestExecutionListener]
17:46:20.850 [main] DEBUG org.springframework.boot.test.context.SpringBootTestContextBootstrapper - Skipping candidate TestExecutionListener [org.springframework.test.context.web.ServletTestExecutionListener] due to a missing dependency. Specify custom listener classes or make the default listener classes and their required dependencies available. Offending class: [javax/servlet/ServletContext]
17:46:20.868 [main] INFO org.springframework.boot.test.context.SpringBootTestContextBootstrapper - Using TestExecutionListeners: [org.springframework.test.context.support.DirtiesContextBeforeModesTestExecutionListener@2fc0cc3, org.springframework.test.context.event.ApplicationEventsTestExecutionListener@328cf0e1, org.springframework.boot.test.mock.mockito.MockitoTestExecutionListener@63b1d4fa, org.springframework.boot.test.autoconfigure.SpringBootDependencyInjectionTestExecutionListener@42e3ede4, org.springframework.test.context.support.DirtiesContextTestExecutionListener@201b6b6f, org.springframework.test.context.transaction.TransactionalTestExecutionListener@75459c75, org.springframework.test.context.jdbc.SqlScriptsTestExecutionListener@183e8023, org.springframework.test.context.event.EventPublishingTestExecutionListener@45efc20d, org.springframework.boot.test.mock.mockito.ResetMocksTestExecutionListener@3e5499cc, org.springframework.boot.test.autoconfigure.restdocs.RestDocsTestExecutionListener@67ab1c47, org.springframework.boot.test.autoconfigure.web.client.MockRestServiceServerResetTestExecutionListener@b78a709, org.springframework.boot.test.autoconfigure.web.servlet.MockMvcPrintOnlyOnFailureTestExecutionListener@30bcf3c1, org.springframework.boot.test.autoconfigure.web.servlet.WebDriverTestExecutionListener@2a3c96e3, org.springframework.boot.test.autoconfigure.webservices.client.MockWebServiceServerTestExecutionListener@15cafec7]
17:46:20.877 [main] DEBUG org.springframework.test.context.support.AbstractDirtiesContextTestExecutionListener - Before test class: context [DefaultTestContext@41e350f1 testClass = GwServiceApplicationTests, testInstance = [null], testMethod = [null], testException = [null], mergedContextConfiguration = [ReactiveWebMergedContextConfiguration@422c3c7a testClass = GwServiceApplicationTests, locations = '{}', classes = '{class com.gateway.GwServiceApplication}', contextInitializerClasses = '[]', activeProfiles = '{}', propertySourceLocations = '{}', propertySourceProperties = '{org.springframework.boot.test.context.SpringBootTestContextBootstrapper=true}', contextCustomizers = set[org.springframework.boot.test.context.filter.ExcludeFilterContextCustomizer@27d5a580, org.springframework.boot.test.json.DuplicateJsonObjectContextCustomizerFactory$DuplicateJsonObjectContextCustomizer@2931522b, org.springframework.boot.test.mock.mockito.MockitoContextCustomizer@0, org.springframework.boot.test.web.client.TestRestTemplateContextCustomizer@2ce6c6ec, org.springframework.boot.test.web.reactive.server.WebTestClientContextCustomizer@1b45c0e, org.springframework.boot.test.autoconfigure.actuate.metrics.MetricsExportContextCustomizerFactory$DisableMetricExportContextCustomizer@5e3d57c7, org.springframework.boot.test.autoconfigure.properties.PropertyMappingContextCustomizer@0, org.springframework.boot.test.autoconfigure.web.servlet.WebDriverContextCustomizerFactory$Customizer@7d286fb6, org.springframework.boot.test.context.SpringBootTestArgs@1, org.springframework.boot.test.context.SpringBootTestWebEnvironment@1dde4cb2], contextLoader = 'org.springframework.boot.test.context.SpringBootContextLoader', parent = [null]], attributes = map[[empty]]], class annotated with @DirtiesContext [false] with mode [null].
17:46:20.903 [main] DEBUG org.springframework.test.context.support.DependencyInjectionTestExecutionListener - Performing dependency injection for test context [[DefaultTestContext@41e350f1 testClass = GwServiceApplicationTests, testInstance = com.gateway.GwServiceApplicationTests@19fb8826, testMethod = [null], testException = [null], mergedContextConfiguration = [ReactiveWebMergedContextConfiguration@422c3c7a testClass = GwServiceApplicationTests, locations = '{}', classes = '{class com.gateway.GwServiceApplication}', contextInitializerClasses = '[]', activeProfiles = '{}', propertySourceLocations = '{}', propertySourceProperties = '{org.springframework.boot.test.context.SpringBootTestContextBootstrapper=true}', contextCustomizers = set[org.springframework.boot.test.context.filter.ExcludeFilterContextCustomizer@27d5a580, org.springframework.boot.test.json.DuplicateJsonObjectContextCustomizerFactory$DuplicateJsonObjectContextCustomizer@2931522b, org.springframework.boot.test.mock.mockito.MockitoContextCustomizer@0, org.springframework.boot.test.web.client.TestRestTemplateContextCustomizer@2ce6c6ec, org.springframework.boot.test.web.reactive.server.WebTestClientContextCustomizer@1b45c0e, org.springframework.boot.test.autoconfigure.actuate.metrics.MetricsExportContextCustomizerFactory$DisableMetricExportContextCustomizer@5e3d57c7, org.springframework.boot.test.autoconfigure.properties.PropertyMappingContextCustomizer@0, org.springframework.boot.test.autoconfigure.web.servlet.WebDriverContextCustomizerFactory$Customizer@7d286fb6, org.springframework.boot.test.context.SpringBootTestArgs@1, org.springframework.boot.test.context.SpringBootTestWebEnvironment@1dde4cb2], contextLoader = 'org.springframework.boot.test.context.SpringBootContextLoader', parent = [null]], attributes = map['org.springframework.test.context.event.ApplicationEventsTestExecutionListener.recordApplicationEvents' -> false]]].

  .   ____          _            __ _ _
 /\\ / ___'_ __ _ _(_)_ __  __ _ \ \ \ \
( ( )\___ | '_ | '_| | '_ \/ _` | \ \ \ \
 \\/  ___)| |_)| | | | | || (_| |  ) ) ) )
  '  |____| .__|_| |_|_| |_\__, | / / / /
 =========|_|==============|___/=/_/_/_/
 :: Spring Boot ::                (v2.7.8)

2023-03-04 17:46:22.189  INFO 1671 --- [           main] com.gateway.GwServiceApplicationTests    : Starting GwServiceApplicationTests using Java 17.0.6 on 21aa1ced3b78 with PID 1671 (started by root in /var/jenkins_home/workspace/flight-system/gw-service)
2023-03-04 17:46:22.197  INFO 1671 --- [           main] com.gateway.GwServiceApplicationTests    : No active profile set, falling back to 1 default profile: "default"
2023-03-04 17:46:24.805  INFO 1671 --- [           main] .s.d.r.c.RepositoryConfigurationDelegate : Multiple Spring Data modules found, entering strict repository configuration mode
2023-03-04 17:46:24.813  INFO 1671 --- [           main] .s.d.r.c.RepositoryConfigurationDelegate : Bootstrapping Spring Data Redis repositories in DEFAULT mode.
2023-03-04 17:46:24.852  INFO 1671 --- [           main] .s.d.r.c.RepositoryConfigurationDelegate : Finished Spring Data repository scanning in 9 ms. Found 0 Redis repository interfaces.
2023-03-04 17:46:25.376  INFO 1671 --- [           main] o.s.cloud.context.scope.GenericScope     : BeanFactory id=218f11d4-d9d1-39bf-a4bf-ccd6550ac654
2023-03-04 17:46:26.625  INFO 1671 --- [           main] trationDelegate$BeanPostProcessorChecker : Bean 'io.opentracing.contrib.spring.cloud.async.DefaultAsyncAutoConfiguration' of type [io.opentracing.contrib.spring.cloud.async.DefaultAsyncAutoConfiguration$$EnhancerBySpringCGLIB$$38363597] is not eligible for getting processed by all BeanPostProcessors (for example: not eligible for auto-proxying)
2023-03-04 17:46:26.714  INFO 1671 --- [           main] trationDelegate$BeanPostProcessorChecker : Bean 'io.opentracing.contrib.java.spring.jaeger.starter.JaegerAutoConfiguration' of type [io.opentracing.contrib.java.spring.jaeger.starter.JaegerAutoConfiguration$$EnhancerBySpringCGLIB$$48fd4386] is not eligible for getting processed by all BeanPostProcessors (for example: not eligible for auto-proxying)
2023-03-04 17:46:26.794  INFO 1671 --- [           main] trationDelegate$BeanPostProcessorChecker : Bean 'org.springframework.cloud.commons.config.CommonsConfigAutoConfiguration' of type [org.springframework.cloud.commons.config.CommonsConfigAutoConfiguration] is not eligible for getting processed by all BeanPostProcessors (for example: not eligible for auto-proxying)
2023-03-04 17:46:26.809  INFO 1671 --- [           main] trationDelegate$BeanPostProcessorChecker : Bean 'org.springframework.cloud.client.loadbalancer.LoadBalancerDefaultMappingsProviderAutoConfiguration' of type [org.springframework.cloud.client.loadbalancer.LoadBalancerDefaultMappingsProviderAutoConfiguration] is not eligible for getting processed by all BeanPostProcessors (for example: not eligible for auto-proxying)
2023-03-04 17:46:26.824  INFO 1671 --- [           main] trationDelegate$BeanPostProcessorChecker : Bean 'loadBalancerClientsDefaultsMappingsProvider' of type [org.springframework.cloud.client.loadbalancer.LoadBalancerDefaultMappingsProviderAutoConfiguration$$Lambda$762/0x0000000100584500] is not eligible for getting processed by all BeanPostProcessors (for example: not eligible for auto-proxying)
2023-03-04 17:46:26.859  INFO 1671 --- [           main] trationDelegate$BeanPostProcessorChecker : Bean 'defaultsBindHandlerAdvisor' of type [org.springframework.cloud.commons.config.DefaultsBindHandlerAdvisor] is not eligible for getting processed by all BeanPostProcessors (for example: not eligible for auto-proxying)
2023-03-04 17:46:26.882  INFO 1671 --- [           main] trationDelegate$BeanPostProcessorChecker : Bean 'opentracing.jaeger-io.opentracing.contrib.java.spring.jaeger.starter.JaegerConfigurationProperties' of type [io.opentracing.contrib.java.spring.jaeger.starter.JaegerConfigurationProperties] is not eligible for getting processed by all BeanPostProcessors (for example: not eligible for auto-proxying)
2023-03-04 17:46:26.914  INFO 1671 --- [           main] trationDelegate$BeanPostProcessorChecker : Bean 'metricsFactory' of type [io.jaegertracing.internal.metrics.NoopMetricsFactory] is not eligible for getting processed by all BeanPostProcessors (for example: not eligible for auto-proxying)
2023-03-04 17:46:26.933  INFO 1671 --- [           main] trationDelegate$BeanPostProcessorChecker : Bean 'metrics' of type [io.jaegertracing.internal.metrics.Metrics] is not eligible for getting processed by all BeanPostProcessors (for example: not eligible for auto-proxying)
2023-03-04 17:46:26.949  INFO 1671 --- [           main] trationDelegate$BeanPostProcessorChecker : Bean 'sampler' of type [io.jaegertracing.internal.samplers.ConstSampler] is not eligible for getting processed by all BeanPostProcessors (for example: not eligible for auto-proxying)
2023-03-04 17:46:27.389  INFO 1671 --- [           main] trationDelegate$BeanPostProcessorChecker : Bean 'reporter' of type [io.jaegertracing.internal.reporters.CompositeReporter] is not eligible for getting processed by all BeanPostProcessors (for example: not eligible for auto-proxying)
2023-03-04 17:46:27.435  INFO 1671 --- [           main] trationDelegate$BeanPostProcessorChecker : Bean 'tracer' of type [io.jaegertracing.internal.JaegerTracer] is not eligible for getting processed by all BeanPostProcessors (for example: not eligible for auto-proxying)
2023-03-04 17:46:27.464  INFO 1671 --- [           main] trationDelegate$BeanPostProcessorChecker : Bean 'io.opentracing.contrib.spring.web.starter.WebClientTracingAutoConfiguration$DefaultWebClientSpanDecorators' of type [io.opentracing.contrib.spring.web.starter.WebClientTracingAutoConfiguration$DefaultWebClientSpanDecorators$$EnhancerBySpringCGLIB$$5c83a50b] is not eligible for getting processed by all BeanPostProcessors (for example: not eligible for auto-proxying)
2023-03-04 17:46:27.487  INFO 1671 --- [           main] trationDelegate$BeanPostProcessorChecker : Bean 'standardTagsWebClientSpanDecorator' of type [io.opentracing.contrib.spring.web.client.WebClientSpanDecorator$StandardTags] is not eligible for getting processed by all BeanPostProcessors (for example: not eligible for auto-proxying)
2023-03-04 17:46:33.730  INFO 1671 --- [           main] o.s.c.g.r.RouteDefinitionRouteLocator    : Loaded RoutePredicateFactory [After]
2023-03-04 17:46:33.730  INFO 1671 --- [           main] o.s.c.g.r.RouteDefinitionRouteLocator    : Loaded RoutePredicateFactory [Before]
2023-03-04 17:46:33.731  INFO 1671 --- [           main] o.s.c.g.r.RouteDefinitionRouteLocator    : Loaded RoutePredicateFactory [Between]
2023-03-04 17:46:33.731  INFO 1671 --- [           main] o.s.c.g.r.RouteDefinitionRouteLocator    : Loaded RoutePredicateFactory [Cookie]
2023-03-04 17:46:33.731  INFO 1671 --- [           main] o.s.c.g.r.RouteDefinitionRouteLocator    : Loaded RoutePredicateFactory [Header]
2023-03-04 17:46:33.731  INFO 1671 --- [           main] o.s.c.g.r.RouteDefinitionRouteLocator    : Loaded RoutePredicateFactory [Host]
2023-03-04 17:46:33.731  INFO 1671 --- [           main] o.s.c.g.r.RouteDefinitionRouteLocator    : Loaded RoutePredicateFactory [Method]
2023-03-04 17:46:33.731  INFO 1671 --- [           main] o.s.c.g.r.RouteDefinitionRouteLocator    : Loaded RoutePredicateFactory [Path]
2023-03-04 17:46:33.731  INFO 1671 --- [           main] o.s.c.g.r.RouteDefinitionRouteLocator    : Loaded RoutePredicateFactory [Query]
2023-03-04 17:46:33.731  INFO 1671 --- [           main] o.s.c.g.r.RouteDefinitionRouteLocator    : Loaded RoutePredicateFactory [ReadBody]
2023-03-04 17:46:33.731  INFO 1671 --- [           main] o.s.c.g.r.RouteDefinitionRouteLocator    : Loaded RoutePredicateFactory [RemoteAddr]
2023-03-04 17:46:33.731  INFO 1671 --- [           main] o.s.c.g.r.RouteDefinitionRouteLocator    : Loaded RoutePredicateFactory [XForwardedRemoteAddr]
2023-03-04 17:46:33.731  INFO 1671 --- [           main] o.s.c.g.r.RouteDefinitionRouteLocator    : Loaded RoutePredicateFactory [Weight]
2023-03-04 17:46:33.731  INFO 1671 --- [           main] o.s.c.g.r.RouteDefinitionRouteLocator    : Loaded RoutePredicateFactory [CloudFoundryRouteService]
2023-03-04 17:46:35.523  INFO 1671 --- [           main] o.s.b.a.e.web.EndpointLinksResolver      : Exposing 3 endpoint(s) beneath base path '/actuator'
2023-03-04 17:46:39.373  INFO 1671 --- [           main] com.gateway.GwServiceApplicationTests    : Started GwServiceApplicationTests in 18.298 seconds (JVM running for 20.027)
[INFO] Tests run: 1, Failures: 0, Errors: 0, Skipped: 0, Time elapsed: 20.319 s - in com.gateway.GwServiceApplicationTests
[INFO] 
[INFO] Results:
[INFO] 
[INFO] Tests run: 1, Failures: 0, Errors: 0, Skipped: 0
[INFO] 
[INFO] 
[INFO] --- jar:3.2.2:jar (default-jar) @ gw-service ---
[INFO] 
[INFO] --- spring-boot:2.7.8:repackage (repackage) @ gw-service ---
[INFO] Replacing main artifact with repackaged archive
[INFO] 
[INFO] --- install:2.5.2:install (default-install) @ gw-service ---
[INFO] Installing /var/jenkins_home/workspace/flight-system/gw-service/target/gw-service-0.0.1-SNAPSHOT.jar to /root/.m2/repository/com/api/gw-service/0.0.1-SNAPSHOT/gw-service-0.0.1-SNAPSHOT.jar
[INFO] Installing /var/jenkins_home/workspace/flight-system/gw-service/pom.xml to /root/.m2/repository/com/api/gw-service/0.0.1-SNAPSHOT/gw-service-0.0.1-SNAPSHOT.pom
[INFO] ------------------------------------------------------------------------
[INFO] BUILD SUCCESS
[INFO] ------------------------------------------------------------------------
[INFO] Total time:  25.758 s
[INFO] Finished at: 2023-03-04T17:46:43Z
[INFO] ------------------------------------------------------------------------
[flight-system] $ /var/jenkins_home/tools/hudson.tasks.Maven_MavenInstallation/mvn-3.9.0/bin/mvn -f email-service/pom.xml install
[INFO] Scanning for projects...
[INFO] 
[INFO] -----------------------< com.api:email-service >------------------------
[INFO] Building email-service 0.0.1-SNAPSHOT
[INFO]   from pom.xml
[INFO] --------------------------------[ jar ]---------------------------------
[INFO] 
[INFO] --- resources:3.2.0:resources (default-resources) @ email-service ---
[INFO] Using 'UTF-8' encoding to copy filtered resources.
[INFO] Using 'UTF-8' encoding to copy filtered properties files.
[INFO] Copying 1 resource
[INFO] Copying 0 resource
[INFO] 
[INFO] --- compiler:3.10.1:compile (default-compile) @ email-service ---
[INFO] Nothing to compile - all classes are up to date
[INFO] 
[INFO] --- resources:3.2.0:testResources (default-testResources) @ email-service ---
[INFO] Using 'UTF-8' encoding to copy filtered resources.
[INFO] Using 'UTF-8' encoding to copy filtered properties files.
[INFO] skip non existing resourceDirectory /var/jenkins_home/workspace/flight-system/email-service/src/test/resources
[INFO] 
[INFO] --- compiler:3.10.1:testCompile (default-testCompile) @ email-service ---
[INFO] Nothing to compile - all classes are up to date
[INFO] 
[INFO] --- surefire:2.22.2:test (default-test) @ email-service ---
[INFO] 
[INFO] -------------------------------------------------------
[INFO]  T E S T S
[INFO] -------------------------------------------------------
[INFO] Running com.email.EmailServiceApplicationTests
17:46:48.030 [main] DEBUG org.springframework.test.context.BootstrapUtils - Instantiating CacheAwareContextLoaderDelegate from class [org.springframework.test.context.cache.DefaultCacheAwareContextLoaderDelegate]
17:46:48.064 [main] DEBUG org.springframework.test.context.BootstrapUtils - Instantiating BootstrapContext using constructor [public org.springframework.test.context.support.DefaultBootstrapContext(java.lang.Class,org.springframework.test.context.CacheAwareContextLoaderDelegate)]
17:46:48.132 [main] DEBUG org.springframework.test.context.BootstrapUtils - Instantiating TestContextBootstrapper for test class [com.email.EmailServiceApplicationTests] from class [org.springframework.boot.test.context.SpringBootTestContextBootstrapper]
17:46:48.159 [main] INFO org.springframework.boot.test.context.SpringBootTestContextBootstrapper - Neither @ContextConfiguration nor @ContextHierarchy found for test class [com.email.EmailServiceApplicationTests], using SpringBootContextLoader
17:46:48.168 [main] DEBUG org.springframework.test.context.support.AbstractContextLoader - Did not detect default resource location for test class [com.email.EmailServiceApplicationTests]: class path resource [com/email/EmailServiceApplicationTests-context.xml] does not exist
17:46:48.169 [main] DEBUG org.springframework.test.context.support.AbstractContextLoader - Did not detect default resource location for test class [com.email.EmailServiceApplicationTests]: class path resource [com/email/EmailServiceApplicationTestsContext.groovy] does not exist
17:46:48.169 [main] INFO org.springframework.test.context.support.AbstractContextLoader - Could not detect default resource locations for test class [com.email.EmailServiceApplicationTests]: no resource found for suffixes {-context.xml, Context.groovy}.
17:46:48.171 [main] INFO org.springframework.test.context.support.AnnotationConfigContextLoaderUtils - Could not detect default configuration classes for test class [com.email.EmailServiceApplicationTests]: EmailServiceApplicationTests does not declare any static, non-private, non-final, nested classes annotated with @Configuration.
17:46:48.283 [main] DEBUG org.springframework.test.context.support.ActiveProfilesUtils - Could not find an 'annotation declaring class' for annotation type [org.springframework.test.context.ActiveProfiles] and class [com.email.EmailServiceApplicationTests]
17:46:48.410 [main] DEBUG org.springframework.context.annotation.ClassPathScanningCandidateComponentProvider - Identified candidate component class: file [/var/jenkins_home/workspace/flight-system/email-service/target/classes/com/email/EmailServiceApplication.class]
17:46:48.412 [main] INFO org.springframework.boot.test.context.SpringBootTestContextBootstrapper - Found @SpringBootConfiguration com.email.EmailServiceApplication for test class com.email.EmailServiceApplicationTests
17:46:48.644 [main] DEBUG org.springframework.boot.test.context.SpringBootTestContextBootstrapper - @TestExecutionListeners is not present for class [com.email.EmailServiceApplicationTests]: using defaults.
17:46:48.645 [main] INFO org.springframework.boot.test.context.SpringBootTestContextBootstrapper - Loaded default TestExecutionListener class names from location [META-INF/spring.factories]: [org.springframework.boot.test.mock.mockito.MockitoTestExecutionListener, org.springframework.boot.test.mock.mockito.ResetMocksTestExecutionListener, org.springframework.boot.test.autoconfigure.restdocs.RestDocsTestExecutionListener, org.springframework.boot.test.autoconfigure.web.client.MockRestServiceServerResetTestExecutionListener, org.springframework.boot.test.autoconfigure.web.servlet.MockMvcPrintOnlyOnFailureTestExecutionListener, org.springframework.boot.test.autoconfigure.web.servlet.WebDriverTestExecutionListener, org.springframework.boot.test.autoconfigure.webservices.client.MockWebServiceServerTestExecutionListener, org.springframework.test.context.web.ServletTestExecutionListener, org.springframework.test.context.support.DirtiesContextBeforeModesTestExecutionListener, org.springframework.test.context.event.ApplicationEventsTestExecutionListener, org.springframework.test.context.support.DependencyInjectionTestExecutionListener, org.springframework.test.context.support.DirtiesContextTestExecutionListener, org.springframework.test.context.transaction.TransactionalTestExecutionListener, org.springframework.test.context.jdbc.SqlScriptsTestExecutionListener, org.springframework.test.context.event.EventPublishingTestExecutionListener]
17:46:48.666 [main] DEBUG org.springframework.boot.test.context.SpringBootTestContextBootstrapper - Skipping candidate TestExecutionListener [org.springframework.test.context.web.ServletTestExecutionListener] due to a missing dependency. Specify custom listener classes or make the default listener classes and their required dependencies available. Offending class: [javax/servlet/ServletContext]
17:46:48.683 [main] INFO org.springframework.boot.test.context.SpringBootTestContextBootstrapper - Using TestExecutionListeners: [org.springframework.test.context.support.DirtiesContextBeforeModesTestExecutionListener@3eeb318f, org.springframework.test.context.event.ApplicationEventsTestExecutionListener@20a14b55, org.springframework.boot.test.mock.mockito.MockitoTestExecutionListener@39ad977d, org.springframework.boot.test.autoconfigure.SpringBootDependencyInjectionTestExecutionListener@6da00fb9, org.springframework.test.context.support.DirtiesContextTestExecutionListener@a202ccb, org.springframework.test.context.transaction.TransactionalTestExecutionListener@20f12539, org.springframework.test.context.jdbc.SqlScriptsTestExecutionListener@75b25825, org.springframework.test.context.event.EventPublishingTestExecutionListener@18025ced, org.springframework.boot.test.mock.mockito.ResetMocksTestExecutionListener@13cf7d52, org.springframework.boot.test.autoconfigure.restdocs.RestDocsTestExecutionListener@3a3e4aff, org.springframework.boot.test.autoconfigure.web.client.MockRestServiceServerResetTestExecutionListener@5d2a4eed, org.springframework.boot.test.autoconfigure.web.servlet.MockMvcPrintOnlyOnFailureTestExecutionListener@57459491, org.springframework.boot.test.autoconfigure.web.servlet.WebDriverTestExecutionListener@3f0846c6, org.springframework.boot.test.autoconfigure.webservices.client.MockWebServiceServerTestExecutionListener@77a98a6a]
17:46:48.692 [main] DEBUG org.springframework.test.context.support.AbstractDirtiesContextTestExecutionListener - Before test class: context [DefaultTestContext@665df3c6 testClass = EmailServiceApplicationTests, testInstance = [null], testMethod = [null], testException = [null], mergedContextConfiguration = [MergedContextConfiguration@68b6f0d6 testClass = EmailServiceApplicationTests, locations = '{}', classes = '{class com.email.EmailServiceApplication}', contextInitializerClasses = '[]', activeProfiles = '{}', propertySourceLocations = '{}', propertySourceProperties = '{org.springframework.boot.test.context.SpringBootTestContextBootstrapper=true}', contextCustomizers = set[org.springframework.boot.test.context.filter.ExcludeFilterContextCustomizer@79c97cb, org.springframework.boot.test.json.DuplicateJsonObjectContextCustomizerFactory$DuplicateJsonObjectContextCustomizer@6f6745d6, org.springframework.boot.test.mock.mockito.MockitoContextCustomizer@0, org.springframework.boot.test.web.client.TestRestTemplateContextCustomizer@16aa8654, org.springframework.boot.test.autoconfigure.actuate.metrics.MetricsExportContextCustomizerFactory$DisableMetricExportContextCustomizer@14fa86ae, org.springframework.boot.test.autoconfigure.properties.PropertyMappingContextCustomizer@0, org.springframework.boot.test.autoconfigure.web.servlet.WebDriverContextCustomizerFactory$Customizer@55cf0d14, org.springframework.boot.test.context.SpringBootTestArgs@1, org.springframework.boot.test.context.SpringBootTestWebEnvironment@1139b2f3], contextLoader = 'org.springframework.boot.test.context.SpringBootContextLoader', parent = [null]], attributes = map[[empty]]], class annotated with @DirtiesContext [false] with mode [null].
17:46:48.723 [main] DEBUG org.springframework.test.context.support.DependencyInjectionTestExecutionListener - Performing dependency injection for test context [[DefaultTestContext@665df3c6 testClass = EmailServiceApplicationTests, testInstance = com.email.EmailServiceApplicationTests@2fc0cc3, testMethod = [null], testException = [null], mergedContextConfiguration = [MergedContextConfiguration@68b6f0d6 testClass = EmailServiceApplicationTests, locations = '{}', classes = '{class com.email.EmailServiceApplication}', contextInitializerClasses = '[]', activeProfiles = '{}', propertySourceLocations = '{}', propertySourceProperties = '{org.springframework.boot.test.context.SpringBootTestContextBootstrapper=true}', contextCustomizers = set[org.springframework.boot.test.context.filter.ExcludeFilterContextCustomizer@79c97cb, org.springframework.boot.test.json.DuplicateJsonObjectContextCustomizerFactory$DuplicateJsonObjectContextCustomizer@6f6745d6, org.springframework.boot.test.mock.mockito.MockitoContextCustomizer@0, org.springframework.boot.test.web.client.TestRestTemplateContextCustomizer@16aa8654, org.springframework.boot.test.autoconfigure.actuate.metrics.MetricsExportContextCustomizerFactory$DisableMetricExportContextCustomizer@14fa86ae, org.springframework.boot.test.autoconfigure.properties.PropertyMappingContextCustomizer@0, org.springframework.boot.test.autoconfigure.web.servlet.WebDriverContextCustomizerFactory$Customizer@55cf0d14, org.springframework.boot.test.context.SpringBootTestArgs@1, org.springframework.boot.test.context.SpringBootTestWebEnvironment@1139b2f3], contextLoader = 'org.springframework.boot.test.context.SpringBootContextLoader', parent = [null]], attributes = map['org.springframework.test.context.event.ApplicationEventsTestExecutionListener.recordApplicationEvents' -> false]]].

  .   ____          _            __ _ _
 /\\ / ___'_ __ _ _(_)_ __  __ _ \ \ \ \
( ( )\___ | '_ | '_| | '_ \/ _` | \ \ \ \
 \\/  ___)| |_)| | | | | || (_| |  ) ) ) )
  '  |____| .__|_| |_|_| |_\__, | / / / /
 =========|_|==============|___/=/_/_/_/
 :: Spring Boot ::                (v2.7.8)

2023-03-04 17:46:49.564  INFO [email-service,,] 1811 --- [           main] com.email.EmailServiceApplicationTests   : Starting EmailServiceApplicationTests using Java 17.0.6 on 21aa1ced3b78 with PID 1811 (started by root in /var/jenkins_home/workspace/flight-system/email-service)
2023-03-04 17:46:49.569  INFO [email-service,,] 1811 --- [           main] com.email.EmailServiceApplicationTests   : No active profile set, falling back to 1 default profile: "default"
2023-03-04 17:46:52.184  INFO [email-service,,] 1811 --- [           main] trationDelegate$BeanPostProcessorChecker : Bean 'io.opentracing.contrib.spring.cloud.async.DefaultAsyncAutoConfiguration' of type [io.opentracing.contrib.spring.cloud.async.DefaultAsyncAutoConfiguration$$EnhancerBySpringCGLIB$$27bbd391] is not eligible for getting processed by all BeanPostProcessors (for example: not eligible for auto-proxying)
2023-03-04 17:46:52.554  INFO [email-service,,] 1811 --- [           main] trationDelegate$BeanPostProcessorChecker : Bean 'io.opentracing.contrib.spring.cloud.kafka.KafkaAutoConfiguration' of type [io.opentracing.contrib.spring.cloud.kafka.KafkaAutoConfiguration$$EnhancerBySpringCGLIB$$9d611c0e] is not eligible for getting processed by all BeanPostProcessors (for example: not eligible for auto-proxying)
2023-03-04 17:46:52.572  INFO [email-service,,] 1811 --- [           main] trationDelegate$BeanPostProcessorChecker : Bean 'io.opentracing.contrib.java.spring.jaeger.starter.JaegerAutoConfiguration' of type [io.opentracing.contrib.java.spring.jaeger.starter.JaegerAutoConfiguration$$EnhancerBySpringCGLIB$$3882e180] is not eligible for getting processed by all BeanPostProcessors (for example: not eligible for auto-proxying)
2023-03-04 17:46:52.626  INFO [email-service,,] 1811 --- [           main] trationDelegate$BeanPostProcessorChecker : Bean 'opentracing.jaeger-io.opentracing.contrib.java.spring.jaeger.starter.JaegerConfigurationProperties' of type [io.opentracing.contrib.java.spring.jaeger.starter.JaegerConfigurationProperties] is not eligible for getting processed by all BeanPostProcessors (for example: not eligible for auto-proxying)
2023-03-04 17:46:52.645  INFO [email-service,,] 1811 --- [           main] trationDelegate$BeanPostProcessorChecker : Bean 'metricsFactory' of type [io.jaegertracing.internal.metrics.NoopMetricsFactory] is not eligible for getting processed by all BeanPostProcessors (for example: not eligible for auto-proxying)
2023-03-04 17:46:52.656  INFO [email-service,,] 1811 --- [           main] trationDelegate$BeanPostProcessorChecker : Bean 'metrics' of type [io.jaegertracing.internal.metrics.Metrics] is not eligible for getting processed by all BeanPostProcessors (for example: not eligible for auto-proxying)
2023-03-04 17:46:52.665  INFO [email-service,,] 1811 --- [           main] trationDelegate$BeanPostProcessorChecker : Bean 'sampler' of type [io.jaegertracing.internal.samplers.ConstSampler] is not eligible for getting processed by all BeanPostProcessors (for example: not eligible for auto-proxying)
2023-03-04 17:46:53.004  INFO [email-service,,] 1811 --- [           main] trationDelegate$BeanPostProcessorChecker : Bean 'reporter' of type [io.jaegertracing.internal.reporters.CompositeReporter] is not eligible for getting processed by all BeanPostProcessors (for example: not eligible for auto-proxying)
2023-03-04 17:46:53.055  INFO [email-service,,] 1811 --- [           main] trationDelegate$BeanPostProcessorChecker : Bean 'tracer' of type [io.jaegertracing.internal.JaegerTracer] is not eligible for getting processed by all BeanPostProcessors (for example: not eligible for auto-proxying)
2023-03-04 17:46:55.577  INFO [email-service,,] 1811 --- [           main] o.a.k.clients.consumer.ConsumerConfig    : ConsumerConfig values: 
	allow.auto.create.topics = true
	auto.commit.interval.ms = 5000
	auto.offset.reset = earliest
	bootstrap.servers = [localhost:9092]
	check.crcs = true
	client.dns.lookup = use_all_dns_ips
	client.id = consumer-email-group-1
	client.rack = 
	connections.max.idle.ms = 540000
	default.api.timeout.ms = 60000
	enable.auto.commit = false
	exclude.internal.topics = true
	fetch.max.bytes = 52428800
	fetch.max.wait.ms = 500
	fetch.min.bytes = 1
	group.id = email-group
	group.instance.id = null
	heartbeat.interval.ms = 3000
	interceptor.classes = []
	internal.leave.group.on.close = true
	internal.throw.on.fetch.stable.offset.unsupported = false
	isolation.level = read_uncommitted
	key.deserializer = class org.apache.kafka.common.serialization.StringDeserializer
	max.partition.fetch.bytes = 1048576
	max.poll.interval.ms = 300000
	max.poll.records = 500
	metadata.max.age.ms = 300000
	metric.reporters = []
	metrics.num.samples = 2
	metrics.recording.level = INFO
	metrics.sample.window.ms = 30000
	partition.assignment.strategy = [class org.apache.kafka.clients.consumer.RangeAssignor, class org.apache.kafka.clients.consumer.CooperativeStickyAssignor]
	receive.buffer.bytes = 65536
	reconnect.backoff.max.ms = 1000
	reconnect.backoff.ms = 50
	request.timeout.ms = 30000
	retry.backoff.ms = 100
	sasl.client.callback.handler.class = null
	sasl.jaas.config = null
	sasl.kerberos.kinit.cmd = /usr/bin/kinit
	sasl.kerberos.min.time.before.relogin = 60000
	sasl.kerberos.service.name = null
	sasl.kerberos.ticket.renew.jitter = 0.05
	sasl.kerberos.ticket.renew.window.factor = 0.8
	sasl.login.callback.handler.class = null
	sasl.login.class = null
	sasl.login.connect.timeout.ms = null
	sasl.login.read.timeout.ms = null
	sasl.login.refresh.buffer.seconds = 300
	sasl.login.refresh.min.period.seconds = 60
	sasl.login.refresh.window.factor = 0.8
	sasl.login.refresh.window.jitter = 0.05
	sasl.login.retry.backoff.max.ms = 10000
	sasl.login.retry.backoff.ms = 100
	sasl.mechanism = GSSAPI
	sasl.oauthbearer.clock.skew.seconds = 30
	sasl.oauthbearer.expected.audience = null
	sasl.oauthbearer.expected.issuer = null
	sasl.oauthbearer.jwks.endpoint.refresh.ms = 3600000
	sasl.oauthbearer.jwks.endpoint.retry.backoff.max.ms = 10000
	sasl.oauthbearer.jwks.endpoint.retry.backoff.ms = 100
	sasl.oauthbearer.jwks.endpoint.url = null
	sasl.oauthbearer.scope.claim.name = scope
	sasl.oauthbearer.sub.claim.name = sub
	sasl.oauthbearer.token.endpoint.url = null
	security.protocol = PLAINTEXT
	security.providers = null
	send.buffer.bytes = 131072
	session.timeout.ms = 45000
	socket.connection.setup.timeout.max.ms = 30000
	socket.connection.setup.timeout.ms = 10000
	ssl.cipher.suites = null
	ssl.enabled.protocols = [TLSv1.2, TLSv1.3]
	ssl.endpoint.identification.algorithm = https
	ssl.engine.factory.class = null
	ssl.key.password = null
	ssl.keymanager.algorithm = SunX509
	ssl.keystore.certificate.chain = null
	ssl.keystore.key = null
	ssl.keystore.location = null
	ssl.keystore.password = null
	ssl.keystore.type = JKS
	ssl.protocol = TLSv1.3
	ssl.provider = null
	ssl.secure.random.implementation = null
	ssl.trustmanager.algorithm = PKIX
	ssl.truststore.certificates = null
	ssl.truststore.location = null
	ssl.truststore.password = null
	ssl.truststore.type = JKS
	value.deserializer = class org.apache.kafka.common.serialization.StringDeserializer

2023-03-04 17:46:55.834  INFO [email-service,,] 1811 --- [           main] o.a.kafka.common.utils.AppInfoParser     : Kafka version: 3.1.2
2023-03-04 17:46:55.836  INFO [email-service,,] 1811 --- [           main] o.a.kafka.common.utils.AppInfoParser     : Kafka commitId: f8c67dc3ae0a3265
2023-03-04 17:46:55.836  INFO [email-service,,] 1811 --- [           main] o.a.kafka.common.utils.AppInfoParser     : Kafka startTimeMs: 1677952015830
2023-03-04 17:46:55.861  INFO [email-service,,] 1811 --- [           main] o.a.k.clients.consumer.KafkaConsumer     : [Consumer clientId=consumer-email-group-1, groupId=email-group] Subscribed to topic(s): flight.email.topic
2023-03-04 17:46:55.948  INFO [email-service,,] 1811 --- [           main] com.email.EmailServiceApplicationTests   : Started EmailServiceApplicationTests in 7.154 seconds (JVM running for 8.764)
2023-03-04 17:46:56.531  INFO [email-service,,] 1811 --- [ntainer#0-0-C-1] org.apache.kafka.clients.NetworkClient   : [Consumer clientId=consumer-email-group-1, groupId=email-group] Node -1 disconnected.
2023-03-04 17:46:56.534  WARN [email-service,,] 1811 --- [ntainer#0-0-C-1] org.apache.kafka.clients.NetworkClient   : [Consumer clientId=consumer-email-group-1, groupId=email-group] Connection to node -1 (localhost/127.0.0.1:9092) could not be established. Broker may not be available.
2023-03-04 17:46:56.534  WARN [email-service,,] 1811 --- [ntainer#0-0-C-1] org.apache.kafka.clients.NetworkClient   : [Consumer clientId=consumer-email-group-1, groupId=email-group] Bootstrap broker localhost:9092 (id: -1 rack: null) disconnected
2023-03-04 17:46:56.632  INFO [email-service,,] 1811 --- [ntainer#0-0-C-1] org.apache.kafka.clients.NetworkClient   : [Consumer clientId=consumer-email-group-1, groupId=email-group] Node -1 disconnected.
2023-03-04 17:46:56.632  WARN [email-service,,] 1811 --- [ntainer#0-0-C-1] org.apache.kafka.clients.NetworkClient   : [Consumer clientId=consumer-email-group-1, groupId=email-group] Connection to node -1 (localhost/127.0.0.1:9092) could not be established. Broker may not be available.
2023-03-04 17:46:56.632  WARN [email-service,,] 1811 --- [ntainer#0-0-C-1] org.apache.kafka.clients.NetworkClient   : [Consumer clientId=consumer-email-group-1, groupId=email-group] Bootstrap broker localhost:9092 (id: -1 rack: null) disconnected
2023-03-04 17:46:56.732  INFO [email-service,,] 1811 --- [ntainer#0-0-C-1] org.apache.kafka.clients.NetworkClient   : [Consumer clientId=consumer-email-group-1, groupId=email-group] Node -1 disconnected.
2023-03-04 17:46:56.733  WARN [email-service,,] 1811 --- [ntainer#0-0-C-1] org.apache.kafka.clients.NetworkClient   : [Consumer clientId=consumer-email-group-1, groupId=email-group] Connection to node -1 (localhost/127.0.0.1:9092) could not be established. Broker may not be available.
2023-03-04 17:46:56.733  WARN [email-service,,] 1811 --- [ntainer#0-0-C-1] org.apache.kafka.clients.NetworkClient   : [Consumer clientId=consumer-email-group-1, groupId=email-group] Bootstrap broker localhost:9092 (id: -1 rack: null) disconnected
2023-03-04 17:46:56.934  INFO [email-service,,] 1811 --- [ntainer#0-0-C-1] org.apache.kafka.clients.NetworkClient   : [Consumer clientId=consumer-email-group-1, groupId=email-group] Node -1 disconnected.
2023-03-04 17:46:56.934  WARN [email-service,,] 1811 --- [ntainer#0-0-C-1] org.apache.kafka.clients.NetworkClient   : [Consumer clientId=consumer-email-group-1, groupId=email-group] Connection to node -1 (localhost/127.0.0.1:9092) could not be established. Broker may not be available.
2023-03-04 17:46:56.934  WARN [email-service,,] 1811 --- [ntainer#0-0-C-1] org.apache.kafka.clients.NetworkClient   : [Consumer clientId=consumer-email-group-1, groupId=email-group] Bootstrap broker localhost:9092 (id: -1 rack: null) disconnected
[INFO] Tests run: 1, Failures: 0, Errors: 0, Skipped: 0, Time elapsed: 9.195 s - in com.email.EmailServiceApplicationTests
2023-03-04 17:46:57.130  INFO [email-service,,] 1811 --- [ntainer#0-0-C-1] o.a.k.c.c.internals.ConsumerCoordinator  : [Consumer clientId=consumer-email-group-1, groupId=email-group] Resetting generation due to: consumer pro-actively leaving the group
2023-03-04 17:46:57.130  INFO [email-service,,] 1811 --- [ntainer#0-0-C-1] o.a.k.c.c.internals.ConsumerCoordinator  : [Consumer clientId=consumer-email-group-1, groupId=email-group] Request joining group due to: consumer pro-actively leaving the group
2023-03-04 17:46:57.130  INFO [email-service,,] 1811 --- [ntainer#0-0-C-1] o.a.k.clients.consumer.KafkaConsumer     : [Consumer clientId=consumer-email-group-1, groupId=email-group] Unsubscribed all topics or patterns and assigned partitions
2023-03-04 17:46:57.130  INFO [email-service,,] 1811 --- [ntainer#0-0-C-1] o.a.k.c.c.internals.ConsumerCoordinator  : [Consumer clientId=consumer-email-group-1, groupId=email-group] Resetting generation due to: consumer pro-actively leaving the group
2023-03-04 17:46:57.130  INFO [email-service,,] 1811 --- [ntainer#0-0-C-1] o.a.k.c.c.internals.ConsumerCoordinator  : [Consumer clientId=consumer-email-group-1, groupId=email-group] Request joining group due to: consumer pro-actively leaving the group
2023-03-04 17:46:57.131  INFO [email-service,,] 1811 --- [ntainer#0-0-C-1] org.apache.kafka.common.metrics.Metrics  : Metrics scheduler closed
2023-03-04 17:46:57.131  INFO [email-service,,] 1811 --- [ntainer#0-0-C-1] org.apache.kafka.common.metrics.Metrics  : Closing reporter org.apache.kafka.common.metrics.JmxReporter
2023-03-04 17:46:57.132  INFO [email-service,,] 1811 --- [ntainer#0-0-C-1] org.apache.kafka.common.metrics.Metrics  : Metrics reporters closed
2023-03-04 17:46:57.134  INFO [email-service,,] 1811 --- [ntainer#0-0-C-1] o.a.kafka.common.utils.AppInfoParser     : App info kafka.consumer for consumer-email-group-1 unregistered
2023-03-04 17:46:57.135  INFO [email-service,,] 1811 --- [ntainer#0-0-C-1] o.s.k.l.KafkaMessageListenerContainer    : email-group: Consumer stopped
[INFO] 
[INFO] Results:
[INFO] 
[INFO] Tests run: 1, Failures: 0, Errors: 0, Skipped: 0
[INFO] 
[INFO] 
[INFO] --- jar:3.2.2:jar (default-jar) @ email-service ---
[INFO] 
[INFO] --- spring-boot:2.7.8:repackage (repackage) @ email-service ---
[INFO] Replacing main artifact with repackaged archive
[INFO] 
[INFO] --- install:2.5.2:install (default-install) @ email-service ---
[INFO] Installing /var/jenkins_home/workspace/flight-system/email-service/target/email-service-0.0.1-SNAPSHOT.jar to /root/.m2/repository/com/api/email-service/0.0.1-SNAPSHOT/email-service-0.0.1-SNAPSHOT.jar
[INFO] Installing /var/jenkins_home/workspace/flight-system/email-service/pom.xml to /root/.m2/repository/com/api/email-service/0.0.1-SNAPSHOT/email-service-0.0.1-SNAPSHOT.pom
[INFO] ------------------------------------------------------------------------
[INFO] BUILD SUCCESS
[INFO] ------------------------------------------------------------------------
[INFO] Total time:  12.416 s
[INFO] Finished at: 2023-03-04T17:46:58Z
[INFO] ------------------------------------------------------------------------
[flight-system] $ /bin/sh /tmp/jenkins14550413133535975118.sh
Finished: SUCCESS
