Started by user [8mha:////4G+DXSiVimt9tvdZJ/hgPSIeiaZzSm0HFyfEQPx1+55SAAAAlx+LCAAAAAAAAP9b85aBtbiIQTGjNKU4P08vOT+vOD8nVc83PyU1x6OyILUoJzMv2y+/JJUBAhiZGBgqihhk0NSjKDWzXb3RdlLBUSYGJk8GtpzUvPSSDB8G5tKinBIGIZ+sxLJE/ZzEvHT94JKizLx0a6BxUmjGOUNodHsLgAyOEgZu/dLi1CL9xJTczDwAg9OS0cAAAAA=[0mmsweelam
Running as SYSTEM
Building in workspace /var/jenkins_home/workspace/flight-system
The recommended git tool is: NONE
No credentials specified
 > git rev-parse --resolve-git-dir /var/jenkins_home/workspace/flight-system/.git # timeout=10
Fetching changes from the remote Git repository
 > git config remote.origin.url https://github.com/sweelam/flight-system # timeout=10
Fetching upstream changes from https://github.com/sweelam/flight-system
 > git --version # timeout=10
 > git --version # 'git version 2.30.2'
 > git fetch --tags --force --progress -- https://github.com/sweelam/flight-system +refs/heads/*:refs/remotes/origin/* # timeout=10
Seen branch in repository origin/main
Seen 1 remote branch
 > git show-ref --tags -d # timeout=10
Checking out Revision 07cb03060292a8fbc7e40169ed0e603f68dde67a (origin/main)
 > git config core.sparsecheckout # timeout=10
 > git checkout -f 07cb03060292a8fbc7e40169ed0e603f68dde67a # timeout=10
Commit message: "Code refactor & Introduce Actuator"
 > git rev-list --no-walk 2a8c201c0ebba5ae71ce4e8d3a7f8ccb9069db06 # timeout=10
[flight-system] $ /var/jenkins_home/tools/hudson.tasks.Maven_MavenInstallation/mvn-3.9.0/bin/mvn -f customer-service/pom.xml install
[INFO] Scanning for projects...
[INFO] 
[INFO] -------------------< com.customers:customer-service >-------------------
[INFO] Building customer-service 0.0.1-SNAPSHOT
[INFO]   from pom.xml
[INFO] --------------------------------[ jar ]---------------------------------
Downloading from central: https://repo.maven.apache.org/maven2/io/micrometer/micrometer-registry-prometheus/1.9.7/micrometer-registry-prometheus-1.9.7.pom
Progress (1): 1.4/3.5 kBProgress (1): 2.7/3.5 kBProgress (1): 3.5 kB                        Downloaded from central: https://repo.maven.apache.org/maven2/io/micrometer/micrometer-registry-prometheus/1.9.7/micrometer-registry-prometheus-1.9.7.pom (3.5 kB at 9.7 kB/s)
Downloading from central: https://repo.maven.apache.org/maven2/io/prometheus/simpleclient_common/0.15.0/simpleclient_common-0.15.0.pom
Progress (1): 1.4/1.6 kBProgress (1): 1.6 kB                        Downloaded from central: https://repo.maven.apache.org/maven2/io/prometheus/simpleclient_common/0.15.0/simpleclient_common-0.15.0.pom (1.6 kB at 59 kB/s)
Downloading from central: https://repo.maven.apache.org/maven2/io/prometheus/simpleclient/0.15.0/simpleclient-0.15.0.pom
Progress (1): 1.4/2.2 kBProgress (1): 2.2 kB                        Downloaded from central: https://repo.maven.apache.org/maven2/io/prometheus/simpleclient/0.15.0/simpleclient-0.15.0.pom (2.2 kB at 78 kB/s)
Downloading from central: https://repo.maven.apache.org/maven2/io/prometheus/simpleclient_tracer_otel/0.15.0/simpleclient_tracer_otel-0.15.0.pom
Progress (1): 1.4/1.5 kBProgress (1): 1.5 kB                        Downloaded from central: https://repo.maven.apache.org/maven2/io/prometheus/simpleclient_tracer_otel/0.15.0/simpleclient_tracer_otel-0.15.0.pom (1.5 kB at 53 kB/s)
Downloading from central: https://repo.maven.apache.org/maven2/io/prometheus/simpleclient_tracer/0.15.0/simpleclient_tracer-0.15.0.pom
Progress (1): 1.2 kB                    Downloaded from central: https://repo.maven.apache.org/maven2/io/prometheus/simpleclient_tracer/0.15.0/simpleclient_tracer-0.15.0.pom (1.2 kB at 53 kB/s)
Downloading from central: https://repo.maven.apache.org/maven2/io/prometheus/simpleclient_tracer_common/0.15.0/simpleclient_tracer_common-0.15.0.pom
Progress (1): 839 B                   Downloaded from central: https://repo.maven.apache.org/maven2/io/prometheus/simpleclient_tracer_common/0.15.0/simpleclient_tracer_common-0.15.0.pom (839 B at 38 kB/s)
Downloading from central: https://repo.maven.apache.org/maven2/io/prometheus/simpleclient_tracer_otel_agent/0.15.0/simpleclient_tracer_otel_agent-0.15.0.pom
Progress (1): 1.4/2.3 kBProgress (1): 2.3 kB                        Downloaded from central: https://repo.maven.apache.org/maven2/io/prometheus/simpleclient_tracer_otel_agent/0.15.0/simpleclient_tracer_otel_agent-0.15.0.pom (2.3 kB at 102 kB/s)
Downloading from central: https://repo.maven.apache.org/maven2/io/micrometer/micrometer-registry-prometheus/1.9.7/micrometer-registry-prometheus-1.9.7.jar
Downloading from central: https://repo.maven.apache.org/maven2/io/prometheus/simpleclient/0.15.0/simpleclient-0.15.0.jar
Downloading from central: https://repo.maven.apache.org/maven2/io/prometheus/simpleclient_common/0.15.0/simpleclient_common-0.15.0.jar
Downloading from central: https://repo.maven.apache.org/maven2/io/prometheus/simpleclient_tracer_common/0.15.0/simpleclient_tracer_common-0.15.0.jar
Downloading from central: https://repo.maven.apache.org/maven2/io/prometheus/simpleclient_tracer_otel/0.15.0/simpleclient_tracer_otel-0.15.0.jar
Progress (1): 1.4/41 kBProgress (1): 2.7/41 kBProgress (1): 4.1/41 kBProgress (1): 5.5/41 kBProgress (1): 6.9/41 kBProgress (1): 8.2/41 kBProgress (1): 9.6/41 kBProgress (1): 11/41 kB Progress (1): 12/41 kBProgress (1): 14/41 kBProgress (1): 15/41 kBProgress (1): 16/41 kBProgress (1): 18/41 kBProgress (1): 19/41 kBProgress (1): 21/41 kBProgress (1): 22/41 kBProgress (1): 23/41 kBProgress (1): 25/41 kBProgress (1): 26/41 kBProgress (1): 27/41 kBProgress (1): 29/41 kBProgress (1): 30/41 kBProgress (1): 32/41 kBProgress (1): 33/41 kBProgress (1): 34/41 kBProgress (1): 36/41 kBProgress (1): 37/41 kBProgress (1): 38/41 kBProgress (1): 40/41 kBProgress (1): 41 kB                      Downloaded from central: https://repo.maven.apache.org/maven2/io/micrometer/micrometer-registry-prometheus/1.9.7/micrometer-registry-prometheus-1.9.7.jar (41 kB at 819 kB/s)
Downloading from central: https://repo.maven.apache.org/maven2/io/prometheus/simpleclient_tracer_otel_agent/0.15.0/simpleclient_tracer_otel_agent-0.15.0.jar
Progress (1): 1.4/4.5 kBProgress (1): 2.7/4.5 kBProgress (1): 4.1/4.5 kBProgress (1): 4.5 kB                        Downloaded from central: https://repo.maven.apache.org/maven2/io/prometheus/simpleclient_tracer_otel_agent/0.15.0/simpleclient_tracer_otel_agent-0.15.0.jar (4.5 kB at 68 kB/s)
Progress (1): 1.4/8.0 kBProgress (2): 1.4/8.0 kB | 1.4/89 kBProgress (2): 2.7/8.0 kB | 1.4/89 kBProgress (2): 4.1/8.0 kB | 1.4/89 kBProgress (2): 4.1/8.0 kB | 2.7/89 kBProgress (2): 4.1/8.0 kB | 4.1/89 kBProgress (2): 4.1/8.0 kB | 5.5/89 kBProgress (2): 4.1/8.0 kB | 6.9/89 kBProgress (2): 4.1/8.0 kB | 8.2/89 kBProgress (2): 5.5/8.0 kB | 8.2/89 kBProgress (2): 6.9/8.0 kB | 8.2/89 kBProgress (2): 6.9/8.0 kB | 9.6/89 kBProgress (2): 6.9/8.0 kB | 11/89 kB Progress (2): 6.9/8.0 kB | 12/89 kBProgress (2): 6.9/8.0 kB | 14/89 kBProgress (2): 6.9/8.0 kB | 15/89 kBProgress (2): 6.9/8.0 kB | 16/89 kBProgress (2): 6.9/8.0 kB | 18/89 kBProgress (2): 6.9/8.0 kB | 19/89 kBProgress (2): 6.9/8.0 kB | 21/89 kBProgress (2): 6.9/8.0 kB | 22/89 kBProgress (2): 6.9/8.0 kB | 23/89 kBProgress (2): 6.9/8.0 kB | 25/89 kBProgress (2): 8.0 kB | 25/89 kB                                   Downloaded from central: https://repo.maven.apache.org/maven2/io/prometheus/simpleclient_common/0.15.0/simpleclient_common-0.15.0.jar (8.0 kB at 91 kB/s)
Progress (1): 26/89 kBProgress (1): 27/89 kBProgress (1): 29/89 kBProgress (1): 30/89 kBProgress (1): 32/89 kBProgress (1): 33/89 kBProgress (1): 34/89 kBProgress (1): 36/89 kBProgress (1): 37/89 kBProgress (1): 38/89 kBProgress (2): 38/89 kB | 1.4/3.4 kBProgress (3): 38/89 kB | 1.4/3.4 kB | 1.4/4.3 kBProgress (3): 38/89 kB | 2.7/3.4 kB | 1.4/4.3 kBProgress (3): 38/89 kB | 2.7/3.4 kB | 2.7/4.3 kBProgress (3): 40/89 kB | 2.7/3.4 kB | 2.7/4.3 kBProgress (3): 40/89 kB | 3.4 kB | 2.7/4.3 kB                                                Downloaded from central: https://repo.maven.apache.org/maven2/io/prometheus/simpleclient_tracer_common/0.15.0/simpleclient_tracer_common-0.15.0.jar (3.4 kB at 40 kB/s)
Progress (2): 40/89 kB | 4.1/4.3 kBProgress (2): 40/89 kB | 4.3 kB                                   Downloaded from central: https://repo.maven.apache.org/maven2/io/prometheus/simpleclient_tracer_otel/0.15.0/simpleclient_tracer_otel-0.15.0.jar (4.3 kB at 47 kB/s)
Progress (1): 41/89 kBProgress (1): 43/89 kBProgress (1): 44/89 kBProgress (1): 45/89 kBProgress (1): 47/89 kBProgress (1): 48/89 kBProgress (1): 49/89 kBProgress (1): 51/89 kBProgress (1): 52/89 kBProgress (1): 53/89 kBProgress (1): 55/89 kBProgress (1): 56/89 kBProgress (1): 58/89 kBProgress (1): 59/89 kBProgress (1): 60/89 kBProgress (1): 62/89 kBProgress (1): 63/89 kBProgress (1): 64/89 kBProgress (1): 81/89 kBProgress (1): 89 kB                      Downloaded from central: https://repo.maven.apache.org/maven2/io/prometheus/simpleclient/0.15.0/simpleclient-0.15.0.jar (89 kB at 825 kB/s)
[INFO] 
[INFO] --- resources:3.2.0:resources (default-resources) @ customer-service ---
[INFO] Using 'UTF-8' encoding to copy filtered resources.
[INFO] Using 'UTF-8' encoding to copy filtered properties files.
[INFO] Copying 1 resource
[INFO] Copying 0 resource
[INFO] 
[INFO] --- compiler:3.10.1:compile (default-compile) @ customer-service ---
[INFO] Changes detected - recompiling the module!
[INFO] Compiling 5 source files to /var/jenkins_home/workspace/flight-system/customer-service/target/classes
[INFO] 
[INFO] --- resources:3.2.0:testResources (default-testResources) @ customer-service ---
[INFO] Using 'UTF-8' encoding to copy filtered resources.
[INFO] Using 'UTF-8' encoding to copy filtered properties files.
[INFO] Copying 1 resource
[INFO] 
[INFO] --- compiler:3.10.1:testCompile (default-testCompile) @ customer-service ---
[INFO] Changes detected - recompiling the module!
[INFO] Compiling 3 source files to /var/jenkins_home/workspace/flight-system/customer-service/target/test-classes
[INFO] 
[INFO] --- surefire:2.22.2:test (default-test) @ customer-service ---
[INFO] 
[INFO] -------------------------------------------------------
[INFO]  T E S T S
[INFO] -------------------------------------------------------
[INFO] Running com.customers.CustomerServiceApplicationTests
04:59:10.251 [main] DEBUG org.springframework.test.context.BootstrapUtils - Instantiating CacheAwareContextLoaderDelegate from class [org.springframework.test.context.cache.DefaultCacheAwareContextLoaderDelegate]
04:59:10.272 [main] DEBUG org.springframework.test.context.BootstrapUtils - Instantiating BootstrapContext using constructor [public org.springframework.test.context.support.DefaultBootstrapContext(java.lang.Class,org.springframework.test.context.CacheAwareContextLoaderDelegate)]
04:59:10.373 [main] DEBUG org.springframework.test.context.BootstrapUtils - Instantiating TestContextBootstrapper for test class [com.customers.CustomerServiceApplicationTests] from class [org.springframework.boot.test.context.SpringBootTestContextBootstrapper]
04:59:10.400 [main] INFO org.springframework.boot.test.context.SpringBootTestContextBootstrapper - Neither @ContextConfiguration nor @ContextHierarchy found for test class [com.customers.CustomerServiceApplicationTests], using SpringBootContextLoader
04:59:10.409 [main] DEBUG org.springframework.test.context.support.AbstractContextLoader - Did not detect default resource location for test class [com.customers.CustomerServiceApplicationTests]: class path resource [com/customers/CustomerServiceApplicationTests-context.xml] does not exist
04:59:10.411 [main] DEBUG org.springframework.test.context.support.AbstractContextLoader - Did not detect default resource location for test class [com.customers.CustomerServiceApplicationTests]: class path resource [com/customers/CustomerServiceApplicationTestsContext.groovy] does not exist
04:59:10.411 [main] INFO org.springframework.test.context.support.AbstractContextLoader - Could not detect default resource locations for test class [com.customers.CustomerServiceApplicationTests]: no resource found for suffixes {-context.xml, Context.groovy}.
04:59:10.412 [main] INFO org.springframework.test.context.support.AnnotationConfigContextLoaderUtils - Could not detect default configuration classes for test class [com.customers.CustomerServiceApplicationTests]: CustomerServiceApplicationTests does not declare any static, non-private, non-final, nested classes annotated with @Configuration.
04:59:10.763 [main] DEBUG org.springframework.test.context.support.ActiveProfilesUtils - Could not find an 'annotation declaring class' for annotation type [org.springframework.test.context.ActiveProfiles] and class [com.customers.CustomerServiceApplicationTests]
04:59:10.935 [main] DEBUG org.springframework.context.annotation.ClassPathScanningCandidateComponentProvider - Identified candidate component class: file [/var/jenkins_home/workspace/flight-system/customer-service/target/classes/com/customers/CustomerServiceApplication.class]
04:59:10.939 [main] INFO org.springframework.boot.test.context.SpringBootTestContextBootstrapper - Found @SpringBootConfiguration com.customers.CustomerServiceApplication for test class com.customers.CustomerServiceApplicationTests
04:59:11.244 [main] DEBUG org.springframework.boot.test.context.SpringBootTestContextBootstrapper - @TestExecutionListeners is not present for class [com.customers.CustomerServiceApplicationTests]: using defaults.
04:59:11.245 [main] INFO org.springframework.boot.test.context.SpringBootTestContextBootstrapper - Loaded default TestExecutionListener class names from location [META-INF/spring.factories]: [org.springframework.boot.test.mock.mockito.MockitoTestExecutionListener, org.springframework.boot.test.mock.mockito.ResetMocksTestExecutionListener, org.springframework.boot.test.autoconfigure.restdocs.RestDocsTestExecutionListener, org.springframework.boot.test.autoconfigure.web.client.MockRestServiceServerResetTestExecutionListener, org.springframework.boot.test.autoconfigure.web.servlet.MockMvcPrintOnlyOnFailureTestExecutionListener, org.springframework.boot.test.autoconfigure.web.servlet.WebDriverTestExecutionListener, org.springframework.boot.test.autoconfigure.webservices.client.MockWebServiceServerTestExecutionListener, org.springframework.test.context.web.ServletTestExecutionListener, org.springframework.test.context.support.DirtiesContextBeforeModesTestExecutionListener, org.springframework.test.context.event.ApplicationEventsTestExecutionListener, org.springframework.test.context.support.DependencyInjectionTestExecutionListener, org.springframework.test.context.support.DirtiesContextTestExecutionListener, org.springframework.test.context.transaction.TransactionalTestExecutionListener, org.springframework.test.context.jdbc.SqlScriptsTestExecutionListener, org.springframework.test.context.event.EventPublishingTestExecutionListener]
04:59:11.306 [main] INFO org.springframework.boot.test.context.SpringBootTestContextBootstrapper - Using TestExecutionListeners: [org.springframework.test.context.web.ServletTestExecutionListener@1cbf6e72, org.springframework.test.context.support.DirtiesContextBeforeModesTestExecutionListener@6aecbb8d, org.springframework.test.context.event.ApplicationEventsTestExecutionListener@1af146, org.springframework.boot.test.mock.mockito.MockitoTestExecutionListener@4da602fc, org.springframework.boot.test.autoconfigure.SpringBootDependencyInjectionTestExecutionListener@2a8d39c4, org.springframework.test.context.support.DirtiesContextTestExecutionListener@25b2cfcb, org.springframework.test.context.transaction.TransactionalTestExecutionListener@72758afa, org.springframework.test.context.jdbc.SqlScriptsTestExecutionListener@fb9c7aa, org.springframework.test.context.event.EventPublishingTestExecutionListener@4c398c80, org.springframework.boot.test.mock.mockito.ResetMocksTestExecutionListener@7fc6de5b, org.springframework.boot.test.autoconfigure.restdocs.RestDocsTestExecutionListener@21baa903, org.springframework.boot.test.autoconfigure.web.client.MockRestServiceServerResetTestExecutionListener@607fbe09, org.springframework.boot.test.autoconfigure.web.servlet.MockMvcPrintOnlyOnFailureTestExecutionListener@60a2630a, org.springframework.boot.test.autoconfigure.web.servlet.WebDriverTestExecutionListener@29df4d43, org.springframework.boot.test.autoconfigure.webservices.client.MockWebServiceServerTestExecutionListener@5dd91bca]
04:59:11.313 [main] DEBUG org.springframework.test.context.support.AbstractDirtiesContextTestExecutionListener - Before test class: context [DefaultTestContext@62f4ff3b testClass = CustomerServiceApplicationTests, testInstance = [null], testMethod = [null], testException = [null], mergedContextConfiguration = [WebMergedContextConfiguration@1698fc68 testClass = CustomerServiceApplicationTests, locations = '{}', classes = '{class com.customers.CustomerServiceApplication}', contextInitializerClasses = '[]', activeProfiles = '{}', propertySourceLocations = '{}', propertySourceProperties = '{org.springframework.boot.test.context.SpringBootTestContextBootstrapper=true}', contextCustomizers = set[org.springframework.boot.test.context.filter.ExcludeFilterContextCustomizer@6cdba6dc, org.springframework.boot.test.json.DuplicateJsonObjectContextCustomizerFactory$DuplicateJsonObjectContextCustomizer@78aa1f72, org.springframework.boot.test.mock.mockito.MockitoContextCustomizer@0, org.springframework.boot.test.web.client.TestRestTemplateContextCustomizer@2474f125, org.springframework.boot.test.autoconfigure.actuate.metrics.MetricsExportContextCustomizerFactory$DisableMetricExportContextCustomizer@39d9314d, org.springframework.boot.test.autoconfigure.properties.PropertyMappingContextCustomizer@0, org.springframework.boot.test.autoconfigure.web.servlet.WebDriverContextCustomizerFactory$Customizer@3370f42, org.springframework.boot.test.context.SpringBootTestArgs@1, org.springframework.boot.test.context.SpringBootTestWebEnvironment@4ac3c60d], resourceBasePath = 'src/main/webapp', contextLoader = 'org.springframework.boot.test.context.SpringBootContextLoader', parent = [null]], attributes = map['org.springframework.test.context.web.ServletTestExecutionListener.activateListener' -> true]], class annotated with @DirtiesContext [false] with mode [null].

  .   ____          _            __ _ _
 /\\ / ___'_ __ _ _(_)_ __  __ _ \ \ \ \
( ( )\___ | '_ | '_| | '_ \/ _` | \ \ \ \
 \\/  ___)| |_)| | | | | || (_| |  ) ) ) )
  '  |____| .__|_| |_|_| |_\__, | / / / /
 =========|_|==============|___/=/_/_/_/
 :: Spring Boot ::                (v2.7.8)

2023-03-03 04:59:12.227  INFO 217 --- [           main] c.c.CustomerServiceApplicationTests      : Starting CustomerServiceApplicationTests using Java 17.0.6 on da76948a1192 with PID 217 (started by root in /var/jenkins_home/workspace/flight-system/customer-service)
2023-03-03 04:59:12.229  INFO 217 --- [           main] c.c.CustomerServiceApplicationTests      : No active profile set, falling back to 1 default profile: "default"
2023-03-03 04:59:14.537  INFO 217 --- [           main] trationDelegate$BeanPostProcessorChecker : Bean 'io.opentracing.contrib.spring.cloud.async.DefaultAsyncAutoConfiguration' of type [io.opentracing.contrib.spring.cloud.async.DefaultAsyncAutoConfiguration$$EnhancerBySpringCGLIB$$bc3f3cac] is not eligible for getting processed by all BeanPostProcessors (for example: not eligible for auto-proxying)
2023-03-03 04:59:14.904  INFO 217 --- [           main] trationDelegate$BeanPostProcessorChecker : Bean 'io.opentracing.contrib.spring.cloud.kafka.KafkaAutoConfiguration' of type [io.opentracing.contrib.spring.cloud.kafka.KafkaAutoConfiguration$$EnhancerBySpringCGLIB$$31e48529] is not eligible for getting processed by all BeanPostProcessors (for example: not eligible for auto-proxying)
2023-03-03 04:59:14.920  INFO 217 --- [           main] trationDelegate$BeanPostProcessorChecker : Bean 'io.opentracing.contrib.java.spring.jaeger.starter.JaegerAutoConfiguration' of type [io.opentracing.contrib.java.spring.jaeger.starter.JaegerAutoConfiguration$$EnhancerBySpringCGLIB$$cd064a9b] is not eligible for getting processed by all BeanPostProcessors (for example: not eligible for auto-proxying)
2023-03-03 04:59:14.962  INFO 217 --- [           main] trationDelegate$BeanPostProcessorChecker : Bean 'opentracing.jaeger-io.opentracing.contrib.java.spring.jaeger.starter.JaegerConfigurationProperties' of type [io.opentracing.contrib.java.spring.jaeger.starter.JaegerConfigurationProperties] is not eligible for getting processed by all BeanPostProcessors (for example: not eligible for auto-proxying)
2023-03-03 04:59:14.978  INFO 217 --- [           main] trationDelegate$BeanPostProcessorChecker : Bean 'metricsFactory' of type [io.jaegertracing.internal.metrics.NoopMetricsFactory] is not eligible for getting processed by all BeanPostProcessors (for example: not eligible for auto-proxying)
2023-03-03 04:59:14.988  INFO 217 --- [           main] trationDelegate$BeanPostProcessorChecker : Bean 'metrics' of type [io.jaegertracing.internal.metrics.Metrics] is not eligible for getting processed by all BeanPostProcessors (for example: not eligible for auto-proxying)
2023-03-03 04:59:14.998  INFO 217 --- [           main] trationDelegate$BeanPostProcessorChecker : Bean 'sampler' of type [io.jaegertracing.internal.samplers.ConstSampler] is not eligible for getting processed by all BeanPostProcessors (for example: not eligible for auto-proxying)
2023-03-03 04:59:15.303  INFO 217 --- [           main] trationDelegate$BeanPostProcessorChecker : Bean 'reporter' of type [io.jaegertracing.internal.reporters.CompositeReporter] is not eligible for getting processed by all BeanPostProcessors (for example: not eligible for auto-proxying)
2023-03-03 04:59:15.350  INFO 217 --- [           main] trationDelegate$BeanPostProcessorChecker : Bean 'tracer' of type [io.jaegertracing.internal.JaegerTracer] is not eligible for getting processed by all BeanPostProcessors (for example: not eligible for auto-proxying)
2023-03-03 04:59:16.824  INFO 217 --- [           main] o.c.s.w.s.ServerTracingAutoConfiguration : Creating WebMvcConfigurer bean with class io.opentracing.contrib.spring.web.interceptor.TracingHandlerInterceptor
2023-03-03 04:59:18.261  INFO 217 --- [           main] o.c.s.w.s.ServerTracingAutoConfiguration : Creating FilterRegistrationBean bean with TracingFilter mapped to [], skip pattern is "/api-docs.*|/swagger.*|.*\.png|.*\.css|.*\.js|.*\.html|/favicon.ico|/hystrix.stream|/actuator/(health|health/.*|info|info/.*|metrics|metrics/.*)"
2023-03-03 04:59:19.202  INFO 217 --- [           main] o.s.b.a.e.web.EndpointLinksResolver      : Exposing 3 endpoint(s) beneath base path '/actuator'
2023-03-03 04:59:19.321  INFO 217 --- [           main] c.c.CustomerServiceApplicationTests      : Started CustomerServiceApplicationTests in 7.84 seconds (JVM running for 10.042)
[INFO] Tests run: 1, Failures: 0, Errors: 0, Skipped: 0, Time elapsed: 10.171 s - in com.customers.CustomerServiceApplicationTests
[INFO] Running com.customers.api.CustomerControllerTest
2023-03-03 04:59:20.302  INFO 217 --- [           main] .b.t.c.SpringBootTestContextBootstrapper : Neither @ContextConfiguration nor @ContextHierarchy found for test class [com.customers.api.CustomerControllerTest], using SpringBootContextLoader
2023-03-03 04:59:20.304  INFO 217 --- [           main] o.s.t.c.support.AbstractContextLoader    : Could not detect default resource locations for test class [com.customers.api.CustomerControllerTest]: no resource found for suffixes {-context.xml, Context.groovy}.
2023-03-03 04:59:20.304  INFO 217 --- [           main] t.c.s.AnnotationConfigContextLoaderUtils : Could not detect default configuration classes for test class [com.customers.api.CustomerControllerTest]: CustomerControllerTest does not declare any static, non-private, non-final, nested classes annotated with @Configuration.
2023-03-03 04:59:20.322  INFO 217 --- [           main] .b.t.c.SpringBootTestContextBootstrapper : Found @SpringBootConfiguration com.customers.CustomerServiceApplication for test class com.customers.api.CustomerControllerTest
2023-03-03 04:59:20.324  INFO 217 --- [           main] .b.t.c.SpringBootTestContextBootstrapper : Loaded default TestExecutionListener class names from location [META-INF/spring.factories]: [org.springframework.boot.test.mock.mockito.MockitoTestExecutionListener, org.springframework.boot.test.mock.mockito.ResetMocksTestExecutionListener, org.springframework.boot.test.autoconfigure.restdocs.RestDocsTestExecutionListener, org.springframework.boot.test.autoconfigure.web.client.MockRestServiceServerResetTestExecutionListener, org.springframework.boot.test.autoconfigure.web.servlet.MockMvcPrintOnlyOnFailureTestExecutionListener, org.springframework.boot.test.autoconfigure.web.servlet.WebDriverTestExecutionListener, org.springframework.boot.test.autoconfigure.webservices.client.MockWebServiceServerTestExecutionListener, org.springframework.test.context.web.ServletTestExecutionListener, org.springframework.test.context.support.DirtiesContextBeforeModesTestExecutionListener, org.springframework.test.context.event.ApplicationEventsTestExecutionListener, org.springframework.test.context.support.DependencyInjectionTestExecutionListener, org.springframework.test.context.support.DirtiesContextTestExecutionListener, org.springframework.test.context.transaction.TransactionalTestExecutionListener, org.springframework.test.context.jdbc.SqlScriptsTestExecutionListener, org.springframework.test.context.event.EventPublishingTestExecutionListener]
2023-03-03 04:59:20.324  INFO 217 --- [           main] .b.t.c.SpringBootTestContextBootstrapper : Using TestExecutionListeners: [org.springframework.test.context.web.ServletTestExecutionListener@1f3aa970, org.springframework.test.context.support.DirtiesContextBeforeModesTestExecutionListener@5213b887, org.springframework.test.context.event.ApplicationEventsTestExecutionListener@40c6d1ef, org.springframework.boot.test.mock.mockito.MockitoTestExecutionListener@6f4029e9, org.springframework.boot.test.autoconfigure.SpringBootDependencyInjectionTestExecutionListener@257b6c58, org.springframework.test.context.support.DirtiesContextTestExecutionListener@6ae32ff0, org.springframework.test.context.transaction.TransactionalTestExecutionListener@1c5cd2ea, org.springframework.test.context.jdbc.SqlScriptsTestExecutionListener@72bdbfe9, org.springframework.test.context.event.EventPublishingTestExecutionListener@cda144a, org.springframework.boot.test.mock.mockito.ResetMocksTestExecutionListener@7fb5368e, org.springframework.boot.test.autoconfigure.restdocs.RestDocsTestExecutionListener@5847010, org.springframework.boot.test.autoconfigure.web.client.MockRestServiceServerResetTestExecutionListener@1ad9d5be, org.springframework.boot.test.autoconfigure.web.servlet.MockMvcPrintOnlyOnFailureTestExecutionListener@46fdfaeb, org.springframework.boot.test.autoconfigure.web.servlet.WebDriverTestExecutionListener@102aa5fc, org.springframework.boot.test.autoconfigure.webservices.client.MockWebServiceServerTestExecutionListener@36885319]

  .   ____          _            __ _ _
 /\\ / ___'_ __ _ _(_)_ __  __ _ \ \ \ \
( ( )\___ | '_ | '_| | '_ \/ _` | \ \ \ \
 \\/  ___)| |_)| | | | | || (_| |  ) ) ) )
  '  |____| .__|_| |_|_| |_\__, | / / / /
 =========|_|==============|___/=/_/_/_/
 :: Spring Boot ::                (v2.7.8)

2023-03-03 04:59:20.443  INFO 217 --- [           main] c.customers.api.CustomerControllerTest   : Starting CustomerControllerTest using Java 17.0.6 on da76948a1192 with PID 217 (started by root in /var/jenkins_home/workspace/flight-system/customer-service)
2023-03-03 04:59:20.444  INFO 217 --- [           main] c.customers.api.CustomerControllerTest   : The following 1 profile is active: "test"
2023-03-03 04:59:21.210  INFO 217 --- [           main] trationDelegate$BeanPostProcessorChecker : Bean 'io.opentracing.contrib.spring.cloud.async.DefaultAsyncAutoConfiguration' of type [io.opentracing.contrib.spring.cloud.async.DefaultAsyncAutoConfiguration$$EnhancerBySpringCGLIB$$bc3f3cac] is not eligible for getting processed by all BeanPostProcessors (for example: not eligible for auto-proxying)
2023-03-03 04:59:21.237  INFO 217 --- [           main] trationDelegate$BeanPostProcessorChecker : Bean 'io.opentracing.contrib.spring.cloud.kafka.KafkaAutoConfiguration' of type [io.opentracing.contrib.spring.cloud.kafka.KafkaAutoConfiguration$$EnhancerBySpringCGLIB$$31e48529] is not eligible for getting processed by all BeanPostProcessors (for example: not eligible for auto-proxying)
2023-03-03 04:59:21.251  INFO 217 --- [           main] trationDelegate$BeanPostProcessorChecker : Bean 'tracingConfig' of type [com.customers.config.TracingConfig$$EnhancerBySpringCGLIB$$95c9c957] is not eligible for getting processed by all BeanPostProcessors (for example: not eligible for auto-proxying)
2023-03-03 04:59:21.265  INFO 217 --- [           main] trationDelegate$BeanPostProcessorChecker : Bean 'jaegerTracer' of type [io.opentracing.noop.NoopTracerImpl] is not eligible for getting processed by all BeanPostProcessors (for example: not eligible for auto-proxying)
2023-03-03 04:59:21.695  INFO 217 --- [           main] o.s.b.w.embedded.tomcat.TomcatWebServer  : Tomcat initialized with port(s): 0 (http)
2023-03-03 04:59:21.711  INFO 217 --- [           main] o.apache.catalina.core.StandardService   : Starting service [Tomcat]
2023-03-03 04:59:21.712  INFO 217 --- [           main] org.apache.catalina.core.StandardEngine  : Starting Servlet engine: [Apache Tomcat/9.0.71]
2023-03-03 04:59:21.894  INFO 217 --- [           main] o.a.c.c.C.[Tomcat].[localhost].[/]       : Initializing Spring embedded WebApplicationContext
2023-03-03 04:59:21.894  INFO 217 --- [           main] w.s.c.ServletWebServerApplicationContext : Root WebApplicationContext: initialization completed in 1438 ms
2023-03-03 04:59:22.408  INFO 217 --- [           main] o.c.s.w.s.ServerTracingAutoConfiguration : Creating FilterRegistrationBean bean with TracingFilter mapped to [], skip pattern is "/api-docs.*|/swagger.*|.*\.png|.*\.css|.*\.js|.*\.html|/favicon.ico|/hystrix.stream|/actuator/(health|health/.*|info|info/.*|metrics|metrics/.*)"
2023-03-03 04:59:22.808  INFO 217 --- [           main] o.c.s.w.s.ServerTracingAutoConfiguration : Creating WebMvcConfigurer bean with class io.opentracing.contrib.spring.web.interceptor.TracingHandlerInterceptor
2023-03-03 04:59:24.104  INFO 217 --- [           main] o.a.c.c.C.[Tomcat].[localhost].[/]       : Initializing Spring TestDispatcherServlet ''
2023-03-03 04:59:24.106  INFO 217 --- [           main] o.s.t.web.servlet.TestDispatcherServlet  : Initializing Servlet ''
2023-03-03 04:59:24.117  INFO 217 --- [           main] o.s.b.a.e.web.EndpointLinksResolver      : Exposing 3 endpoint(s) beneath base path '/actuator'
2023-03-03 04:59:24.181  INFO 217 --- [           main] o.s.t.web.servlet.TestDispatcherServlet  : Completed initialization in 74 ms
2023-03-03 04:59:24.344  INFO 217 --- [           main] o.s.b.w.embedded.tomcat.TomcatWebServer  : Tomcat started on port(s): 39109 (http) with context path ''
2023-03-03 04:59:24.355  INFO 217 --- [           main] c.customers.api.CustomerControllerTest   : Started CustomerControllerTest in 4.028 seconds (JVM running for 15.077)
[INFO] Tests run: 2, Failures: 0, Errors: 0, Skipped: 0, Time elapsed: 4.271 s - in com.customers.api.CustomerControllerTest
[INFO] 
[INFO] Results:
[INFO] 
[INFO] Tests run: 3, Failures: 0, Errors: 0, Skipped: 0
[INFO] 
[INFO] 
[INFO] --- jar:3.2.2:jar (default-jar) @ customer-service ---
[INFO] Building jar: /var/jenkins_home/workspace/flight-system/customer-service/target/customer-service-0.0.1-SNAPSHOT.jar
[INFO] 
[INFO] --- spring-boot:2.7.8:repackage (repackage) @ customer-service ---
[INFO] Replacing main artifact with repackaged archive
[INFO] 
[INFO] --- install:2.5.2:install (default-install) @ customer-service ---
[INFO] Installing /var/jenkins_home/workspace/flight-system/customer-service/target/customer-service-0.0.1-SNAPSHOT.jar to /root/.m2/repository/com/customers/customer-service/0.0.1-SNAPSHOT/customer-service-0.0.1-SNAPSHOT.jar
[INFO] Installing /var/jenkins_home/workspace/flight-system/customer-service/pom.xml to /root/.m2/repository/com/customers/customer-service/0.0.1-SNAPSHOT/customer-service-0.0.1-SNAPSHOT.pom
[INFO] ------------------------------------------------------------------------
[INFO] BUILD SUCCESS
[INFO] ------------------------------------------------------------------------
[INFO] Total time:  23.252 s
[INFO] Finished at: 2023-03-03T04:59:27Z
[INFO] ------------------------------------------------------------------------
[flight-system] $ /var/jenkins_home/tools/hudson.tasks.Maven_MavenInstallation/mvn-3.9.0/bin/mvn -f flight-service/pom.xml install
[INFO] Scanning for projects...
[INFO] 
[INFO] ---------------------< com.flight:flight-service >----------------------
[INFO] Building flight-service 0.0.1-SNAPSHOT
[INFO]   from pom.xml
[INFO] --------------------------------[ jar ]---------------------------------
[INFO] 
[INFO] --- resources:3.2.0:resources (default-resources) @ flight-service ---
[INFO] Using 'UTF-8' encoding to copy filtered resources.
[INFO] Using 'UTF-8' encoding to copy filtered properties files.
[INFO] Copying 1 resource
[INFO] Copying 0 resource
[INFO] 
[INFO] --- compiler:3.10.1:compile (default-compile) @ flight-service ---
[INFO] Changes detected - recompiling the module!
[INFO] Compiling 11 source files to /var/jenkins_home/workspace/flight-system/flight-service/target/classes
[INFO] /var/jenkins_home/workspace/flight-system/flight-service/src/main/java/com/flight/api/FlightController.java: /var/jenkins_home/workspace/flight-system/flight-service/src/main/java/com/flight/api/FlightController.java uses unchecked or unsafe operations.
[INFO] /var/jenkins_home/workspace/flight-system/flight-service/src/main/java/com/flight/api/FlightController.java: Recompile with -Xlint:unchecked for details.
[INFO] 
[INFO] --- resources:3.2.0:testResources (default-testResources) @ flight-service ---
[INFO] Using 'UTF-8' encoding to copy filtered resources.
[INFO] Using 'UTF-8' encoding to copy filtered properties files.
[INFO] skip non existing resourceDirectory /var/jenkins_home/workspace/flight-system/flight-service/src/test/resources
[INFO] 
[INFO] --- compiler:3.10.1:testCompile (default-testCompile) @ flight-service ---
[INFO] Changes detected - recompiling the module!
[INFO] Compiling 2 source files to /var/jenkins_home/workspace/flight-system/flight-service/target/test-classes
[INFO] 
[INFO] --- surefire:2.22.2:test (default-test) @ flight-service ---
[INFO] 
[INFO] -------------------------------------------------------
[INFO]  T E S T S
[INFO] -------------------------------------------------------
[INFO] Running com.flight.FlightServiceApplicationTests
04:59:33.292 [main] DEBUG org.springframework.test.context.BootstrapUtils - Instantiating CacheAwareContextLoaderDelegate from class [org.springframework.test.context.cache.DefaultCacheAwareContextLoaderDelegate]
04:59:33.335 [main] DEBUG org.springframework.test.context.BootstrapUtils - Instantiating BootstrapContext using constructor [public org.springframework.test.context.support.DefaultBootstrapContext(java.lang.Class,org.springframework.test.context.CacheAwareContextLoaderDelegate)]
04:59:33.391 [main] DEBUG org.springframework.test.context.BootstrapUtils - Instantiating TestContextBootstrapper for test class [com.flight.FlightServiceApplicationTests] from class [org.springframework.boot.test.context.SpringBootTestContextBootstrapper]
04:59:33.418 [main] INFO org.springframework.boot.test.context.SpringBootTestContextBootstrapper - Neither @ContextConfiguration nor @ContextHierarchy found for test class [com.flight.FlightServiceApplicationTests], using SpringBootContextLoader
04:59:33.430 [main] DEBUG org.springframework.test.context.support.AbstractContextLoader - Did not detect default resource location for test class [com.flight.FlightServiceApplicationTests]: class path resource [com/flight/FlightServiceApplicationTests-context.xml] does not exist
04:59:33.431 [main] DEBUG org.springframework.test.context.support.AbstractContextLoader - Did not detect default resource location for test class [com.flight.FlightServiceApplicationTests]: class path resource [com/flight/FlightServiceApplicationTestsContext.groovy] does not exist
04:59:33.432 [main] INFO org.springframework.test.context.support.AbstractContextLoader - Could not detect default resource locations for test class [com.flight.FlightServiceApplicationTests]: no resource found for suffixes {-context.xml, Context.groovy}.
04:59:33.433 [main] INFO org.springframework.test.context.support.AnnotationConfigContextLoaderUtils - Could not detect default configuration classes for test class [com.flight.FlightServiceApplicationTests]: FlightServiceApplicationTests does not declare any static, non-private, non-final, nested classes annotated with @Configuration.
04:59:33.526 [main] DEBUG org.springframework.test.context.support.ActiveProfilesUtils - Could not find an 'annotation declaring class' for annotation type [org.springframework.test.context.ActiveProfiles] and class [com.flight.FlightServiceApplicationTests]
04:59:33.635 [main] DEBUG org.springframework.context.annotation.ClassPathScanningCandidateComponentProvider - Identified candidate component class: file [/var/jenkins_home/workspace/flight-system/flight-service/target/classes/com/flight/FlightServiceApplication.class]
04:59:33.637 [main] INFO org.springframework.boot.test.context.SpringBootTestContextBootstrapper - Found @SpringBootConfiguration com.flight.FlightServiceApplication for test class com.flight.FlightServiceApplicationTests
04:59:33.849 [main] DEBUG org.springframework.boot.test.context.SpringBootTestContextBootstrapper - @TestExecutionListeners is not present for class [com.flight.FlightServiceApplicationTests]: using defaults.
04:59:33.850 [main] INFO org.springframework.boot.test.context.SpringBootTestContextBootstrapper - Loaded default TestExecutionListener class names from location [META-INF/spring.factories]: [org.springframework.boot.test.mock.mockito.MockitoTestExecutionListener, org.springframework.boot.test.mock.mockito.ResetMocksTestExecutionListener, org.springframework.boot.test.autoconfigure.restdocs.RestDocsTestExecutionListener, org.springframework.boot.test.autoconfigure.web.client.MockRestServiceServerResetTestExecutionListener, org.springframework.boot.test.autoconfigure.web.servlet.MockMvcPrintOnlyOnFailureTestExecutionListener, org.springframework.boot.test.autoconfigure.web.servlet.WebDriverTestExecutionListener, org.springframework.boot.test.autoconfigure.webservices.client.MockWebServiceServerTestExecutionListener, org.springframework.test.context.web.ServletTestExecutionListener, org.springframework.test.context.support.DirtiesContextBeforeModesTestExecutionListener, org.springframework.test.context.event.ApplicationEventsTestExecutionListener, org.springframework.test.context.support.DependencyInjectionTestExecutionListener, org.springframework.test.context.support.DirtiesContextTestExecutionListener, org.springframework.test.context.transaction.TransactionalTestExecutionListener, org.springframework.test.context.jdbc.SqlScriptsTestExecutionListener, org.springframework.test.context.event.EventPublishingTestExecutionListener]
04:59:33.888 [main] INFO org.springframework.boot.test.context.SpringBootTestContextBootstrapper - Using TestExecutionListeners: [org.springframework.test.context.web.ServletTestExecutionListener@320de594, org.springframework.test.context.support.DirtiesContextBeforeModesTestExecutionListener@3dd1dc90, org.springframework.test.context.event.ApplicationEventsTestExecutionListener@abf688e, org.springframework.boot.test.mock.mockito.MockitoTestExecutionListener@478ee483, org.springframework.boot.test.autoconfigure.SpringBootDependencyInjectionTestExecutionListener@1a7288a3, org.springframework.test.context.support.DirtiesContextTestExecutionListener@2974f221, org.springframework.test.context.transaction.TransactionalTestExecutionListener@58fe0499, org.springframework.test.context.jdbc.SqlScriptsTestExecutionListener@686449f9, org.springframework.test.context.event.EventPublishingTestExecutionListener@665df3c6, org.springframework.boot.test.mock.mockito.ResetMocksTestExecutionListener@68b6f0d6, org.springframework.boot.test.autoconfigure.restdocs.RestDocsTestExecutionListener@4044fb95, org.springframework.boot.test.autoconfigure.web.client.MockRestServiceServerResetTestExecutionListener@aa549e5, org.springframework.boot.test.autoconfigure.web.servlet.MockMvcPrintOnlyOnFailureTestExecutionListener@36f48b4, org.springframework.boot.test.autoconfigure.web.servlet.WebDriverTestExecutionListener@5c00384f, org.springframework.boot.test.autoconfigure.webservices.client.MockWebServiceServerTestExecutionListener@3b7ff809]
04:59:33.901 [main] DEBUG org.springframework.test.context.support.AbstractDirtiesContextTestExecutionListener - Before test class: context [DefaultTestContext@4a891c97 testClass = FlightServiceApplicationTests, testInstance = [null], testMethod = [null], testException = [null], mergedContextConfiguration = [WebMergedContextConfiguration@a5bd950 testClass = FlightServiceApplicationTests, locations = '{}', classes = '{class com.flight.FlightServiceApplication}', contextInitializerClasses = '[]', activeProfiles = '{}', propertySourceLocations = '{}', propertySourceProperties = '{org.springframework.boot.test.context.SpringBootTestContextBootstrapper=true}', contextCustomizers = set[org.springframework.boot.test.context.filter.ExcludeFilterContextCustomizer@4b34fff9, org.springframework.boot.test.json.DuplicateJsonObjectContextCustomizerFactory$DuplicateJsonObjectContextCustomizer@57c03d88, org.springframework.boot.test.mock.mockito.MockitoContextCustomizer@0, org.springframework.boot.test.web.client.TestRestTemplateContextCustomizer@11bb571c, org.springframework.boot.test.autoconfigure.actuate.metrics.MetricsExportContextCustomizerFactory$DisableMetricExportContextCustomizer@7ef27d7f, org.springframework.boot.test.autoconfigure.properties.PropertyMappingContextCustomizer@0, org.springframework.boot.test.autoconfigure.web.servlet.WebDriverContextCustomizerFactory$Customizer@5e403b4a, org.springframework.boot.test.context.SpringBootTestArgs@1, org.springframework.boot.test.context.SpringBootTestWebEnvironment@31368b99], resourceBasePath = 'src/main/webapp', contextLoader = 'org.springframework.boot.test.context.SpringBootContextLoader', parent = [null]], attributes = map['org.springframework.test.context.web.ServletTestExecutionListener.activateListener' -> true]], class annotated with @DirtiesContext [false] with mode [null].

  .   ____          _            __ _ _
 /\\ / ___'_ __ _ _(_)_ __  __ _ \ \ \ \
( ( )\___ | '_ | '_| | '_ \/ _` | \ \ \ \
 \\/  ___)| |_)| | | | | || (_| |  ) ) ) )
  '  |____| .__|_| |_|_| |_\__, | / / / /
 =========|_|==============|___/=/_/_/_/
 :: Spring Boot ::                (v2.7.8)

2023-03-03 04:59:34.560  INFO 351 --- [           main] c.flight.FlightServiceApplicationTests   : Starting FlightServiceApplicationTests using Java 17.0.6 on da76948a1192 with PID 351 (started by root in /var/jenkins_home/workspace/flight-system/flight-service)
2023-03-03 04:59:34.561  INFO 351 --- [           main] c.flight.FlightServiceApplicationTests   : No active profile set, falling back to 1 default profile: "default"
2023-03-03 04:59:36.838  INFO 351 --- [           main] trationDelegate$BeanPostProcessorChecker : Bean 'io.opentracing.contrib.spring.cloud.async.DefaultAsyncAutoConfiguration' of type [io.opentracing.contrib.spring.cloud.async.DefaultAsyncAutoConfiguration$$EnhancerBySpringCGLIB$$f2e79371] is not eligible for getting processed by all BeanPostProcessors (for example: not eligible for auto-proxying)
2023-03-03 04:59:37.176  INFO 351 --- [           main] trationDelegate$BeanPostProcessorChecker : Bean 'io.opentracing.contrib.spring.cloud.kafka.KafkaAutoConfiguration' of type [io.opentracing.contrib.spring.cloud.kafka.KafkaAutoConfiguration$$EnhancerBySpringCGLIB$$688cdbee] is not eligible for getting processed by all BeanPostProcessors (for example: not eligible for auto-proxying)
2023-03-03 04:59:37.194  INFO 351 --- [           main] trationDelegate$BeanPostProcessorChecker : Bean 'io.opentracing.contrib.java.spring.jaeger.starter.JaegerAutoConfiguration' of type [io.opentracing.contrib.java.spring.jaeger.starter.JaegerAutoConfiguration$$EnhancerBySpringCGLIB$$3aea160] is not eligible for getting processed by all BeanPostProcessors (for example: not eligible for auto-proxying)
2023-03-03 04:59:37.251  INFO 351 --- [           main] trationDelegate$BeanPostProcessorChecker : Bean 'opentracing.jaeger-io.opentracing.contrib.java.spring.jaeger.starter.JaegerConfigurationProperties' of type [io.opentracing.contrib.java.spring.jaeger.starter.JaegerConfigurationProperties] is not eligible for getting processed by all BeanPostProcessors (for example: not eligible for auto-proxying)
2023-03-03 04:59:37.266  INFO 351 --- [           main] trationDelegate$BeanPostProcessorChecker : Bean 'metricsFactory' of type [io.jaegertracing.internal.metrics.NoopMetricsFactory] is not eligible for getting processed by all BeanPostProcessors (for example: not eligible for auto-proxying)
2023-03-03 04:59:37.278  INFO 351 --- [           main] trationDelegate$BeanPostProcessorChecker : Bean 'metrics' of type [io.jaegertracing.internal.metrics.Metrics] is not eligible for getting processed by all BeanPostProcessors (for example: not eligible for auto-proxying)
2023-03-03 04:59:37.290  INFO 351 --- [           main] trationDelegate$BeanPostProcessorChecker : Bean 'sampler' of type [io.jaegertracing.internal.samplers.ConstSampler] is not eligible for getting processed by all BeanPostProcessors (for example: not eligible for auto-proxying)
2023-03-03 04:59:37.649  INFO 351 --- [           main] trationDelegate$BeanPostProcessorChecker : Bean 'reporter' of type [io.jaegertracing.internal.reporters.CompositeReporter] is not eligible for getting processed by all BeanPostProcessors (for example: not eligible for auto-proxying)
2023-03-03 04:59:37.688  INFO 351 --- [           main] trationDelegate$BeanPostProcessorChecker : Bean 'tracer' of type [io.jaegertracing.internal.JaegerTracer] is not eligible for getting processed by all BeanPostProcessors (for example: not eligible for auto-proxying)
2023-03-03 04:59:39.508  INFO 351 --- [           main] o.c.s.w.s.ServerTracingAutoConfiguration : Creating WebMvcConfigurer bean with class io.opentracing.contrib.spring.web.interceptor.TracingHandlerInterceptor
2023-03-03 04:59:40.931  INFO 351 --- [           main] o.c.s.w.s.ServerTracingAutoConfiguration : Creating FilterRegistrationBean bean with TracingFilter mapped to [], skip pattern is "/api-docs.*|/swagger.*|.*\.png|.*\.css|.*\.js|.*\.html|/favicon.ico|/hystrix.stream|/actuator/(health|health/.*|info|info/.*|metrics|metrics/.*)"
2023-03-03 04:59:41.748  INFO 351 --- [           main] o.s.b.a.e.web.EndpointLinksResolver      : Exposing 3 endpoint(s) beneath base path '/actuator'
2023-03-03 04:59:41.879  INFO 351 --- [           main] c.flight.FlightServiceApplicationTests   : Started FlightServiceApplicationTests in 7.898 seconds (JVM running for 9.287)
[INFO] Tests run: 1, Failures: 0, Errors: 0, Skipped: 0, Time elapsed: 9.729 s - in com.flight.FlightServiceApplicationTests
[INFO] Running com.flight.service.FlightServiceTest
[INFO] Tests run: 2, Failures: 0, Errors: 0, Skipped: 0, Time elapsed: 0.256 s - in com.flight.service.FlightServiceTest
[INFO] 
[INFO] Results:
[INFO] 
[INFO] Tests run: 3, Failures: 0, Errors: 0, Skipped: 0
[INFO] 
[INFO] 
[INFO] --- jar:3.2.2:jar (default-jar) @ flight-service ---
[INFO] Building jar: /var/jenkins_home/workspace/flight-system/flight-service/target/flight-service-0.0.1-SNAPSHOT.jar
[INFO] 
[INFO] --- spring-boot:2.7.8:repackage (repackage) @ flight-service ---
[INFO] Replacing main artifact with repackaged archive
[INFO] 
[INFO] --- install:2.5.2:install (default-install) @ flight-service ---
[INFO] Installing /var/jenkins_home/workspace/flight-system/flight-service/target/flight-service-0.0.1-SNAPSHOT.jar to /root/.m2/repository/com/flight/flight-service/0.0.1-SNAPSHOT/flight-service-0.0.1-SNAPSHOT.jar
[INFO] Installing /var/jenkins_home/workspace/flight-system/flight-service/pom.xml to /root/.m2/repository/com/flight/flight-service/0.0.1-SNAPSHOT/flight-service-0.0.1-SNAPSHOT.pom
[INFO] ------------------------------------------------------------------------
[INFO] BUILD SUCCESS
[INFO] ------------------------------------------------------------------------
[INFO] Total time:  16.258 s
[INFO] Finished at: 2023-03-03T04:59:46Z
[INFO] ------------------------------------------------------------------------
[flight-system] $ /var/jenkins_home/tools/hudson.tasks.Maven_MavenInstallation/mvn-3.9.0/bin/mvn -f gw-service/pom.xml install
[INFO] Scanning for projects...
[INFO] 
[INFO] -------------------------< com.api:gw-service >-------------------------
[INFO] Building gw-service 0.0.1-SNAPSHOT
[INFO]   from pom.xml
[INFO] --------------------------------[ jar ]---------------------------------
Downloading from central: https://repo.maven.apache.org/maven2/org/springframework/boot/spring-boot-starter-data-redis-reactive/2.7.8/spring-boot-starter-data-redis-reactive-2.7.8.pom
Progress (1): 1.4/2.2 kBProgress (1): 2.2 kB                        Downloaded from central: https://repo.maven.apache.org/maven2/org/springframework/boot/spring-boot-starter-data-redis-reactive/2.7.8/spring-boot-starter-data-redis-reactive-2.7.8.pom (2.2 kB at 6.1 kB/s)
Downloading from central: https://repo.maven.apache.org/maven2/org/springframework/boot/spring-boot-starter-data-redis/2.7.8/spring-boot-starter-data-redis-2.7.8.pom
Progress (1): 1.4/2.5 kBProgress (1): 2.5 kB                        Downloaded from central: https://repo.maven.apache.org/maven2/org/springframework/boot/spring-boot-starter-data-redis/2.7.8/spring-boot-starter-data-redis-2.7.8.pom (2.5 kB at 101 kB/s)
Downloading from central: https://repo.maven.apache.org/maven2/org/springframework/data/spring-data-redis/2.7.7/spring-data-redis-2.7.7.pom
Progress (1): 1.4/8.6 kBProgress (1): 2.7/8.6 kBProgress (1): 4.1/8.6 kBProgress (1): 5.5/8.6 kBProgress (1): 6.9/8.6 kBProgress (1): 8.2/8.6 kBProgress (1): 8.6 kB                        Downloaded from central: https://repo.maven.apache.org/maven2/org/springframework/data/spring-data-redis/2.7.7/spring-data-redis-2.7.7.pom (8.6 kB at 317 kB/s)
Downloading from central: https://repo.maven.apache.org/maven2/org/springframework/data/build/spring-data-parent/2.7.7/spring-data-parent-2.7.7.pom
Progress (1): 1.4/39 kBProgress (1): 2.7/39 kBProgress (1): 4.1/39 kBProgress (1): 5.5/39 kBProgress (1): 6.9/39 kBProgress (1): 8.2/39 kBProgress (1): 9.6/39 kBProgress (1): 11/39 kB Progress (1): 12/39 kBProgress (1): 14/39 kBProgress (1): 15/39 kBProgress (1): 16/39 kBProgress (1): 17/39 kBProgress (1): 19/39 kBProgress (1): 20/39 kBProgress (1): 21/39 kBProgress (1): 23/39 kBProgress (1): 24/39 kBProgress (1): 25/39 kBProgress (1): 27/39 kBProgress (1): 28/39 kBProgress (1): 30/39 kBProgress (1): 31/39 kBProgress (1): 32/39 kBProgress (1): 34/39 kBProgress (1): 35/39 kBProgress (1): 36/39 kBProgress (1): 38/39 kBProgress (1): 39 kB                      Downloaded from central: https://repo.maven.apache.org/maven2/org/springframework/data/build/spring-data-parent/2.7.7/spring-data-parent-2.7.7.pom (39 kB at 971 kB/s)
Downloading from central: https://repo.maven.apache.org/maven2/org/springframework/data/build/spring-data-build/2.7.7/spring-data-build-2.7.7.pom
Progress (1): 1.4/7.5 kBProgress (1): 2.7/7.5 kBProgress (1): 4.1/7.5 kBProgress (1): 5.5/7.5 kBProgress (1): 6.9/7.5 kBProgress (1): 7.5 kB                        Downloaded from central: https://repo.maven.apache.org/maven2/org/springframework/data/build/spring-data-build/2.7.7/spring-data-build-2.7.7.pom (7.5 kB at 313 kB/s)
Downloading from central: https://repo.maven.apache.org/maven2/org/springframework/data/spring-data-keyvalue/2.7.7/spring-data-keyvalue-2.7.7.pom
Progress (1): 2.8 kB                    Downloaded from central: https://repo.maven.apache.org/maven2/org/springframework/data/spring-data-keyvalue/2.7.7/spring-data-keyvalue-2.7.7.pom (2.8 kB at 122 kB/s)
Downloading from central: https://repo.maven.apache.org/maven2/org/springframework/data/spring-data-commons/2.7.7/spring-data-commons-2.7.7.pom
Progress (1): 10 kB                   Downloaded from central: https://repo.maven.apache.org/maven2/org/springframework/data/spring-data-commons/2.7.7/spring-data-commons-2.7.7.pom (10 kB at 37 kB/s)
Downloading from central: https://repo.maven.apache.org/maven2/org/springframework/spring-oxm/5.3.25/spring-oxm-5.3.25.pom
Progress (1): 2.2 kB                    Downloaded from central: https://repo.maven.apache.org/maven2/org/springframework/spring-oxm/5.3.25/spring-oxm-5.3.25.pom (2.2 kB at 102 kB/s)
Downloading from central: https://repo.maven.apache.org/maven2/org/springframework/spring-context-support/5.3.25/spring-context-support-5.3.25.pom
Progress (1): 2.4 kB                    Downloaded from central: https://repo.maven.apache.org/maven2/org/springframework/spring-context-support/5.3.25/spring-context-support-5.3.25.pom (2.4 kB at 105 kB/s)
Downloading from central: https://repo.maven.apache.org/maven2/io/lettuce/lettuce-core/6.1.10.RELEASE/lettuce-core-6.1.10.RELEASE.pom
Progress (1): 7.1 kB                    Downloaded from central: https://repo.maven.apache.org/maven2/io/lettuce/lettuce-core/6.1.10.RELEASE/lettuce-core-6.1.10.RELEASE.pom (7.1 kB at 307 kB/s)
Downloading from central: https://repo.maven.apache.org/maven2/org/springframework/boot/spring-boot-starter-data-redis-reactive/2.7.8/spring-boot-starter-data-redis-reactive-2.7.8.jar
Downloading from central: https://repo.maven.apache.org/maven2/org/springframework/boot/spring-boot-starter-data-redis/2.7.8/spring-boot-starter-data-redis-2.7.8.jar
Downloading from central: https://repo.maven.apache.org/maven2/org/springframework/data/spring-data-redis/2.7.7/spring-data-redis-2.7.7.jar
Downloading from central: https://repo.maven.apache.org/maven2/org/springframework/data/spring-data-keyvalue/2.7.7/spring-data-keyvalue-2.7.7.jar
Downloading from central: https://repo.maven.apache.org/maven2/org/springframework/data/spring-data-commons/2.7.7/spring-data-commons-2.7.7.jar
Progress (1): 1.4/114 kBProgress (1): 2.7/114 kBProgress (1): 4.1/114 kBProgress (1): 5.5/114 kBProgress (1): 6.9/114 kBProgress (1): 8.2/114 kBProgress (1): 9.6/114 kBProgress (1): 11/114 kB Progress (1): 12/114 kBProgress (1): 14/114 kBProgress (1): 15/114 kBProgress (1): 16/114 kBProgress (1): 32/114 kBProgress (2): 32/114 kB | 0/1.3 MBProgress (2): 32/114 kB | 0/1.3 MBProgress (2): 32/114 kB | 0/1.3 MBProgress (2): 32/114 kB | 0/1.3 MBProgress (2): 32/114 kB | 0/1.3 MBProgress (2): 32/114 kB | 0/1.3 MBProgress (2): 32/114 kB | 0/1.3 MBProgress (2): 32/114 kB | 0/1.3 MBProgress (2): 32/114 kB | 0/1.3 MBProgress (2): 32/114 kB | 0/1.3 MBProgress (3): 32/114 kB | 0/1.3 MB | 0/2.1 MBProgress (3): 32/114 kB | 0/1.3 MB | 0/2.1 MBProgress (3): 32/114 kB | 0/1.3 MB | 0/2.1 MBProgress (3): 32/114 kB | 0/1.3 MB | 0/2.1 MBProgress (3): 32/114 kB | 0/1.3 MB | 0/2.1 MBProgress (3): 32/114 kB | 0/1.3 MB | 0/2.1 MBProgress (3): 32/114 kB | 0/1.3 MB | 0/2.1 MBProgress (3): 32/114 kB | 0/1.3 MB | 0/2.1 MBProgress (3): 32/114 kB | 0/1.3 MB | 0/2.1 MBProgress (3): 32/114 kB | 0/1.3 MB | 0/2.1 MBProgress (3): 32/114 kB | 0/1.3 MB | 0/2.1 MBProgress (3): 32/114 kB | 0/1.3 MB | 0/2.1 MBProgress (3): 32/114 kB | 0/1.3 MB | 0/2.1 MBProgress (3): 32/114 kB | 0/1.3 MB | 0/2.1 MBProgress (3): 32/114 kB | 0/1.3 MB | 0/2.1 MBProgress (3): 32/114 kB | 0/1.3 MB | 0/2.1 MBProgress (3): 49/114 kB | 0/1.3 MB | 0/2.1 MBProgress (3): 65/114 kB | 0/1.3 MB | 0/2.1 MBProgress (3): 81/114 kB | 0/1.3 MB | 0/2.1 MBProgress (3): 98/114 kB | 0/1.3 MB | 0/2.1 MBProgress (3): 98/114 kB | 0/1.3 MB | 0/2.1 MBProgress (3): 114 kB | 0/1.3 MB | 0/2.1 MB                                             Downloaded from central: https://repo.maven.apache.org/maven2/org/springframework/data/spring-data-keyvalue/2.7.7/spring-data-keyvalue-2.7.7.jar (114 kB at 1.2 MB/s)
Downloading from central: https://repo.maven.apache.org/maven2/org/springframework/spring-oxm/5.3.25/spring-oxm-5.3.25.jar
Progress (2): 0/1.3 MB | 0/2.1 MBProgress (2): 0.1/1.3 MB | 0/2.1 MBProgress (2): 0.1/1.3 MB | 0.1/2.1 MBProgress (2): 0.1/1.3 MB | 0.1/2.1 MBProgress (2): 0.1/1.3 MB | 0.1/2.1 MBProgress (2): 0.1/1.3 MB | 0.1/2.1 MBProgress (2): 0.1/1.3 MB | 0.1/2.1 MBProgress (2): 0.1/1.3 MB | 0.1/2.1 MBProgress (2): 0.1/1.3 MB | 0.1/2.1 MBProgress (2): 0.1/1.3 MB | 0.1/2.1 MBProgress (2): 0.1/1.3 MB | 0.1/2.1 MBProgress (2): 0.1/1.3 MB | 0.1/2.1 MBProgress (2): 0.2/1.3 MB | 0.1/2.1 MBProgress (3): 0.2/1.3 MB | 0.1/2.1 MB | 16/66 kBProgress (3): 0.2/1.3 MB | 0.1/2.1 MB | 16/66 kBProgress (3): 0.2/1.3 MB | 0.1/2.1 MB | 16/66 kBProgress (3): 0.2/1.3 MB | 0.2/2.1 MB | 16/66 kBProgress (3): 0.2/1.3 MB | 0.2/2.1 MB | 16/66 kBProgress (3): 0.2/1.3 MB | 0.2/2.1 MB | 32/66 kBProgress (3): 0.2/1.3 MB | 0.2/2.1 MB | 49/66 kBProgress (3): 0.2/1.3 MB | 0.2/2.1 MB | 65/66 kBProgress (3): 0.2/1.3 MB | 0.2/2.1 MB | 66 kB                                                Downloaded from central: https://repo.maven.apache.org/maven2/org/springframework/spring-oxm/5.3.25/spring-oxm-5.3.25.jar (66 kB at 484 kB/s)
Downloading from central: https://repo.maven.apache.org/maven2/org/springframework/spring-context-support/5.3.25/spring-context-support-5.3.25.jar
Progress (2): 0.2/1.3 MB | 0.2/2.1 MBProgress (2): 0.2/1.3 MB | 0.2/2.1 MBProgress (2): 0.2/1.3 MB | 0.2/2.1 MBProgress (2): 0.2/1.3 MB | 0.2/2.1 MBProgress (2): 0.2/1.3 MB | 0.2/2.1 MBProgress (2): 0.3/1.3 MB | 0.2/2.1 MBProgress (2): 0.3/1.3 MB | 0.2/2.1 MBProgress (2): 0.3/1.3 MB | 0.2/2.1 MBProgress (2): 0.3/1.3 MB | 0.2/2.1 MBProgress (2): 0.3/1.3 MB | 0.2/2.1 MBProgress (2): 0.3/1.3 MB | 0.2/2.1 MBProgress (2): 0.4/1.3 MB | 0.2/2.1 MBProgress (2): 0.4/1.3 MB | 0.2/2.1 MBProgress (2): 0.4/1.3 MB | 0.2/2.1 MBProgress (2): 0.4/1.3 MB | 0.2/2.1 MBProgress (2): 0.4/1.3 MB | 0.3/2.1 MBProgress (2): 0.4/1.3 MB | 0.3/2.1 MBProgress (2): 0.4/1.3 MB | 0.3/2.1 MBProgress (2): 0.4/1.3 MB | 0.3/2.1 MBProgress (2): 0.4/1.3 MB | 0.3/2.1 MBProgress (2): 0.4/1.3 MB | 0.3/2.1 MBProgress (2): 0.4/1.3 MB | 0.3/2.1 MBProgress (2): 0.4/1.3 MB | 0.3/2.1 MBProgress (2): 0.4/1.3 MB | 0.3/2.1 MBProgress (2): 0.4/1.3 MB | 0.3/2.1 MBProgress (2): 0.5/1.3 MB | 0.3/2.1 MBProgress (2): 0.5/1.3 MB | 0.3/2.1 MBProgress (2): 0.5/1.3 MB | 0.3/2.1 MBProgress (2): 0.5/1.3 MB | 0.3/2.1 MBProgress (2): 0.5/1.3 MB | 0.3/2.1 MBProgress (2): 0.5/1.3 MB | 0.4/2.1 MBProgress (2): 0.5/1.3 MB | 0.4/2.1 MBProgress (2): 0.5/1.3 MB | 0.4/2.1 MBProgress (3): 0.5/1.3 MB | 0.4/2.1 MB | 4.8 kBProgress (3): 0.5/1.3 MB | 0.4/2.1 MB | 4.8 kB                                              Downloaded from central: https://repo.maven.apache.org/maven2/org/springframework/boot/spring-boot-starter-data-redis-reactive/2.7.8/spring-boot-starter-data-redis-reactive-2.7.8.jar (4.8 kB at 23 kB/s)
Downloading from central: https://repo.maven.apache.org/maven2/io/lettuce/lettuce-core/6.1.10.RELEASE/lettuce-core-6.1.10.RELEASE.jar
Progress (2): 0.5/1.3 MB | 0.4/2.1 MBProgress (2): 0.5/1.3 MB | 0.4/2.1 MBProgress (2): 0.5/1.3 MB | 0.4/2.1 MBProgress (2): 0.6/1.3 MB | 0.4/2.1 MBProgress (2): 0.6/1.3 MB | 0.4/2.1 MBProgress (2): 0.6/1.3 MB | 0.4/2.1 MBProgress (2): 0.6/1.3 MB | 0.4/2.1 MBProgress (2): 0.6/1.3 MB | 0.4/2.1 MBProgress (2): 0.6/1.3 MB | 0.4/2.1 MBProgress (2): 0.6/1.3 MB | 0.4/2.1 MBProgress (2): 0.6/1.3 MB | 0.4/2.1 MBProgress (2): 0.6/1.3 MB | 0.5/2.1 MBProgress (2): 0.6/1.3 MB | 0.5/2.1 MBProgress (2): 0.6/1.3 MB | 0.5/2.1 MBProgress (2): 0.7/1.3 MB | 0.5/2.1 MBProgress (2): 0.7/1.3 MB | 0.5/2.1 MBProgress (2): 0.7/1.3 MB | 0.5/2.1 MBProgress (2): 0.7/1.3 MB | 0.5/2.1 MBProgress (2): 0.7/1.3 MB | 0.5/2.1 MBProgress (2): 0.7/1.3 MB | 0.5/2.1 MBProgress (2): 0.7/1.3 MB | 0.5/2.1 MBProgress (2): 0.7/1.3 MB | 0.5/2.1 MBProgress (2): 0.7/1.3 MB | 0.5/2.1 MBProgress (2): 0.7/1.3 MB | 0.5/2.1 MBProgress (2): 0.8/1.3 MB | 0.5/2.1 MBProgress (2): 0.8/1.3 MB | 0.5/2.1 MBProgress (2): 0.8/1.3 MB | 0.5/2.1 MBProgress (2): 0.8/1.3 MB | 0.5/2.1 MBProgress (3): 0.8/1.3 MB | 0.5/2.1 MB | 0/1.9 MBProgress (3): 0.8/1.3 MB | 0.6/2.1 MB | 0/1.9 MBProgress (3): 0.8/1.3 MB | 0.6/2.1 MB | 0/1.9 MBProgress (3): 0.8/1.3 MB | 0.6/2.1 MB | 0/1.9 MBProgress (3): 0.8/1.3 MB | 0.6/2.1 MB | 0/1.9 MBProgress (3): 0.9/1.3 MB | 0.6/2.1 MB | 0/1.9 MBProgress (3): 0.9/1.3 MB | 0.6/2.1 MB | 0/1.9 MBProgress (3): 0.9/1.3 MB | 0.6/2.1 MB | 0/1.9 MBProgress (3): 0.9/1.3 MB | 0.6/2.1 MB | 0.1/1.9 MBProgress (3): 0.9/1.3 MB | 0.6/2.1 MB | 0.1/1.9 MBProgress (3): 0.9/1.3 MB | 0.6/2.1 MB | 0.1/1.9 MBProgress (3): 0.9/1.3 MB | 0.6/2.1 MB | 0.1/1.9 MBProgress (3): 0.9/1.3 MB | 0.6/2.1 MB | 0.1/1.9 MBProgress (3): 0.9/1.3 MB | 0.6/2.1 MB | 0.1/1.9 MBProgress (3): 0.9/1.3 MB | 0.6/2.1 MB | 0.1/1.9 MBProgress (3): 1.0/1.3 MB | 0.6/2.1 MB | 0.1/1.9 MBProgress (3): 1.0/1.3 MB | 0.6/2.1 MB | 0.1/1.9 MBProgress (3): 1.0/1.3 MB | 0.6/2.1 MB | 0.1/1.9 MBProgress (3): 1.0/1.3 MB | 0.6/2.1 MB | 0.1/1.9 MBProgress (3): 1.0/1.3 MB | 0.6/2.1 MB | 0.1/1.9 MBProgress (3): 1.0/1.3 MB | 0.7/2.1 MB | 0.1/1.9 MBProgress (3): 1.0/1.3 MB | 0.7/2.1 MB | 0.1/1.9 MBProgress (3): 1.0/1.3 MB | 0.7/2.1 MB | 0.1/1.9 MBProgress (3): 1.0/1.3 MB | 0.7/2.1 MB | 0.1/1.9 MBProgress (3): 1.0/1.3 MB | 0.7/2.1 MB | 0.1/1.9 MBProgress (3): 1.0/1.3 MB | 0.7/2.1 MB | 0.1/1.9 MBProgress (3): 1.0/1.3 MB | 0.7/2.1 MB | 0.1/1.9 MBProgress (3): 1.0/1.3 MB | 0.7/2.1 MB | 0.1/1.9 MBProgress (3): 1.0/1.3 MB | 0.7/2.1 MB | 0.1/1.9 MBProgress (3): 1.0/1.3 MB | 0.7/2.1 MB | 0.1/1.9 MBProgress (3): 1.0/1.3 MB | 0.7/2.1 MB | 0.1/1.9 MBProgress (3): 1.0/1.3 MB | 0.7/2.1 MB | 0.2/1.9 MBProgress (3): 1.0/1.3 MB | 0.8/2.1 MB | 0.2/1.9 MBProgress (3): 1.0/1.3 MB | 0.8/2.1 MB | 0.2/1.9 MBProgress (3): 1.0/1.3 MB | 0.8/2.1 MB | 0.2/1.9 MBProgress (3): 1.0/1.3 MB | 0.8/2.1 MB | 0.2/1.9 MBProgress (3): 1.0/1.3 MB | 0.8/2.1 MB | 0.2/1.9 MBProgress (3): 1.0/1.3 MB | 0.8/2.1 MB | 0.2/1.9 MBProgress (3): 1.0/1.3 MB | 0.8/2.1 MB | 0.2/1.9 MBProgress (3): 1.0/1.3 MB | 0.8/2.1 MB | 0.2/1.9 MBProgress (3): 1.0/1.3 MB | 0.8/2.1 MB | 0.2/1.9 MBProgress (3): 1.0/1.3 MB | 0.8/2.1 MB | 0.2/1.9 MBProgress (3): 1.1/1.3 MB | 0.8/2.1 MB | 0.2/1.9 MBProgress (3): 1.1/1.3 MB | 0.8/2.1 MB | 0.2/1.9 MBProgress (3): 1.1/1.3 MB | 0.8/2.1 MB | 0.2/1.9 MBProgress (3): 1.1/1.3 MB | 0.8/2.1 MB | 0.2/1.9 MBProgress (3): 1.1/1.3 MB | 0.8/2.1 MB | 0.2/1.9 MBProgress (3): 1.1/1.3 MB | 0.8/2.1 MB | 0.2/1.9 MBProgress (3): 1.2/1.3 MB | 0.8/2.1 MB | 0.2/1.9 MBProgress (3): 1.2/1.3 MB | 0.8/2.1 MB | 0.2/1.9 MBProgress (3): 1.2/1.3 MB | 0.8/2.1 MB | 0.2/1.9 MBProgress (3): 1.2/1.3 MB | 0.8/2.1 MB | 0.2/1.9 MBProgress (3): 1.2/1.3 MB | 0.8/2.1 MB | 0.2/1.9 MBProgress (3): 1.2/1.3 MB | 0.8/2.1 MB | 0.2/1.9 MBProgress (3): 1.2/1.3 MB | 0.8/2.1 MB | 0.2/1.9 MBProgress (3): 1.2/1.3 MB | 0.8/2.1 MB | 0.2/1.9 MBProgress (3): 1.2/1.3 MB | 0.8/2.1 MB | 0.2/1.9 MBProgress (3): 1.2/1.3 MB | 0.8/2.1 MB | 0.2/1.9 MBProgress (3): 1.2/1.3 MB | 0.8/2.1 MB | 0.3/1.9 MBProgress (3): 1.2/1.3 MB | 0.8/2.1 MB | 0.3/1.9 MBProgress (3): 1.2/1.3 MB | 0.8/2.1 MB | 0.3/1.9 MBProgress (3): 1.3/1.3 MB | 0.8/2.1 MB | 0.3/1.9 MBProgress (3): 1.3/1.3 MB | 0.8/2.1 MB | 0.3/1.9 MBProgress (3): 1.3/1.3 MB | 0.8/2.1 MB | 0.3/1.9 MBProgress (3): 1.3/1.3 MB | 0.8/2.1 MB | 0.3/1.9 MBProgress (3): 1.3/1.3 MB | 0.8/2.1 MB | 0.3/1.9 MBProgress (3): 1.3/1.3 MB | 0.9/2.1 MB | 0.3/1.9 MBProgress (3): 1.3/1.3 MB | 0.9/2.1 MB | 0.3/1.9 MBProgress (3): 1.3/1.3 MB | 0.9/2.1 MB | 0.3/1.9 MBProgress (3): 1.3/1.3 MB | 0.9/2.1 MB | 0.3/1.9 MBProgress (3): 1.3/1.3 MB | 0.9/2.1 MB | 0.3/1.9 MBProgress (3): 1.3/1.3 MB | 0.9/2.1 MB | 0.3/1.9 MBProgress (3): 1.3/1.3 MB | 0.9/2.1 MB | 0.4/1.9 MBProgress (3): 1.3/1.3 MB | 0.9/2.1 MB | 0.4/1.9 MBProgress (3): 1.3/1.3 MB | 0.9/2.1 MB | 0.4/1.9 MBProgress (4): 1.3/1.3 MB | 0.9/2.1 MB | 0.4/1.9 MB | 1.4/4.8 kBProgress (4): 1.3/1.3 MB | 0.9/2.1 MB | 0.4/1.9 MB | 2.7/4.8 kBProgress (4): 1.3/1.3 MB | 0.9/2.1 MB | 0.4/1.9 MB | 4.1/4.8 kBProgress (4): 1.3/1.3 MB | 0.9/2.1 MB | 0.4/1.9 MB | 4.8 kB    Progress (4): 1.3/1.3 MB | 0.9/2.1 MB | 0.4/1.9 MB | 4.8 kB                                                           Downloaded from central: https://repo.maven.apache.org/maven2/org/springframework/boot/spring-boot-starter-data-redis/2.7.8/spring-boot-starter-data-redis-2.7.8.jar (4.8 kB at 15 kB/s)
Progress (3): 1.3/1.3 MB | 0.9/2.1 MB | 0.4/1.9 MBProgress (3): 1.3/1.3 MB | 0.9/2.1 MB | 0.4/1.9 MBProgress (3): 1.3/1.3 MB | 0.9/2.1 MB | 0.4/1.9 MBProgress (3): 1.3/1.3 MB | 0.9/2.1 MB | 0.4/1.9 MBProgress (3): 1.3/1.3 MB | 0.9/2.1 MB | 0.4/1.9 MBProgress (3): 1.3/1.3 MB | 0.9/2.1 MB | 0.4/1.9 MBProgress (3): 1.3/1.3 MB | 0.9/2.1 MB | 0.4/1.9 MBProgress (3): 1.3/1.3 MB | 0.9/2.1 MB | 0.5/1.9 MBProgress (3): 1.3/1.3 MB | 0.9/2.1 MB | 0.5/1.9 MBProgress (3): 1.3/1.3 MB | 0.9/2.1 MB | 0.5/1.9 MBProgress (3): 1.3/1.3 MB | 0.9/2.1 MB | 0.5/1.9 MBProgress (3): 1.3/1.3 MB | 0.9/2.1 MB | 0.5/1.9 MBProgress (3): 1.3/1.3 MB | 0.9/2.1 MB | 0.5/1.9 MBProgress (3): 1.3/1.3 MB | 1.0/2.1 MB | 0.5/1.9 MBProgress (3): 1.3 MB | 1.0/2.1 MB | 0.5/1.9 MB    Progress (3): 1.3 MB | 1.0/2.1 MB | 0.5/1.9 MB                                              Downloaded from central: https://repo.maven.apache.org/maven2/org/springframework/data/spring-data-commons/2.7.7/spring-data-commons-2.7.7.jar (1.3 MB at 4.3 MB/s)
Progress (2): 1.0/2.1 MB | 0.5/1.9 MBProgress (2): 1.0/2.1 MB | 0.5/1.9 MBProgress (2): 1.0/2.1 MB | 0.5/1.9 MBProgress (2): 1.0/2.1 MB | 0.6/1.9 MBProgress (2): 1.0/2.1 MB | 0.6/1.9 MBProgress (2): 1.0/2.1 MB | 0.6/1.9 MBProgress (2): 1.0/2.1 MB | 0.6/1.9 MBProgress (2): 1.0/2.1 MB | 0.6/1.9 MBProgress (2): 1.0/2.1 MB | 0.6/1.9 MBProgress (2): 1.0/2.1 MB | 0.6/1.9 MBProgress (2): 1.0/2.1 MB | 0.6/1.9 MBProgress (2): 1.0/2.1 MB | 0.7/1.9 MBProgress (2): 1.1/2.1 MB | 0.7/1.9 MBProgress (2): 1.1/2.1 MB | 0.7/1.9 MBProgress (2): 1.1/2.1 MB | 0.7/1.9 MBProgress (2): 1.1/2.1 MB | 0.7/1.9 MBProgress (2): 1.1/2.1 MB | 0.7/1.9 MBProgress (2): 1.1/2.1 MB | 0.7/1.9 MBProgress (2): 1.1/2.1 MB | 0.7/1.9 MBProgress (2): 1.1/2.1 MB | 0.7/1.9 MBProgress (2): 1.1/2.1 MB | 0.7/1.9 MBProgress (2): 1.1/2.1 MB | 0.8/1.9 MBProgress (2): 1.1/2.1 MB | 0.8/1.9 MBProgress (2): 1.1/2.1 MB | 0.8/1.9 MBProgress (2): 1.1/2.1 MB | 0.8/1.9 MBProgress (2): 1.1/2.1 MB | 0.8/1.9 MBProgress (2): 1.1/2.1 MB | 0.8/1.9 MBProgress (2): 1.1/2.1 MB | 0.8/1.9 MBProgress (2): 1.1/2.1 MB | 0.8/1.9 MBProgress (2): 1.2/2.1 MB | 0.8/1.9 MBProgress (2): 1.2/2.1 MB | 0.8/1.9 MBProgress (2): 1.2/2.1 MB | 0.9/1.9 MBProgress (2): 1.2/2.1 MB | 0.9/1.9 MBProgress (2): 1.2/2.1 MB | 0.9/1.9 MBProgress (2): 1.2/2.1 MB | 0.9/1.9 MBProgress (2): 1.2/2.1 MB | 0.9/1.9 MBProgress (2): 1.2/2.1 MB | 0.9/1.9 MBProgress (2): 1.2/2.1 MB | 0.9/1.9 MBProgress (2): 1.2/2.1 MB | 0.9/1.9 MBProgress (2): 1.2/2.1 MB | 0.9/1.9 MBProgress (2): 1.2/2.1 MB | 1.0/1.9 MBProgress (2): 1.2/2.1 MB | 1.0/1.9 MBProgress (2): 1.2/2.1 MB | 1.0/1.9 MBProgress (2): 1.2/2.1 MB | 1.0/1.9 MBProgress (2): 1.2/2.1 MB | 1.0/1.9 MBProgress (2): 1.3/2.1 MB | 1.0/1.9 MBProgress (2): 1.3/2.1 MB | 1.0/1.9 MBProgress (2): 1.3/2.1 MB | 1.0/1.9 MBProgress (2): 1.3/2.1 MB | 1.0/1.9 MBProgress (2): 1.3/2.1 MB | 1.0/1.9 MBProgress (2): 1.3/2.1 MB | 1.0/1.9 MBProgress (2): 1.3/2.1 MB | 1.0/1.9 MBProgress (2): 1.3/2.1 MB | 1.1/1.9 MBProgress (2): 1.3/2.1 MB | 1.1/1.9 MBProgress (2): 1.3/2.1 MB | 1.1/1.9 MBProgress (2): 1.3/2.1 MB | 1.1/1.9 MBProgress (2): 1.3/2.1 MB | 1.1/1.9 MBProgress (2): 1.3/2.1 MB | 1.1/1.9 MBProgress (2): 1.3/2.1 MB | 1.1/1.9 MBProgress (2): 1.4/2.1 MB | 1.1/1.9 MBProgress (2): 1.4/2.1 MB | 1.1/1.9 MBProgress (2): 1.4/2.1 MB | 1.1/1.9 MBProgress (2): 1.4/2.1 MB | 1.2/1.9 MBProgress (2): 1.4/2.1 MB | 1.2/1.9 MBProgress (2): 1.4/2.1 MB | 1.2/1.9 MBProgress (2): 1.4/2.1 MB | 1.2/1.9 MBProgress (2): 1.4/2.1 MB | 1.2/1.9 MBProgress (2): 1.4/2.1 MB | 1.2/1.9 MBProgress (2): 1.4/2.1 MB | 1.2/1.9 MBProgress (2): 1.4/2.1 MB | 1.2/1.9 MBProgress (2): 1.4/2.1 MB | 1.3/1.9 MBProgress (2): 1.4/2.1 MB | 1.3/1.9 MBProgress (2): 1.4/2.1 MB | 1.3/1.9 MBProgress (2): 1.4/2.1 MB | 1.3/1.9 MBProgress (2): 1.5/2.1 MB | 1.3/1.9 MBProgress (2): 1.5/2.1 MB | 1.3/1.9 MBProgress (2): 1.5/2.1 MB | 1.3/1.9 MBProgress (2): 1.5/2.1 MB | 1.3/1.9 MBProgress (2): 1.5/2.1 MB | 1.3/1.9 MBProgress (2): 1.5/2.1 MB | 1.3/1.9 MBProgress (2): 1.5/2.1 MB | 1.3/1.9 MBProgress (2): 1.5/2.1 MB | 1.3/1.9 MBProgress (2): 1.5/2.1 MB | 1.3/1.9 MBProgress (2): 1.5/2.1 MB | 1.4/1.9 MBProgress (2): 1.5/2.1 MB | 1.4/1.9 MBProgress (2): 1.5/2.1 MB | 1.4/1.9 MBProgress (2): 1.5/2.1 MB | 1.4/1.9 MBProgress (2): 1.5/2.1 MB | 1.4/1.9 MBProgress (2): 1.5/2.1 MB | 1.4/1.9 MBProgress (2): 1.5/2.1 MB | 1.4/1.9 MBProgress (2): 1.5/2.1 MB | 1.4/1.9 MBProgress (2): 1.5/2.1 MB | 1.4/1.9 MBProgress (2): 1.5/2.1 MB | 1.4/1.9 MBProgress (2): 1.5/2.1 MB | 1.5/1.9 MBProgress (2): 1.5/2.1 MB | 1.5/1.9 MBProgress (2): 1.5/2.1 MB | 1.5/1.9 MBProgress (2): 1.5/2.1 MB | 1.5/1.9 MBProgress (3): 1.5/2.1 MB | 1.5/1.9 MB | 16/187 kBProgress (3): 1.5/2.1 MB | 1.5/1.9 MB | 16/187 kBProgress (3): 1.5/2.1 MB | 1.5/1.9 MB | 32/187 kBProgress (3): 1.5/2.1 MB | 1.5/1.9 MB | 32/187 kBProgress (3): 1.6/2.1 MB | 1.5/1.9 MB | 32/187 kBProgress (3): 1.6/2.1 MB | 1.5/1.9 MB | 32/187 kBProgress (3): 1.6/2.1 MB | 1.6/1.9 MB | 32/187 kBProgress (3): 1.6/2.1 MB | 1.6/1.9 MB | 32/187 kBProgress (3): 1.6/2.1 MB | 1.6/1.9 MB | 32/187 kBProgress (3): 1.6/2.1 MB | 1.6/1.9 MB | 32/187 kBProgress (3): 1.6/2.1 MB | 1.6/1.9 MB | 32/187 kBProgress (3): 1.6/2.1 MB | 1.6/1.9 MB | 49/187 kBProgress (3): 1.6/2.1 MB | 1.6/1.9 MB | 65/187 kBProgress (3): 1.6/2.1 MB | 1.6/1.9 MB | 65/187 kBProgress (3): 1.6/2.1 MB | 1.6/1.9 MB | 65/187 kBProgress (3): 1.6/2.1 MB | 1.6/1.9 MB | 65/187 kBProgress (3): 1.6/2.1 MB | 1.6/1.9 MB | 81/187 kBProgress (3): 1.6/2.1 MB | 1.7/1.9 MB | 81/187 kBProgress (3): 1.6/2.1 MB | 1.7/1.9 MB | 81/187 kBProgress (3): 1.6/2.1 MB | 1.7/1.9 MB | 98/187 kBProgress (3): 1.6/2.1 MB | 1.7/1.9 MB | 98/187 kBProgress (3): 1.6/2.1 MB | 1.7/1.9 MB | 114/187 kBProgress (3): 1.7/2.1 MB | 1.7/1.9 MB | 114/187 kBProgress (3): 1.7/2.1 MB | 1.7/1.9 MB | 131/187 kBProgress (3): 1.7/2.1 MB | 1.7/1.9 MB | 131/187 kBProgress (3): 1.7/2.1 MB | 1.7/1.9 MB | 147/187 kBProgress (3): 1.7/2.1 MB | 1.7/1.9 MB | 147/187 kBProgress (3): 1.7/2.1 MB | 1.7/1.9 MB | 147/187 kBProgress (3): 1.7/2.1 MB | 1.7/1.9 MB | 147/187 kBProgress (3): 1.7/2.1 MB | 1.7/1.9 MB | 147/187 kBProgress (3): 1.7/2.1 MB | 1.7/1.9 MB | 147/187 kBProgress (3): 1.7/2.1 MB | 1.7/1.9 MB | 147/187 kBProgress (3): 1.7/2.1 MB | 1.7/1.9 MB | 147/187 kBProgress (3): 1.7/2.1 MB | 1.7/1.9 MB | 147/187 kBProgress (3): 1.8/2.1 MB | 1.7/1.9 MB | 147/187 kBProgress (3): 1.8/2.1 MB | 1.7/1.9 MB | 147/187 kBProgress (3): 1.8/2.1 MB | 1.8/1.9 MB | 147/187 kBProgress (3): 1.8/2.1 MB | 1.8/1.9 MB | 147/187 kBProgress (3): 1.8/2.1 MB | 1.8/1.9 MB | 147/187 kBProgress (3): 1.8/2.1 MB | 1.8/1.9 MB | 147/187 kBProgress (3): 1.8/2.1 MB | 1.8/1.9 MB | 147/187 kBProgress (3): 1.8/2.1 MB | 1.8/1.9 MB | 147/187 kBProgress (3): 1.8/2.1 MB | 1.9/1.9 MB | 147/187 kBProgress (3): 1.8/2.1 MB | 1.9 MB | 147/187 kB                                                  Downloaded from central: https://repo.maven.apache.org/maven2/io/lettuce/lettuce-core/6.1.10.RELEASE/lettuce-core-6.1.10.RELEASE.jar (1.9 MB at 4.5 MB/s)
Progress (2): 1.8/2.1 MB | 163/187 kBProgress (2): 1.8/2.1 MB | 180/187 kBProgress (2): 1.8/2.1 MB | 187 kB    Progress (2): 1.8/2.1 MB | 187 kB                                 Downloaded from central: https://repo.maven.apache.org/maven2/org/springframework/spring-context-support/5.3.25/spring-context-support-5.3.25.jar (187 kB at 449 kB/s)
Progress (1): 1.8/2.1 MBProgress (1): 1.8/2.1 MBProgress (1): 1.8/2.1 MBProgress (1): 1.8/2.1 MBProgress (1): 1.9/2.1 MBProgress (1): 1.9/2.1 MBProgress (1): 1.9/2.1 MBProgress (1): 1.9/2.1 MBProgress (1): 1.9/2.1 MBProgress (1): 1.9/2.1 MBProgress (1): 2.0/2.1 MBProgress (1): 2.0/2.1 MBProgress (1): 2.0/2.1 MBProgress (1): 2.0/2.1 MBProgress (1): 2.0/2.1 MBProgress (1): 2.0/2.1 MBProgress (1): 2.1/2.1 MBProgress (1): 2.1/2.1 MBProgress (1): 2.1/2.1 MBProgress (1): 2.1/2.1 MBProgress (1): 2.1/2.1 MBProgress (1): 2.1/2.1 MBProgress (1): 2.1 MB                        Downloaded from central: https://repo.maven.apache.org/maven2/org/springframework/data/spring-data-redis/2.7.7/spring-data-redis-2.7.7.jar (2.1 MB at 4.7 MB/s)
[INFO] 
[INFO] --- resources:3.2.0:resources (default-resources) @ gw-service ---
[INFO] Using 'UTF-8' encoding to copy filtered resources.
[INFO] Using 'UTF-8' encoding to copy filtered properties files.
[INFO] Copying 1 resource
[INFO] Copying 0 resource
[INFO] 
[INFO] --- compiler:3.10.1:compile (default-compile) @ gw-service ---
[INFO] Changes detected - recompiling the module!
[INFO] Compiling 1 source file to /var/jenkins_home/workspace/flight-system/gw-service/target/classes
[INFO] 
[INFO] --- resources:3.2.0:testResources (default-testResources) @ gw-service ---
[INFO] Using 'UTF-8' encoding to copy filtered resources.
[INFO] Using 'UTF-8' encoding to copy filtered properties files.
[INFO] skip non existing resourceDirectory /var/jenkins_home/workspace/flight-system/gw-service/src/test/resources
[INFO] 
[INFO] --- compiler:3.10.1:testCompile (default-testCompile) @ gw-service ---
[INFO] Changes detected - recompiling the module!
[INFO] Compiling 1 source file to /var/jenkins_home/workspace/flight-system/gw-service/target/test-classes
[INFO] 
[INFO] --- surefire:2.22.2:test (default-test) @ gw-service ---
[INFO] 
[INFO] -------------------------------------------------------
[INFO]  T E S T S
[INFO] -------------------------------------------------------
[INFO] Running com.gateway.GwServiceApplicationTests
04:59:52.900 [main] DEBUG org.springframework.test.context.BootstrapUtils - Instantiating CacheAwareContextLoaderDelegate from class [org.springframework.test.context.cache.DefaultCacheAwareContextLoaderDelegate]
04:59:52.923 [main] DEBUG org.springframework.test.context.BootstrapUtils - Instantiating BootstrapContext using constructor [public org.springframework.test.context.support.DefaultBootstrapContext(java.lang.Class,org.springframework.test.context.CacheAwareContextLoaderDelegate)]
04:59:53.013 [main] DEBUG org.springframework.test.context.BootstrapUtils - Instantiating TestContextBootstrapper for test class [com.gateway.GwServiceApplicationTests] from class [org.springframework.boot.test.context.SpringBootTestContextBootstrapper]
04:59:53.034 [main] INFO org.springframework.boot.test.context.SpringBootTestContextBootstrapper - Neither @ContextConfiguration nor @ContextHierarchy found for test class [com.gateway.GwServiceApplicationTests], using SpringBootContextLoader
04:59:53.043 [main] DEBUG org.springframework.test.context.support.AbstractContextLoader - Did not detect default resource location for test class [com.gateway.GwServiceApplicationTests]: class path resource [com/gateway/GwServiceApplicationTests-context.xml] does not exist
04:59:53.044 [main] DEBUG org.springframework.test.context.support.AbstractContextLoader - Did not detect default resource location for test class [com.gateway.GwServiceApplicationTests]: class path resource [com/gateway/GwServiceApplicationTestsContext.groovy] does not exist
04:59:53.044 [main] INFO org.springframework.test.context.support.AbstractContextLoader - Could not detect default resource locations for test class [com.gateway.GwServiceApplicationTests]: no resource found for suffixes {-context.xml, Context.groovy}.
04:59:53.045 [main] INFO org.springframework.test.context.support.AnnotationConfigContextLoaderUtils - Could not detect default configuration classes for test class [com.gateway.GwServiceApplicationTests]: GwServiceApplicationTests does not declare any static, non-private, non-final, nested classes annotated with @Configuration.
04:59:53.131 [main] DEBUG org.springframework.test.context.support.ActiveProfilesUtils - Could not find an 'annotation declaring class' for annotation type [org.springframework.test.context.ActiveProfiles] and class [com.gateway.GwServiceApplicationTests]
04:59:53.248 [main] DEBUG org.springframework.context.annotation.ClassPathScanningCandidateComponentProvider - Identified candidate component class: file [/var/jenkins_home/workspace/flight-system/gw-service/target/classes/com/gateway/GwServiceApplication.class]
04:59:53.250 [main] INFO org.springframework.boot.test.context.SpringBootTestContextBootstrapper - Found @SpringBootConfiguration com.gateway.GwServiceApplication for test class com.gateway.GwServiceApplicationTests
04:59:53.455 [main] DEBUG org.springframework.boot.test.context.SpringBootTestContextBootstrapper - @TestExecutionListeners is not present for class [com.gateway.GwServiceApplicationTests]: using defaults.
04:59:53.457 [main] INFO org.springframework.boot.test.context.SpringBootTestContextBootstrapper - Loaded default TestExecutionListener class names from location [META-INF/spring.factories]: [org.springframework.boot.test.mock.mockito.MockitoTestExecutionListener, org.springframework.boot.test.mock.mockito.ResetMocksTestExecutionListener, org.springframework.boot.test.autoconfigure.restdocs.RestDocsTestExecutionListener, org.springframework.boot.test.autoconfigure.web.client.MockRestServiceServerResetTestExecutionListener, org.springframework.boot.test.autoconfigure.web.servlet.MockMvcPrintOnlyOnFailureTestExecutionListener, org.springframework.boot.test.autoconfigure.web.servlet.WebDriverTestExecutionListener, org.springframework.boot.test.autoconfigure.webservices.client.MockWebServiceServerTestExecutionListener, org.springframework.test.context.web.ServletTestExecutionListener, org.springframework.test.context.support.DirtiesContextBeforeModesTestExecutionListener, org.springframework.test.context.event.ApplicationEventsTestExecutionListener, org.springframework.test.context.support.DependencyInjectionTestExecutionListener, org.springframework.test.context.support.DirtiesContextTestExecutionListener, org.springframework.test.context.transaction.TransactionalTestExecutionListener, org.springframework.test.context.jdbc.SqlScriptsTestExecutionListener, org.springframework.test.context.event.EventPublishingTestExecutionListener]
04:59:53.476 [main] DEBUG org.springframework.boot.test.context.SpringBootTestContextBootstrapper - Skipping candidate TestExecutionListener [org.springframework.test.context.web.ServletTestExecutionListener] due to a missing dependency. Specify custom listener classes or make the default listener classes and their required dependencies available. Offending class: [javax/servlet/ServletContext]
04:59:53.495 [main] INFO org.springframework.boot.test.context.SpringBootTestContextBootstrapper - Using TestExecutionListeners: [org.springframework.test.context.support.DirtiesContextBeforeModesTestExecutionListener@1698ee84, org.springframework.test.context.event.ApplicationEventsTestExecutionListener@10c626be, org.springframework.boot.test.mock.mockito.MockitoTestExecutionListener@2fc0cc3, org.springframework.boot.test.autoconfigure.SpringBootDependencyInjectionTestExecutionListener@328cf0e1, org.springframework.test.context.support.DirtiesContextTestExecutionListener@63b1d4fa, org.springframework.test.context.transaction.TransactionalTestExecutionListener@42e3ede4, org.springframework.test.context.jdbc.SqlScriptsTestExecutionListener@201b6b6f, org.springframework.test.context.event.EventPublishingTestExecutionListener@75459c75, org.springframework.boot.test.mock.mockito.ResetMocksTestExecutionListener@183e8023, org.springframework.boot.test.autoconfigure.restdocs.RestDocsTestExecutionListener@45efc20d, org.springframework.boot.test.autoconfigure.web.client.MockRestServiceServerResetTestExecutionListener@3e5499cc, org.springframework.boot.test.autoconfigure.web.servlet.MockMvcPrintOnlyOnFailureTestExecutionListener@67ab1c47, org.springframework.boot.test.autoconfigure.web.servlet.WebDriverTestExecutionListener@b78a709, org.springframework.boot.test.autoconfigure.webservices.client.MockWebServiceServerTestExecutionListener@30bcf3c1]
04:59:53.504 [main] DEBUG org.springframework.test.context.support.AbstractDirtiesContextTestExecutionListener - Before test class: context [DefaultTestContext@53812a9b testClass = GwServiceApplicationTests, testInstance = [null], testMethod = [null], testException = [null], mergedContextConfiguration = [ReactiveWebMergedContextConfiguration@14b030a0 testClass = GwServiceApplicationTests, locations = '{}', classes = '{class com.gateway.GwServiceApplication}', contextInitializerClasses = '[]', activeProfiles = '{}', propertySourceLocations = '{}', propertySourceProperties = '{org.springframework.boot.test.context.SpringBootTestContextBootstrapper=true}', contextCustomizers = set[org.springframework.boot.test.context.filter.ExcludeFilterContextCustomizer@4e31276e, org.springframework.boot.test.json.DuplicateJsonObjectContextCustomizerFactory$DuplicateJsonObjectContextCustomizer@5117dd67, org.springframework.boot.test.mock.mockito.MockitoContextCustomizer@0, org.springframework.boot.test.web.client.TestRestTemplateContextCustomizer@5b7a8434, org.springframework.boot.test.web.reactive.server.WebTestClientContextCustomizer@1672fe87, org.springframework.boot.test.autoconfigure.actuate.metrics.MetricsExportContextCustomizerFactory$DisableMetricExportContextCustomizer@4416d64f, org.springframework.boot.test.autoconfigure.properties.PropertyMappingContextCustomizer@0, org.springframework.boot.test.autoconfigure.web.servlet.WebDriverContextCustomizerFactory$Customizer@71e693fa, org.springframework.boot.test.context.SpringBootTestArgs@1, org.springframework.boot.test.context.SpringBootTestWebEnvironment@20deea7f], contextLoader = 'org.springframework.boot.test.context.SpringBootContextLoader', parent = [null]], attributes = map[[empty]]], class annotated with @DirtiesContext [false] with mode [null].
04:59:53.536 [main] DEBUG org.springframework.test.context.support.DependencyInjectionTestExecutionListener - Performing dependency injection for test context [[DefaultTestContext@53812a9b testClass = GwServiceApplicationTests, testInstance = com.gateway.GwServiceApplicationTests@609640d5, testMethod = [null], testException = [null], mergedContextConfiguration = [ReactiveWebMergedContextConfiguration@14b030a0 testClass = GwServiceApplicationTests, locations = '{}', classes = '{class com.gateway.GwServiceApplication}', contextInitializerClasses = '[]', activeProfiles = '{}', propertySourceLocations = '{}', propertySourceProperties = '{org.springframework.boot.test.context.SpringBootTestContextBootstrapper=true}', contextCustomizers = set[org.springframework.boot.test.context.filter.ExcludeFilterContextCustomizer@4e31276e, org.springframework.boot.test.json.DuplicateJsonObjectContextCustomizerFactory$DuplicateJsonObjectContextCustomizer@5117dd67, org.springframework.boot.test.mock.mockito.MockitoContextCustomizer@0, org.springframework.boot.test.web.client.TestRestTemplateContextCustomizer@5b7a8434, org.springframework.boot.test.web.reactive.server.WebTestClientContextCustomizer@1672fe87, org.springframework.boot.test.autoconfigure.actuate.metrics.MetricsExportContextCustomizerFactory$DisableMetricExportContextCustomizer@4416d64f, org.springframework.boot.test.autoconfigure.properties.PropertyMappingContextCustomizer@0, org.springframework.boot.test.autoconfigure.web.servlet.WebDriverContextCustomizerFactory$Customizer@71e693fa, org.springframework.boot.test.context.SpringBootTestArgs@1, org.springframework.boot.test.context.SpringBootTestWebEnvironment@20deea7f], contextLoader = 'org.springframework.boot.test.context.SpringBootContextLoader', parent = [null]], attributes = map['org.springframework.test.context.event.ApplicationEventsTestExecutionListener.recordApplicationEvents' -> false]]].

  .   ____          _            __ _ _
 /\\ / ___'_ __ _ _(_)_ __  __ _ \ \ \ \
( ( )\___ | '_ | '_| | '_ \/ _` | \ \ \ \
 \\/  ___)| |_)| | | | | || (_| |  ) ) ) )
  '  |____| .__|_| |_|_| |_\__, | / / / /
 =========|_|==============|___/=/_/_/_/
 :: Spring Boot ::                (v2.7.8)

2023-03-03 04:59:54.353  INFO 468 --- [           main] com.gateway.GwServiceApplicationTests    : Starting GwServiceApplicationTests using Java 17.0.6 on da76948a1192 with PID 468 (started by root in /var/jenkins_home/workspace/flight-system/gw-service)
2023-03-03 04:59:54.355  INFO 468 --- [           main] com.gateway.GwServiceApplicationTests    : No active profile set, falling back to 1 default profile: "default"
2023-03-03 04:59:56.622  INFO 468 --- [           main] .s.d.r.c.RepositoryConfigurationDelegate : Multiple Spring Data modules found, entering strict repository configuration mode
2023-03-03 04:59:56.630  INFO 468 --- [           main] .s.d.r.c.RepositoryConfigurationDelegate : Bootstrapping Spring Data Redis repositories in DEFAULT mode.
2023-03-03 04:59:56.670  INFO 468 --- [           main] .s.d.r.c.RepositoryConfigurationDelegate : Finished Spring Data repository scanning in 10 ms. Found 0 Redis repository interfaces.
2023-03-03 04:59:57.114  INFO 468 --- [           main] o.s.cloud.context.scope.GenericScope     : BeanFactory id=218f11d4-d9d1-39bf-a4bf-ccd6550ac654
2023-03-03 04:59:57.920  INFO 468 --- [           main] trationDelegate$BeanPostProcessorChecker : Bean 'io.opentracing.contrib.spring.cloud.async.DefaultAsyncAutoConfiguration' of type [io.opentracing.contrib.spring.cloud.async.DefaultAsyncAutoConfiguration$$EnhancerBySpringCGLIB$$fd12ad9b] is not eligible for getting processed by all BeanPostProcessors (for example: not eligible for auto-proxying)
2023-03-03 04:59:57.988  INFO 468 --- [           main] trationDelegate$BeanPostProcessorChecker : Bean 'io.opentracing.contrib.java.spring.jaeger.starter.JaegerAutoConfiguration' of type [io.opentracing.contrib.java.spring.jaeger.starter.JaegerAutoConfiguration$$EnhancerBySpringCGLIB$$dd9bb8a] is not eligible for getting processed by all BeanPostProcessors (for example: not eligible for auto-proxying)
2023-03-03 04:59:58.026  INFO 468 --- [           main] trationDelegate$BeanPostProcessorChecker : Bean 'org.springframework.cloud.commons.config.CommonsConfigAutoConfiguration' of type [org.springframework.cloud.commons.config.CommonsConfigAutoConfiguration] is not eligible for getting processed by all BeanPostProcessors (for example: not eligible for auto-proxying)
2023-03-03 04:59:58.038  INFO 468 --- [           main] trationDelegate$BeanPostProcessorChecker : Bean 'org.springframework.cloud.client.loadbalancer.LoadBalancerDefaultMappingsProviderAutoConfiguration' of type [org.springframework.cloud.client.loadbalancer.LoadBalancerDefaultMappingsProviderAutoConfiguration] is not eligible for getting processed by all BeanPostProcessors (for example: not eligible for auto-proxying)
2023-03-03 04:59:58.047  INFO 468 --- [           main] trationDelegate$BeanPostProcessorChecker : Bean 'loadBalancerClientsDefaultsMappingsProvider' of type [org.springframework.cloud.client.loadbalancer.LoadBalancerDefaultMappingsProviderAutoConfiguration$$Lambda$762/0x0000000100583620] is not eligible for getting processed by all BeanPostProcessors (for example: not eligible for auto-proxying)
2023-03-03 04:59:58.072  INFO 468 --- [           main] trationDelegate$BeanPostProcessorChecker : Bean 'defaultsBindHandlerAdvisor' of type [org.springframework.cloud.commons.config.DefaultsBindHandlerAdvisor] is not eligible for getting processed by all BeanPostProcessors (for example: not eligible for auto-proxying)
2023-03-03 04:59:58.088  INFO 468 --- [           main] trationDelegate$BeanPostProcessorChecker : Bean 'opentracing.jaeger-io.opentracing.contrib.java.spring.jaeger.starter.JaegerConfigurationProperties' of type [io.opentracing.contrib.java.spring.jaeger.starter.JaegerConfigurationProperties] is not eligible for getting processed by all BeanPostProcessors (for example: not eligible for auto-proxying)
2023-03-03 04:59:58.112  INFO 468 --- [           main] trationDelegate$BeanPostProcessorChecker : Bean 'metricsFactory' of type [io.jaegertracing.internal.metrics.NoopMetricsFactory] is not eligible for getting processed by all BeanPostProcessors (for example: not eligible for auto-proxying)
2023-03-03 04:59:58.126  INFO 468 --- [           main] trationDelegate$BeanPostProcessorChecker : Bean 'metrics' of type [io.jaegertracing.internal.metrics.Metrics] is not eligible for getting processed by all BeanPostProcessors (for example: not eligible for auto-proxying)
2023-03-03 04:59:58.138  INFO 468 --- [           main] trationDelegate$BeanPostProcessorChecker : Bean 'sampler' of type [io.jaegertracing.internal.samplers.ConstSampler] is not eligible for getting processed by all BeanPostProcessors (for example: not eligible for auto-proxying)
2023-03-03 04:59:58.552  INFO 468 --- [           main] trationDelegate$BeanPostProcessorChecker : Bean 'reporter' of type [io.jaegertracing.internal.reporters.CompositeReporter] is not eligible for getting processed by all BeanPostProcessors (for example: not eligible for auto-proxying)
2023-03-03 04:59:58.591  INFO 468 --- [           main] trationDelegate$BeanPostProcessorChecker : Bean 'tracer' of type [io.jaegertracing.internal.JaegerTracer] is not eligible for getting processed by all BeanPostProcessors (for example: not eligible for auto-proxying)
2023-03-03 04:59:58.609  INFO 468 --- [           main] trationDelegate$BeanPostProcessorChecker : Bean 'io.opentracing.contrib.spring.web.starter.WebClientTracingAutoConfiguration$DefaultWebClientSpanDecorators' of type [io.opentracing.contrib.spring.web.starter.WebClientTracingAutoConfiguration$DefaultWebClientSpanDecorators$$EnhancerBySpringCGLIB$$21601d0f] is not eligible for getting processed by all BeanPostProcessors (for example: not eligible for auto-proxying)
2023-03-03 04:59:58.628  INFO 468 --- [           main] trationDelegate$BeanPostProcessorChecker : Bean 'standardTagsWebClientSpanDecorator' of type [io.opentracing.contrib.spring.web.client.WebClientSpanDecorator$StandardTags] is not eligible for getting processed by all BeanPostProcessors (for example: not eligible for auto-proxying)
2023-03-03 05:00:03.811  INFO 468 --- [           main] o.s.c.g.r.RouteDefinitionRouteLocator    : Loaded RoutePredicateFactory [After]
2023-03-03 05:00:03.811  INFO 468 --- [           main] o.s.c.g.r.RouteDefinitionRouteLocator    : Loaded RoutePredicateFactory [Before]
2023-03-03 05:00:03.812  INFO 468 --- [           main] o.s.c.g.r.RouteDefinitionRouteLocator    : Loaded RoutePredicateFactory [Between]
2023-03-03 05:00:03.812  INFO 468 --- [           main] o.s.c.g.r.RouteDefinitionRouteLocator    : Loaded RoutePredicateFactory [Cookie]
2023-03-03 05:00:03.812  INFO 468 --- [           main] o.s.c.g.r.RouteDefinitionRouteLocator    : Loaded RoutePredicateFactory [Header]
2023-03-03 05:00:03.812  INFO 468 --- [           main] o.s.c.g.r.RouteDefinitionRouteLocator    : Loaded RoutePredicateFactory [Host]
2023-03-03 05:00:03.812  INFO 468 --- [           main] o.s.c.g.r.RouteDefinitionRouteLocator    : Loaded RoutePredicateFactory [Method]
2023-03-03 05:00:03.812  INFO 468 --- [           main] o.s.c.g.r.RouteDefinitionRouteLocator    : Loaded RoutePredicateFactory [Path]
2023-03-03 05:00:03.812  INFO 468 --- [           main] o.s.c.g.r.RouteDefinitionRouteLocator    : Loaded RoutePredicateFactory [Query]
2023-03-03 05:00:03.812  INFO 468 --- [           main] o.s.c.g.r.RouteDefinitionRouteLocator    : Loaded RoutePredicateFactory [ReadBody]
2023-03-03 05:00:03.812  INFO 468 --- [           main] o.s.c.g.r.RouteDefinitionRouteLocator    : Loaded RoutePredicateFactory [RemoteAddr]
2023-03-03 05:00:03.812  INFO 468 --- [           main] o.s.c.g.r.RouteDefinitionRouteLocator    : Loaded RoutePredicateFactory [XForwardedRemoteAddr]
2023-03-03 05:00:03.812  INFO 468 --- [           main] o.s.c.g.r.RouteDefinitionRouteLocator    : Loaded RoutePredicateFactory [Weight]
2023-03-03 05:00:03.812  INFO 468 --- [           main] o.s.c.g.r.RouteDefinitionRouteLocator    : Loaded RoutePredicateFactory [CloudFoundryRouteService]
2023-03-03 05:00:05.397  INFO 468 --- [           main] o.s.b.a.e.web.EndpointLinksResolver      : Exposing 3 endpoint(s) beneath base path '/actuator'
2023-03-03 05:00:09.021  INFO 468 --- [           main] com.gateway.GwServiceApplicationTests    : Started GwServiceApplicationTests in 15.419 seconds (JVM running for 16.857)
[INFO] Tests run: 1, Failures: 0, Errors: 0, Skipped: 0, Time elapsed: 17.168 s - in com.gateway.GwServiceApplicationTests
[INFO] 
[INFO] Results:
[INFO] 
[INFO] Tests run: 1, Failures: 0, Errors: 0, Skipped: 0
[INFO] 
[INFO] 
[INFO] --- jar:3.2.2:jar (default-jar) @ gw-service ---
[INFO] Building jar: /var/jenkins_home/workspace/flight-system/gw-service/target/gw-service-0.0.1-SNAPSHOT.jar
[INFO] 
[INFO] --- spring-boot:2.7.8:repackage (repackage) @ gw-service ---
[INFO] Replacing main artifact with repackaged archive
[INFO] 
[INFO] --- install:2.5.2:install (default-install) @ gw-service ---
[INFO] Installing /var/jenkins_home/workspace/flight-system/gw-service/target/gw-service-0.0.1-SNAPSHOT.jar to /root/.m2/repository/com/api/gw-service/0.0.1-SNAPSHOT/gw-service-0.0.1-SNAPSHOT.jar
[INFO] Installing /var/jenkins_home/workspace/flight-system/gw-service/pom.xml to /root/.m2/repository/com/api/gw-service/0.0.1-SNAPSHOT/gw-service-0.0.1-SNAPSHOT.pom
[INFO] ------------------------------------------------------------------------
[INFO] BUILD SUCCESS
[INFO] ------------------------------------------------------------------------
[INFO] Total time:  27.139 s
[INFO] Finished at: 2023-03-03T05:00:15Z
[INFO] ------------------------------------------------------------------------
[flight-system] $ /var/jenkins_home/tools/hudson.tasks.Maven_MavenInstallation/mvn-3.9.0/bin/mvn -f email-service/pom.xml install
[INFO] Scanning for projects...
[INFO] 
[INFO] -----------------------< com.api:email-service >------------------------
[INFO] Building email-service 0.0.1-SNAPSHOT
[INFO]   from pom.xml
[INFO] --------------------------------[ jar ]---------------------------------
[INFO] 
[INFO] --- resources:3.2.0:resources (default-resources) @ email-service ---
[INFO] Using 'UTF-8' encoding to copy filtered resources.
[INFO] Using 'UTF-8' encoding to copy filtered properties files.
[INFO] Copying 1 resource
[INFO] Copying 0 resource
[INFO] 
[INFO] --- compiler:3.10.1:compile (default-compile) @ email-service ---
[INFO] Changes detected - recompiling the module!
[INFO] Compiling 1 source file to /var/jenkins_home/workspace/flight-system/email-service/target/classes
[INFO] 
[INFO] --- resources:3.2.0:testResources (default-testResources) @ email-service ---
[INFO] Using 'UTF-8' encoding to copy filtered resources.
[INFO] Using 'UTF-8' encoding to copy filtered properties files.
[INFO] skip non existing resourceDirectory /var/jenkins_home/workspace/flight-system/email-service/src/test/resources
[INFO] 
[INFO] --- compiler:3.10.1:testCompile (default-testCompile) @ email-service ---
[INFO] Changes detected - recompiling the module!
[INFO] Compiling 1 source file to /var/jenkins_home/workspace/flight-system/email-service/target/test-classes
[INFO] 
[INFO] --- surefire:2.22.2:test (default-test) @ email-service ---
[INFO] 
[INFO] -------------------------------------------------------
[INFO]  T E S T S
[INFO] -------------------------------------------------------
[INFO] Running com.email.EmailServiceApplicationTests
05:00:20.503 [main] DEBUG org.springframework.test.context.BootstrapUtils - Instantiating CacheAwareContextLoaderDelegate from class [org.springframework.test.context.cache.DefaultCacheAwareContextLoaderDelegate]
05:00:20.529 [main] DEBUG org.springframework.test.context.BootstrapUtils - Instantiating BootstrapContext using constructor [public org.springframework.test.context.support.DefaultBootstrapContext(java.lang.Class,org.springframework.test.context.CacheAwareContextLoaderDelegate)]
05:00:20.606 [main] DEBUG org.springframework.test.context.BootstrapUtils - Instantiating TestContextBootstrapper for test class [com.email.EmailServiceApplicationTests] from class [org.springframework.boot.test.context.SpringBootTestContextBootstrapper]
05:00:20.631 [main] INFO org.springframework.boot.test.context.SpringBootTestContextBootstrapper - Neither @ContextConfiguration nor @ContextHierarchy found for test class [com.email.EmailServiceApplicationTests], using SpringBootContextLoader
05:00:20.639 [main] DEBUG org.springframework.test.context.support.AbstractContextLoader - Did not detect default resource location for test class [com.email.EmailServiceApplicationTests]: class path resource [com/email/EmailServiceApplicationTests-context.xml] does not exist
05:00:20.640 [main] DEBUG org.springframework.test.context.support.AbstractContextLoader - Did not detect default resource location for test class [com.email.EmailServiceApplicationTests]: class path resource [com/email/EmailServiceApplicationTestsContext.groovy] does not exist
05:00:20.640 [main] INFO org.springframework.test.context.support.AbstractContextLoader - Could not detect default resource locations for test class [com.email.EmailServiceApplicationTests]: no resource found for suffixes {-context.xml, Context.groovy}.
05:00:20.641 [main] INFO org.springframework.test.context.support.AnnotationConfigContextLoaderUtils - Could not detect default configuration classes for test class [com.email.EmailServiceApplicationTests]: EmailServiceApplicationTests does not declare any static, non-private, non-final, nested classes annotated with @Configuration.
05:00:20.726 [main] DEBUG org.springframework.test.context.support.ActiveProfilesUtils - Could not find an 'annotation declaring class' for annotation type [org.springframework.test.context.ActiveProfiles] and class [com.email.EmailServiceApplicationTests]
05:00:20.841 [main] DEBUG org.springframework.context.annotation.ClassPathScanningCandidateComponentProvider - Identified candidate component class: file [/var/jenkins_home/workspace/flight-system/email-service/target/classes/com/email/EmailServiceApplication.class]
05:00:20.843 [main] INFO org.springframework.boot.test.context.SpringBootTestContextBootstrapper - Found @SpringBootConfiguration com.email.EmailServiceApplication for test class com.email.EmailServiceApplicationTests
05:00:21.075 [main] DEBUG org.springframework.boot.test.context.SpringBootTestContextBootstrapper - @TestExecutionListeners is not present for class [com.email.EmailServiceApplicationTests]: using defaults.
05:00:21.076 [main] INFO org.springframework.boot.test.context.SpringBootTestContextBootstrapper - Loaded default TestExecutionListener class names from location [META-INF/spring.factories]: [org.springframework.boot.test.mock.mockito.MockitoTestExecutionListener, org.springframework.boot.test.mock.mockito.ResetMocksTestExecutionListener, org.springframework.boot.test.autoconfigure.restdocs.RestDocsTestExecutionListener, org.springframework.boot.test.autoconfigure.web.client.MockRestServiceServerResetTestExecutionListener, org.springframework.boot.test.autoconfigure.web.servlet.MockMvcPrintOnlyOnFailureTestExecutionListener, org.springframework.boot.test.autoconfigure.web.servlet.WebDriverTestExecutionListener, org.springframework.boot.test.autoconfigure.webservices.client.MockWebServiceServerTestExecutionListener, org.springframework.test.context.web.ServletTestExecutionListener, org.springframework.test.context.support.DirtiesContextBeforeModesTestExecutionListener, org.springframework.test.context.event.ApplicationEventsTestExecutionListener, org.springframework.test.context.support.DependencyInjectionTestExecutionListener, org.springframework.test.context.support.DirtiesContextTestExecutionListener, org.springframework.test.context.transaction.TransactionalTestExecutionListener, org.springframework.test.context.jdbc.SqlScriptsTestExecutionListener, org.springframework.test.context.event.EventPublishingTestExecutionListener]
05:00:21.098 [main] DEBUG org.springframework.boot.test.context.SpringBootTestContextBootstrapper - Skipping candidate TestExecutionListener [org.springframework.test.context.web.ServletTestExecutionListener] due to a missing dependency. Specify custom listener classes or make the default listener classes and their required dependencies available. Offending class: [javax/servlet/ServletContext]
05:00:21.114 [main] INFO org.springframework.boot.test.context.SpringBootTestContextBootstrapper - Using TestExecutionListeners: [org.springframework.test.context.support.DirtiesContextBeforeModesTestExecutionListener@3eeb318f, org.springframework.test.context.event.ApplicationEventsTestExecutionListener@20a14b55, org.springframework.boot.test.mock.mockito.MockitoTestExecutionListener@39ad977d, org.springframework.boot.test.autoconfigure.SpringBootDependencyInjectionTestExecutionListener@6da00fb9, org.springframework.test.context.support.DirtiesContextTestExecutionListener@a202ccb, org.springframework.test.context.transaction.TransactionalTestExecutionListener@20f12539, org.springframework.test.context.jdbc.SqlScriptsTestExecutionListener@75b25825, org.springframework.test.context.event.EventPublishingTestExecutionListener@18025ced, org.springframework.boot.test.mock.mockito.ResetMocksTestExecutionListener@13cf7d52, org.springframework.boot.test.autoconfigure.restdocs.RestDocsTestExecutionListener@3a3e4aff, org.springframework.boot.test.autoconfigure.web.client.MockRestServiceServerResetTestExecutionListener@5d2a4eed, org.springframework.boot.test.autoconfigure.web.servlet.MockMvcPrintOnlyOnFailureTestExecutionListener@57459491, org.springframework.boot.test.autoconfigure.web.servlet.WebDriverTestExecutionListener@3f0846c6, org.springframework.boot.test.autoconfigure.webservices.client.MockWebServiceServerTestExecutionListener@77a98a6a]
05:00:21.123 [main] DEBUG org.springframework.test.context.support.AbstractDirtiesContextTestExecutionListener - Before test class: context [DefaultTestContext@665df3c6 testClass = EmailServiceApplicationTests, testInstance = [null], testMethod = [null], testException = [null], mergedContextConfiguration = [MergedContextConfiguration@68b6f0d6 testClass = EmailServiceApplicationTests, locations = '{}', classes = '{class com.email.EmailServiceApplication}', contextInitializerClasses = '[]', activeProfiles = '{}', propertySourceLocations = '{}', propertySourceProperties = '{org.springframework.boot.test.context.SpringBootTestContextBootstrapper=true}', contextCustomizers = set[org.springframework.boot.test.context.filter.ExcludeFilterContextCustomizer@79c97cb, org.springframework.boot.test.json.DuplicateJsonObjectContextCustomizerFactory$DuplicateJsonObjectContextCustomizer@6f6745d6, org.springframework.boot.test.mock.mockito.MockitoContextCustomizer@0, org.springframework.boot.test.web.client.TestRestTemplateContextCustomizer@16aa8654, org.springframework.boot.test.autoconfigure.actuate.metrics.MetricsExportContextCustomizerFactory$DisableMetricExportContextCustomizer@14fa86ae, org.springframework.boot.test.autoconfigure.properties.PropertyMappingContextCustomizer@0, org.springframework.boot.test.autoconfigure.web.servlet.WebDriverContextCustomizerFactory$Customizer@55cf0d14, org.springframework.boot.test.context.SpringBootTestArgs@1, org.springframework.boot.test.context.SpringBootTestWebEnvironment@1139b2f3], contextLoader = 'org.springframework.boot.test.context.SpringBootContextLoader', parent = [null]], attributes = map[[empty]]], class annotated with @DirtiesContext [false] with mode [null].
05:00:21.149 [main] DEBUG org.springframework.test.context.support.DependencyInjectionTestExecutionListener - Performing dependency injection for test context [[DefaultTestContext@665df3c6 testClass = EmailServiceApplicationTests, testInstance = com.email.EmailServiceApplicationTests@2fc0cc3, testMethod = [null], testException = [null], mergedContextConfiguration = [MergedContextConfiguration@68b6f0d6 testClass = EmailServiceApplicationTests, locations = '{}', classes = '{class com.email.EmailServiceApplication}', contextInitializerClasses = '[]', activeProfiles = '{}', propertySourceLocations = '{}', propertySourceProperties = '{org.springframework.boot.test.context.SpringBootTestContextBootstrapper=true}', contextCustomizers = set[org.springframework.boot.test.context.filter.ExcludeFilterContextCustomizer@79c97cb, org.springframework.boot.test.json.DuplicateJsonObjectContextCustomizerFactory$DuplicateJsonObjectContextCustomizer@6f6745d6, org.springframework.boot.test.mock.mockito.MockitoContextCustomizer@0, org.springframework.boot.test.web.client.TestRestTemplateContextCustomizer@16aa8654, org.springframework.boot.test.autoconfigure.actuate.metrics.MetricsExportContextCustomizerFactory$DisableMetricExportContextCustomizer@14fa86ae, org.springframework.boot.test.autoconfigure.properties.PropertyMappingContextCustomizer@0, org.springframework.boot.test.autoconfigure.web.servlet.WebDriverContextCustomizerFactory$Customizer@55cf0d14, org.springframework.boot.test.context.SpringBootTestArgs@1, org.springframework.boot.test.context.SpringBootTestWebEnvironment@1139b2f3], contextLoader = 'org.springframework.boot.test.context.SpringBootContextLoader', parent = [null]], attributes = map['org.springframework.test.context.event.ApplicationEventsTestExecutionListener.recordApplicationEvents' -> false]]].

  .   ____          _            __ _ _
 /\\ / ___'_ __ _ _(_)_ __  __ _ \ \ \ \
( ( )\___ | '_ | '_| | '_ \/ _` | \ \ \ \
 \\/  ___)| |_)| | | | | || (_| |  ) ) ) )
  '  |____| .__|_| |_|_| |_\__, | / / / /
 =========|_|==============|___/=/_/_/_/
 :: Spring Boot ::                (v2.7.8)

2023-03-03 05:00:21.952  INFO [email-service,,] 613 --- [           main] com.email.EmailServiceApplicationTests   : Starting EmailServiceApplicationTests using Java 17.0.6 on da76948a1192 with PID 613 (started by root in /var/jenkins_home/workspace/flight-system/email-service)
2023-03-03 05:00:21.960  INFO [email-service,,] 613 --- [           main] com.email.EmailServiceApplicationTests   : No active profile set, falling back to 1 default profile: "default"
2023-03-03 05:00:23.759  INFO [email-service,,] 613 --- [           main] trationDelegate$BeanPostProcessorChecker : Bean 'io.opentracing.contrib.spring.cloud.async.DefaultAsyncAutoConfiguration' of type [io.opentracing.contrib.spring.cloud.async.DefaultAsyncAutoConfiguration$$EnhancerBySpringCGLIB$$8af3f4c9] is not eligible for getting processed by all BeanPostProcessors (for example: not eligible for auto-proxying)
2023-03-03 05:00:24.119  INFO [email-service,,] 613 --- [           main] trationDelegate$BeanPostProcessorChecker : Bean 'io.opentracing.contrib.spring.cloud.kafka.KafkaAutoConfiguration' of type [io.opentracing.contrib.spring.cloud.kafka.KafkaAutoConfiguration$$EnhancerBySpringCGLIB$$993d46] is not eligible for getting processed by all BeanPostProcessors (for example: not eligible for auto-proxying)
2023-03-03 05:00:24.138  INFO [email-service,,] 613 --- [           main] trationDelegate$BeanPostProcessorChecker : Bean 'io.opentracing.contrib.java.spring.jaeger.starter.JaegerAutoConfiguration' of type [io.opentracing.contrib.java.spring.jaeger.starter.JaegerAutoConfiguration$$EnhancerBySpringCGLIB$$9bbb02b8] is not eligible for getting processed by all BeanPostProcessors (for example: not eligible for auto-proxying)
2023-03-03 05:00:24.185  INFO [email-service,,] 613 --- [           main] trationDelegate$BeanPostProcessorChecker : Bean 'opentracing.jaeger-io.opentracing.contrib.java.spring.jaeger.starter.JaegerConfigurationProperties' of type [io.opentracing.contrib.java.spring.jaeger.starter.JaegerConfigurationProperties] is not eligible for getting processed by all BeanPostProcessors (for example: not eligible for auto-proxying)
2023-03-03 05:00:24.201  INFO [email-service,,] 613 --- [           main] trationDelegate$BeanPostProcessorChecker : Bean 'metricsFactory' of type [io.jaegertracing.internal.metrics.NoopMetricsFactory] is not eligible for getting processed by all BeanPostProcessors (for example: not eligible for auto-proxying)
2023-03-03 05:00:24.218  INFO [email-service,,] 613 --- [           main] trationDelegate$BeanPostProcessorChecker : Bean 'metrics' of type [io.jaegertracing.internal.metrics.Metrics] is not eligible for getting processed by all BeanPostProcessors (for example: not eligible for auto-proxying)
2023-03-03 05:00:24.227  INFO [email-service,,] 613 --- [           main] trationDelegate$BeanPostProcessorChecker : Bean 'sampler' of type [io.jaegertracing.internal.samplers.ConstSampler] is not eligible for getting processed by all BeanPostProcessors (for example: not eligible for auto-proxying)
2023-03-03 05:00:24.534  INFO [email-service,,] 613 --- [           main] trationDelegate$BeanPostProcessorChecker : Bean 'reporter' of type [io.jaegertracing.internal.reporters.CompositeReporter] is not eligible for getting processed by all BeanPostProcessors (for example: not eligible for auto-proxying)
2023-03-03 05:00:24.581  INFO [email-service,,] 613 --- [           main] trationDelegate$BeanPostProcessorChecker : Bean 'tracer' of type [io.jaegertracing.internal.JaegerTracer] is not eligible for getting processed by all BeanPostProcessors (for example: not eligible for auto-proxying)
2023-03-03 05:00:26.811  INFO [email-service,,] 613 --- [           main] o.a.k.clients.consumer.ConsumerConfig    : ConsumerConfig values: 
	allow.auto.create.topics = true
	auto.commit.interval.ms = 5000
	auto.offset.reset = earliest
	bootstrap.servers = [localhost:9092]
	check.crcs = true
	client.dns.lookup = use_all_dns_ips
	client.id = consumer-email-group-1
	client.rack = 
	connections.max.idle.ms = 540000
	default.api.timeout.ms = 60000
	enable.auto.commit = false
	exclude.internal.topics = true
	fetch.max.bytes = 52428800
	fetch.max.wait.ms = 500
	fetch.min.bytes = 1
	group.id = email-group
	group.instance.id = null
	heartbeat.interval.ms = 3000
	interceptor.classes = []
	internal.leave.group.on.close = true
	internal.throw.on.fetch.stable.offset.unsupported = false
	isolation.level = read_uncommitted
	key.deserializer = class org.apache.kafka.common.serialization.StringDeserializer
	max.partition.fetch.bytes = 1048576
	max.poll.interval.ms = 300000
	max.poll.records = 500
	metadata.max.age.ms = 300000
	metric.reporters = []
	metrics.num.samples = 2
	metrics.recording.level = INFO
	metrics.sample.window.ms = 30000
	partition.assignment.strategy = [class org.apache.kafka.clients.consumer.RangeAssignor, class org.apache.kafka.clients.consumer.CooperativeStickyAssignor]
	receive.buffer.bytes = 65536
	reconnect.backoff.max.ms = 1000
	reconnect.backoff.ms = 50
	request.timeout.ms = 30000
	retry.backoff.ms = 100
	sasl.client.callback.handler.class = null
	sasl.jaas.config = null
	sasl.kerberos.kinit.cmd = /usr/bin/kinit
	sasl.kerberos.min.time.before.relogin = 60000
	sasl.kerberos.service.name = null
	sasl.kerberos.ticket.renew.jitter = 0.05
	sasl.kerberos.ticket.renew.window.factor = 0.8
	sasl.login.callback.handler.class = null
	sasl.login.class = null
	sasl.login.connect.timeout.ms = null
	sasl.login.read.timeout.ms = null
	sasl.login.refresh.buffer.seconds = 300
	sasl.login.refresh.min.period.seconds = 60
	sasl.login.refresh.window.factor = 0.8
	sasl.login.refresh.window.jitter = 0.05
	sasl.login.retry.backoff.max.ms = 10000
	sasl.login.retry.backoff.ms = 100
	sasl.mechanism = GSSAPI
	sasl.oauthbearer.clock.skew.seconds = 30
	sasl.oauthbearer.expected.audience = null
	sasl.oauthbearer.expected.issuer = null
	sasl.oauthbearer.jwks.endpoint.refresh.ms = 3600000
	sasl.oauthbearer.jwks.endpoint.retry.backoff.max.ms = 10000
	sasl.oauthbearer.jwks.endpoint.retry.backoff.ms = 100
	sasl.oauthbearer.jwks.endpoint.url = null
	sasl.oauthbearer.scope.claim.name = scope
	sasl.oauthbearer.sub.claim.name = sub
	sasl.oauthbearer.token.endpoint.url = null
	security.protocol = PLAINTEXT
	security.providers = null
	send.buffer.bytes = 131072
	session.timeout.ms = 45000
	socket.connection.setup.timeout.max.ms = 30000
	socket.connection.setup.timeout.ms = 10000
	ssl.cipher.suites = null
	ssl.enabled.protocols = [TLSv1.2, TLSv1.3]
	ssl.endpoint.identification.algorithm = https
	ssl.engine.factory.class = null
	ssl.key.password = null
	ssl.keymanager.algorithm = SunX509
	ssl.keystore.certificate.chain = null
	ssl.keystore.key = null
	ssl.keystore.location = null
	ssl.keystore.password = null
	ssl.keystore.type = JKS
	ssl.protocol = TLSv1.3
	ssl.provider = null
	ssl.secure.random.implementation = null
	ssl.trustmanager.algorithm = PKIX
	ssl.truststore.certificates = null
	ssl.truststore.location = null
	ssl.truststore.password = null
	ssl.truststore.type = JKS
	value.deserializer = class org.apache.kafka.common.serialization.StringDeserializer

2023-03-03 05:00:27.055  INFO [email-service,,] 613 --- [           main] o.a.kafka.common.utils.AppInfoParser     : Kafka version: 3.1.2
2023-03-03 05:00:27.057  INFO [email-service,,] 613 --- [           main] o.a.kafka.common.utils.AppInfoParser     : Kafka commitId: f8c67dc3ae0a3265
2023-03-03 05:00:27.057  INFO [email-service,,] 613 --- [           main] o.a.kafka.common.utils.AppInfoParser     : Kafka startTimeMs: 1677819627051
2023-03-03 05:00:27.080  INFO [email-service,,] 613 --- [           main] o.a.k.clients.consumer.KafkaConsumer     : [Consumer clientId=consumer-email-group-1, groupId=email-group] Subscribed to topic(s): flight.email.topic
2023-03-03 05:00:27.116  INFO [email-service,,] 613 --- [           main] com.email.EmailServiceApplicationTests   : Started EmailServiceApplicationTests in 5.91 seconds (JVM running for 7.357)
2023-03-03 05:00:27.573  INFO [email-service,,] 613 --- [ntainer#0-0-C-1] org.apache.kafka.clients.NetworkClient   : [Consumer clientId=consumer-email-group-1, groupId=email-group] Node -1 disconnected.
2023-03-03 05:00:27.576  WARN [email-service,,] 613 --- [ntainer#0-0-C-1] org.apache.kafka.clients.NetworkClient   : [Consumer clientId=consumer-email-group-1, groupId=email-group] Connection to node -1 (localhost/127.0.0.1:9092) could not be established. Broker may not be available.
2023-03-03 05:00:27.576  WARN [email-service,,] 613 --- [ntainer#0-0-C-1] org.apache.kafka.clients.NetworkClient   : [Consumer clientId=consumer-email-group-1, groupId=email-group] Bootstrap broker localhost:9092 (id: -1 rack: null) disconnected
2023-03-03 05:00:27.674  INFO [email-service,,] 613 --- [ntainer#0-0-C-1] org.apache.kafka.clients.NetworkClient   : [Consumer clientId=consumer-email-group-1, groupId=email-group] Node -1 disconnected.
2023-03-03 05:00:27.674  WARN [email-service,,] 613 --- [ntainer#0-0-C-1] org.apache.kafka.clients.NetworkClient   : [Consumer clientId=consumer-email-group-1, groupId=email-group] Connection to node -1 (localhost/127.0.0.1:9092) could not be established. Broker may not be available.
2023-03-03 05:00:27.674  WARN [email-service,,] 613 --- [ntainer#0-0-C-1] org.apache.kafka.clients.NetworkClient   : [Consumer clientId=consumer-email-group-1, groupId=email-group] Bootstrap broker localhost:9092 (id: -1 rack: null) disconnected
2023-03-03 05:00:27.775  INFO [email-service,,] 613 --- [ntainer#0-0-C-1] org.apache.kafka.clients.NetworkClient   : [Consumer clientId=consumer-email-group-1, groupId=email-group] Node -1 disconnected.
2023-03-03 05:00:27.775  WARN [email-service,,] 613 --- [ntainer#0-0-C-1] org.apache.kafka.clients.NetworkClient   : [Consumer clientId=consumer-email-group-1, groupId=email-group] Connection to node -1 (localhost/127.0.0.1:9092) could not be established. Broker may not be available.
2023-03-03 05:00:27.776  WARN [email-service,,] 613 --- [ntainer#0-0-C-1] org.apache.kafka.clients.NetworkClient   : [Consumer clientId=consumer-email-group-1, groupId=email-group] Bootstrap broker localhost:9092 (id: -1 rack: null) disconnected
2023-03-03 05:00:27.976  INFO [email-service,,] 613 --- [ntainer#0-0-C-1] org.apache.kafka.clients.NetworkClient   : [Consumer clientId=consumer-email-group-1, groupId=email-group] Node -1 disconnected.
2023-03-03 05:00:27.976  WARN [email-service,,] 613 --- [ntainer#0-0-C-1] org.apache.kafka.clients.NetworkClient   : [Consumer clientId=consumer-email-group-1, groupId=email-group] Connection to node -1 (localhost/127.0.0.1:9092) could not be established. Broker may not be available.
2023-03-03 05:00:27.976  WARN [email-service,,] 613 --- [ntainer#0-0-C-1] org.apache.kafka.clients.NetworkClient   : [Consumer clientId=consumer-email-group-1, groupId=email-group] Bootstrap broker localhost:9092 (id: -1 rack: null) disconnected
[INFO] Tests run: 1, Failures: 0, Errors: 0, Skipped: 0, Time elapsed: 7.752 s - in com.email.EmailServiceApplicationTests
2023-03-03 05:00:28.169  INFO [email-service,,] 613 --- [ntainer#0-0-C-1] o.a.k.c.c.internals.ConsumerCoordinator  : [Consumer clientId=consumer-email-group-1, groupId=email-group] Resetting generation due to: consumer pro-actively leaving the group
2023-03-03 05:00:28.170  INFO [email-service,,] 613 --- [ntainer#0-0-C-1] o.a.k.c.c.internals.ConsumerCoordinator  : [Consumer clientId=consumer-email-group-1, groupId=email-group] Request joining group due to: consumer pro-actively leaving the group
2023-03-03 05:00:28.170  INFO [email-service,,] 613 --- [ntainer#0-0-C-1] o.a.k.clients.consumer.KafkaConsumer     : [Consumer clientId=consumer-email-group-1, groupId=email-group] Unsubscribed all topics or patterns and assigned partitions
2023-03-03 05:00:28.172  INFO [email-service,,] 613 --- [ntainer#0-0-C-1] o.a.k.c.c.internals.ConsumerCoordinator  : [Consumer clientId=consumer-email-group-1, groupId=email-group] Resetting generation due to: consumer pro-actively leaving the group
2023-03-03 05:00:28.172  INFO [email-service,,] 613 --- [ntainer#0-0-C-1] o.a.k.c.c.internals.ConsumerCoordinator  : [Consumer clientId=consumer-email-group-1, groupId=email-group] Request joining group due to: consumer pro-actively leaving the group
2023-03-03 05:00:28.173  INFO [email-service,,] 613 --- [ntainer#0-0-C-1] org.apache.kafka.common.metrics.Metrics  : Metrics scheduler closed
2023-03-03 05:00:28.173  INFO [email-service,,] 613 --- [ntainer#0-0-C-1] org.apache.kafka.common.metrics.Metrics  : Closing reporter org.apache.kafka.common.metrics.JmxReporter
2023-03-03 05:00:28.173  INFO [email-service,,] 613 --- [ntainer#0-0-C-1] org.apache.kafka.common.metrics.Metrics  : Metrics reporters closed
2023-03-03 05:00:28.178  INFO [email-service,,] 613 --- [ntainer#0-0-C-1] o.a.kafka.common.utils.AppInfoParser     : App info kafka.consumer for consumer-email-group-1 unregistered
2023-03-03 05:00:28.179  INFO [email-service,,] 613 --- [ntainer#0-0-C-1] o.s.k.l.KafkaMessageListenerContainer    : email-group: Consumer stopped
[INFO] 
[INFO] Results:
[INFO] 
[INFO] Tests run: 1, Failures: 0, Errors: 0, Skipped: 0
[INFO] 
[INFO] 
[INFO] --- jar:3.2.2:jar (default-jar) @ email-service ---
[INFO] Building jar: /var/jenkins_home/workspace/flight-system/email-service/target/email-service-0.0.1-SNAPSHOT.jar
[INFO] 
[INFO] --- spring-boot:2.7.8:repackage (repackage) @ email-service ---
[INFO] Replacing main artifact with repackaged archive
[INFO] 
[INFO] --- install:2.5.2:install (default-install) @ email-service ---
[INFO] Installing /var/jenkins_home/workspace/flight-system/email-service/target/email-service-0.0.1-SNAPSHOT.jar to /root/.m2/repository/com/api/email-service/0.0.1-SNAPSHOT/email-service-0.0.1-SNAPSHOT.jar
[INFO] Installing /var/jenkins_home/workspace/flight-system/email-service/pom.xml to /root/.m2/repository/com/api/email-service/0.0.1-SNAPSHOT/email-service-0.0.1-SNAPSHOT.pom
[INFO] ------------------------------------------------------------------------
[INFO] BUILD SUCCESS
[INFO] ------------------------------------------------------------------------
[INFO] Total time:  12.971 s
[INFO] Finished at: 2023-03-03T05:00:30Z
[INFO] ------------------------------------------------------------------------
Finished: SUCCESS
