Started by user [8mha:////4G+DXSiVimt9tvdZJ/hgPSIeiaZzSm0HFyfEQPx1+55SAAAAlx+LCAAAAAAAAP9b85aBtbiIQTGjNKU4P08vOT+vOD8nVc83PyU1x6OyILUoJzMv2y+/JJUBAhiZGBgqihhk0NSjKDWzXb3RdlLBUSYGJk8GtpzUvPSSDB8G5tKinBIGIZ+sxLJE/ZzEvHT94JKizLx0a6BxUmjGOUNodHsLgAyOEgZu/dLi1CL9xJTczDwAg9OS0cAAAAA=[0mmsweelam
Running as SYSTEM
Building in workspace /var/jenkins_home/workspace/flight-system
The recommended git tool is: NONE
No credentials specified
 > git rev-parse --resolve-git-dir /var/jenkins_home/workspace/flight-system/.git # timeout=10
Fetching changes from the remote Git repository
 > git config remote.origin.url https://github.com/sweelam/flight-system # timeout=10
Fetching upstream changes from https://github.com/sweelam/flight-system
 > git --version # timeout=10
 > git --version # 'git version 2.30.2'
 > git fetch --tags --force --progress -- https://github.com/sweelam/flight-system +refs/heads/*:refs/remotes/origin/* # timeout=10
Seen branch in repository origin/main
Seen 1 remote branch
 > git show-ref --tags -d # timeout=10
Checking out Revision 2a8c201c0ebba5ae71ce4e8d3a7f8ccb9069db06 (origin/main)
 > git config core.sparsecheckout # timeout=10
 > git checkout -f 2a8c201c0ebba5ae71ce4e8d3a7f8ccb9069db06 # timeout=10
Commit message: "disable opentracing"
 > git rev-list --no-walk 2a8c201c0ebba5ae71ce4e8d3a7f8ccb9069db06 # timeout=10
[flight-system] $ /var/jenkins_home/tools/hudson.tasks.Maven_MavenInstallation/mvn-3.9.0/bin/mvn -f customer-service/pom.xml clean install
[INFO] Scanning for projects...
[INFO] 
[INFO] -------------------< com.customers:customer-service >-------------------
[INFO] Building customer-service 0.0.1-SNAPSHOT
[INFO]   from pom.xml
[INFO] --------------------------------[ jar ]---------------------------------
[INFO] 
[INFO] --- clean:3.2.0:clean (default-clean) @ customer-service ---
[INFO] Deleting /var/jenkins_home/workspace/flight-system/customer-service/target
[INFO] 
[INFO] --- resources:3.2.0:resources (default-resources) @ customer-service ---
[INFO] Using 'UTF-8' encoding to copy filtered resources.
[INFO] Using 'UTF-8' encoding to copy filtered properties files.
[INFO] Copying 1 resource
[INFO] Copying 0 resource
[INFO] 
[INFO] --- compiler:3.10.1:compile (default-compile) @ customer-service ---
[INFO] Changes detected - recompiling the module!
[INFO] Compiling 5 source files to /var/jenkins_home/workspace/flight-system/customer-service/target/classes
[INFO] 
[INFO] --- resources:3.2.0:testResources (default-testResources) @ customer-service ---
[INFO] Using 'UTF-8' encoding to copy filtered resources.
[INFO] Using 'UTF-8' encoding to copy filtered properties files.
[INFO] Copying 1 resource
[INFO] 
[INFO] --- compiler:3.10.1:testCompile (default-testCompile) @ customer-service ---
[INFO] Changes detected - recompiling the module!
[INFO] Compiling 3 source files to /var/jenkins_home/workspace/flight-system/customer-service/target/test-classes
[INFO] 
[INFO] --- surefire:2.22.2:test (default-test) @ customer-service ---
[INFO] 
[INFO] -------------------------------------------------------
[INFO]  T E S T S
[INFO] -------------------------------------------------------
[INFO] Running com.customers.CustomerServiceApplicationTests
19:45:32.407 [main] DEBUG org.springframework.test.context.BootstrapUtils - Instantiating CacheAwareContextLoaderDelegate from class [org.springframework.test.context.cache.DefaultCacheAwareContextLoaderDelegate]
19:45:32.434 [main] DEBUG org.springframework.test.context.BootstrapUtils - Instantiating BootstrapContext using constructor [public org.springframework.test.context.support.DefaultBootstrapContext(java.lang.Class,org.springframework.test.context.CacheAwareContextLoaderDelegate)]
19:45:32.499 [main] DEBUG org.springframework.test.context.BootstrapUtils - Instantiating TestContextBootstrapper for test class [com.customers.CustomerServiceApplicationTests] from class [org.springframework.boot.test.context.SpringBootTestContextBootstrapper]
19:45:32.524 [main] INFO org.springframework.boot.test.context.SpringBootTestContextBootstrapper - Neither @ContextConfiguration nor @ContextHierarchy found for test class [com.customers.CustomerServiceApplicationTests], using SpringBootContextLoader
19:45:32.533 [main] DEBUG org.springframework.test.context.support.AbstractContextLoader - Did not detect default resource location for test class [com.customers.CustomerServiceApplicationTests]: class path resource [com/customers/CustomerServiceApplicationTests-context.xml] does not exist
19:45:32.534 [main] DEBUG org.springframework.test.context.support.AbstractContextLoader - Did not detect default resource location for test class [com.customers.CustomerServiceApplicationTests]: class path resource [com/customers/CustomerServiceApplicationTestsContext.groovy] does not exist
19:45:32.534 [main] INFO org.springframework.test.context.support.AbstractContextLoader - Could not detect default resource locations for test class [com.customers.CustomerServiceApplicationTests]: no resource found for suffixes {-context.xml, Context.groovy}.
19:45:32.536 [main] INFO org.springframework.test.context.support.AnnotationConfigContextLoaderUtils - Could not detect default configuration classes for test class [com.customers.CustomerServiceApplicationTests]: CustomerServiceApplicationTests does not declare any static, non-private, non-final, nested classes annotated with @Configuration.
19:45:32.664 [main] DEBUG org.springframework.test.context.support.ActiveProfilesUtils - Could not find an 'annotation declaring class' for annotation type [org.springframework.test.context.ActiveProfiles] and class [com.customers.CustomerServiceApplicationTests]
19:45:32.766 [main] DEBUG org.springframework.context.annotation.ClassPathScanningCandidateComponentProvider - Identified candidate component class: file [/var/jenkins_home/workspace/flight-system/customer-service/target/classes/com/customers/CustomerServiceApplication.class]
19:45:32.768 [main] INFO org.springframework.boot.test.context.SpringBootTestContextBootstrapper - Found @SpringBootConfiguration com.customers.CustomerServiceApplication for test class com.customers.CustomerServiceApplicationTests
19:45:33.022 [main] DEBUG org.springframework.boot.test.context.SpringBootTestContextBootstrapper - @TestExecutionListeners is not present for class [com.customers.CustomerServiceApplicationTests]: using defaults.
19:45:33.028 [main] INFO org.springframework.boot.test.context.SpringBootTestContextBootstrapper - Loaded default TestExecutionListener class names from location [META-INF/spring.factories]: [org.springframework.boot.test.mock.mockito.MockitoTestExecutionListener, org.springframework.boot.test.mock.mockito.ResetMocksTestExecutionListener, org.springframework.boot.test.autoconfigure.restdocs.RestDocsTestExecutionListener, org.springframework.boot.test.autoconfigure.web.client.MockRestServiceServerResetTestExecutionListener, org.springframework.boot.test.autoconfigure.web.servlet.MockMvcPrintOnlyOnFailureTestExecutionListener, org.springframework.boot.test.autoconfigure.web.servlet.WebDriverTestExecutionListener, org.springframework.boot.test.autoconfigure.webservices.client.MockWebServiceServerTestExecutionListener, org.springframework.test.context.web.ServletTestExecutionListener, org.springframework.test.context.support.DirtiesContextBeforeModesTestExecutionListener, org.springframework.test.context.event.ApplicationEventsTestExecutionListener, org.springframework.test.context.support.DependencyInjectionTestExecutionListener, org.springframework.test.context.support.DirtiesContextTestExecutionListener, org.springframework.test.context.transaction.TransactionalTestExecutionListener, org.springframework.test.context.jdbc.SqlScriptsTestExecutionListener, org.springframework.test.context.event.EventPublishingTestExecutionListener]
19:45:33.082 [main] INFO org.springframework.boot.test.context.SpringBootTestContextBootstrapper - Using TestExecutionListeners: [org.springframework.test.context.web.ServletTestExecutionListener@665df3c6, org.springframework.test.context.support.DirtiesContextBeforeModesTestExecutionListener@68b6f0d6, org.springframework.test.context.event.ApplicationEventsTestExecutionListener@4044fb95, org.springframework.boot.test.mock.mockito.MockitoTestExecutionListener@aa549e5, org.springframework.boot.test.autoconfigure.SpringBootDependencyInjectionTestExecutionListener@36f48b4, org.springframework.test.context.support.DirtiesContextTestExecutionListener@5c00384f, org.springframework.test.context.transaction.TransactionalTestExecutionListener@3b7ff809, org.springframework.test.context.jdbc.SqlScriptsTestExecutionListener@1bb564e2, org.springframework.test.context.event.EventPublishingTestExecutionListener@62e6b5c8, org.springframework.boot.test.mock.mockito.ResetMocksTestExecutionListener@3f792b9b, org.springframework.boot.test.autoconfigure.restdocs.RestDocsTestExecutionListener@7b8233cd, org.springframework.boot.test.autoconfigure.web.client.MockRestServiceServerResetTestExecutionListener@4b20ca2b, org.springframework.boot.test.autoconfigure.web.servlet.MockMvcPrintOnlyOnFailureTestExecutionListener@1cbf6e72, org.springframework.boot.test.autoconfigure.web.servlet.WebDriverTestExecutionListener@6aecbb8d, org.springframework.boot.test.autoconfigure.webservices.client.MockWebServiceServerTestExecutionListener@1af146]
19:45:33.090 [main] DEBUG org.springframework.test.context.support.AbstractDirtiesContextTestExecutionListener - Before test class: context [DefaultTestContext@57fd91c9 testClass = CustomerServiceApplicationTests, testInstance = [null], testMethod = [null], testException = [null], mergedContextConfiguration = [WebMergedContextConfiguration@6cfcd46d testClass = CustomerServiceApplicationTests, locations = '{}', classes = '{class com.customers.CustomerServiceApplication}', contextInitializerClasses = '[]', activeProfiles = '{}', propertySourceLocations = '{}', propertySourceProperties = '{org.springframework.boot.test.context.SpringBootTestContextBootstrapper=true}', contextCustomizers = set[org.springframework.boot.test.context.filter.ExcludeFilterContextCustomizer@934b6cb, org.springframework.boot.test.json.DuplicateJsonObjectContextCustomizerFactory$DuplicateJsonObjectContextCustomizer@2609b277, org.springframework.boot.test.mock.mockito.MockitoContextCustomizer@0, org.springframework.boot.test.web.client.TestRestTemplateContextCustomizer@19e7a160, org.springframework.boot.test.autoconfigure.actuate.metrics.MetricsExportContextCustomizerFactory$DisableMetricExportContextCustomizer@7e19ebf0, org.springframework.boot.test.autoconfigure.properties.PropertyMappingContextCustomizer@0, org.springframework.boot.test.autoconfigure.web.servlet.WebDriverContextCustomizerFactory$Customizer@1fb19a0, org.springframework.boot.test.context.SpringBootTestArgs@1, org.springframework.boot.test.context.SpringBootTestWebEnvironment@1139b2f3], resourceBasePath = 'src/main/webapp', contextLoader = 'org.springframework.boot.test.context.SpringBootContextLoader', parent = [null]], attributes = map['org.springframework.test.context.web.ServletTestExecutionListener.activateListener' -> true]], class annotated with @DirtiesContext [false] with mode [null].

  .   ____          _            __ _ _
 /\\ / ___'_ __ _ _(_)_ __  __ _ \ \ \ \
( ( )\___ | '_ | '_| | '_ \/ _` | \ \ \ \
 \\/  ___)| |_)| | | | | || (_| |  ) ) ) )
  '  |____| .__|_| |_|_| |_\__, | / / / /
 =========|_|==============|___/=/_/_/_/
 :: Spring Boot ::                (v2.7.8)

2023-02-28 19:45:33.846  INFO 850 --- [           main] c.c.CustomerServiceApplicationTests      : Starting CustomerServiceApplicationTests using Java 17.0.6 on da76948a1192 with PID 850 (started by root in /var/jenkins_home/workspace/flight-system/customer-service)
2023-02-28 19:45:33.848  INFO 850 --- [           main] c.c.CustomerServiceApplicationTests      : No active profile set, falling back to 1 default profile: "default"
2023-02-28 19:45:36.711  INFO 850 --- [           main] trationDelegate$BeanPostProcessorChecker : Bean 'io.opentracing.contrib.spring.cloud.async.DefaultAsyncAutoConfiguration' of type [io.opentracing.contrib.spring.cloud.async.DefaultAsyncAutoConfiguration$$EnhancerBySpringCGLIB$$81d3d50c] is not eligible for getting processed by all BeanPostProcessors (for example: not eligible for auto-proxying)
2023-02-28 19:45:37.061  INFO 850 --- [           main] trationDelegate$BeanPostProcessorChecker : Bean 'io.opentracing.contrib.spring.cloud.kafka.KafkaAutoConfiguration' of type [io.opentracing.contrib.spring.cloud.kafka.KafkaAutoConfiguration$$EnhancerBySpringCGLIB$$f7791d89] is not eligible for getting processed by all BeanPostProcessors (for example: not eligible for auto-proxying)
2023-02-28 19:45:37.080  INFO 850 --- [           main] trationDelegate$BeanPostProcessorChecker : Bean 'io.opentracing.contrib.java.spring.jaeger.starter.JaegerAutoConfiguration' of type [io.opentracing.contrib.java.spring.jaeger.starter.JaegerAutoConfiguration$$EnhancerBySpringCGLIB$$929ae2fb] is not eligible for getting processed by all BeanPostProcessors (for example: not eligible for auto-proxying)
2023-02-28 19:45:37.145  INFO 850 --- [           main] trationDelegate$BeanPostProcessorChecker : Bean 'opentracing.jaeger-io.opentracing.contrib.java.spring.jaeger.starter.JaegerConfigurationProperties' of type [io.opentracing.contrib.java.spring.jaeger.starter.JaegerConfigurationProperties] is not eligible for getting processed by all BeanPostProcessors (for example: not eligible for auto-proxying)
2023-02-28 19:45:37.160  INFO 850 --- [           main] trationDelegate$BeanPostProcessorChecker : Bean 'metricsFactory' of type [io.jaegertracing.internal.metrics.NoopMetricsFactory] is not eligible for getting processed by all BeanPostProcessors (for example: not eligible for auto-proxying)
2023-02-28 19:45:37.172  INFO 850 --- [           main] trationDelegate$BeanPostProcessorChecker : Bean 'metrics' of type [io.jaegertracing.internal.metrics.Metrics] is not eligible for getting processed by all BeanPostProcessors (for example: not eligible for auto-proxying)
2023-02-28 19:45:37.183  INFO 850 --- [           main] trationDelegate$BeanPostProcessorChecker : Bean 'sampler' of type [io.jaegertracing.internal.samplers.ConstSampler] is not eligible for getting processed by all BeanPostProcessors (for example: not eligible for auto-proxying)
2023-02-28 19:45:37.513  INFO 850 --- [           main] trationDelegate$BeanPostProcessorChecker : Bean 'reporter' of type [io.jaegertracing.internal.reporters.CompositeReporter] is not eligible for getting processed by all BeanPostProcessors (for example: not eligible for auto-proxying)
2023-02-28 19:45:37.556  INFO 850 --- [           main] trationDelegate$BeanPostProcessorChecker : Bean 'tracer' of type [io.jaegertracing.internal.JaegerTracer] is not eligible for getting processed by all BeanPostProcessors (for example: not eligible for auto-proxying)
2023-02-28 19:45:38.678  INFO 850 --- [           main] o.c.s.w.s.ServerTracingAutoConfiguration : Creating WebMvcConfigurer bean with class io.opentracing.contrib.spring.web.interceptor.TracingHandlerInterceptor
2023-02-28 19:45:40.564  INFO 850 --- [           main] o.c.s.w.s.ServerTracingAutoConfiguration : Creating FilterRegistrationBean bean with TracingFilter mapped to [], skip pattern is "/api-docs.*|/swagger.*|.*\.png|.*\.css|.*\.js|.*\.html|/favicon.ico|/hystrix.stream|/actuator/(health|health/.*)"
2023-02-28 19:45:41.504  INFO 850 --- [           main] o.s.b.a.e.web.EndpointLinksResolver      : Exposing 1 endpoint(s) beneath base path '/actuator'
2023-02-28 19:45:41.640  INFO 850 --- [           main] c.c.CustomerServiceApplicationTests      : Started CustomerServiceApplicationTests in 8.461 seconds (JVM running for 10.321)
[INFO] Tests run: 1, Failures: 0, Errors: 0, Skipped: 0, Time elapsed: 10.426 s - in com.customers.CustomerServiceApplicationTests
[INFO] Running com.customers.api.CustomerControllerTest
2023-02-28 19:45:42.690  INFO 850 --- [           main] .b.t.c.SpringBootTestContextBootstrapper : Neither @ContextConfiguration nor @ContextHierarchy found for test class [com.customers.api.CustomerControllerTest], using SpringBootContextLoader
2023-02-28 19:45:42.693  INFO 850 --- [           main] o.s.t.c.support.AbstractContextLoader    : Could not detect default resource locations for test class [com.customers.api.CustomerControllerTest]: no resource found for suffixes {-context.xml, Context.groovy}.
2023-02-28 19:45:42.694  INFO 850 --- [           main] t.c.s.AnnotationConfigContextLoaderUtils : Could not detect default configuration classes for test class [com.customers.api.CustomerControllerTest]: CustomerControllerTest does not declare any static, non-private, non-final, nested classes annotated with @Configuration.
2023-02-28 19:45:42.752  INFO 850 --- [           main] .b.t.c.SpringBootTestContextBootstrapper : Found @SpringBootConfiguration com.customers.CustomerServiceApplication for test class com.customers.api.CustomerControllerTest
2023-02-28 19:45:42.757  INFO 850 --- [           main] .b.t.c.SpringBootTestContextBootstrapper : Loaded default TestExecutionListener class names from location [META-INF/spring.factories]: [org.springframework.boot.test.mock.mockito.MockitoTestExecutionListener, org.springframework.boot.test.mock.mockito.ResetMocksTestExecutionListener, org.springframework.boot.test.autoconfigure.restdocs.RestDocsTestExecutionListener, org.springframework.boot.test.autoconfigure.web.client.MockRestServiceServerResetTestExecutionListener, org.springframework.boot.test.autoconfigure.web.servlet.MockMvcPrintOnlyOnFailureTestExecutionListener, org.springframework.boot.test.autoconfigure.web.servlet.WebDriverTestExecutionListener, org.springframework.boot.test.autoconfigure.webservices.client.MockWebServiceServerTestExecutionListener, org.springframework.test.context.web.ServletTestExecutionListener, org.springframework.test.context.support.DirtiesContextBeforeModesTestExecutionListener, org.springframework.test.context.event.ApplicationEventsTestExecutionListener, org.springframework.test.context.support.DependencyInjectionTestExecutionListener, org.springframework.test.context.support.DirtiesContextTestExecutionListener, org.springframework.test.context.transaction.TransactionalTestExecutionListener, org.springframework.test.context.jdbc.SqlScriptsTestExecutionListener, org.springframework.test.context.event.EventPublishingTestExecutionListener]
2023-02-28 19:45:42.758  INFO 850 --- [           main] .b.t.c.SpringBootTestContextBootstrapper : Using TestExecutionListeners: [org.springframework.test.context.web.ServletTestExecutionListener@3f71ae7f, org.springframework.test.context.support.DirtiesContextBeforeModesTestExecutionListener@5b32e0b1, org.springframework.test.context.event.ApplicationEventsTestExecutionListener@d1d85d0, org.springframework.boot.test.mock.mockito.MockitoTestExecutionListener@115a7e51, org.springframework.boot.test.autoconfigure.SpringBootDependencyInjectionTestExecutionListener@23ea3853, org.springframework.test.context.support.DirtiesContextTestExecutionListener@6f1163f7, org.springframework.test.context.transaction.TransactionalTestExecutionListener@e4348c0, org.springframework.test.context.jdbc.SqlScriptsTestExecutionListener@4ca907af, org.springframework.test.context.event.EventPublishingTestExecutionListener@3ef396c9, org.springframework.boot.test.mock.mockito.ResetMocksTestExecutionListener@5a99543b, org.springframework.boot.test.autoconfigure.restdocs.RestDocsTestExecutionListener@4e0802e0, org.springframework.boot.test.autoconfigure.web.client.MockRestServiceServerResetTestExecutionListener@4a18e0f1, org.springframework.boot.test.autoconfigure.web.servlet.MockMvcPrintOnlyOnFailureTestExecutionListener@687f62a5, org.springframework.boot.test.autoconfigure.web.servlet.WebDriverTestExecutionListener@7857cb1d, org.springframework.boot.test.autoconfigure.webservices.client.MockWebServiceServerTestExecutionListener@7646c9f5]

  .   ____          _            __ _ _
 /\\ / ___'_ __ _ _(_)_ __  __ _ \ \ \ \
( ( )\___ | '_ | '_| | '_ \/ _` | \ \ \ \
 \\/  ___)| |_)| | | | | || (_| |  ) ) ) )
  '  |____| .__|_| |_|_| |_\__, | / / / /
 =========|_|==============|___/=/_/_/_/
 :: Spring Boot ::                (v2.7.8)

2023-02-28 19:45:42.882  INFO 850 --- [           main] c.customers.api.CustomerControllerTest   : Starting CustomerControllerTest using Java 17.0.6 on da76948a1192 with PID 850 (started by root in /var/jenkins_home/workspace/flight-system/customer-service)
2023-02-28 19:45:42.882  INFO 850 --- [           main] c.customers.api.CustomerControllerTest   : The following 1 profile is active: "test"
2023-02-28 19:45:43.583  INFO 850 --- [           main] trationDelegate$BeanPostProcessorChecker : Bean 'io.opentracing.contrib.spring.cloud.async.DefaultAsyncAutoConfiguration' of type [io.opentracing.contrib.spring.cloud.async.DefaultAsyncAutoConfiguration$$EnhancerBySpringCGLIB$$81d3d50c] is not eligible for getting processed by all BeanPostProcessors (for example: not eligible for auto-proxying)
2023-02-28 19:45:43.610  INFO 850 --- [           main] trationDelegate$BeanPostProcessorChecker : Bean 'io.opentracing.contrib.spring.cloud.kafka.KafkaAutoConfiguration' of type [io.opentracing.contrib.spring.cloud.kafka.KafkaAutoConfiguration$$EnhancerBySpringCGLIB$$f7791d89] is not eligible for getting processed by all BeanPostProcessors (for example: not eligible for auto-proxying)
2023-02-28 19:45:43.622  INFO 850 --- [           main] trationDelegate$BeanPostProcessorChecker : Bean 'tracingConfig' of type [com.customers.config.TracingConfig$$EnhancerBySpringCGLIB$$5b5e61b7] is not eligible for getting processed by all BeanPostProcessors (for example: not eligible for auto-proxying)
2023-02-28 19:45:43.632  INFO 850 --- [           main] trationDelegate$BeanPostProcessorChecker : Bean 'jaegerTracer' of type [io.opentracing.noop.NoopTracerImpl] is not eligible for getting processed by all BeanPostProcessors (for example: not eligible for auto-proxying)
2023-02-28 19:45:44.194  INFO 850 --- [           main] o.s.b.w.embedded.tomcat.TomcatWebServer  : Tomcat initialized with port(s): 0 (http)
2023-02-28 19:45:44.211  INFO 850 --- [           main] o.apache.catalina.core.StandardService   : Starting service [Tomcat]
2023-02-28 19:45:44.211  INFO 850 --- [           main] org.apache.catalina.core.StandardEngine  : Starting Servlet engine: [Apache Tomcat/9.0.71]
2023-02-28 19:45:44.372  INFO 850 --- [           main] o.a.c.c.C.[Tomcat].[localhost].[/]       : Initializing Spring embedded WebApplicationContext
2023-02-28 19:45:44.372  INFO 850 --- [           main] w.s.c.ServletWebServerApplicationContext : Root WebApplicationContext: initialization completed in 1484 ms
2023-02-28 19:45:44.675  INFO 850 --- [           main] o.c.s.w.s.ServerTracingAutoConfiguration : Creating FilterRegistrationBean bean with TracingFilter mapped to [], skip pattern is "/api-docs.*|/swagger.*|.*\.png|.*\.css|.*\.js|.*\.html|/favicon.ico|/hystrix.stream|/actuator/(health|health/.*)"
2023-02-28 19:45:45.379  INFO 850 --- [           main] o.c.s.w.s.ServerTracingAutoConfiguration : Creating WebMvcConfigurer bean with class io.opentracing.contrib.spring.web.interceptor.TracingHandlerInterceptor
2023-02-28 19:45:46.891  INFO 850 --- [           main] o.a.c.c.C.[Tomcat].[localhost].[/]       : Initializing Spring TestDispatcherServlet ''
2023-02-28 19:45:46.894  INFO 850 --- [           main] o.s.t.web.servlet.TestDispatcherServlet  : Initializing Servlet ''
2023-02-28 19:45:46.905  INFO 850 --- [           main] o.s.b.a.e.web.EndpointLinksResolver      : Exposing 1 endpoint(s) beneath base path '/actuator'
2023-02-28 19:45:46.991  INFO 850 --- [           main] o.s.t.web.servlet.TestDispatcherServlet  : Completed initialization in 97 ms
2023-02-28 19:45:47.161  INFO 850 --- [           main] o.s.b.w.embedded.tomcat.TomcatWebServer  : Tomcat started on port(s): 39655 (http) with context path ''
2023-02-28 19:45:47.165  INFO 850 --- [           main] c.customers.api.CustomerControllerTest   : Started CustomerControllerTest in 4.393 seconds (JVM running for 15.845)
[INFO] Tests run: 2, Failures: 0, Errors: 0, Skipped: 0, Time elapsed: 4.699 s - in com.customers.api.CustomerControllerTest
[INFO] 
[INFO] Results:
[INFO] 
[INFO] Tests run: 3, Failures: 0, Errors: 0, Skipped: 0
[INFO] 
[INFO] 
[INFO] --- jar:3.2.2:jar (default-jar) @ customer-service ---
[INFO] Building jar: /var/jenkins_home/workspace/flight-system/customer-service/target/customer-service-0.0.1-SNAPSHOT.jar
[INFO] 
[INFO] --- spring-boot:2.7.8:repackage (repackage) @ customer-service ---
[INFO] Replacing main artifact with repackaged archive
[INFO] 
[INFO] --- install:2.5.2:install (default-install) @ customer-service ---
[INFO] Installing /var/jenkins_home/workspace/flight-system/customer-service/target/customer-service-0.0.1-SNAPSHOT.jar to /root/.m2/repository/com/customers/customer-service/0.0.1-SNAPSHOT/customer-service-0.0.1-SNAPSHOT.jar
[INFO] Installing /var/jenkins_home/workspace/flight-system/customer-service/pom.xml to /root/.m2/repository/com/customers/customer-service/0.0.1-SNAPSHOT/customer-service-0.0.1-SNAPSHOT.pom
[INFO] ------------------------------------------------------------------------
[INFO] BUILD SUCCESS
[INFO] ------------------------------------------------------------------------
[INFO] Total time:  23.709 s
[INFO] Finished at: 2023-02-28T19:45:51Z
[INFO] ------------------------------------------------------------------------
[flight-system] $ /var/jenkins_home/tools/hudson.tasks.Maven_MavenInstallation/mvn-3.9.0/bin/mvn -f flight-service/pom.xml install
[INFO] Scanning for projects...
[INFO] 
[INFO] ---------------------< com.flight:flight-service >----------------------
[INFO] Building flight-service 0.0.1-SNAPSHOT
[INFO]   from pom.xml
[INFO] --------------------------------[ jar ]---------------------------------
Downloading from central: https://repo.maven.apache.org/maven2/com/google/code/gson/gson/2.10/gson-2.10.pom
Progress (1): 1.4/9.4 kBProgress (1): 2.7/9.4 kBProgress (1): 4.1/9.4 kBProgress (1): 5.5/9.4 kBProgress (1): 6.9/9.4 kBProgress (1): 8.2/9.4 kBProgress (1): 9.4 kB                        Downloaded from central: https://repo.maven.apache.org/maven2/com/google/code/gson/gson/2.10/gson-2.10.pom (9.4 kB at 15 kB/s)
Downloading from central: https://repo.maven.apache.org/maven2/com/google/code/gson/gson-parent/2.10/gson-parent-2.10.pom
Progress (1): 1.4/12 kBProgress (1): 2.7/12 kBProgress (1): 4.1/12 kBProgress (1): 5.5/12 kBProgress (1): 6.9/12 kBProgress (1): 8.2/12 kBProgress (1): 9.6/12 kBProgress (1): 11/12 kB Progress (1): 12 kB                      Downloaded from central: https://repo.maven.apache.org/maven2/com/google/code/gson/gson-parent/2.10/gson-parent-2.10.pom (12 kB at 454 kB/s)
Downloading from central: https://repo.maven.apache.org/maven2/com/google/code/gson/gson/2.10/gson-2.10.jar
Progress (1): 16/286 kBProgress (1): 33/286 kBProgress (1): 49/286 kBProgress (1): 63/286 kBProgress (1): 80/286 kBProgress (1): 96/286 kBProgress (1): 113/286 kBProgress (1): 129/286 kBProgress (1): 145/286 kBProgress (1): 162/286 kBProgress (1): 178/286 kBProgress (1): 195/286 kBProgress (1): 211/286 kBProgress (1): 227/286 kBProgress (1): 244/286 kBProgress (1): 260/286 kBProgress (1): 276/286 kBProgress (1): 286 kB                        Downloaded from central: https://repo.maven.apache.org/maven2/com/google/code/gson/gson/2.10/gson-2.10.jar (286 kB at 2.8 MB/s)
[INFO] 
[INFO] --- resources:3.2.0:resources (default-resources) @ flight-service ---
[INFO] Using 'UTF-8' encoding to copy filtered resources.
[INFO] Using 'UTF-8' encoding to copy filtered properties files.
[INFO] Copying 1 resource
[INFO] Copying 0 resource
[INFO] 
[INFO] --- compiler:3.10.1:compile (default-compile) @ flight-service ---
[INFO] Changes detected - recompiling the module!
[INFO] Compiling 9 source files to /var/jenkins_home/workspace/flight-system/flight-service/target/classes
[INFO] /var/jenkins_home/workspace/flight-system/flight-service/src/main/java/com/flight/api/FlightController.java: /var/jenkins_home/workspace/flight-system/flight-service/src/main/java/com/flight/api/FlightController.java uses unchecked or unsafe operations.
[INFO] /var/jenkins_home/workspace/flight-system/flight-service/src/main/java/com/flight/api/FlightController.java: Recompile with -Xlint:unchecked for details.
[INFO] 
[INFO] --- resources:3.2.0:testResources (default-testResources) @ flight-service ---
[INFO] Using 'UTF-8' encoding to copy filtered resources.
[INFO] Using 'UTF-8' encoding to copy filtered properties files.
[INFO] skip non existing resourceDirectory /var/jenkins_home/workspace/flight-system/flight-service/src/test/resources
[INFO] 
[INFO] --- compiler:3.10.1:testCompile (default-testCompile) @ flight-service ---
[INFO] Changes detected - recompiling the module!
[INFO] Compiling 1 source file to /var/jenkins_home/workspace/flight-system/flight-service/target/test-classes
[INFO] 
[INFO] --- surefire:2.22.2:test (default-test) @ flight-service ---
[INFO] 
[INFO] -------------------------------------------------------
[INFO]  T E S T S
[INFO] -------------------------------------------------------
[INFO] Running com.flight.FlightServiceApplicationTests
19:45:57.300 [main] DEBUG org.springframework.test.context.BootstrapUtils - Instantiating CacheAwareContextLoaderDelegate from class [org.springframework.test.context.cache.DefaultCacheAwareContextLoaderDelegate]
19:45:57.329 [main] DEBUG org.springframework.test.context.BootstrapUtils - Instantiating BootstrapContext using constructor [public org.springframework.test.context.support.DefaultBootstrapContext(java.lang.Class,org.springframework.test.context.CacheAwareContextLoaderDelegate)]
19:45:57.399 [main] DEBUG org.springframework.test.context.BootstrapUtils - Instantiating TestContextBootstrapper for test class [com.flight.FlightServiceApplicationTests] from class [org.springframework.boot.test.context.SpringBootTestContextBootstrapper]
19:45:57.426 [main] INFO org.springframework.boot.test.context.SpringBootTestContextBootstrapper - Neither @ContextConfiguration nor @ContextHierarchy found for test class [com.flight.FlightServiceApplicationTests], using SpringBootContextLoader
19:45:57.435 [main] DEBUG org.springframework.test.context.support.AbstractContextLoader - Did not detect default resource location for test class [com.flight.FlightServiceApplicationTests]: class path resource [com/flight/FlightServiceApplicationTests-context.xml] does not exist
19:45:57.436 [main] DEBUG org.springframework.test.context.support.AbstractContextLoader - Did not detect default resource location for test class [com.flight.FlightServiceApplicationTests]: class path resource [com/flight/FlightServiceApplicationTestsContext.groovy] does not exist
19:45:57.436 [main] INFO org.springframework.test.context.support.AbstractContextLoader - Could not detect default resource locations for test class [com.flight.FlightServiceApplicationTests]: no resource found for suffixes {-context.xml, Context.groovy}.
19:45:57.438 [main] INFO org.springframework.test.context.support.AnnotationConfigContextLoaderUtils - Could not detect default configuration classes for test class [com.flight.FlightServiceApplicationTests]: FlightServiceApplicationTests does not declare any static, non-private, non-final, nested classes annotated with @Configuration.
19:45:57.538 [main] DEBUG org.springframework.test.context.support.ActiveProfilesUtils - Could not find an 'annotation declaring class' for annotation type [org.springframework.test.context.ActiveProfiles] and class [com.flight.FlightServiceApplicationTests]
19:45:57.657 [main] DEBUG org.springframework.context.annotation.ClassPathScanningCandidateComponentProvider - Identified candidate component class: file [/var/jenkins_home/workspace/flight-system/flight-service/target/classes/com/flight/FlightServiceApplication.class]
19:45:57.659 [main] INFO org.springframework.boot.test.context.SpringBootTestContextBootstrapper - Found @SpringBootConfiguration com.flight.FlightServiceApplication for test class com.flight.FlightServiceApplicationTests
19:45:57.916 [main] DEBUG org.springframework.boot.test.context.SpringBootTestContextBootstrapper - @TestExecutionListeners is not present for class [com.flight.FlightServiceApplicationTests]: using defaults.
19:45:57.917 [main] INFO org.springframework.boot.test.context.SpringBootTestContextBootstrapper - Loaded default TestExecutionListener class names from location [META-INF/spring.factories]: [org.springframework.boot.test.mock.mockito.MockitoTestExecutionListener, org.springframework.boot.test.mock.mockito.ResetMocksTestExecutionListener, org.springframework.boot.test.autoconfigure.restdocs.RestDocsTestExecutionListener, org.springframework.boot.test.autoconfigure.web.client.MockRestServiceServerResetTestExecutionListener, org.springframework.boot.test.autoconfigure.web.servlet.MockMvcPrintOnlyOnFailureTestExecutionListener, org.springframework.boot.test.autoconfigure.web.servlet.WebDriverTestExecutionListener, org.springframework.boot.test.autoconfigure.webservices.client.MockWebServiceServerTestExecutionListener, org.springframework.test.context.web.ServletTestExecutionListener, org.springframework.test.context.support.DirtiesContextBeforeModesTestExecutionListener, org.springframework.test.context.event.ApplicationEventsTestExecutionListener, org.springframework.test.context.support.DependencyInjectionTestExecutionListener, org.springframework.test.context.support.DirtiesContextTestExecutionListener, org.springframework.test.context.transaction.TransactionalTestExecutionListener, org.springframework.test.context.jdbc.SqlScriptsTestExecutionListener, org.springframework.test.context.event.EventPublishingTestExecutionListener]
19:45:57.975 [main] INFO org.springframework.boot.test.context.SpringBootTestContextBootstrapper - Using TestExecutionListeners: [org.springframework.test.context.web.ServletTestExecutionListener@57459491, org.springframework.test.context.support.DirtiesContextBeforeModesTestExecutionListener@3f0846c6, org.springframework.test.context.event.ApplicationEventsTestExecutionListener@77a98a6a, org.springframework.boot.test.mock.mockito.MockitoTestExecutionListener@78fbff54, org.springframework.boot.test.autoconfigure.SpringBootDependencyInjectionTestExecutionListener@3e10dc6, org.springframework.test.context.support.DirtiesContextTestExecutionListener@7e22550a, org.springframework.test.context.transaction.TransactionalTestExecutionListener@45e37a7e, org.springframework.test.context.jdbc.SqlScriptsTestExecutionListener@62452cc9, org.springframework.test.context.event.EventPublishingTestExecutionListener@6941827a, org.springframework.boot.test.mock.mockito.ResetMocksTestExecutionListener@5a7005d, org.springframework.boot.test.autoconfigure.restdocs.RestDocsTestExecutionListener@5bc9ba1d, org.springframework.boot.test.autoconfigure.web.client.MockRestServiceServerResetTestExecutionListener@1021f6c9, org.springframework.boot.test.autoconfigure.web.servlet.MockMvcPrintOnlyOnFailureTestExecutionListener@7516e4e5, org.springframework.boot.test.autoconfigure.web.servlet.WebDriverTestExecutionListener@488eb7f2, org.springframework.boot.test.autoconfigure.webservices.client.MockWebServiceServerTestExecutionListener@5e81e5ac]
19:45:57.986 [main] DEBUG org.springframework.test.context.support.AbstractDirtiesContextTestExecutionListener - Before test class: context [DefaultTestContext@1cbf6e72 testClass = FlightServiceApplicationTests, testInstance = [null], testMethod = [null], testException = [null], mergedContextConfiguration = [WebMergedContextConfiguration@6aecbb8d testClass = FlightServiceApplicationTests, locations = '{}', classes = '{class com.flight.FlightServiceApplication}', contextInitializerClasses = '[]', activeProfiles = '{}', propertySourceLocations = '{}', propertySourceProperties = '{org.springframework.boot.test.context.SpringBootTestContextBootstrapper=true}', contextCustomizers = set[org.springframework.boot.test.context.filter.ExcludeFilterContextCustomizer@4f704591, org.springframework.boot.test.json.DuplicateJsonObjectContextCustomizerFactory$DuplicateJsonObjectContextCustomizer@379614be, org.springframework.boot.test.mock.mockito.MockitoContextCustomizer@0, org.springframework.boot.test.web.client.TestRestTemplateContextCustomizer@6c372fe6, org.springframework.boot.test.autoconfigure.actuate.metrics.MetricsExportContextCustomizerFactory$DisableMetricExportContextCustomizer@398dada8, org.springframework.boot.test.autoconfigure.properties.PropertyMappingContextCustomizer@0, org.springframework.boot.test.autoconfigure.web.servlet.WebDriverContextCustomizerFactory$Customizer@4066c471, org.springframework.boot.test.context.SpringBootTestArgs@1, org.springframework.boot.test.context.SpringBootTestWebEnvironment@1139b2f3], resourceBasePath = 'src/main/webapp', contextLoader = 'org.springframework.boot.test.context.SpringBootContextLoader', parent = [null]], attributes = map['org.springframework.test.context.web.ServletTestExecutionListener.activateListener' -> true]], class annotated with @DirtiesContext [false] with mode [null].

  .   ____          _            __ _ _
 /\\ / ___'_ __ _ _(_)_ __  __ _ \ \ \ \
( ( )\___ | '_ | '_| | '_ \/ _` | \ \ \ \
 \\/  ___)| |_)| | | | | || (_| |  ) ) ) )
  '  |____| .__|_| |_|_| |_\__, | / / / /
 =========|_|==============|___/=/_/_/_/
 :: Spring Boot ::                (v2.7.8)

2023-02-28 19:45:58.667  INFO 987 --- [           main] c.flight.FlightServiceApplicationTests   : Starting FlightServiceApplicationTests using Java 17.0.6 on da76948a1192 with PID 987 (started by root in /var/jenkins_home/workspace/flight-system/flight-service)
2023-02-28 19:45:58.669  INFO 987 --- [           main] c.flight.FlightServiceApplicationTests   : No active profile set, falling back to 1 default profile: "default"
2023-02-28 19:46:01.420  INFO 987 --- [           main] trationDelegate$BeanPostProcessorChecker : Bean 'io.opentracing.contrib.spring.cloud.async.DefaultAsyncAutoConfiguration' of type [io.opentracing.contrib.spring.cloud.async.DefaultAsyncAutoConfiguration$$EnhancerBySpringCGLIB$$8a13c589] is not eligible for getting processed by all BeanPostProcessors (for example: not eligible for auto-proxying)
2023-02-28 19:46:01.788  INFO 987 --- [           main] trationDelegate$BeanPostProcessorChecker : Bean 'io.opentracing.contrib.spring.cloud.kafka.KafkaAutoConfiguration' of type [io.opentracing.contrib.spring.cloud.kafka.KafkaAutoConfiguration$$EnhancerBySpringCGLIB$$ffb90e06] is not eligible for getting processed by all BeanPostProcessors (for example: not eligible for auto-proxying)
2023-02-28 19:46:01.813  INFO 987 --- [           main] trationDelegate$BeanPostProcessorChecker : Bean 'io.opentracing.contrib.java.spring.jaeger.starter.JaegerAutoConfiguration' of type [io.opentracing.contrib.java.spring.jaeger.starter.JaegerAutoConfiguration$$EnhancerBySpringCGLIB$$9adad378] is not eligible for getting processed by all BeanPostProcessors (for example: not eligible for auto-proxying)
2023-02-28 19:46:01.866  INFO 987 --- [           main] trationDelegate$BeanPostProcessorChecker : Bean 'opentracing.jaeger-io.opentracing.contrib.java.spring.jaeger.starter.JaegerConfigurationProperties' of type [io.opentracing.contrib.java.spring.jaeger.starter.JaegerConfigurationProperties] is not eligible for getting processed by all BeanPostProcessors (for example: not eligible for auto-proxying)
2023-02-28 19:46:01.909  INFO 987 --- [           main] trationDelegate$BeanPostProcessorChecker : Bean 'metricsFactory' of type [io.jaegertracing.internal.metrics.NoopMetricsFactory] is not eligible for getting processed by all BeanPostProcessors (for example: not eligible for auto-proxying)
2023-02-28 19:46:01.922  INFO 987 --- [           main] trationDelegate$BeanPostProcessorChecker : Bean 'metrics' of type [io.jaegertracing.internal.metrics.Metrics] is not eligible for getting processed by all BeanPostProcessors (for example: not eligible for auto-proxying)
2023-02-28 19:46:01.932  INFO 987 --- [           main] trationDelegate$BeanPostProcessorChecker : Bean 'sampler' of type [io.jaegertracing.internal.samplers.ConstSampler] is not eligible for getting processed by all BeanPostProcessors (for example: not eligible for auto-proxying)
2023-02-28 19:46:02.274  INFO 987 --- [           main] trationDelegate$BeanPostProcessorChecker : Bean 'reporter' of type [io.jaegertracing.internal.reporters.CompositeReporter] is not eligible for getting processed by all BeanPostProcessors (for example: not eligible for auto-proxying)
2023-02-28 19:46:02.315  INFO 987 --- [           main] trationDelegate$BeanPostProcessorChecker : Bean 'tracer' of type [io.jaegertracing.internal.JaegerTracer] is not eligible for getting processed by all BeanPostProcessors (for example: not eligible for auto-proxying)
2023-02-28 19:46:04.382  INFO 987 --- [           main] o.c.s.w.s.ServerTracingAutoConfiguration : Creating WebMvcConfigurer bean with class io.opentracing.contrib.spring.web.interceptor.TracingHandlerInterceptor
2023-02-28 19:46:05.928  INFO 987 --- [           main] o.c.s.w.s.ServerTracingAutoConfiguration : Creating FilterRegistrationBean bean with TracingFilter mapped to [], skip pattern is "/api-docs.*|/swagger.*|.*\.png|.*\.css|.*\.js|.*\.html|/favicon.ico|/hystrix.stream|/actuator/(health|health/.*)"
2023-02-28 19:46:06.728  INFO 987 --- [           main] o.s.b.a.e.web.EndpointLinksResolver      : Exposing 1 endpoint(s) beneath base path '/actuator'
2023-02-28 19:46:06.874  INFO 987 --- [           main] c.flight.FlightServiceApplicationTests   : Started FlightServiceApplicationTests in 8.791 seconds (JVM running for 10.418)
[INFO] Tests run: 1, Failures: 0, Errors: 0, Skipped: 0, Time elapsed: 10.81 s - in com.flight.FlightServiceApplicationTests
[INFO] 
[INFO] Results:
[INFO] 
[INFO] Tests run: 1, Failures: 0, Errors: 0, Skipped: 0
[INFO] 
[INFO] 
[INFO] --- jar:3.2.2:jar (default-jar) @ flight-service ---
[INFO] Building jar: /var/jenkins_home/workspace/flight-system/flight-service/target/flight-service-0.0.1-SNAPSHOT.jar
[INFO] 
[INFO] --- spring-boot:2.7.8:repackage (repackage) @ flight-service ---
[INFO] Replacing main artifact with repackaged archive
[INFO] 
[INFO] --- install:2.5.2:install (default-install) @ flight-service ---
[INFO] Installing /var/jenkins_home/workspace/flight-system/flight-service/target/flight-service-0.0.1-SNAPSHOT.jar to /root/.m2/repository/com/flight/flight-service/0.0.1-SNAPSHOT/flight-service-0.0.1-SNAPSHOT.jar
[INFO] Installing /var/jenkins_home/workspace/flight-system/flight-service/pom.xml to /root/.m2/repository/com/flight/flight-service/0.0.1-SNAPSHOT/flight-service-0.0.1-SNAPSHOT.pom
[INFO] ------------------------------------------------------------------------
[INFO] BUILD SUCCESS
[INFO] ------------------------------------------------------------------------
[INFO] Total time:  18.762 s
[INFO] Finished at: 2023-02-28T19:46:11Z
[INFO] ------------------------------------------------------------------------
[flight-system] $ /var/jenkins_home/tools/hudson.tasks.Maven_MavenInstallation/mvn-3.9.0/bin/mvn -f gw-service/pom.xml install
[INFO] Scanning for projects...
Downloading from central: https://repo.maven.apache.org/maven2/org/springframework/cloud/spring-cloud-dependencies/2021.0.5/spring-cloud-dependencies-2021.0.5.pom
Progress (1): 1.4/11 kBProgress (1): 2.7/11 kBProgress (1): 4.1/11 kBProgress (1): 5.5/11 kBProgress (1): 6.9/11 kBProgress (1): 8.2/11 kBProgress (1): 9.6/11 kBProgress (1): 11/11 kB Progress (1): 11 kB                      Downloaded from central: https://repo.maven.apache.org/maven2/org/springframework/cloud/spring-cloud-dependencies/2021.0.5/spring-cloud-dependencies-2021.0.5.pom (11 kB at 25 kB/s)
Downloading from central: https://repo.maven.apache.org/maven2/org/springframework/cloud/spring-cloud-dependencies-parent/3.1.5/spring-cloud-dependencies-parent-3.1.5.pom
Progress (1): 1.4/8.1 kBProgress (1): 2.7/8.1 kBProgress (1): 4.1/8.1 kBProgress (1): 5.5/8.1 kBProgress (1): 6.9/8.1 kBProgress (1): 8.1 kB                        Downloaded from central: https://repo.maven.apache.org/maven2/org/springframework/cloud/spring-cloud-dependencies-parent/3.1.5/spring-cloud-dependencies-parent-3.1.5.pom (8.1 kB at 311 kB/s)
Downloading from central: https://repo.maven.apache.org/maven2/org/springframework/cloud/spring-cloud-commons-dependencies/3.1.5/spring-cloud-commons-dependencies-3.1.5.pom
Progress (1): 1.4/7.3 kBProgress (1): 2.7/7.3 kBProgress (1): 4.1/7.3 kBProgress (1): 5.5/7.3 kBProgress (1): 6.9/7.3 kBProgress (1): 7.3 kB                        Downloaded from central: https://repo.maven.apache.org/maven2/org/springframework/cloud/spring-cloud-commons-dependencies/3.1.5/spring-cloud-commons-dependencies-3.1.5.pom (7.3 kB at 260 kB/s)
Downloading from central: https://repo.maven.apache.org/maven2/org/springframework/cloud/spring-cloud-netflix-dependencies/3.1.4/spring-cloud-netflix-dependencies-3.1.4.pom
Progress (1): 1.4/8.8 kBProgress (1): 2.7/8.8 kBProgress (1): 4.1/8.8 kBProgress (1): 5.5/8.8 kBProgress (1): 6.9/8.8 kBProgress (1): 8.2/8.8 kBProgress (1): 8.8 kB                        Downloaded from central: https://repo.maven.apache.org/maven2/org/springframework/cloud/spring-cloud-netflix-dependencies/3.1.4/spring-cloud-netflix-dependencies-3.1.4.pom (8.8 kB at 337 kB/s)
Downloading from central: https://repo.maven.apache.org/maven2/org/springframework/cloud/spring-cloud-dependencies-parent/3.1.4/spring-cloud-dependencies-parent-3.1.4.pom
Progress (1): 1.4/8.1 kBProgress (1): 2.7/8.1 kBProgress (1): 4.1/8.1 kBProgress (1): 5.5/8.1 kBProgress (1): 6.9/8.1 kBProgress (1): 8.1 kB                        Downloaded from central: https://repo.maven.apache.org/maven2/org/springframework/cloud/spring-cloud-dependencies-parent/3.1.4/spring-cloud-dependencies-parent-3.1.4.pom (8.1 kB at 351 kB/s)
Downloading from central: https://repo.maven.apache.org/maven2/org/springframework/cloud/spring-cloud-stream-dependencies/3.2.6/spring-cloud-stream-dependencies-3.2.6.pom
Progress (1): 1.4/7.8 kBProgress (1): 2.7/7.8 kBProgress (1): 4.1/7.8 kBProgress (1): 5.5/7.8 kBProgress (1): 6.9/7.8 kBProgress (1): 7.8 kB                        Downloaded from central: https://repo.maven.apache.org/maven2/org/springframework/cloud/spring-cloud-stream-dependencies/3.2.6/spring-cloud-stream-dependencies-3.2.6.pom (7.8 kB at 312 kB/s)
Downloading from central: https://repo.maven.apache.org/maven2/org/springframework/cloud/spring-cloud-task-dependencies/2.4.5/spring-cloud-task-dependencies-2.4.5.pom
Progress (1): 1.4/5.8 kBProgress (1): 2.7/5.8 kBProgress (1): 4.1/5.8 kBProgress (1): 5.5/5.8 kBProgress (1): 5.8 kB                        Downloaded from central: https://repo.maven.apache.org/maven2/org/springframework/cloud/spring-cloud-task-dependencies/2.4.5/spring-cloud-task-dependencies-2.4.5.pom (5.8 kB at 241 kB/s)
Downloading from central: https://repo.maven.apache.org/maven2/org/springframework/cloud/spring-cloud-circuitbreaker-dependencies/2.1.5/spring-cloud-circuitbreaker-dependencies-2.1.5.pom
Progress (1): 6.5 kB                    Downloaded from central: https://repo.maven.apache.org/maven2/org/springframework/cloud/spring-cloud-circuitbreaker-dependencies/2.1.5/spring-cloud-circuitbreaker-dependencies-2.1.5.pom (6.5 kB at 248 kB/s)
Downloading from central: https://repo.maven.apache.org/maven2/io/github/resilience4j/resilience4j-bom/1.7.0/resilience4j-bom-1.7.0.pom
Progress (1): 7.0 kB                    Downloaded from central: https://repo.maven.apache.org/maven2/io/github/resilience4j/resilience4j-bom/1.7.0/resilience4j-bom-1.7.0.pom (7.0 kB at 280 kB/s)
Downloading from central: https://repo.maven.apache.org/maven2/org/springframework/cloud/spring-cloud-config-dependencies/3.1.5/spring-cloud-config-dependencies-3.1.5.pom
Progress (1): 7.5 kB                    Downloaded from central: https://repo.maven.apache.org/maven2/org/springframework/cloud/spring-cloud-config-dependencies/3.1.5/spring-cloud-config-dependencies-3.1.5.pom (7.5 kB at 312 kB/s)
Downloading from central: https://repo.maven.apache.org/maven2/org/springframework/cloud/spring-cloud-function-dependencies/3.2.8/spring-cloud-function-dependencies-3.2.8.pom
Progress (1): 6.6 kB                    Downloaded from central: https://repo.maven.apache.org/maven2/org/springframework/cloud/spring-cloud-function-dependencies/3.2.8/spring-cloud-function-dependencies-3.2.8.pom (6.6 kB at 253 kB/s)
Downloading from central: https://repo.maven.apache.org/maven2/org/springframework/cloud/spring-cloud-gateway-dependencies/3.1.4/spring-cloud-gateway-dependencies-3.1.4.pom
Progress (1): 6.0 kB                    Downloaded from central: https://repo.maven.apache.org/maven2/org/springframework/cloud/spring-cloud-gateway-dependencies/3.1.4/spring-cloud-gateway-dependencies-3.1.4.pom (6.0 kB at 260 kB/s)
Downloading from central: https://repo.maven.apache.org/maven2/org/springframework/cloud/spring-cloud-consul-dependencies/3.1.2/spring-cloud-consul-dependencies-3.1.2.pom
Progress (1): 7.5 kB                    Downloaded from central: https://repo.maven.apache.org/maven2/org/springframework/cloud/spring-cloud-consul-dependencies/3.1.2/spring-cloud-consul-dependencies-3.1.2.pom (7.5 kB at 266 kB/s)
Downloading from central: https://repo.maven.apache.org/maven2/org/springframework/cloud/spring-cloud-sleuth-dependencies/3.1.5/spring-cloud-sleuth-dependencies-3.1.5.pom
Progress (1): 8.1 kB                    Downloaded from central: https://repo.maven.apache.org/maven2/org/springframework/cloud/spring-cloud-sleuth-dependencies/3.1.5/spring-cloud-sleuth-dependencies-3.1.5.pom (8.1 kB at 312 kB/s)
Downloading from central: https://repo.maven.apache.org/maven2/io/zipkin/brave/brave-bom/5.13.9/brave-bom-5.13.9.pom
Progress (1): 12 kB                   Downloaded from central: https://repo.maven.apache.org/maven2/io/zipkin/brave/brave-bom/5.13.9/brave-bom-5.13.9.pom (12 kB at 452 kB/s)
Downloading from central: https://repo.maven.apache.org/maven2/io/zipkin/reporter2/zipkin-reporter-bom/2.16.3/zipkin-reporter-bom-2.16.3.pom
Progress (1): 6.9 kB                    Downloaded from central: https://repo.maven.apache.org/maven2/io/zipkin/reporter2/zipkin-reporter-bom/2.16.3/zipkin-reporter-bom-2.16.3.pom (6.9 kB at 275 kB/s)
Downloading from central: https://repo.maven.apache.org/maven2/org/springframework/cloud/spring-cloud-vault-dependencies/3.1.1/spring-cloud-vault-dependencies-3.1.1.pom
Progress (1): 6.2 kB                    Downloaded from central: https://repo.maven.apache.org/maven2/org/springframework/cloud/spring-cloud-vault-dependencies/3.1.1/spring-cloud-vault-dependencies-3.1.1.pom (6.2 kB at 250 kB/s)
Downloading from central: https://repo.maven.apache.org/maven2/org/springframework/cloud/spring-cloud-dependencies-parent/3.1.3/spring-cloud-dependencies-parent-3.1.3.pom
Progress (1): 8.1 kB                    Downloaded from central: https://repo.maven.apache.org/maven2/org/springframework/cloud/spring-cloud-dependencies-parent/3.1.3/spring-cloud-dependencies-parent-3.1.3.pom (8.1 kB at 323 kB/s)
Downloading from central: https://repo.maven.apache.org/maven2/org/springframework/cloud/spring-cloud-zookeeper-dependencies/3.1.3/spring-cloud-zookeeper-dependencies-3.1.3.pom
Progress (1): 8.9 kB                    Downloaded from central: https://repo.maven.apache.org/maven2/org/springframework/cloud/spring-cloud-zookeeper-dependencies/3.1.3/spring-cloud-zookeeper-dependencies-3.1.3.pom (8.9 kB at 358 kB/s)
Downloading from central: https://repo.maven.apache.org/maven2/org/springframework/cloud/spring-cloud-cloudfoundry-dependencies/3.1.2/spring-cloud-cloudfoundry-dependencies-3.1.2.pom
Progress (1): 6.0 kB                    Downloaded from central: https://repo.maven.apache.org/maven2/org/springframework/cloud/spring-cloud-cloudfoundry-dependencies/3.1.2/spring-cloud-cloudfoundry-dependencies-3.1.2.pom (6.0 kB at 263 kB/s)
Downloading from central: https://repo.maven.apache.org/maven2/org/springframework/cloud/spring-cloud-bus-dependencies/3.1.2/spring-cloud-bus-dependencies-3.1.2.pom
Progress (1): 6.1 kB                    Downloaded from central: https://repo.maven.apache.org/maven2/org/springframework/cloud/spring-cloud-bus-dependencies/3.1.2/spring-cloud-bus-dependencies-3.1.2.pom (6.1 kB at 212 kB/s)
Downloading from central: https://repo.maven.apache.org/maven2/org/springframework/cloud/spring-cloud-contract-dependencies/3.1.5/spring-cloud-contract-dependencies-3.1.5.pom
Progress (1): 9.2 kB                    Downloaded from central: https://repo.maven.apache.org/maven2/org/springframework/cloud/spring-cloud-contract-dependencies/3.1.5/spring-cloud-contract-dependencies-3.1.5.pom (9.2 kB at 383 kB/s)
Downloading from central: https://repo.maven.apache.org/maven2/org/springframework/cloud/spring-cloud-openfeign-dependencies/3.1.5/spring-cloud-openfeign-dependencies-3.1.5.pom
Progress (1): 6.8 kB                    Downloaded from central: https://repo.maven.apache.org/maven2/org/springframework/cloud/spring-cloud-openfeign-dependencies/3.1.5/spring-cloud-openfeign-dependencies-3.1.5.pom (6.8 kB at 284 kB/s)
Downloading from central: https://repo.maven.apache.org/maven2/io/github/openfeign/feign-bom/11.10/feign-bom-11.10.pom
Progress (1): 6.5 kB                    Downloaded from central: https://repo.maven.apache.org/maven2/io/github/openfeign/feign-bom/11.10/feign-bom-11.10.pom (6.5 kB at 260 kB/s)
Downloading from central: https://repo.maven.apache.org/maven2/org/springframework/cloud/spring-cloud-kubernetes-dependencies/2.1.5/spring-cloud-kubernetes-dependencies-2.1.5.pom
Progress (1): 14 kB                   Downloaded from central: https://repo.maven.apache.org/maven2/org/springframework/cloud/spring-cloud-kubernetes-dependencies/2.1.5/spring-cloud-kubernetes-dependencies-2.1.5.pom (14 kB at 544 kB/s)
Downloading from central: https://repo.maven.apache.org/maven2/io/fabric8/kubernetes-client-bom/5.10.2/kubernetes-client-bom-5.10.2.pom
Progress (1): 16/20 kBProgress (1): 20 kB                      Downloaded from central: https://repo.maven.apache.org/maven2/io/fabric8/kubernetes-client-bom/5.10.2/kubernetes-client-bom-5.10.2.pom (20 kB at 778 kB/s)
[INFO] 
[INFO] -------------------------< com.api:gw-service >-------------------------
[INFO] Building gw-service 0.0.1-SNAPSHOT
[INFO]   from pom.xml
[INFO] --------------------------------[ jar ]---------------------------------
Downloading from central: https://repo.maven.apache.org/maven2/org/springframework/cloud/spring-cloud-starter-circuitbreaker-resilience4j/2.1.5/spring-cloud-starter-circuitbreaker-resilience4j-2.1.5.pom
Progress (1): 4.9 kB                    Downloaded from central: https://repo.maven.apache.org/maven2/org/springframework/cloud/spring-cloud-starter-circuitbreaker-resilience4j/2.1.5/spring-cloud-starter-circuitbreaker-resilience4j-2.1.5.pom (4.9 kB at 175 kB/s)
Downloading from central: https://repo.maven.apache.org/maven2/org/springframework/cloud/spring-cloud-starter-circuitbreaker/2.1.5/spring-cloud-starter-circuitbreaker-2.1.5.pom
Progress (1): 3.9 kB                    Downloaded from central: https://repo.maven.apache.org/maven2/org/springframework/cloud/spring-cloud-starter-circuitbreaker/2.1.5/spring-cloud-starter-circuitbreaker-2.1.5.pom (3.9 kB at 154 kB/s)
Downloading from central: https://repo.maven.apache.org/maven2/org/springframework/cloud/spring-cloud-circuitbreaker/2.1.5/spring-cloud-circuitbreaker-2.1.5.pom
Progress (1): 4.7 kB                    Downloaded from central: https://repo.maven.apache.org/maven2/org/springframework/cloud/spring-cloud-circuitbreaker/2.1.5/spring-cloud-circuitbreaker-2.1.5.pom (4.7 kB at 162 kB/s)
Downloading from central: https://repo.maven.apache.org/maven2/org/springframework/cloud/spring-cloud-build/3.1.5/spring-cloud-build-3.1.5.pom
Progress (1): 16/59 kBProgress (1): 33/59 kBProgress (1): 49/59 kBProgress (1): 59 kB                      Downloaded from central: https://repo.maven.apache.org/maven2/org/springframework/cloud/spring-cloud-build/3.1.5/spring-cloud-build-3.1.5.pom (59 kB at 1.3 MB/s)
Downloading from central: https://repo.maven.apache.org/maven2/org/springframework/cloud/spring-cloud-build-dependencies/3.1.5/spring-cloud-build-dependencies-3.1.5.pom
Progress (1): 3.2 kB                    Downloaded from central: https://repo.maven.apache.org/maven2/org/springframework/cloud/spring-cloud-build-dependencies/3.1.5/spring-cloud-build-dependencies-3.1.5.pom (3.2 kB at 128 kB/s)
Downloading from central: https://repo.maven.apache.org/maven2/org/springframework/boot/spring-boot-dependencies/2.6.13/spring-boot-dependencies-2.6.13.pom
Progress (1): 16/112 kBProgress (1): 33/112 kBProgress (1): 49/112 kBProgress (1): 64/112 kBProgress (1): 81/112 kBProgress (1): 97/112 kBProgress (1): 112 kB                       Downloaded from central: https://repo.maven.apache.org/maven2/org/springframework/boot/spring-boot-dependencies/2.6.13/spring-boot-dependencies-2.6.13.pom (112 kB at 2.5 MB/s)
Downloading from central: https://repo.maven.apache.org/maven2/com/datastax/oss/java-driver-bom/4.13.0/java-driver-bom-4.13.0.pom
Progress (1): 4.1 kB                    Downloaded from central: https://repo.maven.apache.org/maven2/com/datastax/oss/java-driver-bom/4.13.0/java-driver-bom-4.13.0.pom (4.1 kB at 173 kB/s)
Downloading from central: https://repo.maven.apache.org/maven2/io/dropwizard/metrics/metrics-bom/4.2.12/metrics-bom-4.2.12.pom
Progress (1): 6.9 kB                    Downloaded from central: https://repo.maven.apache.org/maven2/io/dropwizard/metrics/metrics-bom/4.2.12/metrics-bom-4.2.12.pom (6.9 kB at 286 kB/s)
Downloading from central: https://repo.maven.apache.org/maven2/io/dropwizard/metrics/metrics-parent/4.2.12/metrics-parent-4.2.12.pom
Progress (1): 16/20 kBProgress (1): 20 kB                      Downloaded from central: https://repo.maven.apache.org/maven2/io/dropwizard/metrics/metrics-parent/4.2.12/metrics-parent-4.2.12.pom (20 kB at 848 kB/s)
Downloading from central: https://repo.maven.apache.org/maven2/org/codehaus/groovy/groovy-bom/3.0.13/groovy-bom-3.0.13.pom
Progress (1): 16/26 kBProgress (1): 26 kB                      Downloaded from central: https://repo.maven.apache.org/maven2/org/codehaus/groovy/groovy-bom/3.0.13/groovy-bom-3.0.13.pom (26 kB at 1.0 MB/s)
Downloading from central: https://repo.maven.apache.org/maven2/org/infinispan/infinispan-bom/12.1.12.Final/infinispan-bom-12.1.12.Final.pom
Progress (1): 16/18 kBProgress (1): 18 kB                      Downloaded from central: https://repo.maven.apache.org/maven2/org/infinispan/infinispan-bom/12.1.12.Final/infinispan-bom-12.1.12.Final.pom (18 kB at 770 kB/s)
Downloading from central: https://repo.maven.apache.org/maven2/org/infinispan/infinispan-build-configuration-parent/12.1.12.Final/infinispan-build-configuration-parent-12.1.12.Final.pom
Progress (1): 14 kB                   Downloaded from central: https://repo.maven.apache.org/maven2/org/infinispan/infinispan-build-configuration-parent/12.1.12.Final/infinispan-build-configuration-parent-12.1.12.Final.pom (14 kB at 565 kB/s)
Downloading from central: https://repo.maven.apache.org/maven2/org/eclipse/jetty/jetty-bom/9.4.49.v20220914/jetty-bom-9.4.49.v20220914.pom
Progress (1): 16/18 kBProgress (1): 18 kB                      Downloaded from central: https://repo.maven.apache.org/maven2/org/eclipse/jetty/jetty-bom/9.4.49.v20220914/jetty-bom-9.4.49.v20220914.pom (18 kB at 706 kB/s)
Downloading from central: https://repo.maven.apache.org/maven2/org/jetbrains/kotlinx/kotlinx-coroutines-bom/1.5.2/kotlinx-coroutines-bom-1.5.2.pom
Progress (1): 4.1 kB                    Downloaded from central: https://repo.maven.apache.org/maven2/org/jetbrains/kotlinx/kotlinx-coroutines-bom/1.5.2/kotlinx-coroutines-bom-1.5.2.pom (4.1 kB at 152 kB/s)
Downloading from central: https://repo.maven.apache.org/maven2/io/micrometer/micrometer-bom/1.8.11/micrometer-bom-1.8.11.pom
Progress (1): 7.1 kB                    Downloaded from central: https://repo.maven.apache.org/maven2/io/micrometer/micrometer-bom/1.8.11/micrometer-bom-1.8.11.pom (7.1 kB at 273 kB/s)
Downloading from central: https://repo.maven.apache.org/maven2/io/netty/netty-bom/4.1.84.Final/netty-bom-4.1.84.Final.pom
Progress (1): 13 kB                   Downloaded from central: https://repo.maven.apache.org/maven2/io/netty/netty-bom/4.1.84.Final/netty-bom-4.1.84.Final.pom (13 kB at 572 kB/s)
Downloading from central: https://repo.maven.apache.org/maven2/com/oracle/database/jdbc/ojdbc-bom/21.3.0.0/ojdbc-bom-21.3.0.0.pom
Progress (1): 13 kB                   Downloaded from central: https://repo.maven.apache.org/maven2/com/oracle/database/jdbc/ojdbc-bom/21.3.0.0/ojdbc-bom-21.3.0.0.pom (13 kB at 527 kB/s)
Downloading from central: https://repo.maven.apache.org/maven2/io/prometheus/simpleclient_bom/0.12.0/simpleclient_bom-0.12.0.pom
Progress (1): 5.8 kB                    Downloaded from central: https://repo.maven.apache.org/maven2/io/prometheus/simpleclient_bom/0.12.0/simpleclient_bom-0.12.0.pom (5.8 kB at 263 kB/s)
Downloading from central: https://repo.maven.apache.org/maven2/io/prometheus/parent/0.12.0/parent-0.12.0.pom
Progress (1): 12 kB                   Downloaded from central: https://repo.maven.apache.org/maven2/io/prometheus/parent/0.12.0/parent-0.12.0.pom (12 kB at 404 kB/s)
Downloading from central: https://repo.maven.apache.org/maven2/io/r2dbc/r2dbc-bom/Arabba-SR13/r2dbc-bom-Arabba-SR13.pom
Progress (1): 4.3 kB                    Downloaded from central: https://repo.maven.apache.org/maven2/io/r2dbc/r2dbc-bom/Arabba-SR13/r2dbc-bom-Arabba-SR13.pom (4.3 kB at 188 kB/s)
Downloading from central: https://repo.maven.apache.org/maven2/io/projectreactor/reactor-bom/2020.0.24/reactor-bom-2020.0.24.pom
Progress (1): 4.6 kB                    Downloaded from central: https://repo.maven.apache.org/maven2/io/projectreactor/reactor-bom/2020.0.24/reactor-bom-2020.0.24.pom (4.6 kB at 192 kB/s)
Downloading from central: https://repo.maven.apache.org/maven2/org/springframework/data/spring-data-bom/2021.1.9/spring-data-bom-2021.1.9.pom
Progress (1): 5.7 kB                    Downloaded from central: https://repo.maven.apache.org/maven2/org/springframework/data/spring-data-bom/2021.1.9/spring-data-bom-2021.1.9.pom (5.7 kB at 247 kB/s)
Downloading from central: https://repo.maven.apache.org/maven2/org/springframework/spring-framework-bom/5.3.23/spring-framework-bom-5.3.23.pom
Progress (1): 5.7 kB                    Downloaded from central: https://repo.maven.apache.org/maven2/org/springframework/spring-framework-bom/5.3.23/spring-framework-bom-5.3.23.pom (5.7 kB at 236 kB/s)
Downloading from central: https://repo.maven.apache.org/maven2/org/springframework/integration/spring-integration-bom/5.5.15/spring-integration-bom-5.5.15.pom
Progress (1): 9.2 kB                    Downloaded from central: https://repo.maven.apache.org/maven2/org/springframework/integration/spring-integration-bom/5.5.15/spring-integration-bom-5.5.15.pom (9.2 kB at 383 kB/s)
Downloading from central: https://repo.maven.apache.org/maven2/org/springframework/security/spring-security-bom/5.6.8/spring-security-bom-5.6.8.pom
Progress (1): 5.7 kB                    Downloaded from central: https://repo.maven.apache.org/maven2/org/springframework/security/spring-security-bom/5.6.8/spring-security-bom-5.6.8.pom (5.7 kB at 228 kB/s)
Downloading from central: https://repo.maven.apache.org/maven2/org/springframework/session/spring-session-bom/2021.1.3/spring-session-bom-2021.1.3.pom
Progress (1): 2.7 kB                    Downloaded from central: https://repo.maven.apache.org/maven2/org/springframework/session/spring-session-bom/2021.1.3/spring-session-bom-2021.1.3.pom (2.7 kB at 124 kB/s)
Downloading from central: https://repo.maven.apache.org/maven2/org/springframework/cloud/spring-cloud-starter/3.1.5/spring-cloud-starter-3.1.5.pom
Progress (1): 5.0 kB                    Downloaded from central: https://repo.maven.apache.org/maven2/org/springframework/cloud/spring-cloud-starter/3.1.5/spring-cloud-starter-3.1.5.pom (5.0 kB at 217 kB/s)
Downloading from central: https://repo.maven.apache.org/maven2/org/springframework/cloud/spring-cloud-commons-parent/3.1.5/spring-cloud-commons-parent-3.1.5.pom
Progress (1): 4.5 kB                    Downloaded from central: https://repo.maven.apache.org/maven2/org/springframework/cloud/spring-cloud-commons-parent/3.1.5/spring-cloud-commons-parent-3.1.5.pom (4.5 kB at 205 kB/s)
Downloading from central: https://repo.maven.apache.org/maven2/org/springframework/cloud/spring-cloud-context/3.1.5/spring-cloud-context-3.1.5.pom
Progress (1): 6.3 kB                    Downloaded from central: https://repo.maven.apache.org/maven2/org/springframework/cloud/spring-cloud-context/3.1.5/spring-cloud-context-3.1.5.pom (6.3 kB at 273 kB/s)
Downloading from central: https://repo.maven.apache.org/maven2/org/springframework/security/spring-security-crypto/5.7.6/spring-security-crypto-5.7.6.pom
Progress (1): 1.9 kB                    Downloaded from central: https://repo.maven.apache.org/maven2/org/springframework/security/spring-security-crypto/5.7.6/spring-security-crypto-5.7.6.pom (1.9 kB at 78 kB/s)
Downloading from central: https://repo.maven.apache.org/maven2/org/springframework/cloud/spring-cloud-commons/3.1.5/spring-cloud-commons-3.1.5.pom
Progress (1): 8.7 kB                    Downloaded from central: https://repo.maven.apache.org/maven2/org/springframework/cloud/spring-cloud-commons/3.1.5/spring-cloud-commons-3.1.5.pom (8.7 kB at 347 kB/s)
Downloading from central: https://repo.maven.apache.org/maven2/org/springframework/security/spring-security-rsa/1.0.11.RELEASE/spring-security-rsa-1.0.11.RELEASE.pom
Progress (1): 5.1 kB                    Downloaded from central: https://repo.maven.apache.org/maven2/org/springframework/security/spring-security-rsa/1.0.11.RELEASE/spring-security-rsa-1.0.11.RELEASE.pom (5.1 kB at 213 kB/s)
Downloading from central: https://repo.maven.apache.org/maven2/org/bouncycastle/bcpkix-jdk15on/1.69/bcpkix-jdk15on-1.69.pom
Progress (1): 1.6 kB                    Downloaded from central: https://repo.maven.apache.org/maven2/org/bouncycastle/bcpkix-jdk15on/1.69/bcpkix-jdk15on-1.69.pom (1.6 kB at 71 kB/s)
Downloading from central: https://repo.maven.apache.org/maven2/org/bouncycastle/bcprov-jdk15on/1.69/bcprov-jdk15on-1.69.pom
Progress (1): 1.1 kB                    Downloaded from central: https://repo.maven.apache.org/maven2/org/bouncycastle/bcprov-jdk15on/1.69/bcprov-jdk15on-1.69.pom (1.1 kB at 54 kB/s)
Downloading from central: https://repo.maven.apache.org/maven2/org/bouncycastle/bcutil-jdk15on/1.69/bcutil-jdk15on-1.69.pom
Progress (1): 1.3 kB                    Downloaded from central: https://repo.maven.apache.org/maven2/org/bouncycastle/bcutil-jdk15on/1.69/bcutil-jdk15on-1.69.pom (1.3 kB at 57 kB/s)
Downloading from central: https://repo.maven.apache.org/maven2/org/springframework/cloud/spring-cloud-circuitbreaker-resilience4j/2.1.5/spring-cloud-circuitbreaker-resilience4j-2.1.5.pom
Progress (1): 6.3 kB                    Downloaded from central: https://repo.maven.apache.org/maven2/org/springframework/cloud/spring-cloud-circuitbreaker-resilience4j/2.1.5/spring-cloud-circuitbreaker-resilience4j-2.1.5.pom (6.3 kB at 261 kB/s)
Downloading from central: https://repo.maven.apache.org/maven2/io/github/resilience4j/resilience4j-circuitbreaker/1.7.0/resilience4j-circuitbreaker-1.7.0.pom
Progress (1): 2.2 kB                    Downloaded from central: https://repo.maven.apache.org/maven2/io/github/resilience4j/resilience4j-circuitbreaker/1.7.0/resilience4j-circuitbreaker-1.7.0.pom (2.2 kB at 98 kB/s)
Downloading from central: https://repo.maven.apache.org/maven2/io/vavr/vavr/0.10.2/vavr-0.10.2.pom
Progress (1): 2.9 kB                    Downloaded from central: https://repo.maven.apache.org/maven2/io/vavr/vavr/0.10.2/vavr-0.10.2.pom (2.9 kB at 117 kB/s)
Downloading from central: https://repo.maven.apache.org/maven2/io/vavr/vavr-parent/0.10.2/vavr-parent-0.10.2.pom
Progress (1): 16/24 kBProgress (1): 24 kB                      Downloaded from central: https://repo.maven.apache.org/maven2/io/vavr/vavr-parent/0.10.2/vavr-parent-0.10.2.pom (24 kB at 975 kB/s)
Downloading from central: https://repo.maven.apache.org/maven2/io/vavr/vavr-match/0.10.2/vavr-match-0.10.2.pom
Progress (1): 1.4 kB                    Downloaded from central: https://repo.maven.apache.org/maven2/io/vavr/vavr-match/0.10.2/vavr-match-0.10.2.pom (1.4 kB at 63 kB/s)
Downloading from central: https://repo.maven.apache.org/maven2/io/github/resilience4j/resilience4j-core/1.7.0/resilience4j-core-1.7.0.pom
Progress (1): 1.9 kB                    Downloaded from central: https://repo.maven.apache.org/maven2/io/github/resilience4j/resilience4j-core/1.7.0/resilience4j-core-1.7.0.pom (1.9 kB at 85 kB/s)
Downloading from central: https://repo.maven.apache.org/maven2/io/github/resilience4j/resilience4j-timelimiter/1.7.0/resilience4j-timelimiter-1.7.0.pom
Progress (1): 2.2 kB                    Downloaded from central: https://repo.maven.apache.org/maven2/io/github/resilience4j/resilience4j-timelimiter/1.7.0/resilience4j-timelimiter-1.7.0.pom (2.2 kB at 102 kB/s)
Downloading from central: https://repo.maven.apache.org/maven2/io/github/resilience4j/resilience4j-spring-boot2/1.7.0/resilience4j-spring-boot2-1.7.0.pom
Progress (1): 2.4 kB                    Downloaded from central: https://repo.maven.apache.org/maven2/io/github/resilience4j/resilience4j-spring-boot2/1.7.0/resilience4j-spring-boot2-1.7.0.pom (2.4 kB at 107 kB/s)
Downloading from central: https://repo.maven.apache.org/maven2/io/github/resilience4j/resilience4j-spring/1.7.0/resilience4j-spring-1.7.0.pom
Progress (1): 2.6 kB                    Downloaded from central: https://repo.maven.apache.org/maven2/io/github/resilience4j/resilience4j-spring/1.7.0/resilience4j-spring-1.7.0.pom (2.6 kB at 122 kB/s)
Downloading from central: https://repo.maven.apache.org/maven2/io/github/resilience4j/resilience4j-annotations/1.7.0/resilience4j-annotations-1.7.0.pom
Progress (1): 2.0 kB                    Downloaded from central: https://repo.maven.apache.org/maven2/io/github/resilience4j/resilience4j-annotations/1.7.0/resilience4j-annotations-1.7.0.pom (2.0 kB at 85 kB/s)
Downloading from central: https://repo.maven.apache.org/maven2/io/github/resilience4j/resilience4j-consumer/1.7.0/resilience4j-consumer-1.7.0.pom
Progress (1): 2.4 kB                    Downloaded from central: https://repo.maven.apache.org/maven2/io/github/resilience4j/resilience4j-consumer/1.7.0/resilience4j-consumer-1.7.0.pom (2.4 kB at 107 kB/s)
Downloading from central: https://repo.maven.apache.org/maven2/io/github/resilience4j/resilience4j-circularbuffer/1.7.0/resilience4j-circularbuffer-1.7.0.pom
Progress (1): 2.0 kB                    Downloaded from central: https://repo.maven.apache.org/maven2/io/github/resilience4j/resilience4j-circularbuffer/1.7.0/resilience4j-circularbuffer-1.7.0.pom (2.0 kB at 89 kB/s)
Downloading from central: https://repo.maven.apache.org/maven2/io/github/resilience4j/resilience4j-framework-common/1.7.0/resilience4j-framework-common-1.7.0.pom
Progress (1): 3.2 kB                    Downloaded from central: https://repo.maven.apache.org/maven2/io/github/resilience4j/resilience4j-framework-common/1.7.0/resilience4j-framework-common-1.7.0.pom (3.2 kB at 132 kB/s)
Downloading from central: https://repo.maven.apache.org/maven2/io/github/resilience4j/resilience4j-ratelimiter/1.7.0/resilience4j-ratelimiter-1.7.0.pom
Progress (1): 2.2 kB                    Downloaded from central: https://repo.maven.apache.org/maven2/io/github/resilience4j/resilience4j-ratelimiter/1.7.0/resilience4j-ratelimiter-1.7.0.pom (2.2 kB at 98 kB/s)
Downloading from central: https://repo.maven.apache.org/maven2/io/github/resilience4j/resilience4j-retry/1.7.0/resilience4j-retry-1.7.0.pom
Progress (1): 2.1 kB                    Downloaded from central: https://repo.maven.apache.org/maven2/io/github/resilience4j/resilience4j-retry/1.7.0/resilience4j-retry-1.7.0.pom (2.1 kB at 98 kB/s)
Downloading from central: https://repo.maven.apache.org/maven2/io/github/resilience4j/resilience4j-micrometer/1.7.0/resilience4j-micrometer-1.7.0.pom
Progress (1): 2.0 kB                    Downloaded from central: https://repo.maven.apache.org/maven2/io/github/resilience4j/resilience4j-micrometer/1.7.0/resilience4j-micrometer-1.7.0.pom (2.0 kB at 81 kB/s)
Downloading from central: https://repo.maven.apache.org/maven2/org/springframework/cloud/spring-cloud-starter-gateway/3.1.4/spring-cloud-starter-gateway-3.1.4.pom
Progress (1): 2.6 kB                    Downloaded from central: https://repo.maven.apache.org/maven2/org/springframework/cloud/spring-cloud-starter-gateway/3.1.4/spring-cloud-starter-gateway-3.1.4.pom (2.6 kB at 110 kB/s)
Downloading from central: https://repo.maven.apache.org/maven2/org/springframework/cloud/spring-cloud-gateway/3.1.4/spring-cloud-gateway-3.1.4.pom
Progress (1): 2.7 kB                    Downloaded from central: https://repo.maven.apache.org/maven2/org/springframework/cloud/spring-cloud-gateway/3.1.4/spring-cloud-gateway-3.1.4.pom (2.7 kB at 121 kB/s)
Downloading from central: https://repo.maven.apache.org/maven2/org/springframework/cloud/spring-cloud-build/3.1.4/spring-cloud-build-3.1.4.pom
Progress (1): 16/59 kBProgress (1): 33/59 kBProgress (1): 49/59 kBProgress (1): 59 kB                      Downloaded from central: https://repo.maven.apache.org/maven2/org/springframework/cloud/spring-cloud-build/3.1.4/spring-cloud-build-3.1.4.pom (59 kB at 2.3 MB/s)
Downloading from central: https://repo.maven.apache.org/maven2/org/springframework/cloud/spring-cloud-build-dependencies/3.1.4/spring-cloud-build-dependencies-3.1.4.pom
Progress (1): 3.2 kB                    Downloaded from central: https://repo.maven.apache.org/maven2/org/springframework/cloud/spring-cloud-build-dependencies/3.1.4/spring-cloud-build-dependencies-3.1.4.pom (3.2 kB at 128 kB/s)
Downloading from central: https://repo.maven.apache.org/maven2/org/springframework/boot/spring-boot-dependencies/2.6.11/spring-boot-dependencies-2.6.11.pom
Progress (1): 16/111 kBProgress (1): 33/111 kBProgress (1): 49/111 kBProgress (1): 66/111 kBProgress (1): 82/111 kBProgress (1): 98/111 kBProgress (1): 111 kB                       Downloaded from central: https://repo.maven.apache.org/maven2/org/springframework/boot/spring-boot-dependencies/2.6.11/spring-boot-dependencies-2.6.11.pom (111 kB at 3.5 MB/s)
Downloading from central: https://repo.maven.apache.org/maven2/io/dropwizard/metrics/metrics-bom/4.2.11/metrics-bom-4.2.11.pom
Progress (1): 6.9 kB                    Downloaded from central: https://repo.maven.apache.org/maven2/io/dropwizard/metrics/metrics-bom/4.2.11/metrics-bom-4.2.11.pom (6.9 kB at 286 kB/s)
Downloading from central: https://repo.maven.apache.org/maven2/io/dropwizard/metrics/metrics-parent/4.2.11/metrics-parent-4.2.11.pom
Progress (1): 16/20 kBProgress (1): 20 kB                      Downloaded from central: https://repo.maven.apache.org/maven2/io/dropwizard/metrics/metrics-parent/4.2.11/metrics-parent-4.2.11.pom (20 kB at 845 kB/s)
Downloading from central: https://repo.maven.apache.org/maven2/org/codehaus/groovy/groovy-bom/3.0.12/groovy-bom-3.0.12.pom
Progress (1): 16/26 kBProgress (1): 26 kB                      Downloaded from central: https://repo.maven.apache.org/maven2/org/codehaus/groovy/groovy-bom/3.0.12/groovy-bom-3.0.12.pom (26 kB at 1.1 MB/s)
Downloading from central: https://repo.maven.apache.org/maven2/com/fasterxml/jackson/jackson-bom/2.13.3/jackson-bom-2.13.3.pom
Progress (1): 16/17 kBProgress (1): 17 kB                      Downloaded from central: https://repo.maven.apache.org/maven2/com/fasterxml/jackson/jackson-bom/2.13.3/jackson-bom-2.13.3.pom (17 kB at 599 kB/s)
Downloading from central: https://repo.maven.apache.org/maven2/org/eclipse/jetty/jetty-bom/9.4.48.v20220622/jetty-bom-9.4.48.v20220622.pom
Progress (1): 16/18 kBProgress (1): 18 kB                      Downloaded from central: https://repo.maven.apache.org/maven2/org/eclipse/jetty/jetty-bom/9.4.48.v20220622/jetty-bom-9.4.48.v20220622.pom (18 kB at 706 kB/s)
Downloading from central: https://repo.maven.apache.org/maven2/io/micrometer/micrometer-bom/1.8.9/micrometer-bom-1.8.9.pom
Progress (1): 7.1 kB                    Downloaded from central: https://repo.maven.apache.org/maven2/io/micrometer/micrometer-bom/1.8.9/micrometer-bom-1.8.9.pom (7.1 kB at 307 kB/s)
Downloading from central: https://repo.maven.apache.org/maven2/io/netty/netty-bom/4.1.79.Final/netty-bom-4.1.79.Final.pom
Progress (1): 13 kB                   Downloaded from central: https://repo.maven.apache.org/maven2/io/netty/netty-bom/4.1.79.Final/netty-bom-4.1.79.Final.pom (13 kB at 526 kB/s)
Downloading from central: https://repo.maven.apache.org/maven2/io/projectreactor/reactor-bom/2020.0.22/reactor-bom-2020.0.22.pom
Progress (1): 4.6 kB                    Downloaded from central: https://repo.maven.apache.org/maven2/io/projectreactor/reactor-bom/2020.0.22/reactor-bom-2020.0.22.pom (4.6 kB at 200 kB/s)
Downloading from central: https://repo.maven.apache.org/maven2/io/rsocket/rsocket-bom/1.1.2/rsocket-bom-1.1.2.pom
Progress (1): 2.6 kB                    Downloaded from central: https://repo.maven.apache.org/maven2/io/rsocket/rsocket-bom/1.1.2/rsocket-bom-1.1.2.pom (2.6 kB at 115 kB/s)
Downloading from central: https://repo.maven.apache.org/maven2/org/springframework/data/spring-data-bom/2021.1.6/spring-data-bom-2021.1.6.pom
Progress (1): 5.7 kB                    Downloaded from central: https://repo.maven.apache.org/maven2/org/springframework/data/spring-data-bom/2021.1.6/spring-data-bom-2021.1.6.pom (5.7 kB at 203 kB/s)
Downloading from central: https://repo.maven.apache.org/maven2/org/springframework/spring-framework-bom/5.3.22/spring-framework-bom-5.3.22.pom
Progress (1): 5.7 kB                    Downloaded from central: https://repo.maven.apache.org/maven2/org/springframework/spring-framework-bom/5.3.22/spring-framework-bom-5.3.22.pom (5.7 kB at 236 kB/s)
Downloading from central: https://repo.maven.apache.org/maven2/org/springframework/integration/spring-integration-bom/5.5.14/spring-integration-bom-5.5.14.pom
Progress (1): 9.2 kB                    Downloaded from central: https://repo.maven.apache.org/maven2/org/springframework/integration/spring-integration-bom/5.5.14/spring-integration-bom-5.5.14.pom (9.2 kB at 367 kB/s)
Downloading from central: https://repo.maven.apache.org/maven2/org/springframework/security/spring-security-bom/5.6.7/spring-security-bom-5.6.7.pom
Progress (1): 5.7 kB                    Downloaded from central: https://repo.maven.apache.org/maven2/org/springframework/security/spring-security-bom/5.6.7/spring-security-bom-5.6.7.pom (5.7 kB at 238 kB/s)
Downloading from central: https://repo.maven.apache.org/maven2/org/springframework/cloud/spring-cloud-gateway-server/3.1.4/spring-cloud-gateway-server-3.1.4.pom
Progress (1): 6.4 kB                    Downloaded from central: https://repo.maven.apache.org/maven2/org/springframework/cloud/spring-cloud-gateway-server/3.1.4/spring-cloud-gateway-server-3.1.4.pom (6.4 kB at 255 kB/s)
Downloading from central: https://repo.maven.apache.org/maven2/org/springframework/boot/spring-boot-starter-validation/2.7.8/spring-boot-starter-validation-2.7.8.pom
Progress (1): 2.5 kB                    Downloaded from central: https://repo.maven.apache.org/maven2/org/springframework/boot/spring-boot-starter-validation/2.7.8/spring-boot-starter-validation-2.7.8.pom (2.5 kB at 114 kB/s)
Downloading from central: https://repo.maven.apache.org/maven2/org/hibernate/validator/hibernate-validator/6.2.5.Final/hibernate-validator-6.2.5.Final.pom
Progress (1): 14 kB                   Downloaded from central: https://repo.maven.apache.org/maven2/org/hibernate/validator/hibernate-validator/6.2.5.Final/hibernate-validator-6.2.5.Final.pom (14 kB at 628 kB/s)
Downloading from central: https://repo.maven.apache.org/maven2/org/hibernate/validator/hibernate-validator-parent/6.2.5.Final/hibernate-validator-parent-6.2.5.Final.pom
Progress (1): 16/78 kBProgress (1): 32/78 kBProgress (1): 49/78 kBProgress (1): 65/78 kBProgress (1): 78 kB                      Downloaded from central: https://repo.maven.apache.org/maven2/org/hibernate/validator/hibernate-validator-parent/6.2.5.Final/hibernate-validator-parent-6.2.5.Final.pom (78 kB at 3.1 MB/s)
Downloading from central: https://repo.maven.apache.org/maven2/org/jboss/arquillian/arquillian-bom/1.6.0.Final/arquillian-bom-1.6.0.Final.pom
Progress (1): 9.2 kB                    Downloaded from central: https://repo.maven.apache.org/maven2/org/jboss/arquillian/arquillian-bom/1.6.0.Final/arquillian-bom-1.6.0.Final.pom (9.2 kB at 399 kB/s)
Downloading from central: https://repo.maven.apache.org/maven2/org/jboss/shrinkwrap/shrinkwrap-bom/1.2.6/shrinkwrap-bom-1.2.6.pom
Progress (1): 4.0 kB                    Downloaded from central: https://repo.maven.apache.org/maven2/org/jboss/shrinkwrap/shrinkwrap-bom/1.2.6/shrinkwrap-bom-1.2.6.pom (4.0 kB at 173 kB/s)
Downloading from central: https://repo.maven.apache.org/maven2/org/jboss/shrinkwrap/resolver/shrinkwrap-resolver-bom/3.1.4/shrinkwrap-resolver-bom-3.1.4.pom
Progress (1): 7.0 kB                    Downloaded from central: https://repo.maven.apache.org/maven2/org/jboss/shrinkwrap/resolver/shrinkwrap-resolver-bom/3.1.4/shrinkwrap-resolver-bom-3.1.4.pom (7.0 kB at 259 kB/s)
Downloading from central: https://repo.maven.apache.org/maven2/org/apache/maven/maven/3.6.3/maven-3.6.3.pom
Progress (1): 16/26 kBProgress (1): 26 kB                      Downloaded from central: https://repo.maven.apache.org/maven2/org/apache/maven/maven/3.6.3/maven-3.6.3.pom (26 kB at 1.1 MB/s)
Downloading from central: https://repo.maven.apache.org/maven2/org/jboss/shrinkwrap/descriptors/shrinkwrap-descriptors-bom/2.0.0/shrinkwrap-descriptors-bom-2.0.0.pom
Progress (1): 5.2 kB                    Downloaded from central: https://repo.maven.apache.org/maven2/org/jboss/shrinkwrap/descriptors/shrinkwrap-descriptors-bom/2.0.0/shrinkwrap-descriptors-bom-2.0.0.pom (5.2 kB at 227 kB/s)
Downloading from central: https://repo.maven.apache.org/maven2/jakarta/validation/jakarta.validation-api/2.0.2/jakarta.validation-api-2.0.2.pom
Progress (1): 11 kB                   Downloaded from central: https://repo.maven.apache.org/maven2/jakarta/validation/jakarta.validation-api/2.0.2/jakarta.validation-api-2.0.2.pom (11 kB at 473 kB/s)
Downloading from central: https://repo.maven.apache.org/maven2/org/jboss/logging/jboss-logging/3.4.3.Final/jboss-logging-3.4.3.Final.pom
Progress (1): 15 kB                   Downloaded from central: https://repo.maven.apache.org/maven2/org/jboss/logging/jboss-logging/3.4.3.Final/jboss-logging-3.4.3.Final.pom (15 kB at 588 kB/s)
Downloading from central: https://repo.maven.apache.org/maven2/org/jboss/jboss-parent/39/jboss-parent-39.pom
Progress (1): 16/68 kBProgress (1): 32/68 kBProgress (1): 49/68 kBProgress (1): 65/68 kBProgress (1): 68 kB                      Downloaded from central: https://repo.maven.apache.org/maven2/org/jboss/jboss-parent/39/jboss-parent-39.pom (68 kB at 2.7 MB/s)
Downloading from central: https://repo.maven.apache.org/maven2/com/fasterxml/classmate/1.5.1/classmate-1.5.1.pom
Progress (1): 7.3 kB                    Downloaded from central: https://repo.maven.apache.org/maven2/com/fasterxml/classmate/1.5.1/classmate-1.5.1.pom (7.3 kB at 303 kB/s)
Downloading from central: https://repo.maven.apache.org/maven2/com/fasterxml/oss-parent/35/oss-parent-35.pom
Progress (1): 16/23 kBProgress (1): 23 kB                      Downloaded from central: https://repo.maven.apache.org/maven2/com/fasterxml/oss-parent/35/oss-parent-35.pom (23 kB at 992 kB/s)
Downloading from central: https://repo.maven.apache.org/maven2/io/projectreactor/addons/reactor-extra/3.4.9/reactor-extra-3.4.9.pom
Progress (1): 2.0 kB                    Downloaded from central: https://repo.maven.apache.org/maven2/io/projectreactor/addons/reactor-extra/3.4.9/reactor-extra-3.4.9.pom (2.0 kB at 96 kB/s)
Downloading from central: https://repo.maven.apache.org/maven2/io/projectreactor/reactor-core/3.4.26/reactor-core-3.4.26.pom
Progress (1): 2.1 kB                    Downloaded from central: https://repo.maven.apache.org/maven2/io/projectreactor/reactor-core/3.4.26/reactor-core-3.4.26.pom (2.1 kB at 89 kB/s)
Downloading from central: https://repo.maven.apache.org/maven2/org/reactivestreams/reactive-streams/1.0.4/reactive-streams-1.0.4.pom
Progress (1): 1.1 kB                    Downloaded from central: https://repo.maven.apache.org/maven2/org/reactivestreams/reactive-streams/1.0.4/reactive-streams-1.0.4.pom (1.1 kB at 57 kB/s)
Downloading from central: https://repo.maven.apache.org/maven2/org/springframework/boot/spring-boot-starter-webflux/2.7.8/spring-boot-starter-webflux-2.7.8.pom
Progress (1): 2.9 kB                    Downloaded from central: https://repo.maven.apache.org/maven2/org/springframework/boot/spring-boot-starter-webflux/2.7.8/spring-boot-starter-webflux-2.7.8.pom (2.9 kB at 132 kB/s)
Downloading from central: https://repo.maven.apache.org/maven2/org/springframework/boot/spring-boot-starter-reactor-netty/2.7.8/spring-boot-starter-reactor-netty-2.7.8.pom
Progress (1): 2.1 kB                    Downloaded from central: https://repo.maven.apache.org/maven2/org/springframework/boot/spring-boot-starter-reactor-netty/2.7.8/spring-boot-starter-reactor-netty-2.7.8.pom (2.1 kB at 89 kB/s)
Downloading from central: https://repo.maven.apache.org/maven2/io/projectreactor/netty/reactor-netty-http/1.0.27/reactor-netty-http-1.0.27.pom
Progress (1): 4.3 kB                    Downloaded from central: https://repo.maven.apache.org/maven2/io/projectreactor/netty/reactor-netty-http/1.0.27/reactor-netty-http-1.0.27.pom (4.3 kB at 179 kB/s)
Downloading from central: https://repo.maven.apache.org/maven2/io/netty/netty-codec-http/4.1.87.Final/netty-codec-http-4.1.87.Final.pom
Progress (1): 3.9 kB                    Downloaded from central: https://repo.maven.apache.org/maven2/io/netty/netty-codec-http/4.1.87.Final/netty-codec-http-4.1.87.Final.pom (3.9 kB at 92 kB/s)
Downloading from central: https://repo.maven.apache.org/maven2/io/netty/netty-codec-http2/4.1.87.Final/netty-codec-http2-4.1.87.Final.pom
Progress (1): 4.0 kB                    Downloaded from central: https://repo.maven.apache.org/maven2/io/netty/netty-codec-http2/4.1.87.Final/netty-codec-http2-4.1.87.Final.pom (4.0 kB at 167 kB/s)
Downloading from central: https://repo.maven.apache.org/maven2/io/netty/netty-resolver-dns/4.1.87.Final/netty-resolver-dns-4.1.87.Final.pom
Progress (1): 3.7 kB                    Downloaded from central: https://repo.maven.apache.org/maven2/io/netty/netty-resolver-dns/4.1.87.Final/netty-resolver-dns-4.1.87.Final.pom (3.7 kB at 128 kB/s)
Downloading from central: https://repo.maven.apache.org/maven2/io/netty/netty-codec-dns/4.1.87.Final/netty-codec-dns-4.1.87.Final.pom
Progress (1): 2.7 kB                    Downloaded from central: https://repo.maven.apache.org/maven2/io/netty/netty-codec-dns/4.1.87.Final/netty-codec-dns-4.1.87.Final.pom (2.7 kB at 129 kB/s)
Downloading from central: https://repo.maven.apache.org/maven2/io/netty/netty-resolver-dns-native-macos/4.1.87.Final/netty-resolver-dns-native-macos-4.1.87.Final.pom
Progress (1): 16/18 kBProgress (1): 18 kB                      Downloaded from central: https://repo.maven.apache.org/maven2/io/netty/netty-resolver-dns-native-macos/4.1.87.Final/netty-resolver-dns-native-macos-4.1.87.Final.pom (18 kB at 750 kB/s)
Downloading from central: https://repo.maven.apache.org/maven2/io/netty/netty-resolver-dns-classes-macos/4.1.87.Final/netty-resolver-dns-classes-macos-4.1.87.Final.pom
Progress (1): 2.0 kB                    Downloaded from central: https://repo.maven.apache.org/maven2/io/netty/netty-resolver-dns-classes-macos/4.1.87.Final/netty-resolver-dns-classes-macos-4.1.87.Final.pom (2.0 kB at 90 kB/s)
Downloading from central: https://repo.maven.apache.org/maven2/io/projectreactor/netty/reactor-netty-core/1.0.27/reactor-netty-core-1.0.27.pom
Progress (1): 3.9 kB                    Downloaded from central: https://repo.maven.apache.org/maven2/io/projectreactor/netty/reactor-netty-core/1.0.27/reactor-netty-core-1.0.27.pom (3.9 kB at 170 kB/s)
Downloading from central: https://repo.maven.apache.org/maven2/io/netty/netty-handler-proxy/4.1.87.Final/netty-handler-proxy-4.1.87.Final.pom
Progress (1): 3.3 kB                    Downloaded from central: https://repo.maven.apache.org/maven2/io/netty/netty-handler-proxy/4.1.87.Final/netty-handler-proxy-4.1.87.Final.pom (3.3 kB at 134 kB/s)
Downloading from central: https://repo.maven.apache.org/maven2/io/netty/netty-codec-socks/4.1.87.Final/netty-codec-socks-4.1.87.Final.pom
Progress (1): 2.5 kB                    Downloaded from central: https://repo.maven.apache.org/maven2/io/netty/netty-codec-socks/4.1.87.Final/netty-codec-socks-4.1.87.Final.pom (2.5 kB at 115 kB/s)
Downloading from central: https://repo.maven.apache.org/maven2/org/springframework/spring-webflux/5.3.25/spring-webflux-5.3.25.pom
Progress (1): 2.6 kB                    Downloaded from central: https://repo.maven.apache.org/maven2/org/springframework/spring-webflux/5.3.25/spring-webflux-5.3.25.pom (2.6 kB at 117 kB/s)
Downloading from central: https://repo.maven.apache.org/maven2/org/springframework/cloud/spring-cloud-gateway-webflux/3.1.4/spring-cloud-gateway-webflux-3.1.4.pom
Progress (1): 2.5 kB                    Downloaded from central: https://repo.maven.apache.org/maven2/org/springframework/cloud/spring-cloud-gateway-webflux/3.1.4/spring-cloud-gateway-webflux-3.1.4.pom (2.5 kB at 110 kB/s)
Downloading from central: https://repo.maven.apache.org/maven2/org/springframework/cloud/spring-cloud-starter-circuitbreaker-resilience4j/2.1.5/spring-cloud-starter-circuitbreaker-resilience4j-2.1.5.jar
Downloading from central: https://repo.maven.apache.org/maven2/org/springframework/cloud/spring-cloud-starter/3.1.5/spring-cloud-starter-3.1.5.jar
Downloading from central: https://repo.maven.apache.org/maven2/org/springframework/cloud/spring-cloud-context/3.1.5/spring-cloud-context-3.1.5.jar
Downloading from central: https://repo.maven.apache.org/maven2/org/springframework/security/spring-security-crypto/5.7.6/spring-security-crypto-5.7.6.jar
Downloading from central: https://repo.maven.apache.org/maven2/org/springframework/cloud/spring-cloud-commons/3.1.5/spring-cloud-commons-3.1.5.jar
Progress (1): 1.4/2.6 kBProgress (1): 2.6 kB                        Downloaded from central: https://repo.maven.apache.org/maven2/org/springframework/cloud/spring-cloud-starter/3.1.5/spring-cloud-starter-3.1.5.jar (2.6 kB at 39 kB/s)
Downloading from central: https://repo.maven.apache.org/maven2/org/springframework/security/spring-security-rsa/1.0.11.RELEASE/spring-security-rsa-1.0.11.RELEASE.jar
Progress (1): 1.4/159 kBProgress (1): 2.7/159 kBProgress (1): 4.1/159 kBProgress (1): 5.5/159 kBProgress (1): 6.9/159 kBProgress (1): 8.2/159 kBProgress (1): 9.6/159 kBProgress (1): 11/159 kB Progress (2): 11/159 kB | 1.4/260 kBProgress (2): 11/159 kB | 2.7/260 kBProgress (2): 11/159 kB | 4.1/260 kBProgress (2): 11/159 kB | 5.5/260 kBProgress (2): 11/159 kB | 6.9/260 kBProgress (2): 11/159 kB | 8.2/260 kBProgress (2): 11/159 kB | 9.6/260 kBProgress (2): 11/159 kB | 11/260 kB Progress (2): 12/159 kB | 11/260 kBProgress (2): 12/159 kB | 12/260 kBProgress (2): 14/159 kB | 12/260 kBProgress (2): 14/159 kB | 14/260 kBProgress (2): 15/159 kB | 14/260 kBProgress (2): 15/159 kB | 15/260 kBProgress (2): 16/159 kB | 15/260 kBProgress (2): 16/159 kB | 16/260 kBProgress (2): 18/159 kB | 16/260 kBProgress (2): 19/159 kB | 16/260 kBProgress (2): 21/159 kB | 16/260 kBProgress (2): 22/159 kB | 16/260 kBProgress (2): 23/159 kB | 16/260 kBProgress (2): 25/159 kB | 16/260 kBProgress (2): 26/159 kB | 16/260 kBProgress (2): 27/159 kB | 16/260 kBProgress (3): 27/159 kB | 16/260 kB | 1.4/82 kBProgress (3): 27/159 kB | 16/260 kB | 2.7/82 kBProgress (3): 29/159 kB | 16/260 kB | 2.7/82 kBProgress (3): 29/159 kB | 16/260 kB | 4.1/82 kBProgress (3): 30/159 kB | 16/260 kB | 4.1/82 kBProgress (3): 30/159 kB | 16/260 kB | 5.5/82 kBProgress (3): 30/159 kB | 16/260 kB | 6.9/82 kBProgress (3): 30/159 kB | 16/260 kB | 8.2/82 kBProgress (3): 30/159 kB | 32/260 kB | 8.2/82 kBProgress (3): 30/159 kB | 32/260 kB | 9.6/82 kBProgress (3): 32/159 kB | 32/260 kB | 9.6/82 kBProgress (3): 32/159 kB | 32/260 kB | 11/82 kB Progress (3): 33/159 kB | 32/260 kB | 11/82 kBProgress (3): 33/159 kB | 32/260 kB | 12/82 kBProgress (3): 34/159 kB | 32/260 kB | 12/82 kBProgress (3): 34/159 kB | 32/260 kB | 14/82 kBProgress (3): 36/159 kB | 32/260 kB | 14/82 kBProgress (3): 36/159 kB | 32/260 kB | 15/82 kBProgress (3): 36/159 kB | 32/260 kB | 16/82 kBProgress (3): 36/159 kB | 32/260 kB | 32/82 kBProgress (4): 36/159 kB | 32/260 kB | 32/82 kB | 1.4/20 kBProgress (4): 36/159 kB | 32/260 kB | 32/82 kB | 2.7/20 kBProgress (4): 36/159 kB | 32/260 kB | 32/82 kB | 4.1/20 kBProgress (4): 36/159 kB | 32/260 kB | 32/82 kB | 5.5/20 kBProgress (4): 36/159 kB | 32/260 kB | 32/82 kB | 6.9/20 kBProgress (4): 37/159 kB | 32/260 kB | 32/82 kB | 6.9/20 kBProgress (4): 38/159 kB | 32/260 kB | 32/82 kB | 6.9/20 kBProgress (4): 40/159 kB | 32/260 kB | 32/82 kB | 6.9/20 kBProgress (4): 40/159 kB | 32/260 kB | 32/82 kB | 8.2/20 kBProgress (4): 40/159 kB | 32/260 kB | 32/82 kB | 9.6/20 kBProgress (4): 40/159 kB | 32/260 kB | 32/82 kB | 11/20 kB Progress (4): 40/159 kB | 32/260 kB | 32/82 kB | 12/20 kBProgress (4): 40/159 kB | 32/260 kB | 32/82 kB | 14/20 kBProgress (4): 40/159 kB | 32/260 kB | 32/82 kB | 15/20 kBProgress (4): 40/159 kB | 32/260 kB | 32/82 kB | 16/20 kBProgress (4): 40/159 kB | 32/260 kB | 32/82 kB | 17/20 kBProgress (4): 40/159 kB | 32/260 kB | 32/82 kB | 19/20 kBProgress (4): 40/159 kB | 32/260 kB | 32/82 kB | 20 kB                                                         Downloaded from central: https://repo.maven.apache.org/maven2/org/springframework/security/spring-security-rsa/1.0.11.RELEASE/spring-security-rsa-1.0.11.RELEASE.jar (20 kB at 249 kB/s)
Downloading from central: https://repo.maven.apache.org/maven2/org/bouncycastle/bcpkix-jdk15on/1.69/bcpkix-jdk15on-1.69.jar
Progress (3): 41/159 kB | 32/260 kB | 32/82 kBProgress (3): 43/159 kB | 32/260 kB | 32/82 kBProgress (3): 44/159 kB | 32/260 kB | 32/82 kBProgress (3): 45/159 kB | 32/260 kB | 32/82 kBProgress (3): 47/159 kB | 32/260 kB | 32/82 kBProgress (3): 48/159 kB | 32/260 kB | 32/82 kBProgress (3): 49/159 kB | 32/260 kB | 32/82 kBProgress (3): 51/159 kB | 32/260 kB | 32/82 kBProgress (3): 51/159 kB | 49/260 kB | 32/82 kBProgress (3): 52/159 kB | 49/260 kB | 32/82 kBProgress (3): 53/159 kB | 49/260 kB | 32/82 kBProgress (3): 55/159 kB | 49/260 kB | 32/82 kBProgress (3): 56/159 kB | 49/260 kB | 32/82 kBProgress (3): 58/159 kB | 49/260 kB | 32/82 kBProgress (3): 59/159 kB | 49/260 kB | 32/82 kBProgress (3): 60/159 kB | 49/260 kB | 32/82 kBProgress (3): 62/159 kB | 49/260 kB | 32/82 kBProgress (3): 63/159 kB | 49/260 kB | 32/82 kBProgress (3): 64/159 kB | 49/260 kB | 32/82 kBProgress (3): 64/159 kB | 65/260 kB | 32/82 kBProgress (3): 64/159 kB | 65/260 kB | 49/82 kBProgress (3): 64/159 kB | 81/260 kB | 49/82 kBProgress (3): 80/159 kB | 81/260 kB | 49/82 kBProgress (3): 80/159 kB | 98/260 kB | 49/82 kBProgress (3): 97/159 kB | 98/260 kB | 49/82 kBProgress (3): 97/159 kB | 98/260 kB | 65/82 kBProgress (3): 97/159 kB | 114/260 kB | 65/82 kBProgress (3): 113/159 kB | 114/260 kB | 65/82 kBProgress (3): 113/159 kB | 114/260 kB | 81/82 kBProgress (3): 113/159 kB | 114/260 kB | 82 kB                                                Downloaded from central: https://repo.maven.apache.org/maven2/org/springframework/security/spring-security-crypto/5.7.6/spring-security-crypto-5.7.6.jar (82 kB at 760 kB/s)
Downloading from central: https://repo.maven.apache.org/maven2/org/bouncycastle/bcprov-jdk15on/1.69/bcprov-jdk15on-1.69.jar
Progress (3): 113/159 kB | 114/260 kB | 16/909 kBProgress (3): 113/159 kB | 131/260 kB | 16/909 kBProgress (3): 130/159 kB | 131/260 kB | 16/909 kBProgress (3): 130/159 kB | 147/260 kB | 16/909 kBProgress (3): 130/159 kB | 147/260 kB | 33/909 kBProgress (3): 146/159 kB | 147/260 kB | 33/909 kBProgress (3): 159 kB | 147/260 kB | 33/909 kB    Progress (3): 159 kB | 163/260 kB | 33/909 kB                                             Downloaded from central: https://repo.maven.apache.org/maven2/org/springframework/cloud/spring-cloud-context/3.1.5/spring-cloud-context-3.1.5.jar (159 kB at 1.3 MB/s)
Downloading from central: https://repo.maven.apache.org/maven2/org/bouncycastle/bcutil-jdk15on/1.69/bcutil-jdk15on-1.69.jar
Progress (2): 180/260 kB | 33/909 kBProgress (2): 196/260 kB | 33/909 kBProgress (2): 212/260 kB | 33/909 kBProgress (2): 229/260 kB | 33/909 kBProgress (2): 229/260 kB | 49/909 kBProgress (2): 245/260 kB | 49/909 kBProgress (2): 245/260 kB | 66/909 kBProgress (2): 260 kB | 66/909 kB                                    Downloaded from central: https://repo.maven.apache.org/maven2/org/springframework/cloud/spring-cloud-commons/3.1.5/spring-cloud-commons-3.1.5.jar (260 kB at 2.0 MB/s)
Downloading from central: https://repo.maven.apache.org/maven2/org/springframework/cloud/spring-cloud-circuitbreaker-resilience4j/2.1.5/spring-cloud-circuitbreaker-resilience4j-2.1.5.jar
Progress (1): 82/909 kBProgress (2): 82/909 kB | 0/5.7 MBProgress (2): 82/909 kB | 0/5.7 MBProgress (2): 98/909 kB | 0/5.7 MBProgress (2): 115/909 kB | 0/5.7 MBProgress (2): 115/909 kB | 0/5.7 MBProgress (2): 115/909 kB | 0.1/5.7 MBProgress (2): 115/909 kB | 0.1/5.7 MBProgress (2): 115/909 kB | 0.1/5.7 MBProgress (3): 115/909 kB | 0.1/5.7 MB | 16/359 kBProgress (3): 115/909 kB | 0.1/5.7 MB | 33/359 kBProgress (3): 115/909 kB | 0.1/5.7 MB | 49/359 kBProgress (3): 115/909 kB | 0.1/5.7 MB | 65/359 kBProgress (3): 131/909 kB | 0.1/5.7 MB | 65/359 kBProgress (3): 131/909 kB | 0.1/5.7 MB | 82/359 kBProgress (3): 131/909 kB | 0.1/5.7 MB | 98/359 kBProgress (3): 131/909 kB | 0.1/5.7 MB | 115/359 kBProgress (3): 131/909 kB | 0.1/5.7 MB | 131/359 kBProgress (3): 147/909 kB | 0.1/5.7 MB | 131/359 kBProgress (3): 147/909 kB | 0.1/5.7 MB | 147/359 kBProgress (3): 147/909 kB | 0.1/5.7 MB | 164/359 kBProgress (3): 164/909 kB | 0.1/5.7 MB | 164/359 kBProgress (3): 164/909 kB | 0.1/5.7 MB | 164/359 kBProgress (3): 164/909 kB | 0.1/5.7 MB | 164/359 kBProgress (3): 180/909 kB | 0.1/5.7 MB | 164/359 kBProgress (3): 180/909 kB | 0.1/5.7 MB | 180/359 kBProgress (3): 197/909 kB | 0.1/5.7 MB | 180/359 kBProgress (4): 197/909 kB | 0.1/5.7 MB | 180/359 kB | 16/35 kBProgress (4): 197/909 kB | 0.1/5.7 MB | 180/359 kB | 32/35 kBProgress (4): 197/909 kB | 0.1/5.7 MB | 180/359 kB | 35 kB                                                             Downloaded from central: https://repo.maven.apache.org/maven2/org/springframework/cloud/spring-cloud-circuitbreaker-resilience4j/2.1.5/spring-cloud-circuitbreaker-resilience4j-2.1.5.jar (35 kB at 203 kB/s)
Downloading from central: https://repo.maven.apache.org/maven2/io/github/resilience4j/resilience4j-spring-boot2/1.7.0/resilience4j-spring-boot2-1.7.0.jar
Progress (3): 197/909 kB | 0.1/5.7 MB | 180/359 kBProgress (3): 213/909 kB | 0.1/5.7 MB | 180/359 kBProgress (3): 213/909 kB | 0.2/5.7 MB | 180/359 kBProgress (3): 229/909 kB | 0.2/5.7 MB | 180/359 kBProgress (3): 229/909 kB | 0.2/5.7 MB | 180/359 kBProgress (3): 246/909 kB | 0.2/5.7 MB | 180/359 kBProgress (3): 256/909 kB | 0.2/5.7 MB | 180/359 kBProgress (3): 256/909 kB | 0.2/5.7 MB | 180/359 kBProgress (3): 272/909 kB | 0.2/5.7 MB | 180/359 kBProgress (3): 272/909 kB | 0.2/5.7 MB | 180/359 kBProgress (3): 272/909 kB | 0.2/5.7 MB | 180/359 kBProgress (3): 289/909 kB | 0.2/5.7 MB | 180/359 kBProgress (3): 289/909 kB | 0.2/5.7 MB | 180/359 kBProgress (3): 289/909 kB | 0.3/5.7 MB | 180/359 kBProgress (3): 289/909 kB | 0.3/5.7 MB | 180/359 kBProgress (3): 289/909 kB | 0.3/5.7 MB | 197/359 kBProgress (3): 289/909 kB | 0.3/5.7 MB | 213/359 kBProgress (3): 289/909 kB | 0.3/5.7 MB | 229/359 kBProgress (3): 289/909 kB | 0.3/5.7 MB | 246/359 kBProgress (3): 289/909 kB | 0.3/5.7 MB | 262/359 kBProgress (3): 289/909 kB | 0.3/5.7 MB | 278/359 kBProgress (3): 305/909 kB | 0.3/5.7 MB | 278/359 kBProgress (3): 305/909 kB | 0.3/5.7 MB | 295/359 kBProgress (3): 305/909 kB | 0.3/5.7 MB | 311/359 kBProgress (3): 305/909 kB | 0.3/5.7 MB | 328/359 kBProgress (3): 305/909 kB | 0.3/5.7 MB | 344/359 kBProgress (3): 305/909 kB | 0.3/5.7 MB | 359 kB    Progress (3): 321/909 kB | 0.3/5.7 MB | 359 kB                                              Downloaded from central: https://repo.maven.apache.org/maven2/org/bouncycastle/bcutil-jdk15on/1.69/bcutil-jdk15on-1.69.jar (359 kB at 1.8 MB/s)
Downloading from central: https://repo.maven.apache.org/maven2/io/github/resilience4j/resilience4j-spring/1.7.0/resilience4j-spring-1.7.0.jar
Progress (2): 338/909 kB | 0.3/5.7 MBProgress (2): 354/909 kB | 0.3/5.7 MBProgress (2): 370/909 kB | 0.3/5.7 MBProgress (2): 370/909 kB | 0.3/5.7 MBProgress (2): 387/909 kB | 0.3/5.7 MBProgress (2): 387/909 kB | 0.3/5.7 MBProgress (2): 403/909 kB | 0.3/5.7 MBProgress (2): 403/909 kB | 0.3/5.7 MBProgress (2): 403/909 kB | 0.3/5.7 MBProgress (2): 420/909 kB | 0.3/5.7 MBProgress (2): 420/909 kB | 0.4/5.7 MBProgress (2): 420/909 kB | 0.4/5.7 MBProgress (2): 420/909 kB | 0.4/5.7 MBProgress (2): 436/909 kB | 0.4/5.7 MBProgress (2): 452/909 kB | 0.4/5.7 MBProgress (2): 452/909 kB | 0.4/5.7 MBProgress (2): 452/909 kB | 0.4/5.7 MBProgress (2): 452/909 kB | 0.4/5.7 MBProgress (3): 452/909 kB | 0.4/5.7 MB | 16/85 kBProgress (3): 452/909 kB | 0.5/5.7 MB | 16/85 kBProgress (3): 469/909 kB | 0.5/5.7 MB | 16/85 kBProgress (3): 469/909 kB | 0.5/5.7 MB | 33/85 kBProgress (3): 469/909 kB | 0.5/5.7 MB | 49/85 kBProgress (3): 469/909 kB | 0.5/5.7 MB | 66/85 kBProgress (3): 485/909 kB | 0.5/5.7 MB | 66/85 kBProgress (3): 485/909 kB | 0.5/5.7 MB | 82/85 kBProgress (3): 485/909 kB | 0.5/5.7 MB | 82/85 kBProgress (3): 485/909 kB | 0.5/5.7 MB | 85 kB   Progress (3): 502/909 kB | 0.5/5.7 MB | 85 kB                                             Downloaded from central: https://repo.maven.apache.org/maven2/io/github/resilience4j/resilience4j-spring-boot2/1.7.0/resilience4j-spring-boot2-1.7.0.jar (85 kB at 372 kB/s)
Downloading from central: https://repo.maven.apache.org/maven2/io/github/resilience4j/resilience4j-annotations/1.7.0/resilience4j-annotations-1.7.0.jar
Progress (2): 512/909 kB | 0.5/5.7 MBProgress (2): 512/909 kB | 0.5/5.7 MBProgress (2): 512/909 kB | 0.5/5.7 MBProgress (2): 512/909 kB | 0.5/5.7 MBProgress (2): 512/909 kB | 0.5/5.7 MBProgress (2): 512/909 kB | 0.6/5.7 MBProgress (2): 528/909 kB | 0.6/5.7 MBProgress (2): 528/909 kB | 0.6/5.7 MBProgress (2): 528/909 kB | 0.6/5.7 MBProgress (2): 528/909 kB | 0.6/5.7 MBProgress (2): 544/909 kB | 0.6/5.7 MBProgress (2): 561/909 kB | 0.6/5.7 MBProgress (2): 577/909 kB | 0.6/5.7 MBProgress (2): 594/909 kB | 0.6/5.7 MBProgress (2): 610/909 kB | 0.6/5.7 MBProgress (2): 610/909 kB | 0.6/5.7 MBProgress (3): 610/909 kB | 0.6/5.7 MB | 16/107 kBProgress (3): 626/909 kB | 0.6/5.7 MB | 16/107 kBProgress (3): 626/909 kB | 0.6/5.7 MB | 16/107 kBProgress (3): 626/909 kB | 0.6/5.7 MB | 33/107 kBProgress (3): 626/909 kB | 0.7/5.7 MB | 33/107 kBProgress (3): 643/909 kB | 0.7/5.7 MB | 33/107 kBProgress (3): 643/909 kB | 0.7/5.7 MB | 33/107 kBProgress (3): 643/909 kB | 0.7/5.7 MB | 49/107 kBProgress (3): 643/909 kB | 0.7/5.7 MB | 66/107 kBProgress (3): 659/909 kB | 0.7/5.7 MB | 66/107 kBProgress (3): 675/909 kB | 0.7/5.7 MB | 66/107 kBProgress (3): 675/909 kB | 0.7/5.7 MB | 66/107 kBProgress (3): 675/909 kB | 0.7/5.7 MB | 82/107 kBProgress (4): 675/909 kB | 0.7/5.7 MB | 82/107 kB | 2.9 kBProgress (4): 675/909 kB | 0.7/5.7 MB | 82/107 kB | 2.9 kBProgress (4): 692/909 kB | 0.7/5.7 MB | 82/107 kB | 2.9 kB                                                          Downloaded from central: https://repo.maven.apache.org/maven2/org/springframework/cloud/spring-cloud-starter-circuitbreaker-resilience4j/2.1.5/spring-cloud-starter-circuitbreaker-resilience4j-2.1.5.jar (2.9 kB at 11 kB/s)
Downloading from central: https://repo.maven.apache.org/maven2/io/github/resilience4j/resilience4j-consumer/1.7.0/resilience4j-consumer-1.7.0.jar
Progress (3): 692/909 kB | 0.7/5.7 MB | 98/107 kBProgress (3): 692/909 kB | 0.7/5.7 MB | 107 kB   Progress (3): 692/909 kB | 0.7/5.7 MB | 107 kB                                              Downloaded from central: https://repo.maven.apache.org/maven2/io/github/resilience4j/resilience4j-spring/1.7.0/resilience4j-spring-1.7.0.jar (107 kB at 406 kB/s)
Downloading from central: https://repo.maven.apache.org/maven2/io/github/resilience4j/resilience4j-circularbuffer/1.7.0/resilience4j-circularbuffer-1.7.0.jar
Progress (2): 708/909 kB | 0.7/5.7 MBProgress (2): 708/909 kB | 0.7/5.7 MBProgress (2): 708/909 kB | 0.7/5.7 MBProgress (2): 725/909 kB | 0.7/5.7 MBProgress (2): 725/909 kB | 0.8/5.7 MBProgress (2): 741/909 kB | 0.8/5.7 MBProgress (2): 757/909 kB | 0.8/5.7 MBProgress (2): 757/909 kB | 0.8/5.7 MBProgress (2): 757/909 kB | 0.8/5.7 MBProgress (2): 757/909 kB | 0.8/5.7 MBProgress (3): 757/909 kB | 0.8/5.7 MB | 6.1 kBProgress (3): 767/909 kB | 0.8/5.7 MB | 6.1 kB                                              Downloaded from central: https://repo.maven.apache.org/maven2/io/github/resilience4j/resilience4j-annotations/1.7.0/resilience4j-annotations-1.7.0.jar (6.1 kB at 22 kB/s)
Downloading from central: https://repo.maven.apache.org/maven2/io/github/resilience4j/resilience4j-framework-common/1.7.0/resilience4j-framework-common-1.7.0.jar
Progress (2): 784/909 kB | 0.8/5.7 MBProgress (2): 784/909 kB | 0.8/5.7 MBProgress (2): 784/909 kB | 0.8/5.7 MBProgress (2): 784/909 kB | 0.9/5.7 MBProgress (2): 800/909 kB | 0.9/5.7 MBProgress (2): 800/909 kB | 0.9/5.7 MBProgress (2): 800/909 kB | 0.9/5.7 MBProgress (2): 817/909 kB | 0.9/5.7 MBProgress (3): 817/909 kB | 0.9/5.7 MB | 4.0 kBProgress (3): 817/909 kB | 0.9/5.7 MB | 4.0 kB                                              Downloaded from central: https://repo.maven.apache.org/maven2/io/github/resilience4j/resilience4j-consumer/1.7.0/resilience4j-consumer-1.7.0.jar (4.0 kB at 14 kB/s)
Downloading from central: https://repo.maven.apache.org/maven2/io/github/resilience4j/resilience4j-ratelimiter/1.7.0/resilience4j-ratelimiter-1.7.0.jar
Progress (2): 833/909 kB | 0.9/5.7 MBProgress (2): 849/909 kB | 0.9/5.7 MBProgress (2): 849/909 kB | 0.9/5.7 MBProgress (2): 866/909 kB | 0.9/5.7 MBProgress (2): 866/909 kB | 0.9/5.7 MBProgress (2): 866/909 kB | 1.0/5.7 MBProgress (2): 882/909 kB | 1.0/5.7 MBProgress (2): 898/909 kB | 1.0/5.7 MBProgress (2): 898/909 kB | 1.0/5.7 MBProgress (2): 898/909 kB | 1.0/5.7 MBProgress (2): 909 kB | 1.0/5.7 MB                                     Downloaded from central: https://repo.maven.apache.org/maven2/org/bouncycastle/bcpkix-jdk15on/1.69/bcpkix-jdk15on-1.69.jar (909 kB at 3.1 MB/s)
Progress (1): 1.0/5.7 MB                        Downloading from central: https://repo.maven.apache.org/maven2/io/github/resilience4j/resilience4j-retry/1.7.0/resilience4j-retry-1.7.0.jar
Progress (1): 1.0/5.7 MBProgress (1): 1.0/5.7 MBProgress (1): 1.1/5.7 MBProgress (1): 1.1/5.7 MBProgress (1): 1.1/5.7 MBProgress (2): 1.1/5.7 MB | 8.1 kB                                 Downloaded from central: https://repo.maven.apache.org/maven2/io/github/resilience4j/resilience4j-circularbuffer/1.7.0/resilience4j-circularbuffer-1.7.0.jar (8.1 kB at 27 kB/s)
Downloading from central: https://repo.maven.apache.org/maven2/io/github/resilience4j/resilience4j-micrometer/1.7.0/resilience4j-micrometer-1.7.0.jar
Progress (1): 1.1/5.7 MBProgress (1): 1.1/5.7 MBProgress (2): 1.1/5.7 MB | 16/79 kBProgress (2): 1.1/5.7 MB | 33/79 kBProgress (2): 1.1/5.7 MB | 33/79 kBProgress (2): 1.2/5.7 MB | 33/79 kBProgress (2): 1.2/5.7 MB | 49/79 kBProgress (2): 1.2/5.7 MB | 49/79 kBProgress (3): 1.2/5.7 MB | 49/79 kB | 16/42 kBProgress (3): 1.2/5.7 MB | 49/79 kB | 32/42 kBProgress (3): 1.2/5.7 MB | 49/79 kB | 42 kB   Progress (3): 1.2/5.7 MB | 49/79 kB | 42 kBProgress (3): 1.2/5.7 MB | 65/79 kB | 42 kBProgress (3): 1.2/5.7 MB | 79 kB | 42 kB   Progress (3): 1.2/5.7 MB | 79 kB | 42 kB                                        Downloaded from central: https://repo.maven.apache.org/maven2/io/github/resilience4j/resilience4j-framework-common/1.7.0/resilience4j-framework-common-1.7.0.jar (79 kB at 253 kB/s)
Downloading from central: https://repo.maven.apache.org/maven2/io/github/resilience4j/resilience4j-circuitbreaker/1.7.0/resilience4j-circuitbreaker-1.7.0.jar
Progress (2): 1.2/5.7 MB | 42 kBProgress (2): 1.2/5.7 MB | 42 kB                                Downloaded from central: https://repo.maven.apache.org/maven2/io/github/resilience4j/resilience4j-ratelimiter/1.7.0/resilience4j-ratelimiter-1.7.0.jar (42 kB at 134 kB/s)
Downloading from central: https://repo.maven.apache.org/maven2/io/vavr/vavr/0.10.2/vavr-0.10.2.jar
Progress (1): 1.3/5.7 MBProgress (1): 1.3/5.7 MBProgress (1): 1.3/5.7 MBProgress (1): 1.3/5.7 MBProgress (1): 1.3/5.7 MBProgress (1): 1.3/5.7 MBProgress (1): 1.4/5.7 MBProgress (1): 1.4/5.7 MBProgress (2): 1.4/5.7 MB | 16/49 kBProgress (2): 1.4/5.7 MB | 33/49 kBProgress (2): 1.4/5.7 MB | 33/49 kBProgress (2): 1.4/5.7 MB | 33/49 kBProgress (2): 1.4/5.7 MB | 49 kB                                   Downloaded from central: https://repo.maven.apache.org/maven2/io/github/resilience4j/resilience4j-retry/1.7.0/resilience4j-retry-1.7.0.jar (49 kB at 150 kB/s)
Downloading from central: https://repo.maven.apache.org/maven2/io/vavr/vavr-match/0.10.2/vavr-match-0.10.2.jar
Progress (1): 1.4/5.7 MBProgress (1): 1.4/5.7 MBProgress (2): 1.4/5.7 MB | 16/53 kBProgress (2): 1.5/5.7 MB | 16/53 kBProgress (2): 1.5/5.7 MB | 33/53 kBProgress (2): 1.5/5.7 MB | 33/53 kBProgress (2): 1.5/5.7 MB | 33/53 kBProgress (2): 1.5/5.7 MB | 49/53 kBProgress (2): 1.5/5.7 MB | 53 kB   Progress (2): 1.5/5.7 MB | 53 kB                                Downloaded from central: https://repo.maven.apache.org/maven2/io/github/resilience4j/resilience4j-micrometer/1.7.0/resilience4j-micrometer-1.7.0.jar (53 kB at 157 kB/s)
Downloading from central: https://repo.maven.apache.org/maven2/io/github/resilience4j/resilience4j-core/1.7.0/resilience4j-core-1.7.0.jar
Progress (1): 1.5/5.7 MBProgress (1): 1.5/5.7 MBProgress (2): 1.5/5.7 MB | 16/76 kBProgress (2): 1.5/5.7 MB | 33/76 kBProgress (2): 1.6/5.7 MB | 33/76 kBProgress (2): 1.6/5.7 MB | 33/76 kBProgress (2): 1.6/5.7 MB | 49/76 kBProgress (2): 1.6/5.7 MB | 62/76 kBProgress (2): 1.6/5.7 MB | 62/76 kBProgress (2): 1.6/5.7 MB | 76 kB   Progress (2): 1.6/5.7 MB | 76 kB                                Downloaded from central: https://repo.maven.apache.org/maven2/io/github/resilience4j/resilience4j-circuitbreaker/1.7.0/resilience4j-circuitbreaker-1.7.0.jar (76 kB at 221 kB/s)
Downloading from central: https://repo.maven.apache.org/maven2/io/github/resilience4j/resilience4j-timelimiter/1.7.0/resilience4j-timelimiter-1.7.0.jar
Progress (1): 1.6/5.7 MBProgress (1): 1.6/5.7 MBProgress (1): 1.7/5.7 MBProgress (1): 1.7/5.7 MBProgress (1): 1.7/5.7 MBProgress (1): 1.7/5.7 MBProgress (1): 1.7/5.7 MBProgress (2): 1.7/5.7 MB | 16/898 kBProgress (2): 1.7/5.7 MB | 16/898 kBProgress (2): 1.7/5.7 MB | 32/898 kBProgress (2): 1.7/5.7 MB | 49/898 kBProgress (2): 1.7/5.7 MB | 49/898 kBProgress (2): 1.7/5.7 MB | 65/898 kBProgress (2): 1.8/5.7 MB | 65/898 kBProgress (2): 1.8/5.7 MB | 81/898 kBProgress (2): 1.8/5.7 MB | 81/898 kBProgress (2): 1.8/5.7 MB | 98/898 kBProgress (3): 1.8/5.7 MB | 98/898 kB | 3.0 kBProgress (3): 1.8/5.7 MB | 114/898 kB | 3.0 kB                                              Downloaded from central: https://repo.maven.apache.org/maven2/io/vavr/vavr-match/0.10.2/vavr-match-0.10.2.jar (3.0 kB at 8.4 kB/s)
Downloading from central: https://repo.maven.apache.org/maven2/org/springframework/cloud/spring-cloud-starter-gateway/3.1.4/spring-cloud-starter-gateway-3.1.4.jar
Progress (2): 1.8/5.7 MB | 114/898 kBProgress (2): 1.8/5.7 MB | 114/898 kBProgress (2): 1.8/5.7 MB | 114/898 kBProgress (2): 1.8/5.7 MB | 131/898 kBProgress (2): 1.8/5.7 MB | 147/898 kBProgress (3): 1.8/5.7 MB | 147/898 kB | 16/24 kBProgress (3): 1.8/5.7 MB | 147/898 kB | 24 kB   Progress (3): 1.8/5.7 MB | 163/898 kB | 24 kB                                             Downloaded from central: https://repo.maven.apache.org/maven2/io/github/resilience4j/resilience4j-timelimiter/1.7.0/resilience4j-timelimiter-1.7.0.jar (24 kB at 64 kB/s)
Downloading from central: https://repo.maven.apache.org/maven2/org/springframework/cloud/spring-cloud-gateway-server/3.1.4/spring-cloud-gateway-server-3.1.4.jar
Progress (2): 1.8/5.7 MB | 180/898 kBProgress (2): 1.8/5.7 MB | 180/898 kBProgress (2): 1.9/5.7 MB | 180/898 kBProgress (2): 1.9/5.7 MB | 196/898 kBProgress (2): 1.9/5.7 MB | 212/898 kBProgress (2): 1.9/5.7 MB | 212/898 kBProgress (2): 1.9/5.7 MB | 212/898 kBProgress (2): 1.9/5.7 MB | 229/898 kBProgress (2): 1.9/5.7 MB | 245/898 kBProgress (2): 1.9/5.7 MB | 262/898 kBProgress (2): 1.9/5.7 MB | 262/898 kBProgress (2): 1.9/5.7 MB | 262/898 kBProgress (2): 1.9/5.7 MB | 278/898 kBProgress (2): 1.9/5.7 MB | 294/898 kBProgress (2): 1.9/5.7 MB | 294/898 kBProgress (2): 2.0/5.7 MB | 294/898 kBProgress (3): 2.0/5.7 MB | 294/898 kB | 16/66 kBProgress (3): 2.0/5.7 MB | 294/898 kB | 33/66 kBProgress (3): 2.0/5.7 MB | 294/898 kB | 33/66 kBProgress (3): 2.0/5.7 MB | 294/898 kB | 49/66 kBProgress (3): 2.0/5.7 MB | 294/898 kB | 49/66 kBProgress (3): 2.0/5.7 MB | 294/898 kB | 49/66 kBProgress (3): 2.0/5.7 MB | 294/898 kB | 66/66 kBProgress (3): 2.0/5.7 MB | 294/898 kB | 66 kB                                                Downloaded from central: https://repo.maven.apache.org/maven2/io/github/resilience4j/resilience4j-core/1.7.0/resilience4j-core-1.7.0.jar (66 kB at 169 kB/s)
Downloading from central: https://repo.maven.apache.org/maven2/org/springframework/boot/spring-boot-starter-validation/2.7.8/spring-boot-starter-validation-2.7.8.jar
Progress (3): 2.0/5.7 MB | 294/898 kB | 16/548 kBProgress (3): 2.0/5.7 MB | 294/898 kB | 33/548 kBProgress (3): 2.0/5.7 MB | 294/898 kB | 49/548 kBProgress (3): 2.0/5.7 MB | 294/898 kB | 62/548 kBProgress (3): 2.0/5.7 MB | 294/898 kB | 78/548 kBProgress (3): 2.0/5.7 MB | 294/898 kB | 78/548 kBProgress (3): 2.0/5.7 MB | 311/898 kB | 78/548 kBProgress (3): 2.0/5.7 MB | 311/898 kB | 78/548 kBProgress (3): 2.0/5.7 MB | 311/898 kB | 94/548 kBProgress (3): 2.0/5.7 MB | 327/898 kB | 94/548 kBProgress (3): 2.1/5.7 MB | 327/898 kB | 94/548 kBProgress (3): 2.1/5.7 MB | 327/898 kB | 111/548 kBProgress (3): 2.1/5.7 MB | 327/898 kB | 127/548 kBProgress (3): 2.1/5.7 MB | 327/898 kB | 127/548 kBProgress (3): 2.1/5.7 MB | 327/898 kB | 144/548 kBProgress (3): 2.1/5.7 MB | 327/898 kB | 160/548 kBProgress (3): 2.1/5.7 MB | 327/898 kB | 160/548 kBProgress (3): 2.1/5.7 MB | 327/898 kB | 176/548 kBProgress (3): 2.1/5.7 MB | 327/898 kB | 193/548 kBProgress (3): 2.1/5.7 MB | 344/898 kB | 193/548 kBProgress (3): 2.1/5.7 MB | 344/898 kB | 193/548 kBProgress (3): 2.1/5.7 MB | 344/898 kB | 209/548 kBProgress (3): 2.1/5.7 MB | 360/898 kB | 209/548 kBProgress (3): 2.1/5.7 MB | 360/898 kB | 226/548 kBProgress (3): 2.1/5.7 MB | 376/898 kB | 226/548 kBProgress (3): 2.1/5.7 MB | 376/898 kB | 226/548 kBProgress (3): 2.1/5.7 MB | 393/898 kB | 226/548 kBProgress (3): 2.1/5.7 MB | 402/898 kB | 226/548 kBProgress (3): 2.1/5.7 MB | 402/898 kB | 226/548 kBProgress (3): 2.1/5.7 MB | 418/898 kB | 226/548 kBProgress (3): 2.2/5.7 MB | 418/898 kB | 226/548 kBProgress (3): 2.2/5.7 MB | 418/898 kB | 242/548 kBProgress (3): 2.2/5.7 MB | 418/898 kB | 242/548 kBProgress (3): 2.2/5.7 MB | 435/898 kB | 242/548 kBProgress (3): 2.2/5.7 MB | 451/898 kB | 242/548 kBProgress (3): 2.2/5.7 MB | 451/898 kB | 242/548 kBProgress (3): 2.2/5.7 MB | 451/898 kB | 258/548 kBProgress (3): 2.2/5.7 MB | 451/898 kB | 275/548 kBProgress (3): 2.2/5.7 MB | 468/898 kB | 275/548 kBProgress (3): 2.2/5.7 MB | 468/898 kB | 291/548 kBProgress (4): 2.2/5.7 MB | 468/898 kB | 291/548 kB | 2.1 kB                                                           Downloaded from central: https://repo.maven.apache.org/maven2/org/springframework/cloud/spring-cloud-starter-gateway/3.1.4/spring-cloud-starter-gateway-3.1.4.jar (2.1 kB at 5.2 kB/s)
Downloading from central: https://repo.maven.apache.org/maven2/org/hibernate/validator/hibernate-validator/6.2.5.Final/hibernate-validator-6.2.5.Final.jar
Progress (3): 2.2/5.7 MB | 468/898 kB | 291/548 kBProgress (3): 2.2/5.7 MB | 468/898 kB | 307/548 kBProgress (3): 2.2/5.7 MB | 468/898 kB | 307/548 kBProgress (3): 2.2/5.7 MB | 468/898 kB | 324/548 kBProgress (3): 2.2/5.7 MB | 484/898 kB | 324/548 kBProgress (3): 2.2/5.7 MB | 484/898 kB | 340/548 kBProgress (3): 2.2/5.7 MB | 484/898 kB | 357/548 kBProgress (3): 2.2/5.7 MB | 484/898 kB | 373/548 kBProgress (3): 2.2/5.7 MB | 484/898 kB | 389/548 kBProgress (3): 2.2/5.7 MB | 484/898 kB | 406/548 kBProgress (3): 2.2/5.7 MB | 484/898 kB | 422/548 kBProgress (3): 2.2/5.7 MB | 484/898 kB | 438/548 kBProgress (3): 2.2/5.7 MB | 500/898 kB | 438/548 kBProgress (3): 2.2/5.7 MB | 500/898 kB | 438/548 kBProgress (3): 2.2/5.7 MB | 517/898 kB | 438/548 kBProgress (3): 2.3/5.7 MB | 517/898 kB | 438/548 kBProgress (3): 2.3/5.7 MB | 533/898 kB | 438/548 kBProgress (3): 2.3/5.7 MB | 549/898 kB | 438/548 kBProgress (3): 2.3/5.7 MB | 549/898 kB | 455/548 kBProgress (3): 2.3/5.7 MB | 549/898 kB | 471/548 kBProgress (3): 2.3/5.7 MB | 549/898 kB | 488/548 kBProgress (3): 2.3/5.7 MB | 566/898 kB | 488/548 kBProgress (3): 2.3/5.7 MB | 566/898 kB | 504/548 kBProgress (3): 2.3/5.7 MB | 566/898 kB | 504/548 kBProgress (3): 2.3/5.7 MB | 566/898 kB | 520/548 kBProgress (3): 2.3/5.7 MB | 566/898 kB | 537/548 kBProgress (3): 2.3/5.7 MB | 566/898 kB | 548 kB                                                  Downloaded from central: https://repo.maven.apache.org/maven2/org/springframework/cloud/spring-cloud-gateway-server/3.1.4/spring-cloud-gateway-server-3.1.4.jar (548 kB at 1.3 MB/s)
Progress (2): 2.3/5.7 MB | 566/898 kBProgress (2): 2.3/5.7 MB | 582/898 kBProgress (2): 2.3/5.7 MB | 599/898 kB                                     Downloading from central: https://repo.maven.apache.org/maven2/jakarta/validation/jakarta.validation-api/2.0.2/jakarta.validation-api-2.0.2.jar
Progress (2): 2.3/5.7 MB | 599/898 kBProgress (2): 2.3/5.7 MB | 615/898 kBProgress (2): 2.3/5.7 MB | 631/898 kBProgress (2): 2.3/5.7 MB | 631/898 kBProgress (2): 2.3/5.7 MB | 631/898 kBProgress (2): 2.4/5.7 MB | 631/898 kBProgress (2): 2.4/5.7 MB | 631/898 kBProgress (2): 2.4/5.7 MB | 631/898 kBProgress (2): 2.4/5.7 MB | 631/898 kBProgress (2): 2.4/5.7 MB | 631/898 kBProgress (2): 2.4/5.7 MB | 648/898 kBProgress (2): 2.4/5.7 MB | 648/898 kBProgress (2): 2.4/5.7 MB | 664/898 kBProgress (2): 2.5/5.7 MB | 664/898 kBProgress (3): 2.5/5.7 MB | 664/898 kB | 4.8 kBProgress (3): 2.5/5.7 MB | 681/898 kB | 4.8 kBProgress (3): 2.5/5.7 MB | 681/898 kB | 4.8 kB                                              Downloaded from central: https://repo.maven.apache.org/maven2/org/springframework/boot/spring-boot-starter-validation/2.7.8/spring-boot-starter-validation-2.7.8.jar (4.8 kB at 11 kB/s)
Downloading from central: https://repo.maven.apache.org/maven2/org/jboss/logging/jboss-logging/3.4.3.Final/jboss-logging-3.4.3.Final.jar
Progress (2): 2.5/5.7 MB | 697/898 kBProgress (2): 2.5/5.7 MB | 713/898 kBProgress (2): 2.5/5.7 MB | 730/898 kBProgress (2): 2.5/5.7 MB | 746/898 kBProgress (2): 2.5/5.7 MB | 762/898 kBProgress (2): 2.5/5.7 MB | 762/898 kBProgress (2): 2.5/5.7 MB | 762/898 kBProgress (2): 2.5/5.7 MB | 779/898 kBProgress (3): 2.5/5.7 MB | 779/898 kB | 16/92 kBProgress (3): 2.5/5.7 MB | 795/898 kB | 16/92 kBProgress (3): 2.5/5.7 MB | 795/898 kB | 33/92 kBProgress (3): 2.5/5.7 MB | 795/898 kB | 49/92 kBProgress (3): 2.5/5.7 MB | 795/898 kB | 66/92 kBProgress (3): 2.5/5.7 MB | 795/898 kB | 82/92 kBProgress (3): 2.5/5.7 MB | 812/898 kB | 82/92 kBProgress (3): 2.5/5.7 MB | 812/898 kB | 92 kB   Progress (3): 2.5/5.7 MB | 812/898 kB | 92 kB                                             Downloaded from central: https://repo.maven.apache.org/maven2/jakarta/validation/jakarta.validation-api/2.0.2/jakarta.validation-api-2.0.2.jar (92 kB at 203 kB/s)
Downloading from central: https://repo.maven.apache.org/maven2/com/fasterxml/classmate/1.5.1/classmate-1.5.1.jar
Progress (2): 2.5/5.7 MB | 812/898 kBProgress (2): 2.5/5.7 MB | 812/898 kBProgress (2): 2.5/5.7 MB | 828/898 kBProgress (2): 2.5/5.7 MB | 844/898 kBProgress (2): 2.5/5.7 MB | 861/898 kBProgress (2): 2.5/5.7 MB | 877/898 kBProgress (2): 2.6/5.7 MB | 877/898 kBProgress (2): 2.6/5.7 MB | 877/898 kBProgress (2): 2.6/5.7 MB | 877/898 kBProgress (2): 2.6/5.7 MB | 877/898 kBProgress (2): 2.6/5.7 MB | 877/898 kBProgress (2): 2.6/5.7 MB | 894/898 kBProgress (3): 2.6/5.7 MB | 894/898 kB | 0/1.3 MBProgress (3): 2.6/5.7 MB | 898 kB | 0/1.3 MB    Progress (3): 2.6/5.7 MB | 898 kB | 0/1.3 MB                                            Downloaded from central: https://repo.maven.apache.org/maven2/io/vavr/vavr/0.10.2/vavr-0.10.2.jar (898 kB at 1.9 MB/s)
Downloading from central: https://repo.maven.apache.org/maven2/io/projectreactor/addons/reactor-extra/3.4.9/reactor-extra-3.4.9.jar
Progress (2): 2.6/5.7 MB | 0/1.3 MBProgress (2): 2.6/5.7 MB | 0/1.3 MBProgress (2): 2.7/5.7 MB | 0/1.3 MBProgress (2): 2.7/5.7 MB | 0.1/1.3 MBProgress (2): 2.7/5.7 MB | 0.1/1.3 MBProgress (2): 2.7/5.7 MB | 0.1/1.3 MBProgress (2): 2.7/5.7 MB | 0.1/1.3 MBProgress (2): 2.7/5.7 MB | 0.1/1.3 MBProgress (2): 2.7/5.7 MB | 0.1/1.3 MBProgress (2): 2.7/5.7 MB | 0.1/1.3 MBProgress (2): 2.7/5.7 MB | 0.1/1.3 MBProgress (3): 2.7/5.7 MB | 0.1/1.3 MB | 16/68 kBProgress (3): 2.7/5.7 MB | 0.1/1.3 MB | 16/68 kBProgress (3): 2.7/5.7 MB | 0.1/1.3 MB | 16/68 kBProgress (3): 2.7/5.7 MB | 0.1/1.3 MB | 16/68 kBProgress (3): 2.7/5.7 MB | 0.1/1.3 MB | 33/68 kBProgress (3): 2.7/5.7 MB | 0.1/1.3 MB | 49/68 kBProgress (3): 2.7/5.7 MB | 0.1/1.3 MB | 66/68 kBProgress (3): 2.7/5.7 MB | 0.1/1.3 MB | 68 kB                                                Downloaded from central: https://repo.maven.apache.org/maven2/com/fasterxml/classmate/1.5.1/classmate-1.5.1.jar (68 kB at 141 kB/s)
Downloading from central: https://repo.maven.apache.org/maven2/io/projectreactor/reactor-core/3.4.26/reactor-core-3.4.26.jar
Progress (2): 2.7/5.7 MB | 0.2/1.3 MBProgress (2): 2.8/5.7 MB | 0.2/1.3 MBProgress (2): 2.8/5.7 MB | 0.2/1.3 MBProgress (2): 2.8/5.7 MB | 0.2/1.3 MBProgress (2): 2.8/5.7 MB | 0.2/1.3 MBProgress (2): 2.8/5.7 MB | 0.2/1.3 MBProgress (2): 2.8/5.7 MB | 0.2/1.3 MBProgress (2): 2.8/5.7 MB | 0.2/1.3 MBProgress (2): 2.8/5.7 MB | 0.2/1.3 MBProgress (2): 2.8/5.7 MB | 0.2/1.3 MBProgress (2): 2.8/5.7 MB | 0.2/1.3 MBProgress (2): 2.8/5.7 MB | 0.2/1.3 MBProgress (2): 2.9/5.7 MB | 0.2/1.3 MBProgress (2): 2.9/5.7 MB | 0.3/1.3 MBProgress (2): 2.9/5.7 MB | 0.3/1.3 MBProgress (2): 2.9/5.7 MB | 0.3/1.3 MBProgress (3): 2.9/5.7 MB | 0.3/1.3 MB | 16/61 kBProgress (3): 2.9/5.7 MB | 0.3/1.3 MB | 16/61 kBProgress (3): 2.9/5.7 MB | 0.3/1.3 MB | 33/61 kBProgress (3): 2.9/5.7 MB | 0.3/1.3 MB | 33/61 kBProgress (3): 2.9/5.7 MB | 0.3/1.3 MB | 33/61 kBProgress (3): 2.9/5.7 MB | 0.3/1.3 MB | 49/61 kBProgress (3): 2.9/5.7 MB | 0.3/1.3 MB | 61 kB                                                Downloaded from central: https://repo.maven.apache.org/maven2/org/jboss/logging/jboss-logging/3.4.3.Final/jboss-logging-3.4.3.Final.jar (61 kB at 120 kB/s)
Downloading from central: https://repo.maven.apache.org/maven2/org/reactivestreams/reactive-streams/1.0.4/reactive-streams-1.0.4.jar
Progress (2): 3.0/5.7 MB | 0.3/1.3 MBProgress (2): 3.0/5.7 MB | 0.3/1.3 MBProgress (2): 3.0/5.7 MB | 0.3/1.3 MBProgress (2): 3.0/5.7 MB | 0.3/1.3 MBProgress (2): 3.0/5.7 MB | 0.3/1.3 MBProgress (2): 3.0/5.7 MB | 0.3/1.3 MBProgress (2): 3.0/5.7 MB | 0.3/1.3 MBProgress (2): 3.0/5.7 MB | 0.3/1.3 MBProgress (3): 3.0/5.7 MB | 0.3/1.3 MB | 0/1.7 MBProgress (3): 3.0/5.7 MB | 0.3/1.3 MB | 0/1.7 MBProgress (3): 3.0/5.7 MB | 0.3/1.3 MB | 0/1.7 MBProgress (3): 3.0/5.7 MB | 0.3/1.3 MB | 0.1/1.7 MBProgress (3): 3.0/5.7 MB | 0.3/1.3 MB | 0.1/1.7 MBProgress (3): 3.0/5.7 MB | 0.3/1.3 MB | 0.1/1.7 MBProgress (3): 3.0/5.7 MB | 0.3/1.3 MB | 0.1/1.7 MBProgress (3): 3.0/5.7 MB | 0.3/1.3 MB | 0.1/1.7 MBProgress (3): 3.0/5.7 MB | 0.3/1.3 MB | 0.1/1.7 MBProgress (3): 3.0/5.7 MB | 0.3/1.3 MB | 0.1/1.7 MBProgress (3): 3.1/5.7 MB | 0.3/1.3 MB | 0.1/1.7 MBProgress (3): 3.1/5.7 MB | 0.3/1.3 MB | 0.1/1.7 MBProgress (3): 3.1/5.7 MB | 0.3/1.3 MB | 0.1/1.7 MBProgress (3): 3.1/5.7 MB | 0.3/1.3 MB | 0.1/1.7 MBProgress (3): 3.1/5.7 MB | 0.3/1.3 MB | 0.2/1.7 MBProgress (3): 3.1/5.7 MB | 0.3/1.3 MB | 0.2/1.7 MBProgress (3): 3.1/5.7 MB | 0.3/1.3 MB | 0.2/1.7 MBProgress (3): 3.1/5.7 MB | 0.3/1.3 MB | 0.2/1.7 MBProgress (3): 3.1/5.7 MB | 0.3/1.3 MB | 0.2/1.7 MBProgress (3): 3.1/5.7 MB | 0.3/1.3 MB | 0.2/1.7 MBProgress (4): 3.1/5.7 MB | 0.3/1.3 MB | 0.2/1.7 MB | 16/181 kBProgress (4): 3.1/5.7 MB | 0.3/1.3 MB | 0.3/1.7 MB | 16/181 kBProgress (4): 3.1/5.7 MB | 0.3/1.3 MB | 0.3/1.7 MB | 33/181 kBProgress (4): 3.1/5.7 MB | 0.3/1.3 MB | 0.3/1.7 MB | 33/181 kBProgress (4): 3.1/5.7 MB | 0.3/1.3 MB | 0.3/1.7 MB | 49/181 kBProgress (4): 3.1/5.7 MB | 0.3/1.3 MB | 0.3/1.7 MB | 66/181 kBProgress (4): 3.1/5.7 MB | 0.4/1.3 MB | 0.3/1.7 MB | 66/181 kBProgress (4): 3.1/5.7 MB | 0.4/1.3 MB | 0.3/1.7 MB | 66/181 kBProgress (4): 3.1/5.7 MB | 0.4/1.3 MB | 0.3/1.7 MB | 66/181 kBProgress (4): 3.1/5.7 MB | 0.4/1.3 MB | 0.3/1.7 MB | 66/181 kBProgress (4): 3.1/5.7 MB | 0.4/1.3 MB | 0.3/1.7 MB | 66/181 kBProgress (4): 3.1/5.7 MB | 0.4/1.3 MB | 0.3/1.7 MB | 66/181 kBProgress (4): 3.1/5.7 MB | 0.4/1.3 MB | 0.3/1.7 MB | 66/181 kBProgress (4): 3.1/5.7 MB | 0.4/1.3 MB | 0.3/1.7 MB | 66/181 kBProgress (4): 3.1/5.7 MB | 0.4/1.3 MB | 0.3/1.7 MB | 82/181 kBProgress (4): 3.1/5.7 MB | 0.4/1.3 MB | 0.3/1.7 MB | 98/181 kBProgress (4): 3.1/5.7 MB | 0.4/1.3 MB | 0.3/1.7 MB | 98/181 kBProgress (4): 3.1/5.7 MB | 0.4/1.3 MB | 0.3/1.7 MB | 115/181 kBProgress (4): 3.1/5.7 MB | 0.4/1.3 MB | 0.3/1.7 MB | 115/181 kBProgress (4): 3.1/5.7 MB | 0.4/1.3 MB | 0.3/1.7 MB | 131/181 kBProgress (4): 3.1/5.7 MB | 0.4/1.3 MB | 0.3/1.7 MB | 147/181 kBProgress (4): 3.1/5.7 MB | 0.4/1.3 MB | 0.3/1.7 MB | 147/181 kBProgress (4): 3.1/5.7 MB | 0.5/1.3 MB | 0.3/1.7 MB | 147/181 kBProgress (4): 3.1/5.7 MB | 0.5/1.3 MB | 0.3/1.7 MB | 147/181 kBProgress (4): 3.1/5.7 MB | 0.5/1.3 MB | 0.4/1.7 MB | 147/181 kBProgress (4): 3.1/5.7 MB | 0.5/1.3 MB | 0.4/1.7 MB | 147/181 kBProgress (4): 3.1/5.7 MB | 0.5/1.3 MB | 0.4/1.7 MB | 147/181 kBProgress (4): 3.1/5.7 MB | 0.5/1.3 MB | 0.4/1.7 MB | 147/181 kBProgress (4): 3.1/5.7 MB | 0.5/1.3 MB | 0.4/1.7 MB | 147/181 kBProgress (4): 3.1/5.7 MB | 0.5/1.3 MB | 0.4/1.7 MB | 147/181 kBProgress (4): 3.1/5.7 MB | 0.5/1.3 MB | 0.4/1.7 MB | 164/181 kBProgress (4): 3.1/5.7 MB | 0.5/1.3 MB | 0.4/1.7 MB | 164/181 kBProgress (4): 3.1/5.7 MB | 0.5/1.3 MB | 0.4/1.7 MB | 164/181 kBProgress (4): 3.1/5.7 MB | 0.5/1.3 MB | 0.4/1.7 MB | 164/181 kBProgress (4): 3.1/5.7 MB | 0.5/1.3 MB | 0.4/1.7 MB | 164/181 kBProgress (4): 3.1/5.7 MB | 0.5/1.3 MB | 0.4/1.7 MB | 180/181 kBProgress (4): 3.1/5.7 MB | 0.5/1.3 MB | 0.4/1.7 MB | 181 kB    Progress (4): 3.1/5.7 MB | 0.5/1.3 MB | 0.4/1.7 MB | 181 kBProgress (4): 3.1/5.7 MB | 0.5/1.3 MB | 0.5/1.7 MB | 181 kBProgress (4): 3.1/5.7 MB | 0.5/1.3 MB | 0.5/1.7 MB | 181 kB                                                           Downloaded from central: https://repo.maven.apache.org/maven2/io/projectreactor/addons/reactor-extra/3.4.9/reactor-extra-3.4.9.jar (181 kB at 315 kB/s)
Downloading from central: https://repo.maven.apache.org/maven2/org/springframework/boot/spring-boot-starter-webflux/2.7.8/spring-boot-starter-webflux-2.7.8.jar
Progress (3): 3.1/5.7 MB | 0.5/1.3 MB | 0.5/1.7 MBProgress (3): 3.2/5.7 MB | 0.5/1.3 MB | 0.5/1.7 MBProgress (4): 3.2/5.7 MB | 0.5/1.3 MB | 0.5/1.7 MB | 12 kBProgress (4): 3.2/5.7 MB | 0.5/1.3 MB | 0.5/1.7 MB | 12 kB                                                          Downloaded from central: https://repo.maven.apache.org/maven2/org/reactivestreams/reactive-streams/1.0.4/reactive-streams-1.0.4.jar (12 kB at 20 kB/s)
Downloading from central: https://repo.maven.apache.org/maven2/org/springframework/boot/spring-boot-starter-reactor-netty/2.7.8/spring-boot-starter-reactor-netty-2.7.8.jar
Progress (3): 3.2/5.7 MB | 0.5/1.3 MB | 0.5/1.7 MBProgress (3): 3.2/5.7 MB | 0.5/1.3 MB | 0.5/1.7 MBProgress (3): 3.2/5.7 MB | 0.5/1.3 MB | 0.5/1.7 MBProgress (3): 3.2/5.7 MB | 0.5/1.3 MB | 0.5/1.7 MBProgress (3): 3.2/5.7 MB | 0.5/1.3 MB | 0.5/1.7 MBProgress (3): 3.2/5.7 MB | 0.5/1.3 MB | 0.5/1.7 MBProgress (3): 3.3/5.7 MB | 0.5/1.3 MB | 0.5/1.7 MBProgress (3): 3.3/5.7 MB | 0.6/1.3 MB | 0.5/1.7 MBProgress (3): 3.3/5.7 MB | 0.6/1.3 MB | 0.5/1.7 MBProgress (3): 3.3/5.7 MB | 0.6/1.3 MB | 0.5/1.7 MBProgress (3): 3.3/5.7 MB | 0.6/1.3 MB | 0.5/1.7 MBProgress (3): 3.3/5.7 MB | 0.6/1.3 MB | 0.5/1.7 MBProgress (3): 3.3/5.7 MB | 0.6/1.3 MB | 0.5/1.7 MBProgress (3): 3.3/5.7 MB | 0.6/1.3 MB | 0.5/1.7 MBProgress (3): 3.3/5.7 MB | 0.6/1.3 MB | 0.5/1.7 MBProgress (3): 3.3/5.7 MB | 0.6/1.3 MB | 0.5/1.7 MBProgress (3): 3.3/5.7 MB | 0.6/1.3 MB | 0.5/1.7 MBProgress (3): 3.3/5.7 MB | 0.6/1.3 MB | 0.5/1.7 MBProgress (3): 3.3/5.7 MB | 0.6/1.3 MB | 0.5/1.7 MBProgress (3): 3.3/5.7 MB | 0.6/1.3 MB | 0.5/1.7 MBProgress (3): 3.4/5.7 MB | 0.6/1.3 MB | 0.5/1.7 MBProgress (3): 3.4/5.7 MB | 0.6/1.3 MB | 0.5/1.7 MBProgress (3): 3.4/5.7 MB | 0.6/1.3 MB | 0.5/1.7 MBProgress (3): 3.4/5.7 MB | 0.6/1.3 MB | 0.6/1.7 MBProgress (3): 3.4/5.7 MB | 0.6/1.3 MB | 0.6/1.7 MBProgress (3): 3.4/5.7 MB | 0.6/1.3 MB | 0.6/1.7 MBProgress (3): 3.4/5.7 MB | 0.6/1.3 MB | 0.6/1.7 MBProgress (3): 3.4/5.7 MB | 0.6/1.3 MB | 0.6/1.7 MBProgress (3): 3.4/5.7 MB | 0.6/1.3 MB | 0.6/1.7 MBProgress (3): 3.4/5.7 MB | 0.6/1.3 MB | 0.6/1.7 MBProgress (3): 3.4/5.7 MB | 0.6/1.3 MB | 0.6/1.7 MBProgress (3): 3.4/5.7 MB | 0.7/1.3 MB | 0.6/1.7 MBProgress (3): 3.5/5.7 MB | 0.7/1.3 MB | 0.6/1.7 MBProgress (3): 3.5/5.7 MB | 0.7/1.3 MB | 0.6/1.7 MBProgress (3): 3.5/5.7 MB | 0.7/1.3 MB | 0.6/1.7 MBProgress (3): 3.5/5.7 MB | 0.7/1.3 MB | 0.6/1.7 MBProgress (3): 3.5/5.7 MB | 0.7/1.3 MB | 0.6/1.7 MBProgress (3): 3.5/5.7 MB | 0.7/1.3 MB | 0.6/1.7 MBProgress (3): 3.5/5.7 MB | 0.7/1.3 MB | 0.6/1.7 MBProgress (3): 3.5/5.7 MB | 0.7/1.3 MB | 0.6/1.7 MBProgress (3): 3.5/5.7 MB | 0.7/1.3 MB | 0.6/1.7 MBProgress (3): 3.5/5.7 MB | 0.7/1.3 MB | 0.6/1.7 MBProgress (3): 3.5/5.7 MB | 0.7/1.3 MB | 0.6/1.7 MBProgress (3): 3.5/5.7 MB | 0.7/1.3 MB | 0.6/1.7 MBProgress (3): 3.5/5.7 MB | 0.7/1.3 MB | 0.6/1.7 MBProgress (3): 3.5/5.7 MB | 0.7/1.3 MB | 0.7/1.7 MBProgress (3): 3.5/5.7 MB | 0.7/1.3 MB | 0.7/1.7 MBProgress (3): 3.5/5.7 MB | 0.7/1.3 MB | 0.7/1.7 MBProgress (3): 3.5/5.7 MB | 0.7/1.3 MB | 0.7/1.7 MBProgress (3): 3.5/5.7 MB | 0.8/1.3 MB | 0.7/1.7 MBProgress (3): 3.5/5.7 MB | 0.8/1.3 MB | 0.7/1.7 MBProgress (3): 3.5/5.7 MB | 0.8/1.3 MB | 0.7/1.7 MBProgress (3): 3.5/5.7 MB | 0.8/1.3 MB | 0.7/1.7 MBProgress (3): 3.6/5.7 MB | 0.8/1.3 MB | 0.7/1.7 MBProgress (3): 3.6/5.7 MB | 0.8/1.3 MB | 0.7/1.7 MBProgress (3): 3.6/5.7 MB | 0.8/1.3 MB | 0.7/1.7 MBProgress (3): 3.6/5.7 MB | 0.8/1.3 MB | 0.7/1.7 MBProgress (3): 3.6/5.7 MB | 0.8/1.3 MB | 0.7/1.7 MBProgress (3): 3.6/5.7 MB | 0.8/1.3 MB | 0.7/1.7 MBProgress (3): 3.6/5.7 MB | 0.8/1.3 MB | 0.7/1.7 MBProgress (3): 3.6/5.7 MB | 0.8/1.3 MB | 0.7/1.7 MBProgress (3): 3.6/5.7 MB | 0.8/1.3 MB | 0.8/1.7 MBProgress (3): 3.6/5.7 MB | 0.8/1.3 MB | 0.8/1.7 MBProgress (3): 3.6/5.7 MB | 0.8/1.3 MB | 0.8/1.7 MBProgress (3): 3.6/5.7 MB | 0.8/1.3 MB | 0.8/1.7 MBProgress (3): 3.6/5.7 MB | 0.8/1.3 MB | 0.8/1.7 MBProgress (3): 3.6/5.7 MB | 0.8/1.3 MB | 0.8/1.7 MBProgress (3): 3.6/5.7 MB | 0.8/1.3 MB | 0.8/1.7 MBProgress (3): 3.7/5.7 MB | 0.8/1.3 MB | 0.8/1.7 MBProgress (3): 3.7/5.7 MB | 0.8/1.3 MB | 0.8/1.7 MBProgress (3): 3.7/5.7 MB | 0.8/1.3 MB | 0.8/1.7 MBProgress (3): 3.7/5.7 MB | 0.8/1.3 MB | 0.8/1.7 MBProgress (3): 3.7/5.7 MB | 0.8/1.3 MB | 0.8/1.7 MBProgress (3): 3.7/5.7 MB | 0.8/1.3 MB | 0.8/1.7 MBProgress (3): 3.7/5.7 MB | 0.8/1.3 MB | 0.8/1.7 MBProgress (3): 3.7/5.7 MB | 0.8/1.3 MB | 0.9/1.7 MBProgress (3): 3.7/5.7 MB | 0.8/1.3 MB | 0.9/1.7 MBProgress (3): 3.7/5.7 MB | 0.8/1.3 MB | 0.9/1.7 MBProgress (3): 3.7/5.7 MB | 0.8/1.3 MB | 0.9/1.7 MBProgress (3): 3.7/5.7 MB | 0.8/1.3 MB | 0.9/1.7 MBProgress (3): 3.7/5.7 MB | 0.8/1.3 MB | 0.9/1.7 MBProgress (3): 3.7/5.7 MB | 0.8/1.3 MB | 1.0/1.7 MBProgress (3): 3.7/5.7 MB | 0.8/1.3 MB | 1.0/1.7 MBProgress (3): 3.7/5.7 MB | 0.8/1.3 MB | 1.0/1.7 MBProgress (3): 3.7/5.7 MB | 0.8/1.3 MB | 1.0/1.7 MBProgress (3): 3.7/5.7 MB | 0.8/1.3 MB | 1.0/1.7 MBProgress (3): 3.7/5.7 MB | 0.8/1.3 MB | 1.0/1.7 MBProgress (3): 3.7/5.7 MB | 0.8/1.3 MB | 1.1/1.7 MBProgress (3): 3.7/5.7 MB | 0.8/1.3 MB | 1.1/1.7 MBProgress (3): 3.7/5.7 MB | 0.8/1.3 MB | 1.1/1.7 MBProgress (3): 3.7/5.7 MB | 0.8/1.3 MB | 1.1/1.7 MBProgress (3): 3.7/5.7 MB | 0.8/1.3 MB | 1.1/1.7 MBProgress (3): 3.7/5.7 MB | 0.8/1.3 MB | 1.1/1.7 MBProgress (3): 3.7/5.7 MB | 0.8/1.3 MB | 1.1/1.7 MBProgress (3): 3.7/5.7 MB | 0.8/1.3 MB | 1.1/1.7 MBProgress (3): 3.7/5.7 MB | 0.8/1.3 MB | 1.1/1.7 MBProgress (3): 3.7/5.7 MB | 0.8/1.3 MB | 1.2/1.7 MBProgress (3): 3.7/5.7 MB | 0.8/1.3 MB | 1.2/1.7 MBProgress (3): 3.7/5.7 MB | 0.8/1.3 MB | 1.2/1.7 MBProgress (3): 3.8/5.7 MB | 0.8/1.3 MB | 1.2/1.7 MBProgress (3): 3.8/5.7 MB | 0.8/1.3 MB | 1.2/1.7 MBProgress (3): 3.8/5.7 MB | 0.8/1.3 MB | 1.2/1.7 MBProgress (3): 3.8/5.7 MB | 0.8/1.3 MB | 1.2/1.7 MBProgress (3): 3.8/5.7 MB | 0.8/1.3 MB | 1.2/1.7 MBProgress (3): 3.8/5.7 MB | 0.8/1.3 MB | 1.2/1.7 MBProgress (3): 3.8/5.7 MB | 0.8/1.3 MB | 1.2/1.7 MBProgress (3): 3.8/5.7 MB | 0.8/1.3 MB | 1.2/1.7 MBProgress (3): 3.8/5.7 MB | 0.8/1.3 MB | 1.3/1.7 MBProgress (3): 3.8/5.7 MB | 0.8/1.3 MB | 1.3/1.7 MBProgress (3): 3.8/5.7 MB | 0.8/1.3 MB | 1.3/1.7 MBProgress (3): 3.8/5.7 MB | 0.8/1.3 MB | 1.3/1.7 MBProgress (4): 3.8/5.7 MB | 0.8/1.3 MB | 1.3/1.7 MB | 4.8 kB                                                           Downloaded from central: https://repo.maven.apache.org/maven2/org/springframework/boot/spring-boot-starter-reactor-netty/2.7.8/spring-boot-starter-reactor-netty-2.7.8.jar (4.8 kB at 7.6 kB/s)
Downloading from central: https://repo.maven.apache.org/maven2/io/projectreactor/netty/reactor-netty-http/1.0.27/reactor-netty-http-1.0.27.jar
Progress (4): 3.8/5.7 MB | 0.8/1.3 MB | 1.3/1.7 MB | 4.8 kBProgress (4): 3.8/5.7 MB | 0.8/1.3 MB | 1.3/1.7 MB | 4.8 kB                                                           Downloaded from central: https://repo.maven.apache.org/maven2/org/springframework/boot/spring-boot-starter-webflux/2.7.8/spring-boot-starter-webflux-2.7.8.jar (4.8 kB at 7.6 kB/s)
Progress (3): 3.8/5.7 MB | 0.8/1.3 MB | 1.3/1.7 MB                                                  Downloading from central: https://repo.maven.apache.org/maven2/io/netty/netty-codec-http/4.1.87.Final/netty-codec-http-4.1.87.Final.jar
Progress (3): 3.8/5.7 MB | 0.8/1.3 MB | 1.4/1.7 MBProgress (3): 3.8/5.7 MB | 0.8/1.3 MB | 1.4/1.7 MBProgress (3): 3.8/5.7 MB | 0.9/1.3 MB | 1.4/1.7 MBProgress (3): 3.8/5.7 MB | 0.9/1.3 MB | 1.4/1.7 MBProgress (3): 3.8/5.7 MB | 0.9/1.3 MB | 1.4/1.7 MBProgress (3): 3.8/5.7 MB | 0.9/1.3 MB | 1.4/1.7 MBProgress (3): 3.8/5.7 MB | 0.9/1.3 MB | 1.4/1.7 MBProgress (3): 3.8/5.7 MB | 0.9/1.3 MB | 1.4/1.7 MBProgress (3): 3.8/5.7 MB | 0.9/1.3 MB | 1.4/1.7 MBProgress (3): 3.8/5.7 MB | 0.9/1.3 MB | 1.4/1.7 MBProgress (3): 3.8/5.7 MB | 0.9/1.3 MB | 1.4/1.7 MBProgress (3): 3.8/5.7 MB | 0.9/1.3 MB | 1.5/1.7 MBProgress (3): 3.8/5.7 MB | 0.9/1.3 MB | 1.5/1.7 MBProgress (3): 3.8/5.7 MB | 0.9/1.3 MB | 1.5/1.7 MBProgress (3): 3.8/5.7 MB | 0.9/1.3 MB | 1.5/1.7 MBProgress (3): 3.8/5.7 MB | 0.9/1.3 MB | 1.5/1.7 MBProgress (3): 3.8/5.7 MB | 0.9/1.3 MB | 1.5/1.7 MBProgress (3): 3.8/5.7 MB | 0.9/1.3 MB | 1.5/1.7 MBProgress (3): 3.8/5.7 MB | 0.9/1.3 MB | 1.5/1.7 MBProgress (3): 3.8/5.7 MB | 0.9/1.3 MB | 1.5/1.7 MBProgress (3): 3.9/5.7 MB | 0.9/1.3 MB | 1.5/1.7 MBProgress (3): 3.9/5.7 MB | 0.9/1.3 MB | 1.5/1.7 MBProgress (3): 3.9/5.7 MB | 0.9/1.3 MB | 1.5/1.7 MBProgress (3): 3.9/5.7 MB | 0.9/1.3 MB | 1.6/1.7 MBProgress (3): 3.9/5.7 MB | 0.9/1.3 MB | 1.6/1.7 MBProgress (3): 3.9/5.7 MB | 0.9/1.3 MB | 1.6/1.7 MBProgress (3): 3.9/5.7 MB | 0.9/1.3 MB | 1.6/1.7 MBProgress (3): 3.9/5.7 MB | 0.9/1.3 MB | 1.6/1.7 MBProgress (3): 3.9/5.7 MB | 0.9/1.3 MB | 1.6/1.7 MBProgress (3): 3.9/5.7 MB | 0.9/1.3 MB | 1.7/1.7 MBProgress (3): 3.9/5.7 MB | 0.9/1.3 MB | 1.7/1.7 MBProgress (3): 3.9/5.7 MB | 0.9/1.3 MB | 1.7/1.7 MBProgress (3): 3.9/5.7 MB | 0.9/1.3 MB | 1.7/1.7 MBProgress (3): 3.9/5.7 MB | 1.0/1.3 MB | 1.7/1.7 MBProgress (3): 3.9/5.7 MB | 1.0/1.3 MB | 1.7/1.7 MBProgress (3): 3.9/5.7 MB | 1.0/1.3 MB | 1.7/1.7 MBProgress (3): 3.9/5.7 MB | 1.0/1.3 MB | 1.7 MB    Progress (3): 3.9/5.7 MB | 1.0/1.3 MB | 1.7 MBProgress (3): 3.9/5.7 MB | 1.0/1.3 MB | 1.7 MB                                              Downloaded from central: https://repo.maven.apache.org/maven2/io/projectreactor/reactor-core/3.4.26/reactor-core-3.4.26.jar (1.7 MB at 2.5 MB/s)
Progress (2): 3.9/5.7 MB | 1.0/1.3 MBProgress (2): 3.9/5.7 MB | 1.0/1.3 MB                                     Downloading from central: https://repo.maven.apache.org/maven2/io/netty/netty-codec-http2/4.1.87.Final/netty-codec-http2-4.1.87.Final.jar
Progress (2): 3.9/5.7 MB | 1.0/1.3 MBProgress (2): 3.9/5.7 MB | 1.0/1.3 MBProgress (3): 3.9/5.7 MB | 1.0/1.3 MB | 16/651 kBProgress (3): 3.9/5.7 MB | 1.0/1.3 MB | 32/651 kBProgress (4): 3.9/5.7 MB | 1.0/1.3 MB | 32/651 kB | 16/359 kBProgress (4): 4.0/5.7 MB | 1.0/1.3 MB | 32/651 kB | 16/359 kBProgress (4): 4.0/5.7 MB | 1.0/1.3 MB | 32/651 kB | 16/359 kBProgress (4): 4.0/5.7 MB | 1.0/1.3 MB | 32/651 kB | 16/359 kBProgress (4): 4.0/5.7 MB | 1.0/1.3 MB | 32/651 kB | 16/359 kBProgress (4): 4.0/5.7 MB | 1.1/1.3 MB | 32/651 kB | 16/359 kBProgress (4): 4.0/5.7 MB | 1.1/1.3 MB | 32/651 kB | 16/359 kBProgress (4): 4.0/5.7 MB | 1.1/1.3 MB | 32/651 kB | 16/359 kBProgress (4): 4.0/5.7 MB | 1.1/1.3 MB | 32/651 kB | 16/359 kBProgress (4): 4.0/5.7 MB | 1.1/1.3 MB | 32/651 kB | 16/359 kBProgress (4): 4.0/5.7 MB | 1.1/1.3 MB | 32/651 kB | 16/359 kBProgress (4): 4.0/5.7 MB | 1.1/1.3 MB | 32/651 kB | 16/359 kBProgress (4): 4.1/5.7 MB | 1.1/1.3 MB | 32/651 kB | 16/359 kBProgress (4): 4.1/5.7 MB | 1.1/1.3 MB | 32/651 kB | 16/359 kBProgress (4): 4.1/5.7 MB | 1.1/1.3 MB | 32/651 kB | 16/359 kBProgress (4): 4.1/5.7 MB | 1.1/1.3 MB | 32/651 kB | 16/359 kBProgress (4): 4.1/5.7 MB | 1.1/1.3 MB | 32/651 kB | 33/359 kBProgress (4): 4.1/5.7 MB | 1.1/1.3 MB | 49/651 kB | 33/359 kBProgress (4): 4.1/5.7 MB | 1.1/1.3 MB | 49/651 kB | 33/359 kBProgress (4): 4.1/5.7 MB | 1.1/1.3 MB | 49/651 kB | 49/359 kBProgress (4): 4.1/5.7 MB | 1.1/1.3 MB | 49/651 kB | 49/359 kBProgress (4): 4.1/5.7 MB | 1.1/1.3 MB | 49/651 kB | 66/359 kBProgress (4): 4.1/5.7 MB | 1.1/1.3 MB | 49/651 kB | 66/359 kBProgress (4): 4.1/5.7 MB | 1.1/1.3 MB | 49/651 kB | 82/359 kBProgress (4): 4.1/5.7 MB | 1.1/1.3 MB | 49/651 kB | 98/359 kBProgress (4): 4.1/5.7 MB | 1.1/1.3 MB | 49/651 kB | 98/359 kBProgress (4): 4.1/5.7 MB | 1.1/1.3 MB | 65/651 kB | 98/359 kBProgress (4): 4.1/5.7 MB | 1.1/1.3 MB | 65/651 kB | 115/359 kBProgress (4): 4.1/5.7 MB | 1.1/1.3 MB | 81/651 kB | 115/359 kBProgress (4): 4.1/5.7 MB | 1.1/1.3 MB | 81/651 kB | 115/359 kBProgress (4): 4.1/5.7 MB | 1.1/1.3 MB | 98/651 kB | 115/359 kBProgress (4): 4.2/5.7 MB | 1.1/1.3 MB | 98/651 kB | 115/359 kBProgress (4): 4.2/5.7 MB | 1.1/1.3 MB | 114/651 kB | 115/359 kBProgress (4): 4.2/5.7 MB | 1.1/1.3 MB | 114/651 kB | 115/359 kBProgress (4): 4.2/5.7 MB | 1.1/1.3 MB | 131/651 kB | 115/359 kBProgress (4): 4.2/5.7 MB | 1.1/1.3 MB | 147/651 kB | 115/359 kBProgress (4): 4.2/5.7 MB | 1.1/1.3 MB | 163/651 kB | 115/359 kBProgress (4): 4.2/5.7 MB | 1.1/1.3 MB | 163/651 kB | 115/359 kBProgress (4): 4.2/5.7 MB | 1.2/1.3 MB | 163/651 kB | 115/359 kBProgress (4): 4.2/5.7 MB | 1.2/1.3 MB | 163/651 kB | 131/359 kBProgress (4): 4.2/5.7 MB | 1.2/1.3 MB | 163/651 kB | 131/359 kBProgress (4): 4.2/5.7 MB | 1.2/1.3 MB | 163/651 kB | 147/359 kBProgress (4): 4.2/5.7 MB | 1.2/1.3 MB | 163/651 kB | 147/359 kBProgress (4): 4.2/5.7 MB | 1.2/1.3 MB | 163/651 kB | 164/359 kBProgress (4): 4.2/5.7 MB | 1.2/1.3 MB | 163/651 kB | 164/359 kBProgress (5): 4.2/5.7 MB | 1.2/1.3 MB | 163/651 kB | 164/359 kB | 16/480 kBProgress (5): 4.2/5.7 MB | 1.2/1.3 MB | 163/651 kB | 180/359 kB | 16/480 kBProgress (5): 4.2/5.7 MB | 1.2/1.3 MB | 163/651 kB | 197/359 kB | 16/480 kBProgress (5): 4.2/5.7 MB | 1.2/1.3 MB | 163/651 kB | 213/359 kB | 16/480 kBProgress (5): 4.2/5.7 MB | 1.2/1.3 MB | 163/651 kB | 213/359 kB | 16/480 kBProgress (5): 4.2/5.7 MB | 1.2/1.3 MB | 163/651 kB | 213/359 kB | 16/480 kBProgress (5): 4.2/5.7 MB | 1.2/1.3 MB | 163/651 kB | 213/359 kB | 16/480 kBProgress (5): 4.2/5.7 MB | 1.2/1.3 MB | 163/651 kB | 213/359 kB | 16/480 kBProgress (5): 4.2/5.7 MB | 1.2/1.3 MB | 163/651 kB | 213/359 kB | 33/480 kBProgress (5): 4.2/5.7 MB | 1.2/1.3 MB | 163/651 kB | 213/359 kB | 49/480 kBProgress (5): 4.2/5.7 MB | 1.2/1.3 MB | 163/651 kB | 213/359 kB | 62/480 kBProgress (5): 4.2/5.7 MB | 1.2/1.3 MB | 163/651 kB | 213/359 kB | 78/480 kBProgress (5): 4.2/5.7 MB | 1.2/1.3 MB | 163/651 kB | 213/359 kB | 95/480 kBProgress (5): 4.2/5.7 MB | 1.2/1.3 MB | 163/651 kB | 213/359 kB | 111/480 kBProgress (5): 4.2/5.7 MB | 1.2/1.3 MB | 163/651 kB | 213/359 kB | 127/480 kBProgress (5): 4.3/5.7 MB | 1.2/1.3 MB | 163/651 kB | 213/359 kB | 127/480 kBProgress (5): 4.3/5.7 MB | 1.2/1.3 MB | 163/651 kB | 213/359 kB | 144/480 kBProgress (5): 4.3/5.7 MB | 1.2/1.3 MB | 163/651 kB | 213/359 kB | 144/480 kBProgress (5): 4.3/5.7 MB | 1.2/1.3 MB | 163/651 kB | 213/359 kB | 144/480 kBProgress (5): 4.3/5.7 MB | 1.2/1.3 MB | 163/651 kB | 213/359 kB | 160/480 kBProgress (5): 4.3/5.7 MB | 1.2/1.3 MB | 163/651 kB | 213/359 kB | 160/480 kBProgress (5): 4.3/5.7 MB | 1.2/1.3 MB | 163/651 kB | 213/359 kB | 177/480 kBProgress (5): 4.3/5.7 MB | 1.2/1.3 MB | 163/651 kB | 213/359 kB | 177/480 kBProgress (5): 4.3/5.7 MB | 1.2/1.3 MB | 163/651 kB | 213/359 kB | 193/480 kBProgress (5): 4.3/5.7 MB | 1.2/1.3 MB | 163/651 kB | 213/359 kB | 209/480 kBProgress (5): 4.3/5.7 MB | 1.2/1.3 MB | 163/651 kB | 213/359 kB | 226/480 kBProgress (5): 4.3/5.7 MB | 1.2/1.3 MB | 163/651 kB | 229/359 kB | 226/480 kBProgress (5): 4.3/5.7 MB | 1.2/1.3 MB | 163/651 kB | 229/359 kB | 226/480 kBProgress (5): 4.3/5.7 MB | 1.2/1.3 MB | 163/651 kB | 229/359 kB | 242/480 kBProgress (5): 4.3/5.7 MB | 1.2/1.3 MB | 163/651 kB | 229/359 kB | 259/480 kBProgress (5): 4.3/5.7 MB | 1.2/1.3 MB | 180/651 kB | 229/359 kB | 259/480 kBProgress (5): 4.3/5.7 MB | 1.2/1.3 MB | 180/651 kB | 246/359 kB | 259/480 kBProgress (5): 4.3/5.7 MB | 1.2/1.3 MB | 196/651 kB | 246/359 kB | 259/480 kBProgress (5): 4.3/5.7 MB | 1.2/1.3 MB | 196/651 kB | 256/359 kB | 259/480 kBProgress (5): 4.3/5.7 MB | 1.2/1.3 MB | 196/651 kB | 256/359 kB | 275/480 kBProgress (5): 4.3/5.7 MB | 1.2/1.3 MB | 196/651 kB | 272/359 kB | 275/480 kBProgress (5): 4.3/5.7 MB | 1.2/1.3 MB | 196/651 kB | 272/359 kB | 291/480 kBProgress (5): 4.3/5.7 MB | 1.3/1.3 MB | 196/651 kB | 272/359 kB | 291/480 kBProgress (5): 4.3/5.7 MB | 1.3/1.3 MB | 212/651 kB | 272/359 kB | 291/480 kBProgress (5): 4.3/5.7 MB | 1.3/1.3 MB | 212/651 kB | 272/359 kB | 291/480 kBProgress (5): 4.3/5.7 MB | 1.3/1.3 MB | 229/651 kB | 272/359 kB | 291/480 kBProgress (5): 4.3/5.7 MB | 1.3/1.3 MB | 229/651 kB | 272/359 kB | 291/480 kBProgress (5): 4.3/5.7 MB | 1.3/1.3 MB | 245/651 kB | 272/359 kB | 291/480 kBProgress (5): 4.3/5.7 MB | 1.3/1.3 MB | 245/651 kB | 272/359 kB | 291/480 kBProgress (5): 4.3/5.7 MB | 1.3/1.3 MB | 262/651 kB | 272/359 kB | 291/480 kBProgress (5): 4.3/5.7 MB | 1.3/1.3 MB | 262/651 kB | 289/359 kB | 291/480 kBProgress (5): 4.3/5.7 MB | 1.3/1.3 MB | 278/651 kB | 289/359 kB | 291/480 kBProgress (5): 4.3/5.7 MB | 1.3/1.3 MB | 278/651 kB | 305/359 kB | 291/480 kBProgress (5): 4.3/5.7 MB | 1.3/1.3 MB | 278/651 kB | 305/359 kB | 291/480 kBProgress (5): 4.3/5.7 MB | 1.3/1.3 MB | 294/651 kB | 305/359 kB | 291/480 kBProgress (5): 4.4/5.7 MB | 1.3/1.3 MB | 294/651 kB | 305/359 kB | 291/480 kBProgress (5): 4.4/5.7 MB | 1.3/1.3 MB | 294/651 kB | 305/359 kB | 291/480 kBProgress (5): 4.4/5.7 MB | 1.3 MB | 294/651 kB | 305/359 kB | 291/480 kB    Progress (5): 4.4/5.7 MB | 1.3 MB | 311/651 kB | 305/359 kB | 291/480 kBProgress (5): 4.4/5.7 MB | 1.3 MB | 327/651 kB | 305/359 kB | 291/480 kB                                                                        Downloaded from central: https://repo.maven.apache.org/maven2/org/hibernate/validator/hibernate-validator/6.2.5.Final/hibernate-validator-6.2.5.Final.jar (1.3 MB at 1.7 MB/s)
Downloading from central: https://repo.maven.apache.org/maven2/io/netty/netty-resolver-dns/4.1.87.Final/netty-resolver-dns-4.1.87.Final.jar
Progress (4): 4.4/5.7 MB | 344/651 kB | 305/359 kB | 291/480 kBProgress (4): 4.4/5.7 MB | 360/651 kB | 305/359 kB | 291/480 kBProgress (4): 4.4/5.7 MB | 376/651 kB | 305/359 kB | 291/480 kBProgress (4): 4.4/5.7 MB | 376/651 kB | 305/359 kB | 291/480 kBProgress (4): 4.4/5.7 MB | 393/651 kB | 305/359 kB | 291/480 kBProgress (4): 4.4/5.7 MB | 393/651 kB | 305/359 kB | 291/480 kBProgress (4): 4.4/5.7 MB | 393/651 kB | 305/359 kB | 308/480 kBProgress (4): 4.4/5.7 MB | 402/651 kB | 305/359 kB | 308/480 kBProgress (4): 4.4/5.7 MB | 402/651 kB | 305/359 kB | 308/480 kBProgress (4): 4.4/5.7 MB | 402/651 kB | 305/359 kB | 308/480 kBProgress (4): 4.4/5.7 MB | 418/651 kB | 305/359 kB | 308/480 kBProgress (4): 4.4/5.7 MB | 418/651 kB | 305/359 kB | 308/480 kBProgress (4): 4.4/5.7 MB | 435/651 kB | 305/359 kB | 308/480 kBProgress (4): 4.4/5.7 MB | 435/651 kB | 305/359 kB | 308/480 kBProgress (4): 4.4/5.7 MB | 435/651 kB | 305/359 kB | 324/480 kBProgress (4): 4.5/5.7 MB | 435/651 kB | 305/359 kB | 324/480 kBProgress (4): 4.5/5.7 MB | 451/651 kB | 305/359 kB | 324/480 kBProgress (4): 4.5/5.7 MB | 451/651 kB | 305/359 kB | 324/480 kBProgress (4): 4.5/5.7 MB | 451/651 kB | 305/359 kB | 340/480 kBProgress (4): 4.5/5.7 MB | 451/651 kB | 305/359 kB | 340/480 kBProgress (4): 4.5/5.7 MB | 451/651 kB | 305/359 kB | 357/480 kBProgress (4): 4.5/5.7 MB | 451/651 kB | 305/359 kB | 357/480 kBProgress (4): 4.5/5.7 MB | 451/651 kB | 305/359 kB | 373/480 kBProgress (4): 4.5/5.7 MB | 451/651 kB | 305/359 kB | 373/480 kBProgress (4): 4.5/5.7 MB | 451/651 kB | 305/359 kB | 390/480 kBProgress (4): 4.5/5.7 MB | 451/651 kB | 305/359 kB | 390/480 kBProgress (4): 4.5/5.7 MB | 451/651 kB | 305/359 kB | 406/480 kBProgress (4): 4.6/5.7 MB | 451/651 kB | 305/359 kB | 406/480 kBProgress (4): 4.6/5.7 MB | 451/651 kB | 305/359 kB | 422/480 kBProgress (4): 4.6/5.7 MB | 451/651 kB | 305/359 kB | 422/480 kBProgress (4): 4.6/5.7 MB | 451/651 kB | 305/359 kB | 439/480 kBProgress (4): 4.6/5.7 MB | 451/651 kB | 305/359 kB | 439/480 kBProgress (4): 4.6/5.7 MB | 451/651 kB | 305/359 kB | 455/480 kBProgress (4): 4.6/5.7 MB | 451/651 kB | 305/359 kB | 455/480 kBProgress (4): 4.6/5.7 MB | 451/651 kB | 305/359 kB | 472/480 kBProgress (4): 4.6/5.7 MB | 451/651 kB | 305/359 kB | 480 kB    Progress (4): 4.6/5.7 MB | 468/651 kB | 305/359 kB | 480 kBProgress (4): 4.6/5.7 MB | 468/651 kB | 305/359 kB | 480 kBProgress (4): 4.6/5.7 MB | 484/651 kB | 305/359 kB | 480 kBProgress (4): 4.6/5.7 MB | 484/651 kB | 305/359 kB | 480 kBProgress (4): 4.7/5.7 MB | 484/651 kB | 305/359 kB | 480 kBProgress (4): 4.7/5.7 MB | 500/651 kB | 305/359 kB | 480 kBProgress (4): 4.7/5.7 MB | 500/651 kB | 305/359 kB | 480 kBProgress (4): 4.7/5.7 MB | 500/651 kB | 321/359 kB | 480 kBProgress (4): 4.7/5.7 MB | 500/651 kB | 321/359 kB | 480 kBProgress (4): 4.7/5.7 MB | 500/651 kB | 321/359 kB | 480 kBProgress (4): 4.7/5.7 MB | 517/651 kB | 321/359 kB | 480 kBProgress (4): 4.7/5.7 MB | 517/651 kB | 321/359 kB | 480 kBProgress (4): 4.7/5.7 MB | 533/651 kB | 321/359 kB | 480 kBProgress (4): 4.7/5.7 MB | 533/651 kB | 321/359 kB | 480 kBProgress (4): 4.7/5.7 MB | 549/651 kB | 321/359 kB | 480 kBProgress (4): 4.8/5.7 MB | 549/651 kB | 321/359 kB | 480 kBProgress (4): 4.8/5.7 MB | 566/651 kB | 321/359 kB | 480 kBProgress (4): 4.8/5.7 MB | 566/651 kB | 321/359 kB | 480 kBProgress (4): 4.8/5.7 MB | 582/651 kB | 321/359 kB | 480 kBProgress (4): 4.8/5.7 MB | 582/651 kB | 321/359 kB | 480 kBProgress (4): 4.8/5.7 MB | 582/651 kB | 338/359 kB | 480 kBProgress (4): 4.8/5.7 MB | 582/651 kB | 338/359 kB | 480 kBProgress (4): 4.8/5.7 MB | 582/651 kB | 354/359 kB | 480 kBProgress (4): 4.8/5.7 MB | 582/651 kB | 359 kB | 480 kB    Progress (4): 4.8/5.7 MB | 599/651 kB | 359 kB | 480 kBProgress (4): 4.8/5.7 MB | 599/651 kB | 359 kB | 480 kB                                                       Downloaded from central: https://repo.maven.apache.org/maven2/io/netty/netty-codec-http2/4.1.87.Final/netty-codec-http2-4.1.87.Final.jar (480 kB at 606 kB/s)
Downloading from central: https://repo.maven.apache.org/maven2/io/netty/netty-codec-dns/4.1.87.Final/netty-codec-dns-4.1.87.Final.jar
Downloaded from central: https://repo.maven.apache.org/maven2/io/projectreactor/netty/reactor-netty-http/1.0.27/reactor-netty-http-1.0.27.jar (359 kB at 452 kB/s)
Downloading from central: https://repo.maven.apache.org/maven2/io/netty/netty-resolver-dns-native-macos/4.1.87.Final/netty-resolver-dns-native-macos-4.1.87.Final-osx-x86_64.jar
Progress (2): 4.8/5.7 MB | 599/651 kBProgress (2): 4.9/5.7 MB | 599/651 kBProgress (2): 4.9/5.7 MB | 599/651 kBProgress (2): 4.9/5.7 MB | 599/651 kBProgress (2): 4.9/5.7 MB | 599/651 kBProgress (2): 4.9/5.7 MB | 599/651 kBProgress (2): 4.9/5.7 MB | 599/651 kBProgress (2): 5.0/5.7 MB | 599/651 kBProgress (2): 5.0/5.7 MB | 615/651 kBProgress (2): 5.0/5.7 MB | 615/651 kBProgress (2): 5.0/5.7 MB | 615/651 kBProgress (2): 5.0/5.7 MB | 615/651 kBProgress (2): 5.0/5.7 MB | 615/651 kBProgress (2): 5.0/5.7 MB | 615/651 kBProgress (2): 5.1/5.7 MB | 615/651 kBProgress (2): 5.1/5.7 MB | 615/651 kBProgress (2): 5.1/5.7 MB | 615/651 kBProgress (2): 5.1/5.7 MB | 615/651 kBProgress (2): 5.1/5.7 MB | 615/651 kBProgress (2): 5.1/5.7 MB | 615/651 kBProgress (2): 5.1/5.7 MB | 631/651 kBProgress (2): 5.2/5.7 MB | 631/651 kBProgress (2): 5.2/5.7 MB | 631/651 kBProgress (2): 5.2/5.7 MB | 631/651 kBProgress (2): 5.2/5.7 MB | 631/651 kBProgress (2): 5.2/5.7 MB | 631/651 kBProgress (2): 5.2/5.7 MB | 631/651 kBProgress (2): 5.3/5.7 MB | 631/651 kBProgress (2): 5.3/5.7 MB | 648/651 kBProgress (2): 5.3/5.7 MB | 648/651 kBProgress (2): 5.3/5.7 MB | 651 kB    Progress (2): 5.3/5.7 MB | 651 kBProgress (2): 5.3/5.7 MB | 651 kB                                 Downloaded from central: https://repo.maven.apache.org/maven2/io/netty/netty-codec-http/4.1.87.Final/netty-codec-http-4.1.87.Final.jar (651 kB at 810 kB/s)
Downloading from central: https://repo.maven.apache.org/maven2/io/netty/netty-resolver-dns-classes-macos/4.1.87.Final/netty-resolver-dns-classes-macos-4.1.87.Final.jar
Progress (1): 5.3/5.7 MBProgress (1): 5.3/5.7 MBProgress (1): 5.4/5.7 MBProgress (1): 5.4/5.7 MBProgress (1): 5.4/5.7 MBProgress (1): 5.4/5.7 MBProgress (1): 5.4/5.7 MBProgress (1): 5.4/5.7 MBProgress (1): 5.4/5.7 MBProgress (1): 5.5/5.7 MBProgress (1): 5.5/5.7 MBProgress (1): 5.5/5.7 MBProgress (1): 5.5/5.7 MBProgress (1): 5.5/5.7 MBProgress (1): 5.5/5.7 MBProgress (1): 5.6/5.7 MBProgress (1): 5.6/5.7 MBProgress (1): 5.6/5.7 MBProgress (2): 5.6/5.7 MB | 16/159 kBProgress (2): 5.6/5.7 MB | 16/159 kBProgress (2): 5.6/5.7 MB | 16/159 kBProgress (2): 5.6/5.7 MB | 16/159 kBProgress (2): 5.7/5.7 MB | 16/159 kBProgress (2): 5.7/5.7 MB | 16/159 kBProgress (2): 5.7/5.7 MB | 32/159 kBProgress (2): 5.7/5.7 MB | 49/159 kBProgress (2): 5.7/5.7 MB | 49/159 kBProgress (2): 5.7/5.7 MB | 65/159 kBProgress (2): 5.7/5.7 MB | 81/159 kBProgress (2): 5.7/5.7 MB | 81/159 kBProgress (2): 5.7/5.7 MB | 81/159 kBProgress (2): 5.7/5.7 MB | 81/159 kBProgress (2): 5.7 MB | 81/159 kB                                    Downloaded from central: https://repo.maven.apache.org/maven2/org/bouncycastle/bcprov-jdk15on/1.69/bcprov-jdk15on-1.69.jar (5.7 MB at 7.0 MB/s)
Downloading from central: https://repo.maven.apache.org/maven2/io/netty/netty-transport-native-epoll/4.1.87.Final/netty-transport-native-epoll-4.1.87.Final-linux-x86_64.jar
Progress (1): 98/159 kBProgress (1): 114/159 kBProgress (2): 114/159 kB | 16/19 kBProgress (2): 114/159 kB | 19 kB   Progress (3): 114/159 kB | 19 kB | 16/67 kB                                           Downloaded from central: https://repo.maven.apache.org/maven2/io/netty/netty-resolver-dns-native-macos/4.1.87.Final/netty-resolver-dns-native-macos-4.1.87.Final-osx-x86_64.jar (19 kB at 24 kB/s)
Downloading from central: https://repo.maven.apache.org/maven2/io/projectreactor/netty/reactor-netty-core/1.0.27/reactor-netty-core-1.0.27.jar
Progress (2): 131/159 kB | 16/67 kBProgress (2): 147/159 kB | 16/67 kBProgress (2): 147/159 kB | 33/67 kBProgress (2): 147/159 kB | 37/67 kBProgress (2): 159 kB | 37/67 kB                                   Downloaded from central: https://repo.maven.apache.org/maven2/io/netty/netty-resolver-dns/4.1.87.Final/netty-resolver-dns-4.1.87.Final.jar (159 kB at 194 kB/s)
Downloading from central: https://repo.maven.apache.org/maven2/io/netty/netty-handler-proxy/4.1.87.Final/netty-handler-proxy-4.1.87.Final.jar
Progress (1): 53/67 kBProgress (1): 67 kB                      Downloaded from central: https://repo.maven.apache.org/maven2/io/netty/netty-codec-dns/4.1.87.Final/netty-codec-dns-4.1.87.Final.jar (67 kB at 81 kB/s)
Downloading from central: https://repo.maven.apache.org/maven2/io/netty/netty-codec-socks/4.1.87.Final/netty-codec-socks-4.1.87.Final.jar
Progress (1): 9.1 kB                    Downloaded from central: https://repo.maven.apache.org/maven2/io/netty/netty-resolver-dns-classes-macos/4.1.87.Final/netty-resolver-dns-classes-macos-4.1.87.Final.jar (9.1 kB at 11 kB/s)
Downloading from central: https://repo.maven.apache.org/maven2/org/springframework/spring-webflux/5.3.25/spring-webflux-5.3.25.jar
Progress (1): 16/410 kBProgress (2): 16/410 kB | 16/38 kBProgress (2): 16/410 kB | 32/38 kBProgress (2): 16/410 kB | 38 kB   Progress (2): 33/410 kB | 38 kBProgress (2): 49/410 kB | 38 kBProgress (2): 66/410 kB | 38 kBProgress (2): 82/410 kB | 38 kBProgress (2): 98/410 kB | 38 kBProgress (2): 115/410 kB | 38 kBProgress (3): 115/410 kB | 38 kB | 16/25 kBProgress (3): 115/410 kB | 38 kB | 25 kB   Progress (3): 131/410 kB | 38 kB | 25 kB                                        Downloaded from central: https://repo.maven.apache.org/maven2/io/netty/netty-handler-proxy/4.1.87.Final/netty-handler-proxy-4.1.87.Final.jar (25 kB at 30 kB/s)
Downloading from central: https://repo.maven.apache.org/maven2/org/springframework/cloud/spring-cloud-gateway-webflux/3.1.4/spring-cloud-gateway-webflux-3.1.4.jar
Downloaded from central: https://repo.maven.apache.org/maven2/io/netty/netty-transport-native-epoll/4.1.87.Final/netty-transport-native-epoll-4.1.87.Final-linux-x86_64.jar (38 kB at 45 kB/s)
Progress (1): 147/410 kBProgress (1): 164/410 kBProgress (1): 180/410 kBProgress (1): 197/410 kBProgress (1): 213/410 kBProgress (1): 219/410 kBProgress (1): 236/410 kBProgress (2): 236/410 kB | 16/121 kBProgress (2): 236/410 kB | 33/121 kBProgress (2): 236/410 kB | 49/121 kBProgress (2): 236/410 kB | 66/121 kBProgress (3): 236/410 kB | 66/121 kB | 16/948 kBProgress (3): 252/410 kB | 66/121 kB | 16/948 kBProgress (3): 268/410 kB | 66/121 kB | 16/948 kBProgress (3): 285/410 kB | 66/121 kB | 16/948 kBProgress (3): 301/410 kB | 66/121 kB | 16/948 kBProgress (3): 318/410 kB | 66/121 kB | 16/948 kBProgress (3): 334/410 kB | 66/121 kB | 16/948 kBProgress (3): 334/410 kB | 66/121 kB | 33/948 kBProgress (3): 350/410 kB | 66/121 kB | 33/948 kBProgress (3): 350/410 kB | 66/121 kB | 49/948 kBProgress (3): 367/410 kB | 66/121 kB | 49/948 kBProgress (3): 367/410 kB | 82/121 kB | 49/948 kBProgress (3): 367/410 kB | 98/121 kB | 49/948 kBProgress (3): 383/410 kB | 98/121 kB | 49/948 kBProgress (3): 383/410 kB | 115/121 kB | 49/948 kBProgress (3): 399/410 kB | 115/121 kB | 49/948 kBProgress (3): 399/410 kB | 121 kB | 49/948 kB    Progress (3): 410 kB | 121 kB | 49/948 kB                                             Downloaded from central: https://repo.maven.apache.org/maven2/io/projectreactor/netty/reactor-netty-core/1.0.27/reactor-netty-core-1.0.27.jar (410 kB at 476 kB/s)
Progress (2): 121 kB | 64/948 kB                                Downloaded from central: https://repo.maven.apache.org/maven2/io/netty/netty-codec-socks/4.1.87.Final/netty-codec-socks-4.1.87.Final.jar (121 kB at 140 kB/s)
Progress (1): 81/948 kBProgress (1): 97/948 kBProgress (1): 113/948 kBProgress (1): 130/948 kBProgress (1): 146/948 kBProgress (1): 163/948 kBProgress (1): 179/948 kBProgress (1): 195/948 kBProgress (1): 212/948 kBProgress (1): 228/948 kBProgress (1): 244/948 kBProgress (1): 261/948 kBProgress (1): 277/948 kBProgress (1): 294/948 kBProgress (1): 310/948 kBProgress (1): 326/948 kBProgress (1): 343/948 kBProgress (1): 359/948 kBProgress (1): 376/948 kBProgress (1): 392/948 kBProgress (1): 408/948 kBProgress (1): 425/948 kBProgress (1): 441/948 kBProgress (1): 457/948 kBProgress (1): 474/948 kBProgress (1): 490/948 kBProgress (1): 507/948 kBProgress (1): 515/948 kBProgress (1): 531/948 kBProgress (1): 548/948 kBProgress (1): 564/948 kBProgress (1): 580/948 kBProgress (1): 597/948 kBProgress (1): 613/948 kBProgress (1): 629/948 kBProgress (1): 646/948 kBProgress (1): 662/948 kBProgress (1): 679/948 kBProgress (1): 695/948 kBProgress (1): 711/948 kBProgress (1): 720/948 kBProgress (1): 736/948 kBProgress (1): 752/948 kBProgress (1): 769/948 kBProgress (1): 785/948 kBProgress (1): 801/948 kBProgress (1): 818/948 kBProgress (1): 834/948 kBProgress (1): 851/948 kBProgress (1): 867/948 kBProgress (1): 883/948 kBProgress (1): 900/948 kBProgress (1): 916/948 kBProgress (1): 933/948 kBProgress (1): 948 kB                        Downloaded from central: https://repo.maven.apache.org/maven2/org/springframework/spring-webflux/5.3.25/spring-webflux-5.3.25.jar (948 kB at 1.0 MB/s)
Progress (1): 16/18 kBProgress (1): 18 kB                      Downloaded from central: https://repo.maven.apache.org/maven2/org/springframework/cloud/spring-cloud-gateway-webflux/3.1.4/spring-cloud-gateway-webflux-3.1.4.jar (18 kB at 16 kB/s)
[INFO] 
[INFO] --- resources:3.2.0:resources (default-resources) @ gw-service ---
[INFO] Using 'UTF-8' encoding to copy filtered resources.
[INFO] Using 'UTF-8' encoding to copy filtered properties files.
[INFO] Copying 1 resource
[INFO] Copying 0 resource
[INFO] 
[INFO] --- compiler:3.10.1:compile (default-compile) @ gw-service ---
[INFO] Changes detected - recompiling the module!
[INFO] Compiling 1 source file to /var/jenkins_home/workspace/flight-system/gw-service/target/classes
[INFO] 
[INFO] --- resources:3.2.0:testResources (default-testResources) @ gw-service ---
[INFO] Using 'UTF-8' encoding to copy filtered resources.
[INFO] Using 'UTF-8' encoding to copy filtered properties files.
[INFO] skip non existing resourceDirectory /var/jenkins_home/workspace/flight-system/gw-service/src/test/resources
[INFO] 
[INFO] --- compiler:3.10.1:testCompile (default-testCompile) @ gw-service ---
[INFO] Changes detected - recompiling the module!
[INFO] Compiling 1 source file to /var/jenkins_home/workspace/flight-system/gw-service/target/test-classes
[INFO] 
[INFO] --- surefire:2.22.2:test (default-test) @ gw-service ---
[INFO] 
[INFO] -------------------------------------------------------
[INFO]  T E S T S
[INFO] -------------------------------------------------------
[INFO] Running com.gateway.GwServiceApplicationTests
19:46:21.874 [main] DEBUG org.springframework.test.context.BootstrapUtils - Instantiating CacheAwareContextLoaderDelegate from class [org.springframework.test.context.cache.DefaultCacheAwareContextLoaderDelegate]
19:46:21.906 [main] DEBUG org.springframework.test.context.BootstrapUtils - Instantiating BootstrapContext using constructor [public org.springframework.test.context.support.DefaultBootstrapContext(java.lang.Class,org.springframework.test.context.CacheAwareContextLoaderDelegate)]
19:46:21.979 [main] DEBUG org.springframework.test.context.BootstrapUtils - Instantiating TestContextBootstrapper for test class [com.gateway.GwServiceApplicationTests] from class [org.springframework.boot.test.context.SpringBootTestContextBootstrapper]
19:46:22.006 [main] INFO org.springframework.boot.test.context.SpringBootTestContextBootstrapper - Neither @ContextConfiguration nor @ContextHierarchy found for test class [com.gateway.GwServiceApplicationTests], using SpringBootContextLoader
19:46:22.015 [main] DEBUG org.springframework.test.context.support.AbstractContextLoader - Did not detect default resource location for test class [com.gateway.GwServiceApplicationTests]: class path resource [com/gateway/GwServiceApplicationTests-context.xml] does not exist
19:46:22.016 [main] DEBUG org.springframework.test.context.support.AbstractContextLoader - Did not detect default resource location for test class [com.gateway.GwServiceApplicationTests]: class path resource [com/gateway/GwServiceApplicationTestsContext.groovy] does not exist
19:46:22.016 [main] INFO org.springframework.test.context.support.AbstractContextLoader - Could not detect default resource locations for test class [com.gateway.GwServiceApplicationTests]: no resource found for suffixes {-context.xml, Context.groovy}.
19:46:22.017 [main] INFO org.springframework.test.context.support.AnnotationConfigContextLoaderUtils - Could not detect default configuration classes for test class [com.gateway.GwServiceApplicationTests]: GwServiceApplicationTests does not declare any static, non-private, non-final, nested classes annotated with @Configuration.
19:46:22.110 [main] DEBUG org.springframework.test.context.support.ActiveProfilesUtils - Could not find an 'annotation declaring class' for annotation type [org.springframework.test.context.ActiveProfiles] and class [com.gateway.GwServiceApplicationTests]
19:46:22.218 [main] DEBUG org.springframework.context.annotation.ClassPathScanningCandidateComponentProvider - Identified candidate component class: file [/var/jenkins_home/workspace/flight-system/gw-service/target/classes/com/gateway/GwServiceApplication.class]
19:46:22.220 [main] INFO org.springframework.boot.test.context.SpringBootTestContextBootstrapper - Found @SpringBootConfiguration com.gateway.GwServiceApplication for test class com.gateway.GwServiceApplicationTests
19:46:22.468 [main] DEBUG org.springframework.boot.test.context.SpringBootTestContextBootstrapper - @TestExecutionListeners is not present for class [com.gateway.GwServiceApplicationTests]: using defaults.
19:46:22.469 [main] INFO org.springframework.boot.test.context.SpringBootTestContextBootstrapper - Loaded default TestExecutionListener class names from location [META-INF/spring.factories]: [org.springframework.boot.test.mock.mockito.MockitoTestExecutionListener, org.springframework.boot.test.mock.mockito.ResetMocksTestExecutionListener, org.springframework.boot.test.autoconfigure.restdocs.RestDocsTestExecutionListener, org.springframework.boot.test.autoconfigure.web.client.MockRestServiceServerResetTestExecutionListener, org.springframework.boot.test.autoconfigure.web.servlet.MockMvcPrintOnlyOnFailureTestExecutionListener, org.springframework.boot.test.autoconfigure.web.servlet.WebDriverTestExecutionListener, org.springframework.boot.test.autoconfigure.webservices.client.MockWebServiceServerTestExecutionListener, org.springframework.test.context.web.ServletTestExecutionListener, org.springframework.test.context.support.DirtiesContextBeforeModesTestExecutionListener, org.springframework.test.context.event.ApplicationEventsTestExecutionListener, org.springframework.test.context.support.DependencyInjectionTestExecutionListener, org.springframework.test.context.support.DirtiesContextTestExecutionListener, org.springframework.test.context.transaction.TransactionalTestExecutionListener, org.springframework.test.context.jdbc.SqlScriptsTestExecutionListener, org.springframework.test.context.event.EventPublishingTestExecutionListener]
19:46:22.490 [main] DEBUG org.springframework.boot.test.context.SpringBootTestContextBootstrapper - Skipping candidate TestExecutionListener [org.springframework.test.context.web.ServletTestExecutionListener] due to a missing dependency. Specify custom listener classes or make the default listener classes and their required dependencies available. Offending class: [javax/servlet/ServletContext]
19:46:22.494 [main] DEBUG org.springframework.boot.test.context.SpringBootTestContextBootstrapper - Skipping candidate TestExecutionListener [org.springframework.test.context.transaction.TransactionalTestExecutionListener] due to a missing dependency. Specify custom listener classes or make the default listener classes and their required dependencies available. Offending class: [org/springframework/transaction/TransactionDefinition]
19:46:22.495 [main] DEBUG org.springframework.boot.test.context.SpringBootTestContextBootstrapper - Skipping candidate TestExecutionListener [org.springframework.test.context.jdbc.SqlScriptsTestExecutionListener] due to a missing dependency. Specify custom listener classes or make the default listener classes and their required dependencies available. Offending class: [org/springframework/transaction/interceptor/TransactionAttribute]
19:46:22.495 [main] INFO org.springframework.boot.test.context.SpringBootTestContextBootstrapper - Using TestExecutionListeners: [org.springframework.test.context.support.DirtiesContextBeforeModesTestExecutionListener@75b25825, org.springframework.test.context.event.ApplicationEventsTestExecutionListener@18025ced, org.springframework.boot.test.mock.mockito.MockitoTestExecutionListener@13cf7d52, org.springframework.boot.test.autoconfigure.SpringBootDependencyInjectionTestExecutionListener@3a3e4aff, org.springframework.test.context.support.DirtiesContextTestExecutionListener@5d2a4eed, org.springframework.test.context.event.EventPublishingTestExecutionListener@57459491, org.springframework.boot.test.mock.mockito.ResetMocksTestExecutionListener@3f0846c6, org.springframework.boot.test.autoconfigure.restdocs.RestDocsTestExecutionListener@77a98a6a, org.springframework.boot.test.autoconfigure.web.client.MockRestServiceServerResetTestExecutionListener@78fbff54, org.springframework.boot.test.autoconfigure.web.servlet.MockMvcPrintOnlyOnFailureTestExecutionListener@3e10dc6, org.springframework.boot.test.autoconfigure.web.servlet.WebDriverTestExecutionListener@7e22550a, org.springframework.boot.test.autoconfigure.webservices.client.MockWebServiceServerTestExecutionListener@45e37a7e]
19:46:22.504 [main] DEBUG org.springframework.test.context.support.AbstractDirtiesContextTestExecutionListener - Before test class: context [DefaultTestContext@36f48b4 testClass = GwServiceApplicationTests, testInstance = [null], testMethod = [null], testException = [null], mergedContextConfiguration = [ReactiveWebMergedContextConfiguration@5c00384f testClass = GwServiceApplicationTests, locations = '{}', classes = '{class com.gateway.GwServiceApplication}', contextInitializerClasses = '[]', activeProfiles = '{}', propertySourceLocations = '{}', propertySourceProperties = '{org.springframework.boot.test.context.SpringBootTestContextBootstrapper=true}', contextCustomizers = set[org.springframework.boot.test.context.filter.ExcludeFilterContextCustomizer@46271dd6, org.springframework.boot.test.json.DuplicateJsonObjectContextCustomizerFactory$DuplicateJsonObjectContextCustomizer@61eaec38, org.springframework.boot.test.mock.mockito.MockitoContextCustomizer@0, org.springframework.boot.test.web.client.TestRestTemplateContextCustomizer@30c8681, org.springframework.boot.test.web.reactive.server.WebTestClientContextCustomizer@6304101a, org.springframework.boot.test.autoconfigure.actuate.metrics.MetricsExportContextCustomizerFactory$DisableMetricExportContextCustomizer@198d6542, org.springframework.boot.test.autoconfigure.properties.PropertyMappingContextCustomizer@0, org.springframework.boot.test.autoconfigure.web.servlet.WebDriverContextCustomizerFactory$Customizer@7cbd9d24, org.springframework.boot.test.context.SpringBootTestArgs@1, org.springframework.boot.test.context.SpringBootTestWebEnvironment@1cbbffcd], contextLoader = 'org.springframework.boot.test.context.SpringBootContextLoader', parent = [null]], attributes = map[[empty]]], class annotated with @DirtiesContext [false] with mode [null].
19:46:22.526 [main] DEBUG org.springframework.test.context.support.DependencyInjectionTestExecutionListener - Performing dependency injection for test context [[DefaultTestContext@36f48b4 testClass = GwServiceApplicationTests, testInstance = com.gateway.GwServiceApplicationTests@201b6b6f, testMethod = [null], testException = [null], mergedContextConfiguration = [ReactiveWebMergedContextConfiguration@5c00384f testClass = GwServiceApplicationTests, locations = '{}', classes = '{class com.gateway.GwServiceApplication}', contextInitializerClasses = '[]', activeProfiles = '{}', propertySourceLocations = '{}', propertySourceProperties = '{org.springframework.boot.test.context.SpringBootTestContextBootstrapper=true}', contextCustomizers = set[org.springframework.boot.test.context.filter.ExcludeFilterContextCustomizer@46271dd6, org.springframework.boot.test.json.DuplicateJsonObjectContextCustomizerFactory$DuplicateJsonObjectContextCustomizer@61eaec38, org.springframework.boot.test.mock.mockito.MockitoContextCustomizer@0, org.springframework.boot.test.web.client.TestRestTemplateContextCustomizer@30c8681, org.springframework.boot.test.web.reactive.server.WebTestClientContextCustomizer@6304101a, org.springframework.boot.test.autoconfigure.actuate.metrics.MetricsExportContextCustomizerFactory$DisableMetricExportContextCustomizer@198d6542, org.springframework.boot.test.autoconfigure.properties.PropertyMappingContextCustomizer@0, org.springframework.boot.test.autoconfigure.web.servlet.WebDriverContextCustomizerFactory$Customizer@7cbd9d24, org.springframework.boot.test.context.SpringBootTestArgs@1, org.springframework.boot.test.context.SpringBootTestWebEnvironment@1cbbffcd], contextLoader = 'org.springframework.boot.test.context.SpringBootContextLoader', parent = [null]], attributes = map['org.springframework.test.context.event.ApplicationEventsTestExecutionListener.recordApplicationEvents' -> false]]].

  .   ____          _            __ _ _
 /\\ / ___'_ __ _ _(_)_ __  __ _ \ \ \ \
( ( )\___ | '_ | '_| | '_ \/ _` | \ \ \ \
 \\/  ___)| |_)| | | | | || (_| |  ) ) ) )
  '  |____| .__|_| |_|_| |_\__, | / / / /
 =========|_|==============|___/=/_/_/_/
 :: Spring Boot ::                (v2.7.8)

2023-02-28 19:46:23.410  INFO 1102 --- [           main] com.gateway.GwServiceApplicationTests    : Starting GwServiceApplicationTests using Java 17.0.6 on da76948a1192 with PID 1102 (started by root in /var/jenkins_home/workspace/flight-system/gw-service)
2023-02-28 19:46:23.412  INFO 1102 --- [           main] com.gateway.GwServiceApplicationTests    : No active profile set, falling back to 1 default profile: "default"
2023-02-28 19:46:26.446  INFO 1102 --- [           main] o.s.cloud.context.scope.GenericScope     : BeanFactory id=53254efb-dd41-3164-baba-e74a90edd056
2023-02-28 19:46:27.190  INFO 1102 --- [           main] trationDelegate$BeanPostProcessorChecker : Bean 'io.opentracing.contrib.spring.cloud.async.DefaultAsyncAutoConfiguration' of type [io.opentracing.contrib.spring.cloud.async.DefaultAsyncAutoConfiguration$$EnhancerBySpringCGLIB$$d2084a21] is not eligible for getting processed by all BeanPostProcessors (for example: not eligible for auto-proxying)
2023-02-28 19:46:27.253  INFO 1102 --- [           main] trationDelegate$BeanPostProcessorChecker : Bean 'io.opentracing.contrib.java.spring.jaeger.starter.JaegerAutoConfiguration' of type [io.opentracing.contrib.java.spring.jaeger.starter.JaegerAutoConfiguration$$EnhancerBySpringCGLIB$$e2cf5810] is not eligible for getting processed by all BeanPostProcessors (for example: not eligible for auto-proxying)
2023-02-28 19:46:27.291  INFO 1102 --- [           main] trationDelegate$BeanPostProcessorChecker : Bean 'org.springframework.cloud.commons.config.CommonsConfigAutoConfiguration' of type [org.springframework.cloud.commons.config.CommonsConfigAutoConfiguration] is not eligible for getting processed by all BeanPostProcessors (for example: not eligible for auto-proxying)
2023-02-28 19:46:27.304  INFO 1102 --- [           main] trationDelegate$BeanPostProcessorChecker : Bean 'org.springframework.cloud.client.loadbalancer.LoadBalancerDefaultMappingsProviderAutoConfiguration' of type [org.springframework.cloud.client.loadbalancer.LoadBalancerDefaultMappingsProviderAutoConfiguration] is not eligible for getting processed by all BeanPostProcessors (for example: not eligible for auto-proxying)
2023-02-28 19:46:27.314  INFO 1102 --- [           main] trationDelegate$BeanPostProcessorChecker : Bean 'loadBalancerClientsDefaultsMappingsProvider' of type [org.springframework.cloud.client.loadbalancer.LoadBalancerDefaultMappingsProviderAutoConfiguration$$Lambda$739/0x000000010054caa8] is not eligible for getting processed by all BeanPostProcessors (for example: not eligible for auto-proxying)
2023-02-28 19:46:27.335  INFO 1102 --- [           main] trationDelegate$BeanPostProcessorChecker : Bean 'defaultsBindHandlerAdvisor' of type [org.springframework.cloud.commons.config.DefaultsBindHandlerAdvisor] is not eligible for getting processed by all BeanPostProcessors (for example: not eligible for auto-proxying)
2023-02-28 19:46:27.349  INFO 1102 --- [           main] trationDelegate$BeanPostProcessorChecker : Bean 'opentracing.jaeger-io.opentracing.contrib.java.spring.jaeger.starter.JaegerConfigurationProperties' of type [io.opentracing.contrib.java.spring.jaeger.starter.JaegerConfigurationProperties] is not eligible for getting processed by all BeanPostProcessors (for example: not eligible for auto-proxying)
2023-02-28 19:46:27.376  INFO 1102 --- [           main] trationDelegate$BeanPostProcessorChecker : Bean 'metricsFactory' of type [io.jaegertracing.internal.metrics.NoopMetricsFactory] is not eligible for getting processed by all BeanPostProcessors (for example: not eligible for auto-proxying)
2023-02-28 19:46:27.390  INFO 1102 --- [           main] trationDelegate$BeanPostProcessorChecker : Bean 'metrics' of type [io.jaegertracing.internal.metrics.Metrics] is not eligible for getting processed by all BeanPostProcessors (for example: not eligible for auto-proxying)
2023-02-28 19:46:27.404  INFO 1102 --- [           main] trationDelegate$BeanPostProcessorChecker : Bean 'sampler' of type [io.jaegertracing.internal.samplers.ConstSampler] is not eligible for getting processed by all BeanPostProcessors (for example: not eligible for auto-proxying)
2023-02-28 19:46:27.718  INFO 1102 --- [           main] trationDelegate$BeanPostProcessorChecker : Bean 'reporter' of type [io.jaegertracing.internal.reporters.CompositeReporter] is not eligible for getting processed by all BeanPostProcessors (for example: not eligible for auto-proxying)
2023-02-28 19:46:27.765  INFO 1102 --- [           main] trationDelegate$BeanPostProcessorChecker : Bean 'tracer' of type [io.jaegertracing.internal.JaegerTracer] is not eligible for getting processed by all BeanPostProcessors (for example: not eligible for auto-proxying)
2023-02-28 19:46:27.785  INFO 1102 --- [           main] trationDelegate$BeanPostProcessorChecker : Bean 'io.opentracing.contrib.spring.web.starter.WebClientTracingAutoConfiguration$DefaultWebClientSpanDecorators' of type [io.opentracing.contrib.spring.web.starter.WebClientTracingAutoConfiguration$DefaultWebClientSpanDecorators$$EnhancerBySpringCGLIB$$f655b995] is not eligible for getting processed by all BeanPostProcessors (for example: not eligible for auto-proxying)
2023-02-28 19:46:27.813  INFO 1102 --- [           main] trationDelegate$BeanPostProcessorChecker : Bean 'standardTagsWebClientSpanDecorator' of type [io.opentracing.contrib.spring.web.client.WebClientSpanDecorator$StandardTags] is not eligible for getting processed by all BeanPostProcessors (for example: not eligible for auto-proxying)
2023-02-28 19:46:31.543  INFO 1102 --- [           main] o.s.c.g.r.RouteDefinitionRouteLocator    : Loaded RoutePredicateFactory [After]
2023-02-28 19:46:31.543  INFO 1102 --- [           main] o.s.c.g.r.RouteDefinitionRouteLocator    : Loaded RoutePredicateFactory [Before]
2023-02-28 19:46:31.543  INFO 1102 --- [           main] o.s.c.g.r.RouteDefinitionRouteLocator    : Loaded RoutePredicateFactory [Between]
2023-02-28 19:46:31.543  INFO 1102 --- [           main] o.s.c.g.r.RouteDefinitionRouteLocator    : Loaded RoutePredicateFactory [Cookie]
2023-02-28 19:46:31.543  INFO 1102 --- [           main] o.s.c.g.r.RouteDefinitionRouteLocator    : Loaded RoutePredicateFactory [Header]
2023-02-28 19:46:31.543  INFO 1102 --- [           main] o.s.c.g.r.RouteDefinitionRouteLocator    : Loaded RoutePredicateFactory [Host]
2023-02-28 19:46:31.543  INFO 1102 --- [           main] o.s.c.g.r.RouteDefinitionRouteLocator    : Loaded RoutePredicateFactory [Method]
2023-02-28 19:46:31.543  INFO 1102 --- [           main] o.s.c.g.r.RouteDefinitionRouteLocator    : Loaded RoutePredicateFactory [Path]
2023-02-28 19:46:31.543  INFO 1102 --- [           main] o.s.c.g.r.RouteDefinitionRouteLocator    : Loaded RoutePredicateFactory [Query]
2023-02-28 19:46:31.543  INFO 1102 --- [           main] o.s.c.g.r.RouteDefinitionRouteLocator    : Loaded RoutePredicateFactory [ReadBody]
2023-02-28 19:46:31.543  INFO 1102 --- [           main] o.s.c.g.r.RouteDefinitionRouteLocator    : Loaded RoutePredicateFactory [RemoteAddr]
2023-02-28 19:46:31.543  INFO 1102 --- [           main] o.s.c.g.r.RouteDefinitionRouteLocator    : Loaded RoutePredicateFactory [XForwardedRemoteAddr]
2023-02-28 19:46:31.543  INFO 1102 --- [           main] o.s.c.g.r.RouteDefinitionRouteLocator    : Loaded RoutePredicateFactory [Weight]
2023-02-28 19:46:31.543  INFO 1102 --- [           main] o.s.c.g.r.RouteDefinitionRouteLocator    : Loaded RoutePredicateFactory [CloudFoundryRouteService]
2023-02-28 19:46:33.564  INFO 1102 --- [           main] o.s.b.a.e.web.EndpointLinksResolver      : Exposing 1 endpoint(s) beneath base path '/actuator'
2023-02-28 19:46:37.279  INFO 1102 --- [           main] com.gateway.GwServiceApplicationTests    : Started GwServiceApplicationTests in 14.654 seconds (JVM running for 16.208)
[INFO] Tests run: 1, Failures: 0, Errors: 0, Skipped: 0, Time elapsed: 16.554 s - in com.gateway.GwServiceApplicationTests
[INFO] 
[INFO] Results:
[INFO] 
[INFO] Tests run: 1, Failures: 0, Errors: 0, Skipped: 0
[INFO] 
[INFO] 
[INFO] --- jar:3.2.2:jar (default-jar) @ gw-service ---
[INFO] Building jar: /var/jenkins_home/workspace/flight-system/gw-service/target/gw-service-0.0.1-SNAPSHOT.jar
[INFO] 
[INFO] --- spring-boot:2.7.8:repackage (repackage) @ gw-service ---
[INFO] Replacing main artifact with repackaged archive
[INFO] 
[INFO] --- install:2.5.2:install (default-install) @ gw-service ---
[INFO] Installing /var/jenkins_home/workspace/flight-system/gw-service/target/gw-service-0.0.1-SNAPSHOT.jar to /root/.m2/repository/com/api/gw-service/0.0.1-SNAPSHOT/gw-service-0.0.1-SNAPSHOT.jar
[INFO] Installing /var/jenkins_home/workspace/flight-system/gw-service/pom.xml to /root/.m2/repository/com/api/gw-service/0.0.1-SNAPSHOT/gw-service-0.0.1-SNAPSHOT.pom
[INFO] ------------------------------------------------------------------------
[INFO] BUILD SUCCESS
[INFO] ------------------------------------------------------------------------
[INFO] Total time:  30.008 s
[INFO] Finished at: 2023-02-28T19:46:43Z
[INFO] ------------------------------------------------------------------------
Finished: SUCCESS
